Git Revision: 2667758
Platform: Linux login-faculty.ccs.neu.edu 3.10.0-1127.19.1.el7.x86_64 #1 SMP Tue Aug 25 17:23:54 UTC 2020 x86_64 x86_64 x86_64 GNU/Linux
CPU Info Linux: model name	: Intel(R) Xeon(R) Gold 5118 CPU @ 2.30GHz
CPU Cores Linux: 48
CPU Info Mac: 
CPU Cores Mac: 
Spec: MCMongoLoglessDynamicRaftAux.tla
Config: models/MCMongoLoglessDynamicRaftAux-4Servers-T4-CV4.cfg
----
INIT InitAux
NEXT NextAux
CONSTANTS 
Nil = Nil
Server = {n1, n2, n3, n4}
Secondary = Secondary
Primary = Primary
MaxTerm = 4
MaxConfigVersion = 4
CONSTRAINT StateConstraint
INVARIANT ConfigStateMachineSafety
INVARIANT CommittedConfigSafety
SYMMETRY ServerSymmetry
ALIAS Alias
----

TLC2 Version 2.15 of Day Month 20?? (rev: fe75b8e)
Running breadth-first search Model-Checking with fp 43 and seed -3164152650788199856 with 16 workers on 48 cores with 27305MB heap and 4096MB offheap memory (Linux 3.10.0-1127.19.1.el7.x86_64 amd64, Oracle Corporation 1.8.0_262 x86_64, OffHeapDiskFPSet, DiskStateQueue).
Parsing file /proj/will-fm/logless-reconfig/specs/MCMongoLoglessDynamicRaftAux.tla
Parsing file /tmp/TLC.tla
Parsing file /proj/will-fm/logless-reconfig/specs/MongoLoglessDynamicRaftAux.tla
Parsing file /proj/will-fm/logless-reconfig/specs/MongoLoglessDynamicRaft.tla
Parsing file /tmp/Naturals.tla
Parsing file /tmp/Integers.tla
Parsing file /tmp/FiniteSets.tla
Parsing file /tmp/Sequences.tla
Semantic processing of module Naturals
Semantic processing of module Sequences
Semantic processing of module FiniteSets
Semantic processing of module TLC
Semantic processing of module Integers
Semantic processing of module MongoLoglessDynamicRaft
Semantic processing of module MongoLoglessDynamicRaftAux
Semantic processing of module MCMongoLoglessDynamicRaftAux
Starting... (2021-05-10 16:37:21)
Computing initial states...
Computed 2 initial states...
Computed 4 initial states...
Computed 8 initial states...
Finished computing initial states: 15 states generated, with 4 of them distinct at 2021-05-10 16:37:21.
Progress(11) at 2021-05-10 16:37:24: 297,460 states generated (297,460 s/min), 113,640 distinct states found (113,640 ds/min), 80,595 states left on queue.
Progress(14) at 2021-05-10 16:38:24: 9,539,000 states generated (9,241,540 s/min), 2,515,044 distinct states found (2,401,404 ds/min), 1,497,480 states left on queue.
Progress(15) at 2021-05-10 16:39:24: 19,323,256 states generated (9,784,256 s/min), 4,738,634 distinct states found (2,223,590 ds/min), 2,684,224 states left on queue.
Progress(16) at 2021-05-10 16:40:24: 28,905,097 states generated (9,581,841 s/min), 6,645,620 distinct states found (1,906,986 ds/min), 3,591,708 states left on queue.
Progress(16) at 2021-05-10 16:41:24: 38,664,335 states generated (9,759,238 s/min), 8,586,406 distinct states found (1,940,786 ds/min), 4,506,222 states left on queue.
Progress(16) at 2021-05-10 16:42:24: 48,080,016 states generated (9,415,681 s/min), 10,260,834 distinct states found (1,674,428 ds/min), 5,215,065 states left on queue.
Progress(16) at 2021-05-10 16:43:24: 57,325,760 states generated (9,245,744 s/min), 11,886,808 distinct states found (1,625,974 ds/min), 5,885,476 states left on queue.
Progress(17) at 2021-05-10 16:44:24: 66,986,928 states generated (9,661,168 s/min), 13,604,245 distinct states found (1,717,437 ds/min), 6,595,935 states left on queue.
Progress(17) at 2021-05-10 16:45:24: 76,615,800 states generated (9,628,872 s/min), 15,298,801 distinct states found (1,694,556 ds/min), 7,293,756 states left on queue.
Progress(17) at 2021-05-10 16:46:25: 86,158,160 states generated (9,542,360 s/min), 16,964,349 distinct states found (1,665,548 ds/min), 7,965,992 states left on queue.
Progress(17) at 2021-05-10 16:47:25: 95,654,123 states generated (9,495,963 s/min), 18,437,305 distinct states found (1,472,956 ds/min), 8,478,487 states left on queue.
Progress(17) at 2021-05-10 16:48:25: 105,255,815 states generated (9,601,692 s/min), 19,788,028 distinct states found (1,350,723 ds/min), 8,855,995 states left on queue.
Progress(17) at 2021-05-10 16:49:25: 114,740,838 states generated (9,485,023 s/min), 21,208,060 distinct states found (1,420,032 ds/min), 9,309,399 states left on queue.
Progress(17) at 2021-05-10 16:50:25: 124,388,903 states generated (9,648,065 s/min), 22,730,722 distinct states found (1,522,662 ds/min), 9,845,392 states left on queue.
Progress(18) at 2021-05-10 16:51:25: 134,099,594 states generated (9,710,691 s/min), 24,175,203 distinct states found (1,444,481 ds/min), 10,287,823 states left on queue.
Progress(18) at 2021-05-10 16:52:25: 143,780,761 states generated (9,681,167 s/min), 25,597,970 distinct states found (1,422,767 ds/min), 10,718,862 states left on queue.
Progress(18) at 2021-05-10 16:53:25: 153,404,864 states generated (9,624,103 s/min), 27,016,005 distinct states found (1,418,035 ds/min), 11,167,362 states left on queue.
Progress(18) at 2021-05-10 16:54:25: 162,670,241 states generated (9,265,377 s/min), 28,451,102 distinct states found (1,435,097 ds/min), 11,646,866 states left on queue.
Progress(18) at 2021-05-10 16:55:25: 172,257,603 states generated (9,587,362 s/min), 29,818,771 distinct states found (1,367,669 ds/min), 12,051,510 states left on queue.
Progress(18) at 2021-05-10 16:56:25: 182,094,199 states generated (9,836,596 s/min), 31,015,126 distinct states found (1,196,355 ds/min), 12,272,266 states left on queue.
Progress(18) at 2021-05-10 16:57:25: 191,631,513 states generated (9,537,314 s/min), 32,233,200 distinct states found (1,218,074 ds/min), 12,525,096 states left on queue.
Progress(18) at 2021-05-10 16:58:25: 200,797,708 states generated (9,166,195 s/min), 33,453,212 distinct states found (1,220,012 ds/min), 12,815,037 states left on queue.
Progress(18) at 2021-05-10 16:59:25: 210,585,289 states generated (9,787,581 s/min), 34,670,598 distinct states found (1,217,386 ds/min), 13,064,343 states left on queue.
Progress(18) at 2021-05-10 17:00:25: 220,051,716 states generated (9,466,427 s/min), 35,951,243 distinct states found (1,280,645 ds/min), 13,387,777 states left on queue.
Progress(19) at 2021-05-10 17:01:25: 229,596,638 states generated (9,544,922 s/min), 37,323,308 distinct states found (1,372,065 ds/min), 13,782,858 states left on queue.
Progress(19) at 2021-05-10 17:02:25: 239,718,967 states generated (10,122,329 s/min), 38,434,389 distinct states found (1,111,081 ds/min), 13,873,504 states left on queue.
Progress(19) at 2021-05-10 17:03:25: 249,246,493 states generated (9,527,526 s/min), 39,637,403 distinct states found (1,203,014 ds/min), 14,129,535 states left on queue.
Progress(19) at 2021-05-10 17:04:25: 258,482,627 states generated (9,236,134 s/min), 41,071,077 distinct states found (1,433,674 ds/min), 14,630,702 states left on queue.
Progress(19) at 2021-05-10 17:05:25: 268,068,367 states generated (9,585,740 s/min), 42,266,686 distinct states found (1,195,609 ds/min), 14,865,525 states left on queue.
Progress(19) at 2021-05-10 17:06:25: 277,554,215 states generated (9,485,848 s/min), 43,452,800 distinct states found (1,186,114 ds/min), 15,094,443 states left on queue.
Checkpointing of run states/21-05-10-16-37-20
Checkpointing completed at (2021-05-10 17:07:25)
Progress(19) at 2021-05-10 17:07:25: 287,116,890 states generated (9,562,675 s/min), 44,720,270 distinct states found (1,267,470 ds/min), 15,387,717 states left on queue.
Progress(19) at 2021-05-10 17:08:25: 296,771,901 states generated (9,655,011 s/min), 45,721,376 distinct states found (1,001,106 ds/min), 15,471,022 states left on queue.
Progress(19) at 2021-05-10 17:09:25: 306,474,637 states generated (9,702,736 s/min), 46,654,233 distinct states found (932,857 ds/min), 15,466,381 states left on queue.
Progress(19) at 2021-05-10 17:10:25: 315,578,434 states generated (9,103,797 s/min), 47,703,475 distinct states found (1,049,242 ds/min), 15,596,125 states left on queue.
Progress(19) at 2021-05-10 17:11:25: 324,603,247 states generated (9,024,813 s/min), 48,704,884 distinct states found (1,001,409 ds/min), 15,700,774 states left on queue.
Progress(19) at 2021-05-10 17:12:25: 334,074,560 states generated (9,471,313 s/min), 49,713,041 distinct states found (1,008,157 ds/min), 15,778,147 states left on queue.
Progress(19) at 2021-05-10 17:13:25: 343,638,654 states generated (9,564,094 s/min), 50,796,435 distinct states found (1,083,394 ds/min), 15,932,072 states left on queue.
Progress(19) at 2021-05-10 17:14:25: 352,941,805 states generated (9,303,151 s/min), 51,835,354 distinct states found (1,038,919 ds/min), 16,047,743 states left on queue.
Progress(19) at 2021-05-10 17:15:25: 362,293,712 states generated (9,351,907 s/min), 53,093,699 distinct states found (1,258,345 ds/min), 16,341,627 states left on queue.
Progress(19) at 2021-05-10 17:16:25: 371,728,866 states generated (9,435,154 s/min), 54,018,465 distinct states found (924,766 ds/min), 16,346,678 states left on queue.
Progress(19) at 2021-05-10 17:17:25: 381,685,885 states generated (9,957,019 s/min), 54,900,696 distinct states found (882,231 ds/min), 16,264,808 states left on queue.
Progress(19) at 2021-05-10 17:18:25: 391,089,394 states generated (9,403,509 s/min), 56,003,604 distinct states found (1,102,908 ds/min), 16,431,280 states left on queue.
Progress(19) at 2021-05-10 17:19:25: 400,264,652 states generated (9,175,258 s/min), 57,237,289 distinct states found (1,233,685 ds/min), 16,738,702 states left on queue.
Progress(19) at 2021-05-10 17:20:25: 409,527,589 states generated (9,262,937 s/min), 58,498,093 distinct states found (1,260,804 ds/min), 17,084,215 states left on queue.
Progress(19) at 2021-05-10 17:21:25: 418,824,380 states generated (9,296,791 s/min), 59,547,751 distinct states found (1,049,658 ds/min), 17,207,157 states left on queue.
Progress(20) at 2021-05-10 17:22:25: 428,284,235 states generated (9,459,855 s/min), 60,507,671 distinct states found (959,920 ds/min), 17,237,358 states left on queue.
Progress(20) at 2021-05-10 17:23:25: 437,769,924 states generated (9,485,689 s/min), 61,536,606 distinct states found (1,028,935 ds/min), 17,333,338 states left on queue.
Progress(20) at 2021-05-10 17:24:25: 447,664,071 states generated (9,894,147 s/min), 62,503,327 distinct states found (966,721 ds/min), 17,349,939 states left on queue.
Progress(20) at 2021-05-10 17:25:25: 457,454,110 states generated (9,790,039 s/min), 63,392,139 distinct states found (888,812 ds/min), 17,301,709 states left on queue.
Progress(20) at 2021-05-10 17:26:25: 467,150,629 states generated (9,696,519 s/min), 64,167,004 distinct states found (774,865 ds/min), 17,161,665 states left on queue.
Progress(20) at 2021-05-10 17:27:25: 476,000,923 states generated (8,850,294 s/min), 65,094,209 distinct states found (927,205 ds/min), 17,210,111 states left on queue.
Progress(20) at 2021-05-10 17:28:25: 485,290,770 states generated (9,289,847 s/min), 65,955,553 distinct states found (861,344 ds/min), 17,169,103 states left on queue.
Progress(20) at 2021-05-10 17:29:25: 495,131,284 states generated (9,840,514 s/min), 66,806,756 distinct states found (851,203 ds/min), 17,079,535 states left on queue.
Progress(20) at 2021-05-10 17:30:25: 505,109,101 states generated (9,977,817 s/min), 67,766,010 distinct states found (959,254 ds/min), 17,089,363 states left on queue.
Progress(20) at 2021-05-10 17:31:25: 514,804,762 states generated (9,695,661 s/min), 68,690,594 distinct states found (924,584 ds/min), 17,071,181 states left on queue.
Progress(20) at 2021-05-10 17:32:25: 524,320,218 states generated (9,515,456 s/min), 69,680,487 distinct states found (989,893 ds/min), 17,107,619 states left on queue.
Progress(20) at 2021-05-10 17:33:25: 533,811,642 states generated (9,491,424 s/min), 70,761,472 distinct states found (1,080,985 ds/min), 17,237,639 states left on queue.
Progress(20) at 2021-05-10 17:34:25: 543,817,136 states generated (10,005,494 s/min), 71,497,438 distinct states found (735,966 ds/min), 17,037,477 states left on queue.
Progress(20) at 2021-05-10 17:35:25: 553,750,440 states generated (9,933,304 s/min), 72,338,242 distinct states found (840,804 ds/min), 16,932,433 states left on queue.
Progress(20) at 2021-05-10 17:36:25: 563,055,188 states generated (9,304,748 s/min), 73,356,127 distinct states found (1,017,885 ds/min), 17,026,534 states left on queue.
Checkpointing of run states/21-05-10-16-37-20
Checkpointing completed at (2021-05-10 17:37:27)
Progress(20) at 2021-05-10 17:37:27: 572,644,074 states generated (9,588,886 s/min), 74,487,050 distinct states found (1,130,923 ds/min), 17,197,824 states left on queue.
Progress(20) at 2021-05-10 17:38:27: 581,520,597 states generated (8,876,523 s/min), 75,782,433 distinct states found (1,295,383 ds/min), 17,585,984 states left on queue.
Progress(20) at 2021-05-10 17:39:27: 591,266,883 states generated (9,746,286 s/min), 76,681,164 distinct states found (898,731 ds/min), 17,553,378 states left on queue.
Progress(20) at 2021-05-10 17:40:27: 600,308,818 states generated (9,041,935 s/min), 77,533,534 distinct states found (852,370 ds/min), 17,523,112 states left on queue.
Progress(20) at 2021-05-10 17:41:27: 609,985,510 states generated (9,676,692 s/min), 78,312,738 distinct states found (779,204 ds/min), 17,387,914 states left on queue.
Progress(20) at 2021-05-10 17:42:27: 619,408,465 states generated (9,422,955 s/min), 79,177,903 distinct states found (865,165 ds/min), 17,344,391 states left on queue.
Progress(20) at 2021-05-10 17:43:27: 629,139,975 states generated (9,731,510 s/min), 79,896,385 distinct states found (718,482 ds/min), 17,179,691 states left on queue.
Progress(21) at 2021-05-10 17:44:27: 638,904,650 states generated (9,764,675 s/min), 80,649,729 distinct states found (753,344 ds/min), 17,014,509 states left on queue.
Progress(21) at 2021-05-10 17:45:27: 648,179,665 states generated (9,275,015 s/min), 81,368,853 distinct states found (719,124 ds/min), 16,846,301 states left on queue.
Progress(21) at 2021-05-10 17:46:27: 657,139,606 states generated (8,959,941 s/min), 82,188,933 distinct states found (820,080 ds/min), 16,803,463 states left on queue.
Progress(21) at 2021-05-10 17:47:27: 666,629,755 states generated (9,490,149 s/min), 82,826,835 distinct states found (637,902 ds/min), 16,565,226 states left on queue.
Progress(21) at 2021-05-10 17:48:27: 676,686,660 states generated (10,056,905 s/min), 83,581,496 distinct states found (754,661 ds/min), 16,388,599 states left on queue.
Progress(21) at 2021-05-10 17:49:27: 686,557,106 states generated (9,870,446 s/min), 84,408,276 distinct states found (826,780 ds/min), 16,280,864 states left on queue.
Progress(21) at 2021-05-10 17:50:27: 696,084,762 states generated (9,527,656 s/min), 85,181,013 distinct states found (772,737 ds/min), 16,140,738 states left on queue.
Progress(21) at 2021-05-10 17:51:27: 705,938,404 states generated (9,853,642 s/min), 86,054,524 distinct states found (873,511 ds/min), 16,046,923 states left on queue.
Progress(21) at 2021-05-10 17:52:27: 715,362,898 states generated (9,424,494 s/min), 86,952,023 distinct states found (897,499 ds/min), 16,034,537 states left on queue.
Progress(21) at 2021-05-10 17:53:27: 725,505,817 states generated (10,142,919 s/min), 87,488,228 distinct states found (536,205 ds/min), 15,671,411 states left on queue.
Progress(21) at 2021-05-10 17:54:27: 735,105,558 states generated (9,599,741 s/min), 88,285,586 distinct states found (797,358 ds/min), 15,548,805 states left on queue.
Progress(21) at 2021-05-10 17:55:27: 744,177,237 states generated (9,071,679 s/min), 89,206,092 distinct states found (920,506 ds/min), 15,558,049 states left on queue.
Progress(21) at 2021-05-10 17:56:27: 753,632,526 states generated (9,455,289 s/min), 90,242,897 distinct states found (1,036,805 ds/min), 15,653,468 states left on queue.
Progress(21) at 2021-05-10 17:57:27: 762,659,727 states generated (9,027,201 s/min), 91,483,350 distinct states found (1,240,453 ds/min), 15,952,882 states left on queue.
Progress(21) at 2021-05-10 17:58:27: 772,267,271 states generated (9,607,544 s/min), 92,220,873 distinct states found (737,523 ds/min), 15,799,968 states left on queue.
Progress(21) at 2021-05-10 17:59:27: 781,623,715 states generated (9,356,444 s/min), 92,985,834 distinct states found (764,961 ds/min), 15,661,788 states left on queue.
Progress(21) at 2021-05-10 18:00:27: 791,042,071 states generated (9,418,356 s/min), 93,617,519 distinct states found (631,685 ds/min), 15,436,129 states left on queue.
Progress(21) at 2021-05-10 18:01:27: 800,291,086 states generated (9,249,015 s/min), 94,325,844 distinct states found (708,325 ds/min), 15,283,620 states left on queue.
Progress(21) at 2021-05-10 18:02:27: 809,955,835 states generated (9,664,749 s/min), 94,921,216 distinct states found (595,372 ds/min), 15,020,235 states left on queue.
Progress(21) at 2021-05-10 18:03:27: 819,693,380 states generated (9,737,545 s/min), 95,489,270 distinct states found (568,054 ds/min), 14,718,852 states left on queue.
Progress(21) at 2021-05-10 18:04:27: 828,569,915 states generated (8,876,535 s/min), 96,220,742 distinct states found (731,472 ds/min), 14,579,543 states left on queue.
Progress(21) at 2021-05-10 18:05:27: 837,768,939 states generated (9,199,024 s/min), 96,833,479 distinct states found (612,737 ds/min), 14,353,901 states left on queue.
Progress(21) at 2021-05-10 18:06:27: 847,741,200 states generated (9,972,261 s/min), 97,379,997 distinct states found (546,518 ds/min), 14,021,669 states left on queue.
Checkpointing of run states/21-05-10-16-37-20
Checkpointing completed at (2021-05-10 18:07:30)
Progress(21) at 2021-05-10 18:07:30: 857,940,109 states generated (10,198,909 s/min), 98,114,575 distinct states found (734,578 ds/min), 13,812,546 states left on queue.
Progress(21) at 2021-05-10 18:08:30: 867,451,175 states generated (9,511,066 s/min), 98,736,194 distinct states found (621,619 ds/min), 13,550,868 states left on queue.
Progress(21) at 2021-05-10 18:09:30: 876,860,965 states generated (9,409,790 s/min), 99,395,008 distinct states found (658,814 ds/min), 13,320,826 states left on queue.
Progress(21) at 2021-05-10 18:10:30: 885,678,309 states generated (8,817,344 s/min), 100,154,723 distinct states found (759,715 ds/min), 13,240,887 states left on queue.
Progress(21) at 2021-05-10 18:11:30: 895,164,548 states generated (9,486,239 s/min), 100,654,042 distinct states found (499,319 ds/min), 12,906,732 states left on queue.
Progress(21) at 2021-05-10 18:12:30: 904,087,867 states generated (8,923,319 s/min), 101,340,617 distinct states found (686,575 ds/min), 12,730,877 states left on queue.
Progress(21) at 2021-05-10 18:13:30: 912,989,699 states generated (8,901,832 s/min), 102,038,930 distinct states found (698,313 ds/min), 12,582,223 states left on queue.
Progress(22) at 2021-05-10 18:14:30: 921,852,355 states generated (8,862,656 s/min), 102,942,854 distinct states found (903,924 ds/min), 12,591,891 states left on queue.
Progress(22) at 2021-05-10 18:15:30: 930,383,470 states generated (8,531,115 s/min), 103,951,801 distinct states found (1,008,947 ds/min), 12,723,401 states left on queue.
Progress(22) at 2021-05-10 18:16:30: 939,512,254 states generated (9,128,784 s/min), 104,677,934 distinct states found (726,133 ds/min), 12,607,679 states left on queue.
Progress(22) at 2021-05-10 18:17:30: 948,407,188 states generated (8,894,934 s/min), 105,270,734 distinct states found (592,800 ds/min), 12,366,695 states left on queue.
Progress(22) at 2021-05-10 18:18:30: 957,818,158 states generated (9,410,970 s/min), 105,801,487 distinct states found (530,753 ds/min), 12,067,317 states left on queue.
Progress(22) at 2021-05-10 18:19:30: 967,171,790 states generated (9,353,632 s/min), 106,340,064 distinct states found (538,577 ds/min), 11,771,606 states left on queue.
Progress(22) at 2021-05-10 18:20:30: 976,732,512 states generated (9,560,722 s/min), 106,806,397 distinct states found (466,333 ds/min), 11,424,821 states left on queue.
Progress(22) at 2021-05-10 18:21:30: 986,069,987 states generated (9,337,475 s/min), 107,406,354 distinct states found (599,957 ds/min), 11,151,130 states left on queue.
Progress(22) at 2021-05-10 18:22:30: 995,293,186 states generated (9,223,199 s/min), 107,921,037 distinct states found (514,683 ds/min), 10,852,930 states left on queue.
Progress(22) at 2021-05-10 18:23:30: 1,004,999,084 states generated (9,705,898 s/min), 108,440,088 distinct states found (519,051 ds/min), 10,522,831 states left on queue.
Progress(22) at 2021-05-10 18:24:30: 1,014,427,290 states generated (9,428,206 s/min), 108,946,827 distinct states found (506,739 ds/min), 10,188,037 states left on queue.
Progress(22) at 2021-05-10 18:25:30: 1,024,129,710 states generated (9,702,420 s/min), 109,474,020 distinct states found (527,193 ds/min), 9,847,041 states left on queue.
Progress(22) at 2021-05-10 18:26:30: 1,033,239,724 states generated (9,110,014 s/min), 110,065,458 distinct states found (591,438 ds/min), 9,621,858 states left on queue.
Progress(22) at 2021-05-10 18:27:30: 1,042,634,328 states generated (9,394,604 s/min), 110,703,102 distinct states found (637,644 ds/min), 9,363,762 states left on queue.
Progress(22) at 2021-05-10 18:28:30: 1,051,964,183 states generated (9,329,855 s/min), 111,401,052 distinct states found (697,950 ds/min), 9,166,106 states left on queue.
Progress(22) at 2021-05-10 18:29:30: 1,061,215,036 states generated (9,250,853 s/min), 112,153,623 distinct states found (752,571 ds/min), 9,014,975 states left on queue.
Progress(22) at 2021-05-10 18:30:30: 1,070,490,019 states generated (9,274,983 s/min), 113,107,836 distinct states found (954,213 ds/min), 9,039,709 states left on queue.
Progress(22) at 2021-05-10 18:31:30: 1,080,056,100 states generated (9,566,081 s/min), 113,708,589 distinct states found (600,753 ds/min), 8,772,667 states left on queue.
Progress(23) at 2021-05-10 18:32:30: 1,089,888,403 states generated (9,832,303 s/min), 114,189,357 distinct states found (480,768 ds/min), 8,406,377 states left on queue.
Progress(23) at 2021-05-10 18:33:30: 1,099,868,956 states generated (9,980,553 s/min), 114,619,916 distinct states found (430,559 ds/min), 8,000,577 states left on queue.
Progress(23) at 2021-05-10 18:34:30: 1,109,262,864 states generated (9,393,908 s/min), 115,093,161 distinct states found (473,245 ds/min), 7,640,417 states left on queue.
Progress(23) at 2021-05-10 18:35:30: 1,118,716,713 states generated (9,453,849 s/min), 115,532,153 distinct states found (438,992 ds/min), 7,270,967 states left on queue.
Progress(23) at 2021-05-10 18:36:30: 1,128,281,758 states generated (9,565,045 s/min), 115,930,005 distinct states found (397,852 ds/min), 6,862,659 states left on queue.
Checkpointing of run states/21-05-10-16-37-20
Checkpointing completed at (2021-05-10 18:37:37)
Progress(23) at 2021-05-10 18:37:37: 1,138,128,970 states generated (9,847,212 s/min), 116,526,267 distinct states found (596,262 ds/min), 6,569,863 states left on queue.
Progress(23) at 2021-05-10 18:38:37: 1,147,767,550 states generated (9,638,580 s/min), 117,015,041 distinct states found (488,774 ds/min), 6,191,540 states left on queue.
Progress(23) at 2021-05-10 18:39:37: 1,157,337,091 states generated (9,569,541 s/min), 117,609,677 distinct states found (594,636 ds/min), 5,896,792 states left on queue.
Progress(23) at 2021-05-10 18:40:37: 1,166,080,822 states generated (8,743,731 s/min), 118,306,815 distinct states found (697,138 ds/min), 5,722,594 states left on queue.
Progress(23) at 2021-05-10 18:41:37: 1,175,397,481 states generated (9,316,659 s/min), 119,030,247 distinct states found (723,432 ds/min), 5,565,578 states left on queue.
Progress(24) at 2021-05-10 18:42:37: 1,185,204,206 states generated (9,806,725 s/min), 119,429,066 distinct states found (398,819 ds/min), 5,142,075 states left on queue.
Progress(24) at 2021-05-10 18:43:37: 1,195,020,221 states generated (9,816,015 s/min), 119,796,321 distinct states found (367,255 ds/min), 4,695,570 states left on queue.
Progress(24) at 2021-05-10 18:44:37: 1,204,886,233 states generated (9,866,012 s/min), 120,153,000 distinct states found (356,679 ds/min), 4,248,521 states left on queue.
Progress(24) at 2021-05-10 18:45:37: 1,214,471,683 states generated (9,585,450 s/min), 120,617,599 distinct states found (464,599 ds/min), 3,875,944 states left on queue.
Progress(24) at 2021-05-10 18:46:37: 1,224,141,588 states generated (9,669,905 s/min), 121,089,979 distinct states found (472,380 ds/min), 3,480,405 states left on queue.
Progress(24) at 2021-05-10 18:47:37: 1,233,195,789 states generated (9,054,201 s/min), 121,724,737 distinct states found (634,758 ds/min), 3,234,478 states left on queue.
Progress(24) at 2021-05-10 18:48:37: 1,242,760,670 states generated (9,564,881 s/min), 122,169,936 distinct states found (445,199 ds/min), 2,859,046 states left on queue.
Progress(25) at 2021-05-10 18:49:37: 1,252,321,320 states generated (9,560,650 s/min), 122,481,990 distinct states found (312,054 ds/min), 2,410,462 states left on queue.
Progress(25) at 2021-05-10 18:50:37: 1,261,616,550 states generated (9,295,230 s/min), 122,837,758 distinct states found (355,768 ds/min), 1,986,688 states left on queue.
Progress(25) at 2021-05-10 18:51:37: 1,270,763,916 states generated (9,147,366 s/min), 123,323,163 distinct states found (485,405 ds/min), 1,626,142 states left on queue.
Progress(26) at 2021-05-10 18:52:37: 1,280,613,763 states generated (9,849,847 s/min), 123,669,880 distinct states found (346,717 ds/min), 1,179,708 states left on queue.
Progress(26) at 2021-05-10 18:53:37: 1,290,029,734 states generated (9,415,971 s/min), 124,031,400 distinct states found (361,520 ds/min), 731,500 states left on queue.
Progress(27) at 2021-05-10 18:54:37: 1,299,771,103 states generated (9,741,369 s/min), 124,338,742 distinct states found (307,342 ds/min), 255,084 states left on queue.
Model checking completed. No error has been found.
  Estimates of the probability that TLC did not check all reachable states
  because two distinct states had the same fingerprint:
  calculated (optimistic):  val = .0080
  based on the actual fingerprints:  val = 5.0E-4
1304574715 states generated, 124438466 distinct states found, 0 states left on queue.
The depth of the complete state graph search is 30.
The average outdegree of the complete state graph is 1 (minimum is 0, the maximum 17 and the 95th percentile is 4).
Finished in 02h 17min at (2021-05-10 18:55:10)
