Git Revision: 6c4d7d1
Platform: Linux login-faculty.ccs.neu.edu 3.10.0-1127.19.1.el7.x86_64 #1 SMP Tue Aug 25 17:23:54 UTC 2020 x86_64 x86_64 x86_64 GNU/Linux
CPU Info Linux: model name	: Intel(R) Xeon(R) Gold 5118 CPU @ 2.30GHz
CPU Cores Linux: 48
CPU Info Mac: 
CPU Cores Mac: 
Spec: MCMongoRaftReconfig.tla
Config: models/MCMongoRaftReconfig-4Servers-L2-T2-CV3.cfg
----
SPECIFICATION Spec
CONSTANTS 
Nil = Nil
Server = {n1, n2, n3, n4}
Secondary = Secondary
Primary = Primary
MaxLogLen = 2
MaxTerm = 2
MaxConfigVersion = 3
CONSTRAINT StateConstraint
INVARIANT StateMachineSafety
SYMMETRY ServerSymmetry
----

TLC2 Version 2.15 of Day Month 20?? (rev: fe75b8e)
Running breadth-first search Model-Checking with fp 122 and seed -5157744891578025077 with 20 workers on 48 cores with 27305MB heap and 4096MB offheap memory (Linux 3.10.0-1127.19.1.el7.x86_64 amd64, Oracle Corporation 1.8.0_262 x86_64, OffHeapDiskFPSet, DiskStateQueue).
Parsing file /proj/will-fm/logless-reconfig/specs/MCMongoRaftReconfig.tla
Parsing file /tmp/TLC.tla
Parsing file /proj/will-fm/logless-reconfig/specs/MongoRaftReconfig.tla
Parsing file /tmp/Naturals.tla
Parsing file /tmp/Integers.tla
Parsing file /tmp/FiniteSets.tla
Parsing file /tmp/Sequences.tla
Parsing file /proj/will-fm/logless-reconfig/specs/MongoLoglessDynamicRaft.tla
Parsing file /proj/will-fm/logless-reconfig/specs/MongoStaticRaft.tla
Semantic processing of module Naturals
Semantic processing of module Sequences
Semantic processing of module FiniteSets
Semantic processing of module TLC
Semantic processing of module Integers
Semantic processing of module MongoLoglessDynamicRaft
Semantic processing of module MongoStaticRaft
Semantic processing of module MongoRaftReconfig
Semantic processing of module MCMongoRaftReconfig
Starting... (2021-06-19 13:33:59)
Computing initial states...
Computed 2 initial states...
Computed 4 initial states...
Computed 8 initial states...
Finished computing initial states: 15 states generated, with 4 of them distinct at 2021-06-19 13:34:00.
Progress(11) at 2021-06-19 13:34:03: 417,464 states generated (417,464 s/min), 84,949 distinct states found (84,949 ds/min), 61,985 states left on queue.
Progress(14) at 2021-06-19 13:35:03: 14,247,253 states generated (13,829,789 s/min), 1,677,694 distinct states found (1,592,745 ds/min), 917,002 states left on queue.
Progress(15) at 2021-06-19 13:36:03: 27,982,141 states generated (13,734,888 s/min), 2,825,077 distinct states found (1,147,383 ds/min), 1,340,754 states left on queue.
Progress(15) at 2021-06-19 13:37:03: 41,497,148 states generated (13,515,007 s/min), 3,823,579 distinct states found (998,502 ds/min), 1,627,793 states left on queue.
Progress(16) at 2021-06-19 13:38:03: 54,692,915 states generated (13,195,767 s/min), 4,748,167 distinct states found (924,588 ds/min), 1,866,975 states left on queue.
Progress(16) at 2021-06-19 13:39:03: 67,833,876 states generated (13,140,961 s/min), 5,590,106 distinct states found (841,939 ds/min), 2,022,863 states left on queue.
Progress(16) at 2021-06-19 13:40:03: 80,711,124 states generated (12,877,248 s/min), 6,403,806 distinct states found (813,700 ds/min), 2,162,422 states left on queue.
Progress(17) at 2021-06-19 13:41:03: 93,028,970 states generated (12,317,846 s/min), 7,139,985 distinct states found (736,179 ds/min), 2,269,765 states left on queue.
Progress(17) at 2021-06-19 13:42:03: 105,460,911 states generated (12,431,941 s/min), 7,868,636 distinct states found (728,651 ds/min), 2,348,986 states left on queue.
Progress(17) at 2021-06-19 13:43:03: 117,570,126 states generated (12,109,215 s/min), 8,540,131 distinct states found (671,495 ds/min), 2,393,432 states left on queue.
Progress(17) at 2021-06-19 13:44:03: 128,582,412 states generated (11,012,286 s/min), 9,174,970 distinct states found (634,839 ds/min), 2,471,779 states left on queue.
Progress(18) at 2021-06-19 13:45:03: 140,622,572 states generated (12,040,160 s/min), 9,798,153 distinct states found (623,183 ds/min), 2,478,343 states left on queue.
Progress(18) at 2021-06-19 13:46:03: 152,376,986 states generated (11,754,414 s/min), 10,352,669 distinct states found (554,516 ds/min), 2,422,540 states left on queue.
Progress(18) at 2021-06-19 13:47:03: 163,853,920 states generated (11,476,934 s/min), 10,946,888 distinct states found (594,219 ds/min), 2,431,116 states left on queue.
Progress(18) at 2021-06-19 13:48:03: 174,044,949 states generated (10,191,029 s/min), 11,472,005 distinct states found (525,117 ds/min), 2,450,664 states left on queue.
Progress(19) at 2021-06-19 13:49:03: 185,519,600 states generated (11,474,651 s/min), 11,966,333 distinct states found (494,328 ds/min), 2,364,225 states left on queue.
Progress(19) at 2021-06-19 13:50:03: 196,080,520 states generated (10,560,920 s/min), 12,454,411 distinct states found (488,078 ds/min), 2,305,565 states left on queue.
Progress(19) at 2021-06-19 13:51:03: 206,353,794 states generated (10,273,274 s/min), 12,909,597 distinct states found (455,186 ds/min), 2,248,050 states left on queue.
Progress(19) at 2021-06-19 13:52:03: 215,815,997 states generated (9,462,203 s/min), 13,319,831 distinct states found (410,234 ds/min), 2,190,385 states left on queue.
Progress(19) at 2021-06-19 13:53:03: 224,141,732 states generated (8,325,735 s/min), 13,682,505 distinct states found (362,674 ds/min), 2,142,022 states left on queue.
Progress(20) at 2021-06-19 13:54:03: 234,600,678 states generated (10,458,946 s/min), 14,102,511 distinct states found (420,006 ds/min), 2,034,282 states left on queue.
Progress(20) at 2021-06-19 13:55:03: 243,574,595 states generated (8,973,917 s/min), 14,442,444 distinct states found (339,933 ds/min), 1,920,849 states left on queue.
Progress(20) at 2021-06-19 13:56:03: 252,379,024 states generated (8,804,429 s/min), 14,787,545 distinct states found (345,101 ds/min), 1,835,424 states left on queue.
Progress(20) at 2021-06-19 13:57:03: 260,230,003 states generated (7,850,979 s/min), 15,077,117 distinct states found (289,572 ds/min), 1,749,689 states left on queue.
Progress(20) at 2021-06-19 13:58:03: 267,571,735 states generated (7,341,732 s/min), 15,345,324 distinct states found (268,207 ds/min), 1,664,105 states left on queue.
Progress(21) at 2021-06-19 13:59:03: 277,364,751 states generated (9,793,016 s/min), 15,683,912 distinct states found (338,588 ds/min), 1,513,077 states left on queue.
Progress(21) at 2021-06-19 14:00:03: 285,020,289 states generated (7,655,538 s/min), 15,933,950 distinct states found (250,038 ds/min), 1,397,712 states left on queue.
Progress(21) at 2021-06-19 14:01:03: 292,752,589 states generated (7,732,300 s/min), 16,202,177 distinct states found (268,227 ds/min), 1,295,479 states left on queue.
Progress(21) at 2021-06-19 14:02:03: 299,012,594 states generated (6,260,005 s/min), 16,395,821 distinct states found (193,644 ds/min), 1,208,678 states left on queue.
Progress(22) at 2021-06-19 14:03:03: 306,334,791 states generated (7,322,197 s/min), 16,617,409 distinct states found (221,588 ds/min), 1,076,573 states left on queue.
Checkpointing of run states/21-06-19-13-33-59
Checkpointing completed at (2021-06-19 14:04:03)
Progress(22) at 2021-06-19 14:04:03: 313,594,486 states generated (7,259,695 s/min), 16,842,731 distinct states found (225,322 ds/min), 958,094 states left on queue.
Progress(22) at 2021-06-19 14:05:03: 319,995,103 states generated (6,400,617 s/min), 17,030,936 distinct states found (188,205 ds/min), 861,233 states left on queue.
Progress(22) at 2021-06-19 14:06:03: 325,184,974 states generated (5,189,871 s/min), 17,158,632 distinct states found (127,696 ds/min), 773,733 states left on queue.
Progress(23) at 2021-06-19 14:07:03: 331,925,490 states generated (6,740,516 s/min), 17,345,145 distinct states found (186,513 ds/min), 645,805 states left on queue.
Progress(23) at 2021-06-19 14:08:03: 337,608,054 states generated (5,682,564 s/min), 17,499,413 distinct states found (154,268 ds/min), 558,025 states left on queue.
Progress(23) at 2021-06-19 14:09:03: 342,069,819 states generated (4,461,765 s/min), 17,586,622 distinct states found (87,209 ds/min), 476,220 states left on queue.
Progress(23) at 2021-06-19 14:10:03: 347,688,410 states generated (5,618,591 s/min), 17,719,675 distinct states found (133,053 ds/min), 367,759 states left on queue.
Progress(23) at 2021-06-19 14:11:03: 352,369,731 states generated (4,681,321 s/min), 17,824,916 distinct states found (105,241 ds/min), 290,664 states left on queue.
Progress(24) at 2021-06-19 14:12:03: 356,711,012 states generated (4,341,281 s/min), 17,898,827 distinct states found (73,911 ds/min), 208,241 states left on queue.
Progress(24) at 2021-06-19 14:13:03: 360,970,236 states generated (4,259,224 s/min), 17,972,802 distinct states found (73,975 ds/min), 135,414 states left on queue.
Progress(25) at 2021-06-19 14:14:03: 365,043,314 states generated (4,073,078 s/min), 18,032,183 distinct states found (59,381 ds/min), 60,541 states left on queue.
Model checking completed. No error has been found.
  Estimates of the probability that TLC did not check all reachable states
  because two distinct states had the same fingerprint:
  calculated (optimistic):  val = 3.4E-4
  based on the actual fingerprints:  val = 8.9E-6
368206425 states generated, 18059259 distinct states found, 0 states left on queue.
The depth of the complete state graph search is 28.
The average outdegree of the complete state graph is 1 (minimum is 0, the maximum 20 and the 95th percentile is 4).
Finished in 40min 53s at (2021-06-19 14:14:53)
