Git Revision: 53a32fe
Platform: Linux login-faculty.ccs.neu.edu 3.10.0-1127.19.1.el7.x86_64 #1 SMP Tue Aug 25 17:23:54 UTC 2020 x86_64 x86_64 x86_64 GNU/Linux
CPU Info Linux: model name	: Intel(R) Xeon(R) Gold 5118 CPU @ 2.30GHz
CPU Cores Linux: 48
CPU Info Mac: 
CPU Cores Mac: 
Spec: MCMongoRaftReconfig.tla
Config: models/MCMongoRaftReconfig-4Servers-L2-T2-CV3.cfg
----
SPECIFICATION Spec
CONSTANTS 
Nil = Nil
Server = {n1, n2, n3, n4}
Secondary = Secondary
Primary = Primary
MaxLogLen = 2
MaxTerm = 2
MaxConfigVersion = 3
CONSTRAINT StateConstraint
INVARIANT StateMachineSafety
SYMMETRY ServerSymmetry
VIEW viewNoElections
----

TLC2 Version 2.15 of Day Month 20?? (rev: fe75b8e)
Warning: Please run the Java VM, which executes TLC with a throughput optimized garbage collector, by passing the "-XX:+UseParallelGC" property.
(Use the -nowarning option to disable this warning.)
Running breadth-first search Model-Checking with fp 91 and seed -137862534820995005 with 16 workers on 48 cores with 30688MB heap and 4096MB offheap memory [pid: 235533] (Linux 3.10.0-1127.19.1.el7.x86_64 amd64, Oracle Corporation 11.0.8 x86_64, OffHeapDiskFPSet, DiskStateQueue).
Parsing file /proj/will-fm/logless-reconfig/specs/MCMongoRaftReconfig.tla
Parsing file /tmp/TLC.tla
Parsing file /proj/will-fm/logless-reconfig/specs/MongoRaftReconfig.tla
Parsing file /tmp/Naturals.tla
Parsing file /tmp/Integers.tla
Parsing file /tmp/FiniteSets.tla
Parsing file /tmp/Sequences.tla
Parsing file /proj/will-fm/logless-reconfig/specs/MongoLoglessDynamicRaft.tla
Parsing file /proj/will-fm/logless-reconfig/specs/MongoStaticRaft.tla
Semantic processing of module Naturals
Semantic processing of module Sequences
Semantic processing of module FiniteSets
Semantic processing of module TLC
Semantic processing of module Integers
Semantic processing of module MongoLoglessDynamicRaft
Semantic processing of module MongoStaticRaft
Semantic processing of module MongoRaftReconfig
Semantic processing of module MCMongoRaftReconfig
Starting... (2021-02-12 10:33:06)
Computing initial states...
Computed 2 initial states...
Computed 4 initial states...
Computed 8 initial states...
Finished computing initial states: 15 states generated, with 4 of them distinct at 2021-02-12 10:33:08.
Progress(9) at 2021-02-12 10:33:11: 307,061 states generated (307,061 s/min), 62,155 distinct states found (62,155 ds/min), 45,689 states left on queue.
Progress(12) at 2021-02-12 10:34:11: 11,149,546 states generated (10,842,485 s/min), 1,368,975 distinct states found (1,306,820 ds/min), 779,455 states left on queue.
Progress(13) at 2021-02-12 10:35:11: 22,003,049 states generated (10,853,503 s/min), 2,353,794 distinct states found (984,819 ds/min), 1,193,924 states left on queue.
Progress(13) at 2021-02-12 10:36:11: 32,836,670 states generated (10,833,621 s/min), 3,210,041 distinct states found (856,247 ds/min), 1,491,279 states left on queue.
Progress(14) at 2021-02-12 10:37:11: 43,677,645 states generated (10,840,975 s/min), 4,026,709 distinct states found (816,668 ds/min), 1,738,299 states left on queue.
Progress(14) at 2021-02-12 10:38:11: 54,523,487 states generated (10,845,842 s/min), 4,784,034 distinct states found (757,325 ds/min), 1,933,433 states left on queue.
Progress(14) at 2021-02-12 10:39:11: 65,107,970 states generated (10,584,483 s/min), 5,485,624 distinct states found (701,590 ds/min), 2,084,810 states left on queue.
Progress(14) at 2021-02-12 10:40:11: 75,577,029 states generated (10,469,059 s/min), 6,148,943 distinct states found (663,319 ds/min), 2,208,534 states left on queue.
Progress(15) at 2021-02-12 10:41:11: 86,246,846 states generated (10,669,817 s/min), 6,819,532 distinct states found (670,589 ds/min), 2,322,137 states left on queue.
Progress(15) at 2021-02-12 10:42:11: 96,020,842 states generated (9,773,996 s/min), 7,411,179 distinct states found (591,647 ds/min), 2,420,445 states left on queue.
Progress(15) at 2021-02-12 10:43:11: 106,507,330 states generated (10,486,488 s/min), 7,998,719 distinct states found (587,540 ds/min), 2,457,381 states left on queue.
Progress(15) at 2021-02-12 10:44:11: 116,625,973 states generated (10,118,643 s/min), 8,580,764 distinct states found (582,045 ds/min), 2,522,413 states left on queue.
Progress(16) at 2021-02-12 10:45:11: 126,253,124 states generated (9,627,151 s/min), 9,100,794 distinct states found (520,030 ds/min), 2,551,140 states left on queue.
Progress(16) at 2021-02-12 10:46:11: 136,167,020 states generated (9,913,896 s/min), 9,639,134 distinct states found (538,340 ds/min), 2,582,418 states left on queue.
Progress(16) at 2021-02-12 10:47:11: 145,503,428 states generated (9,336,408 s/min), 10,139,109 distinct states found (499,975 ds/min), 2,611,012 states left on queue.
Progress(16) at 2021-02-12 10:48:11: 155,303,655 states generated (9,800,227 s/min), 10,613,580 distinct states found (474,471 ds/min), 2,575,837 states left on queue.
Progress(16) at 2021-02-12 10:49:11: 164,934,874 states generated (9,631,219 s/min), 11,105,819 distinct states found (492,239 ds/min), 2,582,120 states left on queue.
Progress(17) at 2021-02-12 10:50:11: 173,304,542 states generated (8,369,668 s/min), 11,523,333 distinct states found (417,514 ds/min), 2,585,805 states left on queue.
Progress(17) at 2021-02-12 10:51:11: 183,101,436 states generated (9,796,894 s/min), 11,971,333 distinct states found (448,000 ds/min), 2,528,806 states left on queue.
Progress(17) at 2021-02-12 10:52:11: 191,729,561 states generated (8,628,125 s/min), 12,399,047 distinct states found (427,714 ds/min), 2,530,898 states left on queue.
Progress(17) at 2021-02-12 10:53:11: 200,710,278 states generated (8,980,717 s/min), 12,786,436 distinct states found (387,389 ds/min), 2,461,362 states left on queue.
Progress(17) at 2021-02-12 10:54:11: 209,374,867 states generated (8,664,589 s/min), 13,163,534 distinct states found (377,098 ds/min), 2,405,550 states left on queue.
Progress(17) at 2021-02-12 10:55:11: 217,710,444 states generated (8,335,577 s/min), 13,540,740 distinct states found (377,206 ds/min), 2,369,244 states left on queue.
Progress(18) at 2021-02-12 10:56:11: 225,038,122 states generated (7,327,678 s/min), 13,851,063 distinct states found (310,323 ds/min), 2,324,969 states left on queue.
Progress(18) at 2021-02-12 10:57:11: 233,992,599 states generated (8,954,477 s/min), 14,198,476 distinct states found (347,413 ds/min), 2,215,718 states left on queue.
Progress(18) at 2021-02-12 10:58:11: 241,834,866 states generated (7,842,267 s/min), 14,543,203 distinct states found (344,727 ds/min), 2,178,921 states left on queue.
Progress(18) at 2021-02-12 10:59:11: 249,899,775 states generated (8,064,909 s/min), 14,849,160 distinct states found (305,957 ds/min), 2,084,597 states left on queue.
Progress(18) at 2021-02-12 11:00:11: 257,668,365 states generated (7,768,590 s/min), 15,154,285 distinct states found (305,125 ds/min), 2,013,328 states left on queue.
Progress(18) at 2021-02-12 11:01:11: 265,062,079 states generated (7,393,714 s/min), 15,429,578 distinct states found (275,293 ds/min), 1,928,722 states left on queue.
Progress(19) at 2021-02-12 11:02:11: 270,796,027 states generated (5,733,948 s/min), 15,631,939 distinct states found (202,361 ds/min), 1,869,586 states left on queue.
Checkpointing of run states/21-02-12-10-33-05
Checkpointing completed at (2021-02-12 11:03:11)
Progress(19) at 2021-02-12 11:03:11: 279,227,315 states generated (8,431,288 s/min), 15,923,865 distinct states found (291,926 ds/min), 1,742,278 states left on queue.
Progress(19) at 2021-02-12 11:04:11: 286,184,858 states generated (6,957,543 s/min), 16,191,769 distinct states found (267,904 ds/min), 1,678,501 states left on queue.
Progress(19) at 2021-02-12 11:05:11: 293,377,784 states generated (7,192,926 s/min), 16,434,988 distinct states found (243,219 ds/min), 1,574,922 states left on queue.
Progress(19) at 2021-02-12 11:06:11: 300,101,959 states generated (6,724,175 s/min), 16,668,425 distinct states found (233,437 ds/min), 1,499,810 states left on queue.
Progress(19) at 2021-02-12 11:07:11: 306,069,024 states generated (5,967,065 s/min), 16,848,829 distinct states found (180,404 ds/min), 1,404,112 states left on queue.
Progress(20) at 2021-02-12 11:08:11: 310,922,348 states generated (4,853,324 s/min), 16,992,515 distinct states found (143,686 ds/min), 1,339,633 states left on queue.
Progress(20) at 2021-02-12 11:09:11: 317,684,361 states generated (6,762,013 s/min), 17,188,635 distinct states found (196,120 ds/min), 1,215,940 states left on queue.
Progress(20) at 2021-02-12 11:10:11: 324,522,599 states generated (6,838,238 s/min), 17,424,431 distinct states found (235,796 ds/min), 1,128,210 states left on queue.
Progress(20) at 2021-02-12 11:11:11: 330,946,249 states generated (6,423,650 s/min), 17,627,723 distinct states found (203,292 ds/min), 1,043,671 states left on queue.
Progress(20) at 2021-02-12 11:12:11: 336,048,043 states generated (5,101,794 s/min), 17,747,870 distinct states found (120,147 ds/min), 950,848 states left on queue.
Progress(21) at 2021-02-12 11:13:11: 340,003,185 states generated (3,955,142 s/min), 17,841,245 distinct states found (93,375 ds/min), 892,873 states left on queue.
Progress(21) at 2021-02-12 11:14:11: 345,541,878 states generated (5,538,693 s/min), 17,976,134 distinct states found (134,889 ds/min), 786,247 states left on queue.
Progress(21) at 2021-02-12 11:15:11: 351,748,729 states generated (6,206,851 s/min), 18,161,468 distinct states found (185,334 ds/min), 693,923 states left on queue.
Progress(21) at 2021-02-12 11:16:11: 356,831,011 states generated (5,082,282 s/min), 18,295,589 distinct states found (134,121 ds/min), 627,453 states left on queue.
Progress(21) at 2021-02-12 11:17:11: 360,769,950 states generated (3,938,939 s/min), 18,369,598 distinct states found (74,009 ds/min), 560,366 states left on queue.
Progress(22) at 2021-02-12 11:18:11: 365,045,731 states generated (4,275,781 s/min), 18,448,943 distinct states found (79,345 ds/min), 477,307 states left on queue.
Progress(22) at 2021-02-12 11:19:11: 370,174,841 states generated (5,129,110 s/min), 18,579,245 distinct states found (130,302 ds/min), 398,757 states left on queue.
Progress(22) at 2021-02-12 11:20:11: 374,585,161 states generated (4,410,320 s/min), 18,672,253 distinct states found (93,008 ds/min), 334,446 states left on queue.
Progress(23) at 2021-02-12 11:21:11: 378,178,951 states generated (3,593,790 s/min), 18,719,409 distinct states found (47,156 ds/min), 271,089 states left on queue.
Progress(23) at 2021-02-12 11:22:11: 382,682,356 states generated (4,503,405 s/min), 18,812,949 distinct states found (93,540 ds/min), 199,341 states left on queue.
Progress(24) at 2021-02-12 11:23:11: 386,392,148 states generated (3,709,792 s/min), 18,859,953 distinct states found (47,004 ds/min), 142,583 states left on queue.
Progress(24) at 2021-02-12 11:24:11: 390,381,739 states generated (3,989,591 s/min), 18,920,128 distinct states found (60,175 ds/min), 75,801 states left on queue.
Progress(26) at 2021-02-12 11:25:11: 394,075,939 states generated (3,694,200 s/min), 18,951,760 distinct states found (31,632 ds/min), 13,985 states left on queue.
Model checking completed. No error has been found.
  Estimates of the probability that TLC did not check all reachable states
  because two distinct states had the same fingerprint:
  calculated (optimistic):  val = 3.9E-4
  based on the actual fingerprints:  val = 1.7E-5
394848315 states generated, 18955588 distinct states found, 0 states left on queue.
The depth of the complete state graph search is 29.
The average outdegree of the complete state graph is 1 (minimum is 0, the maximum 24 and the 95th percentile is 4).
Finished in 52min 20s at (2021-02-12 11:25:26)
