Git Revision: 7c41b18
Platform: Linux login-faculty.ccs.neu.edu 3.10.0-1127.19.1.el7.x86_64 #1 SMP Tue Aug 25 17:23:54 UTC 2020 x86_64 x86_64 x86_64 GNU/Linux
CPU Info Linux: model name	: Intel(R) Xeon(R) Gold 5118 CPU @ 2.30GHz
CPU Cores Linux: 48
CPU Info Mac: 
CPU Cores Mac: 
Spec: MCMongoLoglessDynamicRaftAux.tla
Config: models/MCMongoLoglessDynamicRaftAux-4Servers-T4-CV4.cfg
----
INIT InitAux
NEXT NextAux
CONSTANTS 
Nil = Nil
Server = {n1, n2, n3, n4}
Secondary = Secondary
Primary = Primary
MaxTerm = 4
MaxConfigVersion = 4
CONSTRAINT StateConstraint
INVARIANT OnePrimaryPerTerm
INVARIANT ConfigStateMachineSafety
INVARIANT CommittedConfigSafety
SYMMETRY ServerSymmetry
ALIAS Alias
----

TLC2 Version 2.15 of Day Month 20?? (rev: fe75b8e)
Running breadth-first search Model-Checking with fp 19 and seed -7456861308502699986 with 20 workers on 48 cores with 27305MB heap and 4096MB offheap memory (Linux 3.10.0-1127.19.1.el7.x86_64 amd64, Oracle Corporation 1.8.0_262 x86_64, OffHeapDiskFPSet, DiskStateQueue).
Parsing file /proj/will-fm/logless-reconfig/specs/MCMongoLoglessDynamicRaftAux.tla
Parsing file /tmp/TLC.tla
Parsing file /proj/will-fm/logless-reconfig/specs/MongoLoglessDynamicRaftAux.tla
Parsing file /proj/will-fm/logless-reconfig/specs/MongoLoglessDynamicRaft.tla
Parsing file /tmp/Naturals.tla
Parsing file /tmp/Integers.tla
Parsing file /tmp/FiniteSets.tla
Parsing file /tmp/Sequences.tla
Semantic processing of module Naturals
Semantic processing of module Sequences
Semantic processing of module FiniteSets
Semantic processing of module TLC
Semantic processing of module Integers
Semantic processing of module MongoLoglessDynamicRaft
Semantic processing of module MongoLoglessDynamicRaftAux
Semantic processing of module MCMongoLoglessDynamicRaftAux
Starting... (2021-06-19 11:47:02)
Computing initial states...
Computed 2 initial states...
Computed 4 initial states...
Computed 8 initial states...
Finished computing initial states: 15 states generated, with 4 of them distinct at 2021-06-19 11:47:03.
Progress(12) at 2021-06-19 11:47:06: 476,371 states generated (476,371 s/min), 175,346 distinct states found (175,346 ds/min), 122,712 states left on queue.
Progress(15) at 2021-06-19 11:48:06: 16,533,941 states generated (16,057,570 s/min), 4,147,316 distinct states found (3,971,970 ds/min), 2,386,861 states left on queue.
Progress(16) at 2021-06-19 11:49:06: 32,950,562 states generated (16,416,621 s/min), 7,421,716 distinct states found (3,274,400 ds/min), 3,940,056 states left on queue.
Progress(16) at 2021-06-19 11:50:06: 49,315,632 states generated (16,365,070 s/min), 10,436,661 distinct states found (3,014,945 ds/min), 5,256,469 states left on queue.
Progress(16) at 2021-06-19 11:51:06: 65,746,969 states generated (16,431,337 s/min), 13,218,702 distinct states found (2,782,041 ds/min), 6,340,531 states left on queue.
Progress(17) at 2021-06-19 11:52:06: 81,742,248 states generated (15,995,279 s/min), 16,158,304 distinct states found (2,939,602 ds/min), 7,614,162 states left on queue.
Progress(17) at 2021-06-19 11:53:06: 98,246,032 states generated (16,503,784 s/min), 18,641,698 distinct states found (2,483,394 ds/min), 8,417,713 states left on queue.
Progress(17) at 2021-06-19 11:54:06: 114,727,834 states generated (16,481,802 s/min), 21,133,930 distinct states found (2,492,232 ds/min), 9,218,751 states left on queue.
Progress(17) at 2021-06-19 11:55:06: 130,969,451 states generated (16,241,617 s/min), 23,579,117 distinct states found (2,445,187 ds/min), 10,010,565 states left on queue.
Progress(18) at 2021-06-19 11:56:06: 147,125,289 states generated (16,155,838 s/min), 26,127,397 distinct states found (2,548,280 ds/min), 10,901,635 states left on queue.
Progress(18) at 2021-06-19 11:57:06: 163,438,199 states generated (16,312,910 s/min), 28,553,269 distinct states found (2,425,872 ds/min), 11,657,848 states left on queue.
Progress(18) at 2021-06-19 11:58:06: 180,170,166 states generated (16,731,967 s/min), 30,654,658 distinct states found (2,101,389 ds/min), 12,085,955 states left on queue.
Progress(18) at 2021-06-19 11:59:06: 196,680,800 states generated (16,510,634 s/min), 32,894,817 distinct states found (2,240,159 ds/min), 12,658,739 states left on queue.
Progress(18) at 2021-06-19 12:00:06: 213,590,155 states generated (16,909,355 s/min), 34,809,573 distinct states found (1,914,756 ds/min), 12,899,660 states left on queue.
Progress(18) at 2021-06-19 12:01:06: 229,891,607 states generated (16,301,452 s/min), 37,103,611 distinct states found (2,294,038 ds/min), 13,533,889 states left on queue.
Progress(18) at 2021-06-19 12:02:06: 246,350,060 states generated (16,458,453 s/min), 39,344,007 distinct states found (2,240,396 ds/min), 14,105,996 states left on queue.
Progress(19) at 2021-06-19 12:03:06: 262,522,016 states generated (16,171,956 s/min), 41,547,365 distinct states found (2,203,358 ds/min), 14,681,429 states left on queue.
Progress(19) at 2021-06-19 12:04:06: 279,055,646 states generated (16,533,630 s/min), 43,631,116 distinct states found (2,083,751 ds/min), 15,093,361 states left on queue.
Progress(19) at 2021-06-19 12:05:06: 296,048,858 states generated (16,993,212 s/min), 45,322,770 distinct states found (1,691,654 ds/min), 15,147,715 states left on queue.
Progress(19) at 2021-06-19 12:06:06: 312,261,969 states generated (16,213,111 s/min), 47,330,567 distinct states found (2,007,797 ds/min), 15,538,139 states left on queue.
Progress(19) at 2021-06-19 12:07:06: 328,821,955 states generated (16,559,986 s/min), 49,198,412 distinct states found (1,867,845 ds/min), 15,738,178 states left on queue.
Progress(19) at 2021-06-19 12:08:06: 345,776,590 states generated (16,954,635 s/min), 50,814,987 distinct states found (1,616,575 ds/min), 15,733,555 states left on queue.
Progress(19) at 2021-06-19 12:09:06: 362,309,603 states generated (16,533,013 s/min), 52,738,959 distinct states found (1,923,972 ds/min), 16,011,484 states left on queue.
Progress(19) at 2021-06-19 12:10:06: 378,509,743 states generated (16,200,140 s/min), 54,872,276 distinct states found (2,133,317 ds/min), 16,479,033 states left on queue.
Progress(19) at 2021-06-19 12:11:06: 395,081,699 states generated (16,571,956 s/min), 56,798,635 distinct states found (1,926,359 ds/min), 16,770,063 states left on queue.
Progress(19) at 2021-06-19 12:12:06: 411,412,034 states generated (16,330,335 s/min), 58,756,249 distinct states found (1,957,614 ds/min), 17,112,210 states left on queue.
Progress(19) at 2021-06-19 12:13:06: 427,859,871 states generated (16,447,837 s/min), 60,531,605 distinct states found (1,775,356 ds/min), 17,242,406 states left on queue.
Progress(19) at 2021-06-19 12:14:06: 445,116,221 states generated (17,256,350 s/min), 61,989,826 distinct states found (1,458,221 ds/min), 17,098,463 states left on queue.
Progress(20) at 2021-06-19 12:15:06: 461,545,073 states generated (16,428,852 s/min), 63,638,303 distinct states found (1,648,477 ds/min), 17,138,004 states left on queue.
Progress(20) at 2021-06-19 12:16:06: 477,958,323 states generated (16,413,250 s/min), 65,352,030 distinct states found (1,713,727 ds/min), 17,250,267 states left on queue.
Checkpointing of run states/21-06-19-11-47-02
Checkpointing completed at (2021-06-19 12:17:06)
Progress(20) at 2021-06-19 12:17:06: 494,962,230 states generated (17,003,907 s/min), 66,691,503 distinct states found (1,339,473 ds/min), 16,969,633 states left on queue.
Progress(20) at 2021-06-19 12:18:06: 511,630,954 states generated (16,668,724 s/min), 68,200,981 distinct states found (1,509,478 ds/min), 16,895,828 states left on queue.
Progress(20) at 2021-06-19 12:19:06: 527,978,384 states generated (16,347,430 s/min), 69,947,168 distinct states found (1,746,187 ds/min), 17,018,116 states left on queue.
Progress(20) at 2021-06-19 12:20:06: 544,481,442 states generated (16,503,058 s/min), 71,679,859 distinct states found (1,732,691 ds/min), 17,103,199 states left on queue.
Progress(20) at 2021-06-19 12:21:06: 561,022,476 states generated (16,541,034 s/min), 73,379,936 distinct states found (1,700,077 ds/min), 17,183,062 states left on queue.
Progress(20) at 2021-06-19 12:22:06: 577,017,036 states generated (15,994,560 s/min), 75,392,420 distinct states found (2,012,484 ds/min), 17,594,743 states left on queue.
Progress(20) at 2021-06-19 12:23:06: 593,698,301 states generated (16,681,265 s/min), 76,816,436 distinct states found (1,424,016 ds/min), 17,409,599 states left on queue.
Progress(20) at 2021-06-19 12:24:06: 610,654,112 states generated (16,955,811 s/min), 78,339,287 distinct states found (1,522,851 ds/min), 17,315,672 states left on queue.
Progress(20) at 2021-06-19 12:25:06: 627,681,961 states generated (17,027,849 s/min), 79,584,225 distinct states found (1,244,938 ds/min), 16,999,168 states left on queue.
Progress(20) at 2021-06-19 12:26:06: 644,080,812 states generated (16,398,851 s/min), 81,094,656 distinct states found (1,510,431 ds/min), 16,928,886 states left on queue.
Progress(20) at 2021-06-19 12:27:06: 660,864,546 states generated (16,783,734 s/min), 82,436,973 distinct states found (1,342,317 ds/min), 16,689,679 states left on queue.
Progress(21) at 2021-06-19 12:28:06: 677,891,943 states generated (17,027,397 s/min), 83,566,345 distinct states found (1,129,372 ds/min), 16,273,841 states left on queue.
Progress(21) at 2021-06-19 12:29:06: 694,562,977 states generated (16,671,034 s/min), 84,913,155 distinct states found (1,346,810 ds/min), 16,035,305 states left on queue.
Progress(21) at 2021-06-19 12:30:06: 711,044,800 states generated (16,481,823 s/min), 86,457,653 distinct states found (1,544,498 ds/min), 15,948,820 states left on queue.
Progress(21) at 2021-06-19 12:31:06: 727,402,481 states generated (16,357,681 s/min), 87,977,803 distinct states found (1,520,150 ds/min), 15,864,857 states left on queue.
Progress(21) at 2021-06-19 12:32:06: 744,021,552 states generated (16,619,071 s/min), 89,461,131 distinct states found (1,483,328 ds/min), 15,752,956 states left on queue.
Progress(21) at 2021-06-19 12:33:06: 759,796,854 states generated (15,775,302 s/min), 91,338,817 distinct states found (1,877,686 ds/min), 16,040,056 states left on queue.
Progress(21) at 2021-06-19 12:34:06: 776,640,723 states generated (16,843,869 s/min), 92,521,818 distinct states found (1,183,001 ds/min), 15,645,837 states left on queue.
Progress(21) at 2021-06-19 12:35:06: 793,744,885 states generated (17,104,162 s/min), 93,782,555 distinct states found (1,260,737 ds/min), 15,329,451 states left on queue.
Progress(21) at 2021-06-19 12:36:06: 810,452,832 states generated (16,707,947 s/min), 94,981,070 distinct states found (1,198,515 ds/min), 14,985,959 states left on queue.
Progress(21) at 2021-06-19 12:37:06: 826,807,444 states generated (16,354,612 s/min), 96,165,149 distinct states found (1,184,079 ds/min), 14,661,565 states left on queue.
Progress(21) at 2021-06-19 12:38:06: 843,685,843 states generated (16,878,399 s/min), 97,156,510 distinct states found (991,361 ds/min), 14,133,710 states left on queue.
Progress(21) at 2021-06-19 12:39:06: 860,589,711 states generated (16,903,868 s/min), 98,206,986 distinct states found (1,050,476 ds/min), 13,672,596 states left on queue.
Progress(21) at 2021-06-19 12:40:06: 876,858,138 states generated (16,268,427 s/min), 99,507,354 distinct states found (1,300,368 ds/min), 13,405,808 states left on queue.
Progress(21) at 2021-06-19 12:41:06: 893,315,662 states generated (16,457,524 s/min), 100,690,802 distinct states found (1,183,448 ds/min), 13,033,580 states left on queue.
Progress(21) at 2021-06-19 12:42:06: 909,824,338 states generated (16,508,676 s/min), 102,010,621 distinct states found (1,319,819 ds/min), 12,773,894 states left on queue.
Progress(21) at 2021-06-19 12:43:06: 925,732,220 states generated (15,907,882 s/min), 103,745,048 distinct states found (1,734,427 ds/min), 12,914,979 states left on queue.
Progress(21) at 2021-06-19 12:44:06: 941,988,014 states generated (16,255,794 s/min), 104,875,394 distinct states found (1,130,346 ds/min), 12,521,115 states left on queue.
Progress(22) at 2021-06-19 12:45:06: 959,114,727 states generated (17,126,713 s/min), 105,860,923 distinct states found (985,529 ds/min), 11,999,304 states left on queue.
Progress(22) at 2021-06-19 12:46:06: 975,881,741 states generated (16,767,014 s/min), 106,835,859 distinct states found (974,936 ds/min), 11,474,269 states left on queue.
Checkpointing of run states/21-06-19-11-47-02
Checkpointing completed at (2021-06-19 12:47:10)
Progress(22) at 2021-06-19 12:47:10: 993,510,618 states generated (17,628,877 s/min), 107,854,898 distinct states found (1,019,039 ds/min), 10,926,775 states left on queue.
Progress(22) at 2021-06-19 12:48:10: 1,010,515,831 states generated (17,005,213 s/min), 108,709,418 distinct states found (854,520 ds/min), 10,311,843 states left on queue.
Progress(22) at 2021-06-19 12:49:10: 1,026,857,555 states generated (16,341,724 s/min), 109,803,329 distinct states found (1,093,911 ds/min), 9,872,325 states left on queue.
Progress(22) at 2021-06-19 12:50:10: 1,043,321,312 states generated (16,463,757 s/min), 110,858,254 distinct states found (1,054,925 ds/min), 9,401,219 states left on queue.
Progress(22) at 2021-06-19 12:51:10: 1,059,650,885 states generated (16,329,573 s/min), 112,173,498 distinct states found (1,315,244 ds/min), 9,133,780 states left on queue.
Progress(22) at 2021-06-19 12:52:10: 1,075,702,454 states generated (16,051,569 s/min), 113,490,272 distinct states found (1,316,774 ds/min), 8,920,525 states left on queue.
Progress(23) at 2021-06-19 12:53:10: 1,092,633,099 states generated (16,930,645 s/min), 114,302,701 distinct states found (812,429 ds/min), 8,287,592 states left on queue.
Progress(23) at 2021-06-19 12:54:10: 1,109,020,916 states generated (16,387,817 s/min), 115,164,581 distinct states found (861,880 ds/min), 7,703,569 states left on queue.
Progress(23) at 2021-06-19 12:55:10: 1,125,822,185 states generated (16,801,269 s/min), 115,830,234 distinct states found (665,653 ds/min), 6,976,089 states left on queue.
Progress(23) at 2021-06-19 12:56:10: 1,142,069,117 states generated (16,246,932 s/min), 116,757,106 distinct states found (926,872 ds/min), 6,423,755 states left on queue.
Progress(23) at 2021-06-19 12:57:10: 1,158,515,390 states generated (16,446,273 s/min), 117,759,354 distinct states found (1,002,248 ds/min), 5,900,416 states left on queue.
Progress(23) at 2021-06-19 12:58:10: 1,174,405,998 states generated (15,890,608 s/min), 118,993,335 distinct states found (1,233,981 ds/min), 5,606,293 states left on queue.
Progress(24) at 2021-06-19 12:59:10: 1,191,145,577 states generated (16,739,579 s/min), 119,674,437 distinct states found (681,102 ds/min), 4,882,488 states left on queue.
Progress(24) at 2021-06-19 13:00:10: 1,207,917,725 states generated (16,772,148 s/min), 120,384,713 distinct states found (710,276 ds/min), 4,178,233 states left on queue.
Progress(24) at 2021-06-19 13:01:10: 1,224,685,759 states generated (16,768,034 s/min), 121,142,520 distinct states found (757,807 ds/min), 3,474,252 states left on queue.
Progress(24) at 2021-06-19 13:02:10: 1,240,918,577 states generated (16,232,818 s/min), 122,129,989 distinct states found (987,469 ds/min), 2,957,225 states left on queue.
Progress(25) at 2021-06-19 13:03:10: 1,257,745,891 states generated (16,827,314 s/min), 122,698,556 distinct states found (568,567 ds/min), 2,170,915 states left on queue.
Progress(25) at 2021-06-19 13:04:10: 1,274,169,305 states generated (16,423,414 s/min), 123,493,922 distinct states found (795,366 ds/min), 1,504,503 states left on queue.
Progress(26) at 2021-06-19 13:05:10: 1,290,708,802 states generated (16,539,497 s/min), 124,061,232 distinct states found (567,310 ds/min), 705,830 states left on queue.
Model checking completed. No error has been found.
  Estimates of the probability that TLC did not check all reachable states
  because two distinct states had the same fingerprint:
  calculated (optimistic):  val = .0080
  based on the actual fingerprints:  val = 4.8E-4
1304574715 states generated, 124438466 distinct states found, 0 states left on queue.
The depth of the complete state graph search is 30.
The average outdegree of the complete state graph is 1 (minimum is 0, the maximum 17 and the 95th percentile is 4).
Finished in 01h 19min at (2021-06-19 13:06:05)
