Git Revision: d77ff4c
Platform: Linux login-faculty.ccs.neu.edu 3.10.0-1160.36.2.el7.x86_64 #1 SMP Wed Jul 21 11:57:15 UTC 2021 x86_64 x86_64 x86_64 GNU/Linux
CPU Info Linux: model name	: Intel(R) Xeon(R) Gold 5118 CPU @ 2.30GHz
CPU Cores Linux: 48
CPU Info Mac: 
CPU Cores Mac: 
Spec: MCMongoRaftReconfig.tla
Config: models/MCMongoRaftReconfig-4Servers-L2-T3-CV3.cfg
----
SPECIFICATION Spec
CONSTANTS 
Nil = Nil
Server = {n1, n2, n3, n4}
Secondary = Secondary
Primary = Primary
MaxLogLen = 2
MaxTerm = 3
MaxConfigVersion = 3
CONSTRAINT StateConstraint
INVARIANT StateMachineSafety
INVARIANT LeaderCompleteness
SYMMETRY ServerSymmetry
----

TLC2 Version 2.15 of Day Month 20?? (rev: fe75b8e)
Running breadth-first search Model-Checking with fp 71 and seed -8940982410348798230 with 20 workers on 48 cores with 27305MB heap and 4096MB offheap memory (Linux 3.10.0-1160.36.2.el7.x86_64 amd64, Red Hat, Inc. 1.8.0_292 x86_64, OffHeapDiskFPSet, DiskStateQueue).
Parsing file /proj/will-fm/logless-reconfig/specs/MCMongoRaftReconfig.tla
Parsing file /tmp/TLC.tla
Parsing file /proj/will-fm/logless-reconfig/specs/MongoRaftReconfig.tla
Parsing file /tmp/Naturals.tla
Parsing file /tmp/Integers.tla
Parsing file /tmp/FiniteSets.tla
Parsing file /tmp/Sequences.tla
Parsing file /proj/will-fm/logless-reconfig/specs/MongoLoglessDynamicRaft.tla
Parsing file /proj/will-fm/logless-reconfig/specs/MongoStaticRaft.tla
Semantic processing of module Naturals
Semantic processing of module Sequences
Semantic processing of module FiniteSets
Semantic processing of module TLC
Semantic processing of module Integers
Semantic processing of module MongoLoglessDynamicRaft
Semantic processing of module MongoStaticRaft
Semantic processing of module MongoRaftReconfig
Semantic processing of module MCMongoRaftReconfig
Starting... (2021-08-27 14:16:06)
Computing initial states...
Computed 2 initial states...
Computed 4 initial states...
Computed 8 initial states...
Finished computing initial states: 15 states generated, with 4 of them distinct at 2021-08-27 14:16:07.
Progress(10) at 2021-08-27 14:16:10: 531,839 states generated (531,839 s/min), 95,866 distinct states found (95,866 ds/min), 67,462 states left on queue.
Progress(13) at 2021-08-27 14:17:10: 17,875,652 states generated (17,343,813 s/min), 1,848,640 distinct states found (1,752,774 ds/min), 906,522 states left on queue.
Progress(14) at 2021-08-27 14:18:10: 34,478,535 states generated (16,602,883 s/min), 3,335,048 distinct states found (1,486,408 ds/min), 1,517,670 states left on queue.
Progress(15) at 2021-08-27 14:19:10: 50,653,177 states generated (16,174,642 s/min), 4,690,031 distinct states found (1,354,983 ds/min), 2,038,967 states left on queue.
Progress(15) at 2021-08-27 14:20:10: 66,572,653 states generated (15,919,476 s/min), 5,950,063 distinct states found (1,260,032 ds/min), 2,452,391 states left on queue.
Progress(16) at 2021-08-27 14:21:10: 82,116,169 states generated (15,543,516 s/min), 7,060,329 distinct states found (1,110,266 ds/min), 2,764,635 states left on queue.
Progress(16) at 2021-08-27 14:22:10: 97,625,728 states generated (15,509,559 s/min), 8,162,403 distinct states found (1,102,074 ds/min), 3,073,387 states left on queue.
Progress(16) at 2021-08-27 14:23:10: 112,951,471 states generated (15,325,743 s/min), 9,226,731 distinct states found (1,064,328 ds/min), 3,318,027 states left on queue.
Progress(17) at 2021-08-27 14:24:10: 128,238,821 states generated (15,287,350 s/min), 10,184,478 distinct states found (957,747 ds/min), 3,483,659 states left on queue.
Progress(17) at 2021-08-27 14:25:10: 142,903,370 states generated (14,664,549 s/min), 11,113,936 distinct states found (929,458 ds/min), 3,683,981 states left on queue.
Progress(17) at 2021-08-27 14:26:10: 157,490,538 states generated (14,587,168 s/min), 11,965,362 distinct states found (851,426 ds/min), 3,787,095 states left on queue.
Progress(17) at 2021-08-27 14:27:10: 171,745,102 states generated (14,254,564 s/min), 12,782,169 distinct states found (816,807 ds/min), 3,848,290 states left on queue.
Progress(18) at 2021-08-27 14:28:10: 186,498,530 states generated (14,753,428 s/min), 13,615,538 distinct states found (833,369 ds/min), 3,910,287 states left on queue.
Progress(18) at 2021-08-27 14:29:10: 201,173,376 states generated (14,674,846 s/min), 14,369,835 distinct states found (754,297 ds/min), 3,928,946 states left on queue.
Progress(18) at 2021-08-27 14:30:10: 214,869,058 states generated (13,695,682 s/min), 15,202,576 distinct states found (832,741 ds/min), 4,075,287 states left on queue.
Progress(18) at 2021-08-27 14:31:10: 228,654,042 states generated (13,784,984 s/min), 15,889,794 distinct states found (687,218 ds/min), 4,063,992 states left on queue.
Progress(18) at 2021-08-27 14:32:10: 242,579,210 states generated (13,925,168 s/min), 16,589,638 distinct states found (699,844 ds/min), 4,018,749 states left on queue.
Progress(19) at 2021-08-27 14:33:10: 256,667,628 states generated (14,088,418 s/min), 17,345,063 distinct states found (755,425 ds/min), 4,043,250 states left on queue.
Progress(19) at 2021-08-27 14:34:10: 270,678,401 states generated (14,010,773 s/min), 17,960,035 distinct states found (614,972 ds/min), 3,954,489 states left on queue.
Progress(19) at 2021-08-27 14:35:10: 284,076,219 states generated (13,397,818 s/min), 18,559,512 distinct states found (599,477 ds/min), 3,883,489 states left on queue.
Progress(19) at 2021-08-27 14:36:10: 297,184,942 states generated (13,108,723 s/min), 19,196,250 distinct states found (636,738 ds/min), 3,865,967 states left on queue.
Progress(19) at 2021-08-27 14:37:10: 310,435,911 states generated (13,250,969 s/min), 19,762,648 distinct states found (566,398 ds/min), 3,755,787 states left on queue.
Progress(19) at 2021-08-27 14:38:10: 323,311,721 states generated (12,875,810 s/min), 20,299,785 distinct states found (537,137 ds/min), 3,615,160 states left on queue.
Progress(20) at 2021-08-27 14:39:10: 337,184,405 states generated (13,872,684 s/min), 20,888,643 distinct states found (588,858 ds/min), 3,483,719 states left on queue.
Progress(20) at 2021-08-27 14:40:10: 350,761,728 states generated (13,577,323 s/min), 21,401,029 distinct states found (512,386 ds/min), 3,315,344 states left on queue.
Progress(20) at 2021-08-27 14:41:10: 363,429,201 states generated (12,667,473 s/min), 21,904,607 distinct states found (503,578 ds/min), 3,180,417 states left on queue.
Progress(20) at 2021-08-27 14:42:10: 375,245,430 states generated (11,816,229 s/min), 22,394,420 distinct states found (489,813 ds/min), 3,100,346 states left on queue.
Progress(20) at 2021-08-27 14:43:10: 387,666,003 states generated (12,420,573 s/min), 22,834,570 distinct states found (440,150 ds/min), 2,912,164 states left on queue.
Progress(20) at 2021-08-27 14:44:10: 400,165,895 states generated (12,499,892 s/min), 23,272,659 distinct states found (438,089 ds/min), 2,707,002 states left on queue.
Progress(21) at 2021-08-27 14:45:10: 412,887,364 states generated (12,721,469 s/min), 23,694,360 distinct states found (421,701 ds/min), 2,487,103 states left on queue.
Checkpointing of run states/21-08-27-14-16-06
Checkpointing completed at (2021-08-27 14:46:10)
Progress(21) at 2021-08-27 14:46:10: 424,881,384 states generated (11,994,020 s/min), 24,071,179 distinct states found (376,819 ds/min), 2,271,011 states left on queue.
Progress(21) at 2021-08-27 14:47:10: 436,259,155 states generated (11,377,771 s/min), 24,469,560 distinct states found (398,381 ds/min), 2,117,738 states left on queue.
Progress(21) at 2021-08-27 14:48:10: 447,475,083 states generated (11,215,928 s/min), 24,779,049 distinct states found (309,489 ds/min), 1,877,126 states left on queue.
Progress(22) at 2021-08-27 14:49:10: 459,562,704 states generated (12,087,621 s/min), 25,124,627 distinct states found (345,578 ds/min), 1,627,784 states left on queue.
Progress(22) at 2021-08-27 14:50:10: 472,033,523 states generated (12,470,819 s/min), 25,470,510 distinct states found (345,883 ds/min), 1,356,484 states left on queue.
Progress(22) at 2021-08-27 14:51:10: 483,098,824 states generated (11,065,301 s/min), 25,778,422 distinct states found (307,912 ds/min), 1,144,374 states left on queue.
Progress(22) at 2021-08-27 14:52:10: 494,449,834 states generated (11,351,010 s/min), 26,046,928 distinct states found (268,506 ds/min), 881,697 states left on queue.
Progress(23) at 2021-08-27 14:53:10: 505,848,058 states generated (11,398,224 s/min), 26,344,295 distinct states found (297,367 ds/min), 639,765 states left on queue.
Progress(24) at 2021-08-27 14:54:10: 517,236,461 states generated (11,388,403 s/min), 26,610,234 distinct states found (265,939 ds/min), 380,120 states left on queue.
Progress(25) at 2021-08-27 14:55:10: 527,934,953 states generated (10,698,492 s/min), 26,858,095 distinct states found (247,861 ds/min), 152,973 states left on queue.
Model checking completed. No error has been found.
  Estimates of the probability that TLC did not check all reachable states
  because two distinct states had the same fingerprint:
  calculated (optimistic):  val = 7.4E-4
  based on the actual fingerprints:  val = 6.0E-4
535244383 states generated, 27028454 distinct states found, 0 states left on queue.
The depth of the complete state graph search is 32.
The average outdegree of the complete state graph is 1 (minimum is 0, the maximum 19 and the 95th percentile is 4).
Finished in 39min 48s at (2021-08-27 14:55:54)
