Git Revision: 95308de
Platform: Linux login-faculty.ccs.neu.edu 3.10.0-1160.36.2.el7.x86_64 #1 SMP Wed Jul 21 11:57:15 UTC 2021 x86_64 x86_64 x86_64 GNU/Linux
CPU Info Linux: model name	: Intel(R) Xeon(R) Gold 5118 CPU @ 2.30GHz
CPU Cores Linux: 48
CPU Info Mac: 
CPU Cores Mac: 
Spec: MCMongoRaftReconfig.tla
Config: models/MCMongoRaftReconfig-4Servers-L2-T3-CV3.cfg
----
SPECIFICATION Spec
CONSTANTS 
Nil = Nil
Server = {n1, n2, n3, n4}
Secondary = Secondary
Primary = Primary
MaxLogLen = 2
MaxTerm = 3
MaxConfigVersion = 3
CONSTRAINT StateConstraint
INVARIANT StateMachineSafety
INVARIANT LeaderCompleteness
SYMMETRY ServerSymmetry
----

TLC2 Version 2.15 of Day Month 20?? (rev: fe75b8e)
Running breadth-first search Model-Checking with fp 19 and seed 7644890373490262310 with 20 workers on 48 cores with 27305MB heap and 4096MB offheap memory (Linux 3.10.0-1160.36.2.el7.x86_64 amd64, Red Hat, Inc. 1.8.0_292 x86_64, OffHeapDiskFPSet, DiskStateQueue).
Parsing file /proj/will-fm/logless-reconfig/specs/MCMongoRaftReconfig.tla
Parsing file /tmp/TLC.tla
Parsing file /proj/will-fm/logless-reconfig/specs/MongoRaftReconfig.tla
Parsing file /tmp/Naturals.tla
Parsing file /tmp/Integers.tla
Parsing file /tmp/FiniteSets.tla
Parsing file /tmp/Sequences.tla
Parsing file /proj/will-fm/logless-reconfig/specs/MongoLoglessDynamicRaft.tla
Parsing file /proj/will-fm/logless-reconfig/specs/MongoStaticRaft.tla
Semantic processing of module Naturals
Semantic processing of module Sequences
Semantic processing of module FiniteSets
Semantic processing of module TLC
Semantic processing of module Integers
Semantic processing of module MongoLoglessDynamicRaft
Semantic processing of module MongoStaticRaft
Semantic processing of module MongoRaftReconfig
Semantic processing of module MCMongoRaftReconfig
Starting... (2021-08-29 23:31:36)
Computing initial states...
Computed 2 initial states...
Computed 4 initial states...
Computed 8 initial states...
Finished computing initial states: 15 states generated, with 4 of them distinct at 2021-08-29 23:31:37.
Progress(12) at 2021-08-29 23:31:40: 489,020 states generated (489,020 s/min), 95,916 distinct states found (95,916 ds/min), 63,766 states left on queue.
Progress(16) at 2021-08-29 23:32:40: 15,910,753 states generated (15,421,733 s/min), 2,011,959 distinct states found (1,916,043 ds/min), 1,026,592 states left on queue.
Progress(17) at 2021-08-29 23:33:40: 30,796,980 states generated (14,886,227 s/min), 3,610,101 distinct states found (1,598,142 ds/min), 1,724,652 states left on queue.
Progress(18) at 2021-08-29 23:34:40: 45,527,735 states generated (14,730,755 s/min), 5,001,955 distinct states found (1,391,854 ds/min), 2,225,959 states left on queue.
Progress(18) at 2021-08-29 23:35:40: 59,896,082 states generated (14,368,347 s/min), 6,394,962 distinct states found (1,393,007 ds/min), 2,764,439 states left on queue.
Progress(18) at 2021-08-29 23:36:40: 74,262,084 states generated (14,366,002 s/min), 7,515,076 distinct states found (1,120,114 ds/min), 3,032,246 states left on queue.
Progress(19) at 2021-08-29 23:37:40: 87,972,463 states generated (13,710,379 s/min), 8,734,982 distinct states found (1,219,906 ds/min), 3,426,501 states left on queue.
Progress(19) at 2021-08-29 23:38:40: 101,985,973 states generated (14,013,510 s/min), 9,993,758 distinct states found (1,258,776 ds/min), 3,859,885 states left on queue.
Progress(19) at 2021-08-29 23:39:40: 116,009,759 states generated (14,023,786 s/min), 10,976,859 distinct states found (983,101 ds/min), 4,013,979 states left on queue.
Progress(20) at 2021-08-29 23:40:40: 128,788,484 states generated (12,778,725 s/min), 11,818,250 distinct states found (841,391 ds/min), 4,111,784 states left on queue.
Progress(20) at 2021-08-29 23:41:40: 142,002,926 states generated (13,214,442 s/min), 12,871,484 distinct states found (1,053,234 ds/min), 4,365,229 states left on queue.
Progress(20) at 2021-08-29 23:42:40: 154,848,227 states generated (12,845,301 s/min), 13,869,599 distinct states found (998,115 ds/min), 4,617,826 states left on queue.
Progress(20) at 2021-08-29 23:43:40: 168,554,341 states generated (13,706,114 s/min), 14,913,550 distinct states found (1,043,951 ds/min), 4,850,859 states left on queue.
Progress(20) at 2021-08-29 23:44:40: 181,396,994 states generated (12,842,653 s/min), 15,716,324 distinct states found (802,774 ds/min), 4,897,300 states left on queue.
Progress(20) at 2021-08-29 23:45:40: 193,699,734 states generated (12,302,740 s/min), 16,434,955 distinct states found (718,631 ds/min), 4,909,831 states left on queue.
Progress(21) at 2021-08-29 23:46:40: 206,023,308 states generated (12,323,574 s/min), 17,284,425 distinct states found (849,470 ds/min), 5,036,680 states left on queue.
Progress(21) at 2021-08-29 23:47:40: 218,772,019 states generated (12,748,711 s/min), 18,166,707 distinct states found (882,282 ds/min), 5,150,957 states left on queue.
Progress(21) at 2021-08-29 23:48:40: 231,749,544 states generated (12,977,525 s/min), 18,973,644 distinct states found (806,937 ds/min), 5,211,528 states left on queue.
Progress(21) at 2021-08-29 23:49:40: 244,911,943 states generated (13,162,399 s/min), 19,884,890 distinct states found (911,246 ds/min), 5,337,888 states left on queue.
Progress(21) at 2021-08-29 23:50:40: 257,659,240 states generated (12,747,297 s/min), 20,612,949 distinct states found (728,059 ds/min), 5,323,159 states left on queue.
Progress(21) at 2021-08-29 23:51:40: 269,979,017 states generated (12,319,777 s/min), 21,330,168 distinct states found (717,219 ds/min), 5,331,198 states left on queue.
Progress(21) at 2021-08-29 23:52:40: 281,092,869 states generated (11,113,852 s/min), 21,950,863 distinct states found (620,695 ds/min), 5,324,347 states left on queue.
Progress(22) at 2021-08-29 23:53:40: 292,920,185 states generated (11,827,316 s/min), 22,686,436 distinct states found (735,573 ds/min), 5,368,505 states left on queue.
Progress(22) at 2021-08-29 23:54:40: 305,261,137 states generated (12,340,952 s/min), 23,403,876 distinct states found (717,440 ds/min), 5,343,721 states left on queue.
Progress(22) at 2021-08-29 23:55:40: 317,762,673 states generated (12,501,536 s/min), 24,072,602 distinct states found (668,726 ds/min), 5,291,242 states left on queue.
Progress(22) at 2021-08-29 23:56:40: 330,120,639 states generated (12,357,966 s/min), 24,824,078 distinct states found (751,476 ds/min), 5,296,856 states left on queue.
Progress(22) at 2021-08-29 23:57:40: 342,239,291 states generated (12,118,652 s/min), 25,423,631 distinct states found (599,553 ds/min), 5,194,918 states left on queue.
Progress(22) at 2021-08-29 23:58:40: 353,196,671 states generated (10,957,380 s/min), 26,010,888 distinct states found (587,257 ds/min), 5,156,415 states left on queue.
Progress(22) at 2021-08-29 23:59:40: 364,778,749 states generated (11,582,078 s/min), 26,613,980 distinct states found (603,092 ds/min), 5,101,820 states left on queue.
Progress(23) at 2021-08-30 00:00:40: 374,781,727 states generated (10,002,978 s/min), 27,148,039 distinct states found (534,059 ds/min), 5,086,477 states left on queue.
Checkpointing of run states/21-08-29-23-31-36
Checkpointing completed at (2021-08-30 00:01:40)
Progress(23) at 2021-08-30 00:01:40: 386,468,609 states generated (11,686,882 s/min), 27,763,352 distinct states found (615,313 ds/min), 5,015,895 states left on queue.
Progress(23) at 2021-08-30 00:02:40: 398,503,385 states generated (12,034,776 s/min), 28,400,059 distinct states found (636,707 ds/min), 4,927,143 states left on queue.
Progress(23) at 2021-08-30 00:03:40: 410,568,637 states generated (12,065,252 s/min), 28,932,400 distinct states found (532,341 ds/min), 4,762,235 states left on queue.
Progress(23) at 2021-08-30 00:04:40: 422,948,693 states generated (12,380,056 s/min), 29,540,922 distinct states found (608,522 ds/min), 4,624,622 states left on queue.
Progress(23) at 2021-08-30 00:05:40: 435,025,795 states generated (12,077,102 s/min), 30,085,792 distinct states found (544,870 ds/min), 4,478,564 states left on queue.
Progress(23) at 2021-08-30 00:06:40: 446,215,390 states generated (11,189,595 s/min), 30,613,779 distinct states found (527,987 ds/min), 4,373,675 states left on queue.
Progress(23) at 2021-08-30 00:07:40: 456,539,776 states generated (10,324,386 s/min), 31,094,605 distinct states found (480,826 ds/min), 4,285,475 states left on queue.
Progress(23) at 2021-08-30 00:08:40: 467,106,052 states generated (10,566,276 s/min), 31,550,389 distinct states found (455,784 ds/min), 4,144,663 states left on queue.
Progress(23) at 2021-08-30 00:09:40: 479,157,018 states generated (12,050,966 s/min), 32,127,779 distinct states found (577,390 ds/min), 4,023,184 states left on queue.
Progress(23) at 2021-08-30 00:10:40: 491,210,959 states generated (12,053,941 s/min), 32,644,213 distinct states found (516,434 ds/min), 3,829,463 states left on queue.
Progress(23) at 2021-08-30 00:11:40: 503,098,682 states generated (11,887,723 s/min), 33,139,028 distinct states found (494,815 ds/min), 3,613,089 states left on queue.
Progress(23) at 2021-08-30 00:12:40: 514,164,298 states generated (11,065,616 s/min), 33,582,498 distinct states found (443,470 ds/min), 3,432,941 states left on queue.
Progress(23) at 2021-08-30 00:13:40: 524,825,769 states generated (10,661,471 s/min), 34,003,094 distinct states found (420,596 ds/min), 3,264,666 states left on queue.
Progress(23) at 2021-08-30 00:14:40: 533,984,171 states generated (9,158,402 s/min), 34,330,101 distinct states found (327,007 ds/min), 3,113,414 states left on queue.
Progress(24) at 2021-08-30 00:15:40: 544,926,303 states generated (10,942,132 s/min), 34,795,058 distinct states found (464,957 ds/min), 2,962,822 states left on queue.
Progress(24) at 2021-08-30 00:16:40: 556,393,584 states generated (11,467,281 s/min), 35,284,339 distinct states found (489,281 ds/min), 2,777,041 states left on queue.
Progress(24) at 2021-08-30 00:17:40: 567,479,445 states generated (11,085,861 s/min), 35,700,199 distinct states found (415,860 ds/min), 2,549,770 states left on queue.
Progress(24) at 2021-08-30 00:18:40: 577,349,104 states generated (9,869,659 s/min), 36,042,890 distinct states found (342,691 ds/min), 2,353,178 states left on queue.
Progress(24) at 2021-08-30 00:19:40: 586,776,834 states generated (9,427,730 s/min), 36,333,123 distinct states found (290,233 ds/min), 2,132,811 states left on queue.
Progress(25) at 2021-08-30 00:20:40: 596,061,485 states generated (9,284,651 s/min), 36,644,131 distinct states found (311,008 ds/min), 1,966,410 states left on queue.
Progress(25) at 2021-08-30 00:21:40: 606,795,658 states generated (10,734,173 s/min), 37,101,265 distinct states found (457,134 ds/min), 1,812,250 states left on queue.
Progress(25) at 2021-08-30 00:22:40: 617,431,574 states generated (10,635,916 s/min), 37,470,578 distinct states found (369,313 ds/min), 1,581,064 states left on queue.
Progress(25) at 2021-08-30 00:23:40: 626,276,107 states generated (8,844,533 s/min), 37,713,990 distinct states found (243,412 ds/min), 1,374,077 states left on queue.
Progress(26) at 2021-08-30 00:24:40: 636,079,323 states generated (9,803,216 s/min), 38,072,341 distinct states found (358,351 ds/min), 1,229,796 states left on queue.
Progress(26) at 2021-08-30 00:25:40: 646,846,732 states generated (10,767,409 s/min), 38,456,552 distinct states found (384,211 ds/min), 1,008,906 states left on queue.
Progress(27) at 2021-08-30 00:26:40: 655,830,472 states generated (8,983,740 s/min), 38,720,174 distinct states found (263,622 ds/min), 834,569 states left on queue.
Progress(27) at 2021-08-30 00:27:40: 666,345,561 states generated (10,515,089 s/min), 39,084,476 distinct states found (364,302 ds/min), 626,411 states left on queue.
Progress(28) at 2021-08-30 00:28:40: 675,718,365 states generated (9,372,804 s/min), 39,370,405 distinct states found (285,929 ds/min), 439,805 states left on queue.
Progress(29) at 2021-08-30 00:29:40: 685,423,607 states generated (9,705,242 s/min), 39,637,314 distinct states found (266,909 ds/min), 213,652 states left on queue.
Model checking completed. No error has been found.
  Estimates of the probability that TLC did not check all reachable states
  because two distinct states had the same fingerprint:
  calculated (optimistic):  val = .0014
  based on the actual fingerprints:  val = 8.6E-5
694231041 states generated, 39842200 distinct states found, 0 states left on queue.
The depth of the complete state graph search is 36.
The average outdegree of the complete state graph is 1 (minimum is 0, the maximum 17 and the 95th percentile is 4).
Finished in 59min 07s at (2021-08-30 00:30:43)
