Git Revision: f93a07e
Platform: Linux login-faculty.ccs.neu.edu 3.10.0-1127.19.1.el7.x86_64 #1 SMP Tue Aug 25 17:23:54 UTC 2020 x86_64 x86_64 x86_64 GNU/Linux
CPU Info Linux: model name	: Intel(R) Xeon(R) Gold 5118 CPU @ 2.30GHz
CPU Cores Linux: 48
CPU Info Mac: 
CPU Cores Mac: 
Spec: MCMongoRaftReconfig.tla
Config: models/MCMongoRaftReconfig-4Servers-L2-T3-CV3.cfg
----
SPECIFICATION Spec
CONSTANTS 
Nil = Nil
Server = {n1, n2, n3, n4}
Secondary = Secondary
Primary = Primary
MaxLogLen = 2
MaxTerm = 3
MaxConfigVersion = 3
CONSTRAINT StateConstraint
INVARIANT StateMachineSafety
INVARIANT LeaderCompleteness
SYMMETRY ServerSymmetry
----

TLC2 Version 2.15 of Day Month 20?? (rev: fe75b8e)
Running breadth-first search Model-Checking with fp 1 and seed -7291698463033647282 with 20 workers on 48 cores with 27305MB heap and 4096MB offheap memory (Linux 3.10.0-1127.19.1.el7.x86_64 amd64, Oracle Corporation 1.8.0_262 x86_64, OffHeapDiskFPSet, DiskStateQueue).
Parsing file /proj/will-fm/logless-reconfig/specs/MCMongoRaftReconfig.tla
Parsing file /tmp/TLC.tla
Parsing file /proj/will-fm/logless-reconfig/specs/MongoRaftReconfig.tla
Parsing file /tmp/Naturals.tla
Parsing file /tmp/Integers.tla
Parsing file /tmp/FiniteSets.tla
Parsing file /tmp/Sequences.tla
Parsing file /proj/will-fm/logless-reconfig/specs/MongoLoglessDynamicRaft.tla
Parsing file /proj/will-fm/logless-reconfig/specs/MongoStaticRaft.tla
Semantic processing of module Naturals
Semantic processing of module Sequences
Semantic processing of module FiniteSets
Semantic processing of module TLC
Semantic processing of module Integers
Semantic processing of module MongoLoglessDynamicRaft
Semantic processing of module MongoStaticRaft
Semantic processing of module MongoRaftReconfig
Semantic processing of module MCMongoRaftReconfig
Starting... (2021-08-19 10:10:15)
Computing initial states...
Computed 2 initial states...
Computed 4 initial states...
Computed 8 initial states...
Finished computing initial states: 15 states generated, with 4 of them distinct at 2021-08-19 10:10:16.
Progress(10) at 2021-08-19 10:10:19: 494,762 states generated (494,762 s/min), 126,210 distinct states found (126,210 ds/min), 99,646 states left on queue.
Progress(12) at 2021-08-19 10:11:19: 18,654,736 states generated (18,159,974 s/min), 3,065,248 distinct states found (2,939,038 ds/min), 2,107,775 states left on queue.
Progress(13) at 2021-08-19 10:12:19: 37,342,927 states generated (18,688,191 s/min), 5,624,182 distinct states found (2,558,934 ds/min), 3,706,317 states left on queue.
Progress(13) at 2021-08-19 10:13:19: 55,885,107 states generated (18,542,180 s/min), 7,845,951 distinct states found (2,221,769 ds/min), 4,984,599 states left on queue.
Progress(13) at 2021-08-19 10:14:19: 74,443,506 states generated (18,558,399 s/min), 10,075,754 distinct states found (2,229,803 ds/min), 6,264,569 states left on queue.
Progress(13) at 2021-08-19 10:15:19: 93,845,039 states generated (19,401,533 s/min), 12,136,264 distinct states found (2,060,510 ds/min), 7,323,343 states left on queue.
Progress(14) at 2021-08-19 10:16:19: 112,348,954 states generated (18,503,915 s/min), 14,060,105 distinct states found (1,923,841 ds/min), 8,312,289 states left on queue.
Progress(14) at 2021-08-19 10:17:19: 131,138,387 states generated (18,789,433 s/min), 15,888,534 distinct states found (1,828,429 ds/min), 9,184,291 states left on queue.
Progress(14) at 2021-08-19 10:18:19: 149,480,467 states generated (18,342,080 s/min), 17,682,213 distinct states found (1,793,679 ds/min), 10,049,327 states left on queue.
Progress(14) at 2021-08-19 10:19:19: 167,617,218 states generated (18,136,751 s/min), 19,529,171 distinct states found (1,846,958 ds/min), 10,968,910 states left on queue.
Progress(14) at 2021-08-19 10:20:19: 186,491,429 states generated (18,874,211 s/min), 21,404,745 distinct states found (1,875,574 ds/min), 11,876,899 states left on queue.
Progress(14) at 2021-08-19 10:21:19: 205,301,709 states generated (18,810,280 s/min), 23,090,765 distinct states found (1,686,020 ds/min), 12,610,481 states left on queue.
Progress(14) at 2021-08-19 10:22:19: 225,062,665 states generated (19,760,956 s/min), 24,786,689 distinct states found (1,695,924 ds/min), 13,282,553 states left on queue.
Progress(15) at 2021-08-19 10:23:19: 243,835,093 states generated (18,772,428 s/min), 26,473,957 distinct states found (1,687,268 ds/min), 14,005,015 states left on queue.
Progress(15) at 2021-08-19 10:24:19: 262,486,159 states generated (18,651,066 s/min), 28,036,411 distinct states found (1,562,454 ds/min), 14,626,053 states left on queue.
Progress(15) at 2021-08-19 10:25:19: 280,950,339 states generated (18,464,180 s/min), 29,470,209 distinct states found (1,433,798 ds/min), 15,135,493 states left on queue.
Progress(15) at 2021-08-19 10:26:19: 299,730,326 states generated (18,779,987 s/min), 30,967,330 distinct states found (1,497,121 ds/min), 15,676,354 states left on queue.
Progress(15) at 2021-08-19 10:27:19: 318,163,672 states generated (18,433,346 s/min), 32,464,338 distinct states found (1,497,008 ds/min), 16,248,596 states left on queue.
Progress(15) at 2021-08-19 10:28:19: 336,628,078 states generated (18,464,406 s/min), 33,925,455 distinct states found (1,461,117 ds/min), 16,781,857 states left on queue.
Progress(15) at 2021-08-19 10:29:19: 355,197,269 states generated (18,569,191 s/min), 35,440,726 distinct states found (1,515,271 ds/min), 17,348,410 states left on queue.
Progress(15) at 2021-08-19 10:30:19: 373,551,635 states generated (18,354,366 s/min), 37,036,014 distinct states found (1,595,288 ds/min), 18,009,687 states left on queue.
Progress(15) at 2021-08-19 10:31:19: 391,531,276 states generated (17,979,641 s/min), 38,484,961 distinct states found (1,448,947 ds/min), 18,547,592 states left on queue.
Progress(15) at 2021-08-19 10:32:19: 410,565,653 states generated (19,034,377 s/min), 40,047,237 distinct states found (1,562,276 ds/min), 19,130,564 states left on queue.
Progress(15) at 2021-08-19 10:33:19: 429,116,523 states generated (18,550,870 s/min), 41,598,423 distinct states found (1,551,186 ds/min), 19,761,808 states left on queue.
Progress(15) at 2021-08-19 10:34:19: 448,005,393 states generated (18,888,870 s/min), 42,965,548 distinct states found (1,367,125 ds/min), 20,169,187 states left on queue.
Progress(15) at 2021-08-19 10:35:19: 467,352,666 states generated (19,347,273 s/min), 44,456,865 distinct states found (1,491,317 ds/min), 20,677,860 states left on queue.
Progress(15) at 2021-08-19 10:36:19: 487,058,788 states generated (19,706,122 s/min), 45,914,218 distinct states found (1,457,353 ds/min), 21,118,775 states left on queue.
Progress(15) at 2021-08-19 10:37:19: 505,609,436 states generated (18,550,648 s/min), 47,371,489 distinct states found (1,457,271 ds/min), 21,644,852 states left on queue.
Progress(16) at 2021-08-19 10:38:19: 524,215,406 states generated (18,605,970 s/min), 48,793,606 distinct states found (1,422,117 ds/min), 22,101,268 states left on queue.
Progress(16) at 2021-08-19 10:39:19: 543,132,836 states generated (18,917,430 s/min), 50,170,210 distinct states found (1,376,604 ds/min), 22,509,347 states left on queue.
Checkpointing of run states/21-08-19-10-10-15
Checkpointing completed at (2021-08-19 10:40:19)
Progress(16) at 2021-08-19 10:40:19: 560,895,570 states generated (17,762,734 s/min), 51,309,865 distinct states found (1,139,655 ds/min), 22,779,131 states left on queue.
Progress(16) at 2021-08-19 10:41:19: 579,298,875 states generated (18,403,305 s/min), 52,521,732 distinct states found (1,211,867 ds/min), 23,063,892 states left on queue.
Progress(16) at 2021-08-19 10:42:19: 597,540,035 states generated (18,241,160 s/min), 53,873,624 distinct states found (1,351,892 ds/min), 23,490,022 states left on queue.
Progress(16) at 2021-08-19 10:43:19: 616,054,800 states generated (18,514,765 s/min), 54,966,228 distinct states found (1,092,604 ds/min), 23,649,425 states left on queue.
Progress(16) at 2021-08-19 10:44:19: 633,833,028 states generated (17,778,228 s/min), 56,386,149 distinct states found (1,419,921 ds/min), 24,179,527 states left on queue.
Progress(16) at 2021-08-19 10:45:19: 651,817,991 states generated (17,984,963 s/min), 57,588,421 distinct states found (1,202,272 ds/min), 24,487,000 states left on queue.
Progress(16) at 2021-08-19 10:46:19: 669,689,890 states generated (17,871,899 s/min), 58,841,351 distinct states found (1,252,930 ds/min), 24,840,692 states left on queue.
Progress(16) at 2021-08-19 10:47:19: 687,454,733 states generated (17,764,843 s/min), 60,058,551 distinct states found (1,217,200 ds/min), 25,151,454 states left on queue.
Progress(16) at 2021-08-19 10:48:19: 706,192,978 states generated (18,738,245 s/min), 61,486,594 distinct states found (1,428,043 ds/min), 25,619,082 states left on queue.
Progress(16) at 2021-08-19 10:49:19: 723,732,100 states generated (17,539,122 s/min), 62,843,779 distinct states found (1,357,185 ds/min), 26,096,199 states left on queue.
Progress(16) at 2021-08-19 10:50:19: 741,428,991 states generated (17,696,891 s/min), 64,076,333 distinct states found (1,232,554 ds/min), 26,415,980 states left on queue.
Progress(16) at 2021-08-19 10:51:19: 758,873,743 states generated (17,444,752 s/min), 65,214,228 distinct states found (1,137,895 ds/min), 26,679,147 states left on queue.
Progress(16) at 2021-08-19 10:52:19: 777,205,350 states generated (18,331,607 s/min), 66,472,414 distinct states found (1,258,186 ds/min), 27,008,346 states left on queue.
Progress(16) at 2021-08-19 10:53:19: 796,253,885 states generated (19,048,535 s/min), 67,852,700 distinct states found (1,380,286 ds/min), 27,414,656 states left on queue.
Progress(16) at 2021-08-19 10:54:19: 814,075,840 states generated (17,821,955 s/min), 69,140,808 distinct states found (1,288,108 ds/min), 27,822,627 states left on queue.
Progress(16) at 2021-08-19 10:55:19: 831,813,281 states generated (17,737,441 s/min), 70,313,736 distinct states found (1,172,928 ds/min), 28,117,790 states left on queue.
Progress(16) at 2021-08-19 10:56:19: 850,013,004 states generated (18,199,723 s/min), 71,494,077 distinct states found (1,180,341 ds/min), 28,391,977 states left on queue.
Progress(16) at 2021-08-19 10:57:19: 868,953,125 states generated (18,940,121 s/min), 72,790,545 distinct states found (1,296,468 ds/min), 28,735,723 states left on queue.
Progress(16) at 2021-08-19 10:58:19: 887,164,019 states generated (18,210,894 s/min), 74,051,051 distinct states found (1,260,506 ds/min), 29,081,005 states left on queue.
Progress(16) at 2021-08-19 10:59:19: 906,426,044 states generated (19,262,025 s/min), 75,246,531 distinct states found (1,195,480 ds/min), 29,281,501 states left on queue.
Progress(16) at 2021-08-19 11:00:19: 924,503,266 states generated (18,077,222 s/min), 76,513,355 distinct states found (1,266,824 ds/min), 29,652,545 states left on queue.
Progress(16) at 2021-08-19 11:01:19: 942,339,463 states generated (17,836,197 s/min), 77,832,744 distinct states found (1,319,389 ds/min), 30,058,036 states left on queue.
Progress(17) at 2021-08-19 11:02:19: 960,237,736 states generated (17,898,273 s/min), 78,952,960 distinct states found (1,120,216 ds/min), 30,246,083 states left on queue.
Progress(17) at 2021-08-19 11:03:19: 978,552,896 states generated (18,315,160 s/min), 80,045,267 distinct states found (1,092,307 ds/min), 30,405,001 states left on queue.
Progress(17) at 2021-08-19 11:04:19: 996,238,683 states generated (17,685,787 s/min), 81,155,327 distinct states found (1,110,060 ds/min), 30,628,407 states left on queue.
Progress(17) at 2021-08-19 11:05:19: 1,013,892,834 states generated (17,654,151 s/min), 82,240,795 distinct states found (1,085,468 ds/min), 30,845,817 states left on queue.
Progress(17) at 2021-08-19 11:06:19: 1,031,533,774 states generated (17,640,940 s/min), 83,237,478 distinct states found (996,683 ds/min), 30,956,664 states left on queue.
Progress(17) at 2021-08-19 11:07:19: 1,049,281,712 states generated (17,747,938 s/min), 84,401,973 distinct states found (1,164,495 ds/min), 31,242,811 states left on queue.
Progress(17) at 2021-08-19 11:08:19: 1,067,479,396 states generated (18,197,684 s/min), 85,480,410 distinct states found (1,078,437 ds/min), 31,386,186 states left on queue.
Progress(17) at 2021-08-19 11:09:19: 1,085,092,588 states generated (17,613,192 s/min), 86,493,334 distinct states found (1,012,924 ds/min), 31,519,963 states left on queue.
Checkpointing of run states/21-08-19-10-10-15
Checkpointing completed at (2021-08-19 11:10:22)
Progress(17) at 2021-08-19 11:10:22: 1,103,265,938 states generated (18,173,350 s/min), 87,848,167 distinct states found (1,354,833 ds/min), 31,969,124 states left on queue.
Progress(17) at 2021-08-19 11:11:22: 1,121,124,894 states generated (17,858,956 s/min), 88,940,711 distinct states found (1,092,544 ds/min), 32,166,812 states left on queue.
Progress(17) at 2021-08-19 11:12:22: 1,138,844,484 states generated (17,719,590 s/min), 90,062,019 distinct states found (1,121,308 ds/min), 32,408,284 states left on queue.
Progress(17) at 2021-08-19 11:13:22: 1,156,021,989 states generated (17,177,505 s/min), 91,169,762 distinct states found (1,107,743 ds/min), 32,660,866 states left on queue.
Progress(17) at 2021-08-19 11:14:22: 1,173,185,288 states generated (17,163,299 s/min), 92,255,437 distinct states found (1,085,675 ds/min), 32,870,973 states left on queue.
Progress(17) at 2021-08-19 11:15:22: 1,190,961,926 states generated (17,776,638 s/min), 93,330,003 distinct states found (1,074,566 ds/min), 33,042,117 states left on queue.
Progress(17) at 2021-08-19 11:16:22: 1,209,070,405 states generated (18,108,479 s/min), 94,551,501 distinct states found (1,221,498 ds/min), 33,320,261 states left on queue.
Progress(17) at 2021-08-19 11:17:22: 1,226,863,294 states generated (17,792,889 s/min), 95,825,216 distinct states found (1,273,715 ds/min), 33,714,961 states left on queue.
Progress(17) at 2021-08-19 11:18:22: 1,244,063,685 states generated (17,200,391 s/min), 96,996,375 distinct states found (1,171,159 ds/min), 34,017,517 states left on queue.
Progress(17) at 2021-08-19 11:19:22: 1,261,417,195 states generated (17,353,510 s/min), 97,973,930 distinct states found (977,555 ds/min), 34,101,769 states left on queue.
Progress(17) at 2021-08-19 11:20:22: 1,278,205,722 states generated (16,788,527 s/min), 98,915,098 distinct states found (941,168 ds/min), 34,188,980 states left on queue.
Progress(17) at 2021-08-19 11:21:22: 1,296,096,562 states generated (17,890,840 s/min), 99,955,389 distinct states found (1,040,291 ds/min), 34,336,367 states left on queue.
Progress(17) at 2021-08-19 11:22:22: 1,314,104,654 states generated (18,008,092 s/min), 101,031,968 distinct states found (1,076,579 ds/min), 34,489,627 states left on queue.
Progress(17) at 2021-08-19 11:23:22: 1,333,105,213 states generated (19,000,559 s/min), 102,164,239 distinct states found (1,132,271 ds/min), 34,653,386 states left on queue.
Progress(17) at 2021-08-19 11:24:22: 1,351,010,696 states generated (17,905,483 s/min), 103,293,559 distinct states found (1,129,320 ds/min), 34,898,005 states left on queue.
Progress(17) at 2021-08-19 11:25:22: 1,367,854,989 states generated (16,844,293 s/min), 104,397,437 distinct states found (1,103,878 ds/min), 35,177,384 states left on queue.
Progress(17) at 2021-08-19 11:26:22: 1,384,614,897 states generated (16,759,908 s/min), 105,394,377 distinct states found (996,940 ds/min), 35,353,009 states left on queue.
Progress(17) at 2021-08-19 11:27:22: 1,402,140,387 states generated (17,525,490 s/min), 106,335,736 distinct states found (941,359 ds/min), 35,415,897 states left on queue.
Progress(17) at 2021-08-19 11:28:22: 1,420,129,234 states generated (17,988,847 s/min), 107,477,125 distinct states found (1,141,389 ds/min), 35,689,941 states left on queue.
Progress(17) at 2021-08-19 11:29:22: 1,438,871,451 states generated (18,742,217 s/min), 108,587,793 distinct states found (1,110,668 ds/min), 35,859,367 states left on queue.
Progress(17) at 2021-08-19 11:30:22: 1,456,313,738 states generated (17,442,287 s/min), 109,679,965 distinct states found (1,092,172 ds/min), 36,088,167 states left on queue.
Progress(17) at 2021-08-19 11:31:22: 1,474,078,827 states generated (17,765,089 s/min), 110,659,225 distinct states found (979,260 ds/min), 36,170,106 states left on queue.
Progress(17) at 2021-08-19 11:32:22: 1,492,709,370 states generated (18,630,543 s/min), 111,691,203 distinct states found (1,031,978 ds/min), 36,253,257 states left on queue.
Progress(17) at 2021-08-19 11:33:22: 1,510,510,722 states generated (17,801,352 s/min), 112,773,858 distinct states found (1,082,655 ds/min), 36,450,452 states left on queue.
Progress(17) at 2021-08-19 11:34:22: 1,527,960,047 states generated (17,449,325 s/min), 113,941,538 distinct states found (1,167,680 ds/min), 36,737,397 states left on queue.
Progress(17) at 2021-08-19 11:35:22: 1,545,640,063 states generated (17,680,016 s/min), 115,109,864 distinct states found (1,168,326 ds/min), 36,983,905 states left on queue.
Progress(18) at 2021-08-19 11:36:22: 1,562,720,181 states generated (17,080,118 s/min), 116,007,479 distinct states found (897,615 ds/min), 37,001,986 states left on queue.
Progress(18) at 2021-08-19 11:37:22: 1,580,210,202 states generated (17,490,021 s/min), 116,918,518 distinct states found (911,039 ds/min), 37,021,367 states left on queue.
Progress(18) at 2021-08-19 11:38:22: 1,597,943,437 states generated (17,733,235 s/min), 117,980,133 distinct states found (1,061,615 ds/min), 37,191,318 states left on queue.
Progress(18) at 2021-08-19 11:39:22: 1,614,310,892 states generated (16,367,455 s/min), 118,873,656 distinct states found (893,523 ds/min), 37,279,786 states left on queue.
Checkpointing of run states/21-08-19-10-10-15
Checkpointing completed at (2021-08-19 11:40:24)
Progress(18) at 2021-08-19 11:40:24: 1,631,915,575 states generated (17,604,683 s/min), 119,876,556 distinct states found (1,002,900 ds/min), 37,415,078 states left on queue.
Progress(18) at 2021-08-19 11:41:24: 1,649,756,370 states generated (17,840,795 s/min), 120,784,283 distinct states found (907,727 ds/min), 37,427,676 states left on queue.
Progress(18) at 2021-08-19 11:42:24: 1,667,269,691 states generated (17,513,321 s/min), 121,805,316 distinct states found (1,021,033 ds/min), 37,587,375 states left on queue.
Progress(18) at 2021-08-19 11:43:24: 1,684,861,495 states generated (17,591,804 s/min), 122,773,943 distinct states found (968,627 ds/min), 37,662,086 states left on queue.
Progress(18) at 2021-08-19 11:44:24: 1,702,264,188 states generated (17,402,693 s/min), 123,696,709 distinct states found (922,766 ds/min), 37,711,547 states left on queue.
Progress(18) at 2021-08-19 11:45:24: 1,718,940,124 states generated (16,675,936 s/min), 124,705,960 distinct states found (1,009,251 ds/min), 37,884,204 states left on queue.
Progress(18) at 2021-08-19 11:46:24: 1,736,677,703 states generated (17,737,579 s/min), 125,911,472 distinct states found (1,205,512 ds/min), 38,206,860 states left on queue.
Progress(18) at 2021-08-19 11:47:24: 1,754,298,931 states generated (17,621,228 s/min), 126,982,884 distinct states found (1,071,412 ds/min), 38,393,466 states left on queue.
Progress(18) at 2021-08-19 11:48:24: 1,771,423,058 states generated (17,124,127 s/min), 127,858,331 distinct states found (875,447 ds/min), 38,412,935 states left on queue.
Progress(18) at 2021-08-19 11:49:24: 1,788,305,203 states generated (16,882,145 s/min), 128,958,537 distinct states found (1,100,206 ds/min), 38,672,523 states left on queue.
Progress(18) at 2021-08-19 11:50:24: 1,804,246,551 states generated (15,941,348 s/min), 129,887,962 distinct states found (929,425 ds/min), 38,812,402 states left on queue.
Progress(18) at 2021-08-19 11:51:24: 1,821,037,871 states generated (16,791,320 s/min), 130,799,701 distinct states found (911,739 ds/min), 38,872,810 states left on queue.
Progress(18) at 2021-08-19 11:52:24: 1,837,720,669 states generated (16,682,798 s/min), 131,639,031 distinct states found (839,330 ds/min), 38,853,788 states left on queue.
Progress(18) at 2021-08-19 11:53:24: 1,854,796,741 states generated (17,076,072 s/min), 132,768,198 distinct states found (1,129,167 ds/min), 39,130,843 states left on queue.
Progress(18) at 2021-08-19 11:54:24: 1,872,586,959 states generated (17,790,218 s/min), 133,752,565 distinct states found (984,367 ds/min), 39,178,914 states left on queue.
Progress(18) at 2021-08-19 11:55:24: 1,890,325,736 states generated (17,738,777 s/min), 134,841,740 distinct states found (1,089,175 ds/min), 39,399,006 states left on queue.
Progress(18) at 2021-08-19 11:56:24: 1,907,947,869 states generated (17,622,133 s/min), 135,886,927 distinct states found (1,045,187 ds/min), 39,550,677 states left on queue.
Progress(18) at 2021-08-19 11:57:24: 1,924,510,906 states generated (16,563,037 s/min), 136,872,282 distinct states found (985,355 ds/min), 39,703,756 states left on queue.
Progress(18) at 2021-08-19 11:58:24: 1,940,741,315 states generated (16,230,409 s/min), 137,611,852 distinct states found (739,570 ds/min), 39,608,040 states left on queue.
Progress(18) at 2021-08-19 11:59:24: 1,956,755,878 states generated (16,014,563 s/min), 138,405,087 distinct states found (793,235 ds/min), 39,585,313 states left on queue.
Progress(18) at 2021-08-19 12:00:24: 1,974,277,636 states generated (17,521,758 s/min), 139,315,639 distinct states found (910,552 ds/min), 39,619,841 states left on queue.
Progress(18) at 2021-08-19 12:01:24: 1,991,298,412 states generated (17,020,776 s/min), 140,190,941 distinct states found (875,302 ds/min), 39,642,218 states left on queue.
Progress(18) at 2021-08-19 12:02:24: 2,010,400,916 states generated (19,102,504 s/min), 141,154,460 distinct states found (963,519 ds/min), 39,591,649 states left on queue.
Progress(18) at 2021-08-19 12:03:24: 2,027,770,295 states generated (17,369,379 s/min), 142,073,482 distinct states found (919,022 ds/min), 39,661,297 states left on queue.
Progress(18) at 2021-08-19 12:04:24: 2,044,481,226 states generated (16,710,931 s/min), 143,030,198 distinct states found (956,716 ds/min), 39,799,929 states left on queue.
Progress(18) at 2021-08-19 12:05:24: 2,061,047,699 states generated (16,566,473 s/min), 143,986,561 distinct states found (956,363 ds/min), 39,946,095 states left on queue.
Progress(18) at 2021-08-19 12:06:24: 2,076,923,901 states generated (15,876,202 s/min), 144,884,348 distinct states found (897,787 ds/min), 40,071,077 states left on queue.
Progress(18) at 2021-08-19 12:07:24: 2,093,064,752 states generated (16,140,851 s/min), 145,670,719 distinct states found (786,371 ds/min), 40,059,589 states left on queue.
Progress(18) at 2021-08-19 12:08:24: 2,109,699,736 states generated (16,634,984 s/min), 146,543,885 distinct states found (873,166 ds/min), 40,118,028 states left on queue.
Progress(18) at 2021-08-19 12:09:24: 2,127,700,112 states generated (18,000,376 s/min), 147,535,364 distinct states found (991,479 ds/min), 40,238,500 states left on queue.
Checkpointing of run states/21-08-19-10-10-15
Checkpointing completed at (2021-08-19 12:10:27)
Progress(18) at 2021-08-19 12:10:27: 2,146,156,826 states generated (18,456,714 s/min), 148,518,241 distinct states found (982,877 ds/min), 40,320,214 states left on queue.
Progress(18) at 2021-08-19 12:11:27: 2,163,664,694 states generated (17,507,868 s/min), 149,457,105 distinct states found (938,864 ds/min), 40,371,382 states left on queue.
Progress(18) at 2021-08-19 12:12:27: 2,180,521,154 states generated (16,856,460 s/min), 150,409,199 distinct states found (952,094 ds/min), 40,508,701 states left on queue.
Progress(18) at 2021-08-19 12:13:27: 2,197,549,270 states generated (17,028,116 s/min), 151,182,275 distinct states found (773,076 ds/min), 40,424,798 states left on queue.
Progress(18) at 2021-08-19 12:14:27: 2,215,628,537 states generated (18,079,267 s/min), 152,070,102 distinct states found (887,827 ds/min), 40,391,612 states left on queue.
Progress(18) at 2021-08-19 12:15:27: 2,233,107,524 states generated (17,478,987 s/min), 153,037,773 distinct states found (967,671 ds/min), 40,478,368 states left on queue.
Progress(18) at 2021-08-19 12:16:27: 2,249,577,405 states generated (16,469,881 s/min), 153,992,896 distinct states found (955,123 ds/min), 40,620,333 states left on queue.
Progress(18) at 2021-08-19 12:17:27: 2,265,846,709 states generated (16,269,304 s/min), 154,946,192 distinct states found (953,296 ds/min), 40,747,611 states left on queue.
Progress(18) at 2021-08-19 12:18:27: 2,283,476,954 states generated (17,630,245 s/min), 155,972,448 distinct states found (1,026,256 ds/min), 40,849,124 states left on queue.
Progress(19) at 2021-08-19 12:19:27: 2,299,146,317 states generated (15,669,363 s/min), 156,710,019 distinct states found (737,571 ds/min), 40,786,954 states left on queue.
Progress(19) at 2021-08-19 12:20:27: 2,315,165,687 states generated (16,019,370 s/min), 157,514,025 distinct states found (804,006 ds/min), 40,777,353 states left on queue.
Progress(19) at 2021-08-19 12:21:27: 2,333,273,599 states generated (18,107,912 s/min), 158,507,254 distinct states found (993,229 ds/min), 40,864,367 states left on queue.
Progress(19) at 2021-08-19 12:22:27: 2,348,441,732 states generated (15,168,133 s/min), 159,283,881 distinct states found (776,627 ds/min), 40,889,573 states left on queue.
Progress(19) at 2021-08-19 12:23:27: 2,365,263,159 states generated (16,821,427 s/min), 160,118,740 distinct states found (834,859 ds/min), 40,895,829 states left on queue.
Progress(19) at 2021-08-19 12:24:27: 2,381,737,496 states generated (16,474,337 s/min), 160,979,397 distinct states found (860,657 ds/min), 40,937,555 states left on queue.
Progress(19) at 2021-08-19 12:25:27: 2,398,633,937 states generated (16,896,441 s/min), 161,769,494 distinct states found (790,097 ds/min), 40,887,343 states left on queue.
Progress(19) at 2021-08-19 12:26:27: 2,415,304,344 states generated (16,670,407 s/min), 162,634,204 distinct states found (864,710 ds/min), 40,933,173 states left on queue.
Progress(19) at 2021-08-19 12:27:27: 2,432,448,695 states generated (17,144,351 s/min), 163,532,352 distinct states found (898,148 ds/min), 40,971,376 states left on queue.
Progress(19) at 2021-08-19 12:28:27: 2,448,838,952 states generated (16,390,257 s/min), 164,299,098 distinct states found (766,746 ds/min), 40,915,339 states left on queue.
Progress(19) at 2021-08-19 12:29:27: 2,465,699,803 states generated (16,860,851 s/min), 165,186,529 distinct states found (887,431 ds/min), 40,962,173 states left on queue.
Progress(19) at 2021-08-19 12:30:27: 2,482,186,108 states generated (16,486,305 s/min), 166,073,081 distinct states found (886,552 ds/min), 41,014,897 states left on queue.
Progress(19) at 2021-08-19 12:31:27: 2,499,712,882 states generated (17,526,774 s/min), 167,221,549 distinct states found (1,148,468 ds/min), 41,292,844 states left on queue.
Progress(19) at 2021-08-19 12:32:27: 2,516,893,175 states generated (17,180,293 s/min), 168,199,329 distinct states found (977,780 ds/min), 41,406,960 states left on queue.
Progress(19) at 2021-08-19 12:33:27: 2,533,618,561 states generated (16,725,386 s/min), 168,970,449 distinct states found (771,120 ds/min), 41,339,632 states left on queue.
Progress(19) at 2021-08-19 12:34:27: 2,550,373,506 states generated (16,754,945 s/min), 169,947,960 distinct states found (977,511 ds/min), 41,473,612 states left on queue.
Progress(19) at 2021-08-19 12:35:27: 2,566,057,932 states generated (15,684,426 s/min), 170,863,533 distinct states found (915,573 ds/min), 41,610,130 states left on queue.
Progress(19) at 2021-08-19 12:36:27: 2,581,310,645 states generated (15,252,713 s/min), 171,604,549 distinct states found (741,016 ds/min), 41,597,166 states left on queue.
Progress(19) at 2021-08-19 12:37:27: 2,596,982,170 states generated (15,671,525 s/min), 172,405,608 distinct states found (801,059 ds/min), 41,598,763 states left on queue.
Progress(19) at 2021-08-19 12:38:27: 2,612,509,228 states generated (15,527,058 s/min), 173,098,146 distinct states found (692,538 ds/min), 41,492,589 states left on queue.
Progress(19) at 2021-08-19 12:39:27: 2,629,744,231 states generated (17,235,003 s/min), 174,086,498 distinct states found (988,352 ds/min), 41,615,158 states left on queue.
Checkpointing of run states/21-08-19-10-10-15
Checkpointing completed at (2021-08-19 12:40:29)
Progress(19) at 2021-08-19 12:40:29: 2,645,945,884 states generated (16,201,653 s/min), 174,877,834 distinct states found (791,336 ds/min), 41,557,768 states left on queue.
Progress(19) at 2021-08-19 12:41:29: 2,663,273,659 states generated (17,327,775 s/min), 175,848,570 distinct states found (970,736 ds/min), 41,674,152 states left on queue.
Progress(19) at 2021-08-19 12:42:29: 2,680,639,664 states generated (17,366,005 s/min), 176,743,172 distinct states found (894,602 ds/min), 41,709,536 states left on queue.
Progress(19) at 2021-08-19 12:43:29: 2,697,841,130 states generated (17,201,466 s/min), 177,662,897 distinct states found (919,725 ds/min), 41,761,004 states left on queue.
Progress(19) at 2021-08-19 12:44:29: 2,713,695,728 states generated (15,854,598 s/min), 178,533,080 distinct states found (870,183 ds/min), 41,837,077 states left on queue.
Progress(19) at 2021-08-19 12:45:29: 2,729,533,852 states generated (15,838,124 s/min), 179,208,430 distinct states found (675,350 ds/min), 41,702,264 states left on queue.
Progress(19) at 2021-08-19 12:46:29: 2,744,832,372 states generated (15,298,520 s/min), 179,888,034 distinct states found (679,604 ds/min), 41,601,953 states left on queue.
Progress(19) at 2021-08-19 12:47:29: 2,760,830,379 states generated (15,998,007 s/min), 180,621,744 distinct states found (733,710 ds/min), 41,544,031 states left on queue.
Progress(19) at 2021-08-19 12:48:29: 2,777,286,884 states generated (16,456,505 s/min), 181,370,789 distinct states found (749,045 ds/min), 41,460,511 states left on queue.
Progress(19) at 2021-08-19 12:49:29: 2,794,373,488 states generated (17,086,604 s/min), 182,091,686 distinct states found (720,897 ds/min), 41,286,345 states left on queue.
Progress(19) at 2021-08-19 12:50:29: 2,811,205,212 states generated (16,831,724 s/min), 182,781,912 distinct states found (690,226 ds/min), 41,135,310 states left on queue.
Progress(19) at 2021-08-19 12:51:29: 2,827,447,059 states generated (16,241,847 s/min), 183,565,261 distinct states found (783,349 ds/min), 41,118,178 states left on queue.
Progress(19) at 2021-08-19 12:52:29: 2,843,120,059 states generated (15,673,000 s/min), 184,365,554 distinct states found (800,293 ds/min), 41,150,758 states left on queue.
Progress(19) at 2021-08-19 12:53:29: 2,857,900,130 states generated (14,780,071 s/min), 185,175,583 distinct states found (810,029 ds/min), 41,243,160 states left on queue.
Progress(19) at 2021-08-19 12:54:29: 2,872,283,936 states generated (14,383,806 s/min), 185,914,670 distinct states found (739,087 ds/min), 41,283,752 states left on queue.
Progress(19) at 2021-08-19 12:55:29: 2,886,115,074 states generated (13,831,138 s/min), 186,536,865 distinct states found (622,195 ds/min), 41,238,968 states left on queue.
Progress(19) at 2021-08-19 12:56:29: 2,900,937,815 states generated (14,822,741 s/min), 187,225,274 distinct states found (688,409 ds/min), 41,201,349 states left on queue.
Progress(19) at 2021-08-19 12:57:29: 2,917,881,815 states generated (16,944,000 s/min), 188,041,940 distinct states found (816,666 ds/min), 41,190,116 states left on queue.
Progress(19) at 2021-08-19 12:58:29: 2,935,212,450 states generated (17,330,635 s/min), 188,891,472 distinct states found (849,532 ds/min), 41,195,129 states left on queue.
Progress(19) at 2021-08-19 12:59:29: 2,952,424,435 states generated (17,211,985 s/min), 189,722,914 distinct states found (831,442 ds/min), 41,180,769 states left on queue.
Progress(19) at 2021-08-19 13:00:29: 2,968,422,366 states generated (15,997,931 s/min), 190,493,810 distinct states found (770,896 ds/min), 41,141,701 states left on queue.
Progress(19) at 2021-08-19 13:01:29: 2,984,218,509 states generated (15,796,143 s/min), 191,270,470 distinct states found (776,660 ds/min), 41,156,209 states left on queue.
Progress(19) at 2021-08-19 13:02:29: 3,000,464,701 states generated (16,246,192 s/min), 192,024,407 distinct states found (753,937 ds/min), 41,108,631 states left on queue.
Progress(19) at 2021-08-19 13:03:29: 3,017,048,229 states generated (16,583,528 s/min), 192,710,432 distinct states found (686,025 ds/min), 40,948,286 states left on queue.
Progress(19) at 2021-08-19 13:04:29: 3,033,906,566 states generated (16,858,337 s/min), 193,546,882 distinct states found (836,450 ds/min), 40,952,927 states left on queue.
Progress(19) at 2021-08-19 13:05:29: 3,049,869,761 states generated (15,963,195 s/min), 194,309,458 distinct states found (762,576 ds/min), 40,909,475 states left on queue.
Progress(19) at 2021-08-19 13:06:29: 3,065,537,240 states generated (15,667,479 s/min), 195,166,822 distinct states found (857,364 ds/min), 40,987,603 states left on queue.
Progress(19) at 2021-08-19 13:07:29: 3,080,380,666 states generated (14,843,426 s/min), 195,936,602 distinct states found (769,780 ds/min), 41,010,441 states left on queue.
Progress(19) at 2021-08-19 13:08:29: 3,097,258,498 states generated (16,877,832 s/min), 196,790,208 distinct states found (853,606 ds/min), 40,982,479 states left on queue.
Progress(20) at 2021-08-19 13:09:29: 3,112,157,225 states generated (14,898,727 s/min), 197,451,340 distinct states found (661,132 ds/min), 40,882,319 states left on queue.
Checkpointing of run states/21-08-19-10-10-15
Checkpointing completed at (2021-08-19 13:10:32)
Progress(20) at 2021-08-19 13:10:32: 3,126,401,487 states generated (14,244,262 s/min), 198,121,614 distinct states found (670,274 ds/min), 40,836,659 states left on queue.
Progress(20) at 2021-08-19 13:11:32: 3,143,644,919 states generated (17,243,432 s/min), 198,972,965 distinct states found (851,351 ds/min), 40,831,718 states left on queue.
Progress(20) at 2021-08-19 13:12:32: 3,159,205,450 states generated (15,560,531 s/min), 199,739,155 distinct states found (766,190 ds/min), 40,821,263 states left on queue.
Progress(20) at 2021-08-19 13:13:32: 3,173,337,374 states generated (14,131,924 s/min), 200,370,437 distinct states found (631,282 ds/min), 40,756,884 states left on queue.
Progress(20) at 2021-08-19 13:14:32: 3,189,571,791 states generated (16,234,417 s/min), 201,160,922 distinct states found (790,485 ds/min), 40,747,933 states left on queue.
Progress(20) at 2021-08-19 13:15:32: 3,205,218,246 states generated (15,646,455 s/min), 201,848,415 distinct states found (687,493 ds/min), 40,649,738 states left on queue.
Progress(20) at 2021-08-19 13:16:32: 3,221,771,113 states generated (16,552,867 s/min), 202,620,168 distinct states found (771,753 ds/min), 40,604,302 states left on queue.
Progress(20) at 2021-08-19 13:17:32: 3,237,224,734 states generated (15,453,621 s/min), 203,344,709 distinct states found (724,541 ds/min), 40,571,982 states left on queue.
Progress(20) at 2021-08-19 13:18:32: 3,253,432,124 states generated (16,207,390 s/min), 204,122,206 distinct states found (777,497 ds/min), 40,535,169 states left on queue.
Progress(20) at 2021-08-19 13:19:32: 3,268,703,607 states generated (15,271,483 s/min), 204,774,424 distinct states found (652,218 ds/min), 40,430,826 states left on queue.
Progress(20) at 2021-08-19 13:20:32: 3,285,075,614 states generated (16,372,007 s/min), 205,564,365 distinct states found (789,941 ds/min), 40,398,450 states left on queue.
Progress(20) at 2021-08-19 13:21:32: 3,300,109,641 states generated (15,034,027 s/min), 206,222,237 distinct states found (657,872 ds/min), 40,290,768 states left on queue.
Progress(20) at 2021-08-19 13:22:32: 3,317,719,589 states generated (17,609,948 s/min), 207,262,409 distinct states found (1,040,172 ds/min), 40,462,025 states left on queue.
Progress(20) at 2021-08-19 13:23:32: 3,333,847,510 states generated (16,127,921 s/min), 208,124,242 distinct states found (861,833 ds/min), 40,520,158 states left on queue.
Progress(20) at 2021-08-19 13:24:32: 3,350,517,656 states generated (16,670,146 s/min), 208,953,573 distinct states found (829,331 ds/min), 40,508,260 states left on queue.
Progress(20) at 2021-08-19 13:25:32: 3,366,349,418 states generated (15,831,762 s/min), 209,613,722 distinct states found (660,149 ds/min), 40,364,913 states left on queue.
Progress(20) at 2021-08-19 13:26:32: 3,382,279,599 states generated (15,930,181 s/min), 210,512,187 distinct states found (898,465 ds/min), 40,461,881 states left on queue.
Progress(20) at 2021-08-19 13:27:32: 3,396,565,712 states generated (14,286,113 s/min), 211,252,347 distinct states found (740,160 ds/min), 40,493,570 states left on queue.
Progress(20) at 2021-08-19 13:28:32: 3,409,821,987 states generated (13,256,275 s/min), 211,925,489 distinct states found (673,142 ds/min), 40,510,241 states left on queue.
Progress(20) at 2021-08-19 13:29:32: 3,424,859,639 states generated (15,037,652 s/min), 212,592,448 distinct states found (666,959 ds/min), 40,414,292 states left on queue.
Progress(20) at 2021-08-19 13:30:32: 3,438,992,669 states generated (14,133,030 s/min), 213,182,089 distinct states found (589,641 ds/min), 40,276,064 states left on queue.
Progress(20) at 2021-08-19 13:31:32: 3,455,143,931 states generated (16,151,262 s/min), 213,902,018 distinct states found (719,929 ds/min), 40,177,524 states left on queue.
Progress(20) at 2021-08-19 13:32:32: 3,470,529,011 states generated (15,385,080 s/min), 214,787,491 distinct states found (885,473 ds/min), 40,294,426 states left on queue.
Progress(20) at 2021-08-19 13:33:32: 3,485,960,197 states generated (15,431,186 s/min), 215,417,378 distinct states found (629,887 ds/min), 40,122,497 states left on queue.
Progress(20) at 2021-08-19 13:34:32: 3,502,799,710 states generated (16,839,513 s/min), 216,295,255 distinct states found (877,877 ds/min), 40,185,749 states left on queue.
Progress(20) at 2021-08-19 13:35:32: 3,519,384,208 states generated (16,584,498 s/min), 217,092,950 distinct states found (797,695 ds/min), 40,162,593 states left on queue.
Progress(20) at 2021-08-19 13:36:32: 3,535,587,483 states generated (16,203,275 s/min), 217,856,264 distinct states found (763,314 ds/min), 40,112,395 states left on queue.
Progress(20) at 2021-08-19 13:37:32: 3,550,786,837 states generated (15,199,354 s/min), 218,603,039 distinct states found (746,775 ds/min), 40,096,565 states left on queue.
Progress(20) at 2021-08-19 13:38:32: 3,565,674,954 states generated (14,888,117 s/min), 219,199,032 distinct states found (595,993 ds/min), 39,942,008 states left on queue.
Progress(20) at 2021-08-19 13:39:32: 3,579,946,400 states generated (14,271,446 s/min), 219,788,080 distinct states found (589,048 ds/min), 39,806,773 states left on queue.
Checkpointing of run states/21-08-19-10-10-15
Checkpointing completed at (2021-08-19 13:40:34)
Progress(20) at 2021-08-19 13:40:34: 3,595,486,314 states generated (15,539,914 s/min), 220,437,428 distinct states found (649,348 ds/min), 39,686,769 states left on queue.
Progress(20) at 2021-08-19 13:41:34: 3,610,280,617 states generated (14,794,303 s/min), 221,014,049 distinct states found (576,621 ds/min), 39,524,628 states left on queue.
Progress(20) at 2021-08-19 13:42:34: 3,626,939,110 states generated (16,658,493 s/min), 221,564,404 distinct states found (550,355 ds/min), 39,183,852 states left on queue.
Progress(20) at 2021-08-19 13:43:34: 3,641,364,955 states generated (14,425,845 s/min), 222,097,316 distinct states found (532,912 ds/min), 39,022,582 states left on queue.
Progress(20) at 2021-08-19 13:44:34: 3,655,245,578 states generated (13,880,623 s/min), 222,668,276 distinct states found (570,960 ds/min), 38,912,446 states left on queue.
Progress(20) at 2021-08-19 13:45:35: 3,670,215,610 states generated (14,970,032 s/min), 223,414,208 distinct states found (745,932 ds/min), 38,924,482 states left on queue.
Progress(20) at 2021-08-19 13:46:35: 3,683,711,175 states generated (13,495,565 s/min), 224,058,466 distinct states found (644,258 ds/min), 38,919,172 states left on queue.
Progress(20) at 2021-08-19 13:47:35: 3,696,910,279 states generated (13,199,104 s/min), 224,670,753 distinct states found (612,287 ds/min), 38,891,775 states left on queue.
Progress(20) at 2021-08-19 13:48:35: 3,709,868,648 states generated (12,958,369 s/min), 225,203,908 distinct states found (533,155 ds/min), 38,800,175 states left on queue.
Progress(20) at 2021-08-19 13:49:35: 3,722,946,008 states generated (13,077,360 s/min), 225,724,710 distinct states found (520,802 ds/min), 38,684,830 states left on queue.
Progress(20) at 2021-08-19 13:50:35: 3,737,949,338 states generated (15,003,330 s/min), 226,365,367 distinct states found (640,657 ds/min), 38,600,105 states left on queue.
Progress(20) at 2021-08-19 13:51:35: 3,754,378,832 states generated (16,429,494 s/min), 227,101,890 distinct states found (736,523 ds/min), 38,532,267 states left on queue.
Progress(20) at 2021-08-19 13:52:35: 3,770,979,303 states generated (16,600,471 s/min), 227,862,326 distinct states found (760,436 ds/min), 38,474,911 states left on queue.
Progress(20) at 2021-08-19 13:53:35: 3,787,011,249 states generated (16,031,946 s/min), 228,568,496 distinct states found (706,170 ds/min), 38,378,326 states left on queue.
Progress(20) at 2021-08-19 13:54:35: 3,800,908,978 states generated (13,897,729 s/min), 229,141,602 distinct states found (573,106 ds/min), 38,275,774 states left on queue.
Progress(20) at 2021-08-19 13:55:35: 3,816,065,722 states generated (15,156,744 s/min), 229,820,026 distinct states found (678,424 ds/min), 38,227,456 states left on queue.
Progress(20) at 2021-08-19 13:56:35: 3,831,057,655 states generated (14,991,933 s/min), 230,427,001 distinct states found (606,975 ds/min), 38,093,921 states left on queue.
Progress(20) at 2021-08-19 13:57:35: 3,846,963,153 states generated (15,905,498 s/min), 231,055,863 distinct states found (628,862 ds/min), 37,932,581 states left on queue.
Progress(20) at 2021-08-19 13:58:35: 3,863,513,640 states generated (16,550,487 s/min), 231,836,391 distinct states found (780,528 ds/min), 37,864,284 states left on queue.
Progress(20) at 2021-08-19 13:59:35: 3,877,772,870 states generated (14,259,230 s/min), 232,495,457 distinct states found (659,066 ds/min), 37,824,542 states left on queue.
Progress(20) at 2021-08-19 14:00:35: 3,891,716,220 states generated (13,943,350 s/min), 233,139,866 distinct states found (644,409 ds/min), 37,775,703 states left on queue.
Progress(20) at 2021-08-19 14:01:35: 3,905,929,810 states generated (14,213,590 s/min), 233,813,727 distinct states found (673,861 ds/min), 37,734,542 states left on queue.
Progress(20) at 2021-08-19 14:02:35: 3,922,671,954 states generated (16,742,144 s/min), 234,532,944 distinct states found (719,217 ds/min), 37,582,409 states left on queue.
Progress(21) at 2021-08-19 14:03:35: 3,935,300,764 states generated (12,628,810 s/min), 235,034,528 distinct states found (501,584 ds/min), 37,452,157 states left on queue.
Progress(21) at 2021-08-19 14:04:35: 3,948,179,481 states generated (12,878,717 s/min), 235,588,811 distinct states found (554,283 ds/min), 37,361,859 states left on queue.
Progress(21) at 2021-08-19 14:05:35: 3,965,203,711 states generated (17,024,230 s/min), 236,375,467 distinct states found (786,656 ds/min), 37,305,691 states left on queue.
Progress(21) at 2021-08-19 14:06:35: 3,979,903,420 states generated (14,699,709 s/min), 237,045,513 distinct states found (670,046 ds/min), 37,245,673 states left on queue.
Progress(21) at 2021-08-19 14:07:35: 3,992,882,142 states generated (12,978,722 s/min), 237,567,183 distinct states found (521,670 ds/min), 37,132,801 states left on queue.
Progress(21) at 2021-08-19 14:08:35: 4,008,682,561 states generated (15,800,419 s/min), 238,290,487 distinct states found (723,304 ds/min), 37,074,217 states left on queue.
Progress(21) at 2021-08-19 14:09:35: 4,023,013,695 states generated (14,331,134 s/min), 238,844,286 distinct states found (553,799 ds/min), 36,911,144 states left on queue.
Checkpointing of run states/21-08-19-10-10-15
Checkpointing completed at (2021-08-19 14:10:37)
Progress(21) at 2021-08-19 14:10:37: 4,040,506,023 states generated (17,492,328 s/min), 239,640,002 distinct states found (795,716 ds/min), 36,841,689 states left on queue.
Progress(21) at 2021-08-19 14:11:37: 4,054,852,020 states generated (14,345,997 s/min), 240,247,090 distinct states found (607,088 ds/min), 36,743,897 states left on queue.
Progress(21) at 2021-08-19 14:12:37: 4,070,533,624 states generated (15,681,604 s/min), 240,934,438 distinct states found (687,348 ds/min), 36,646,865 states left on queue.
Progress(21) at 2021-08-19 14:13:37: 4,085,362,472 states generated (14,828,848 s/min), 241,511,044 distinct states found (576,606 ds/min), 36,486,328 states left on queue.
Progress(21) at 2021-08-19 14:14:37: 4,100,638,769 states generated (15,276,297 s/min), 242,171,123 distinct states found (660,079 ds/min), 36,377,180 states left on queue.
Progress(21) at 2021-08-19 14:15:37: 4,116,377,757 states generated (15,738,988 s/min), 242,924,806 distinct states found (753,683 ds/min), 36,340,177 states left on queue.
Progress(21) at 2021-08-19 14:16:37: 4,133,247,419 states generated (16,869,662 s/min), 243,788,808 distinct states found (864,002 ds/min), 36,371,897 states left on queue.
Progress(21) at 2021-08-19 14:17:37: 4,149,004,619 states generated (15,757,200 s/min), 244,540,867 distinct states found (752,059 ds/min), 36,339,386 states left on queue.
Progress(21) at 2021-08-19 14:18:37: 4,165,034,274 states generated (16,029,655 s/min), 245,218,313 distinct states found (677,446 ds/min), 36,211,511 states left on queue.
Progress(21) at 2021-08-19 14:19:37: 4,180,655,524 states generated (15,621,250 s/min), 245,880,037 distinct states found (661,724 ds/min), 36,076,396 states left on queue.
Progress(21) at 2021-08-19 14:20:37: 4,195,738,841 states generated (15,083,317 s/min), 246,605,670 distinct states found (725,633 ds/min), 36,048,512 states left on queue.
Progress(21) at 2021-08-19 14:21:37: 4,208,924,501 states generated (13,185,660 s/min), 247,228,788 distinct states found (623,118 ds/min), 36,012,710 states left on queue.
Progress(21) at 2021-08-19 14:22:37: 4,220,654,989 states generated (11,730,488 s/min), 247,797,086 distinct states found (568,298 ds/min), 35,995,929 states left on queue.
Progress(21) at 2021-08-19 14:23:37: 4,235,195,171 states generated (14,540,182 s/min), 248,366,346 distinct states found (569,260 ds/min), 35,833,079 states left on queue.
Progress(21) at 2021-08-19 14:24:37: 4,248,363,750 states generated (13,168,579 s/min), 248,845,513 distinct states found (479,167 ds/min), 35,640,550 states left on queue.
Progress(21) at 2021-08-19 14:25:37: 4,264,595,093 states generated (16,231,343 s/min), 249,572,049 distinct states found (726,536 ds/min), 35,547,032 states left on queue.
Progress(21) at 2021-08-19 14:26:37: 4,279,649,828 states generated (15,054,735 s/min), 250,340,154 distinct states found (768,105 ds/min), 35,561,485 states left on queue.
Progress(21) at 2021-08-19 14:27:37: 4,294,940,521 states generated (15,290,693 s/min), 250,968,071 distinct states found (627,917 ds/min), 35,420,715 states left on queue.
Progress(21) at 2021-08-19 14:28:37: 4,311,521,350 states generated (16,580,829 s/min), 251,746,631 distinct states found (778,560 ds/min), 35,396,716 states left on queue.
Progress(21) at 2021-08-19 14:29:37: 4,327,452,873 states generated (15,931,523 s/min), 252,471,412 distinct states found (724,781 ds/min), 35,337,077 states left on queue.
Progress(21) at 2021-08-19 14:30:37: 4,342,975,633 states generated (15,522,760 s/min), 253,137,395 distinct states found (665,983 ds/min), 35,230,089 states left on queue.
Progress(21) at 2021-08-19 14:31:37: 4,357,350,406 states generated (14,374,773 s/min), 253,768,484 distinct states found (631,089 ds/min), 35,141,764 states left on queue.
Progress(21) at 2021-08-19 14:32:37: 4,371,644,031 states generated (14,293,625 s/min), 254,319,869 distinct states found (551,385 ds/min), 34,977,704 states left on queue.
Progress(21) at 2021-08-19 14:33:37: 4,384,701,287 states generated (13,057,256 s/min), 254,770,101 distinct states found (450,232 ds/min), 34,779,965 states left on queue.
Progress(21) at 2021-08-19 14:34:37: 4,399,481,381 states generated (14,780,094 s/min), 255,345,885 distinct states found (575,784 ds/min), 34,623,578 states left on queue.
Progress(21) at 2021-08-19 14:35:37: 4,413,526,530 states generated (14,045,149 s/min), 255,739,371 distinct states found (393,486 ds/min), 34,286,149 states left on queue.
Progress(21) at 2021-08-19 14:36:37: 4,426,719,505 states generated (13,192,975 s/min), 256,132,867 distinct states found (393,496 ds/min), 34,041,718 states left on queue.
Progress(21) at 2021-08-19 14:37:37: 4,439,372,458 states generated (12,652,953 s/min), 256,591,486 distinct states found (458,619 ds/min), 33,880,292 states left on queue.
Progress(21) at 2021-08-19 14:38:37: 4,452,840,701 states generated (13,468,243 s/min), 257,192,543 distinct states found (601,057 ds/min), 33,823,353 states left on queue.
Progress(21) at 2021-08-19 14:39:37: 4,465,267,629 states generated (12,426,928 s/min), 257,727,045 distinct states found (534,502 ds/min), 33,766,067 states left on queue.
Checkpointing of run states/21-08-19-10-10-15
Checkpointing completed at (2021-08-19 14:40:39)
Progress(21) at 2021-08-19 14:40:39: 4,477,270,112 states generated (12,002,483 s/min), 258,215,194 distinct states found (488,149 ds/min), 33,676,894 states left on queue.
Progress(21) at 2021-08-19 14:41:39: 4,489,450,141 states generated (12,180,029 s/min), 258,688,343 distinct states found (473,149 ds/min), 33,559,704 states left on queue.
Progress(21) at 2021-08-19 14:42:39: 4,500,886,450 states generated (11,436,309 s/min), 259,081,708 distinct states found (393,365 ds/min), 33,407,833 states left on queue.
Progress(21) at 2021-08-19 14:43:39: 4,514,743,774 states generated (13,857,324 s/min), 259,617,797 distinct states found (536,089 ds/min), 33,282,846 states left on queue.
Progress(21) at 2021-08-19 14:44:39: 4,530,890,687 states generated (16,146,913 s/min), 260,276,607 distinct states found (658,810 ds/min), 33,149,842 states left on queue.
Progress(21) at 2021-08-19 14:45:39: 4,547,398,897 states generated (16,508,210 s/min), 260,987,175 distinct states found (710,568 ds/min), 33,040,501 states left on queue.
Progress(21) at 2021-08-19 14:46:39: 4,562,341,368 states generated (14,942,471 s/min), 261,603,073 distinct states found (615,898 ds/min), 32,913,784 states left on queue.
Progress(21) at 2021-08-19 14:47:39: 4,574,985,653 states generated (12,644,285 s/min), 262,064,316 distinct states found (461,243 ds/min), 32,774,797 states left on queue.
Progress(21) at 2021-08-19 14:48:39: 4,588,545,930 states generated (13,560,277 s/min), 262,599,999 distinct states found (535,683 ds/min), 32,667,720 states left on queue.
Progress(21) at 2021-08-19 14:49:39: 4,602,685,247 states generated (14,139,317 s/min), 263,096,251 distinct states found (496,252 ds/min), 32,466,989 states left on queue.
Progress(21) at 2021-08-19 14:50:39: 4,618,128,080 states generated (15,442,833 s/min), 263,740,104 distinct states found (643,853 ds/min), 32,352,787 states left on queue.
Progress(21) at 2021-08-19 14:51:39: 4,632,313,966 states generated (14,185,886 s/min), 264,307,575 distinct states found (567,471 ds/min), 32,202,185 states left on queue.
Progress(21) at 2021-08-19 14:52:39: 4,645,672,999 states generated (13,359,033 s/min), 264,910,662 distinct states found (603,087 ds/min), 32,149,500 states left on queue.
Progress(21) at 2021-08-19 14:53:39: 4,658,846,603 states generated (13,173,604 s/min), 265,451,229 distinct states found (540,567 ds/min), 32,036,535 states left on queue.
Progress(21) at 2021-08-19 14:54:39: 4,673,165,940 states generated (14,319,337 s/min), 266,041,101 distinct states found (589,872 ds/min), 31,905,169 states left on queue.
Progress(22) at 2021-08-19 14:55:39: 4,686,827,580 states generated (13,661,640 s/min), 266,522,463 distinct states found (481,362 ds/min), 31,691,788 states left on queue.
Progress(22) at 2021-08-19 14:56:39: 4,697,893,534 states generated (11,065,954 s/min), 266,980,708 distinct states found (458,245 ds/min), 31,605,013 states left on queue.
Progress(22) at 2021-08-19 14:57:39: 4,713,302,833 states generated (15,409,299 s/min), 267,624,911 distinct states found (644,203 ds/min), 31,490,953 states left on queue.
Progress(22) at 2021-08-19 14:58:39: 4,727,921,909 states generated (14,619,076 s/min), 268,207,248 distinct states found (582,337 ds/min), 31,342,966 states left on queue.
Progress(22) at 2021-08-19 14:59:39: 4,739,275,591 states generated (11,353,682 s/min), 268,651,795 distinct states found (444,547 ds/min), 31,235,249 states left on queue.
Progress(22) at 2021-08-19 15:00:39: 4,754,592,974 states generated (15,317,383 s/min), 269,277,817 distinct states found (626,022 ds/min), 31,108,037 states left on queue.
Progress(22) at 2021-08-19 15:01:39: 4,768,238,303 states generated (13,645,329 s/min), 269,780,977 distinct states found (503,160 ds/min), 30,933,471 states left on queue.
Progress(22) at 2021-08-19 15:02:39: 4,784,774,901 states generated (16,536,598 s/min), 270,488,130 distinct states found (707,153 ds/min), 30,820,974 states left on queue.
Progress(22) at 2021-08-19 15:03:39: 4,798,286,570 states generated (13,511,669 s/min), 270,998,581 distinct states found (510,451 ds/min), 30,670,406 states left on queue.
Progress(22) at 2021-08-19 15:04:39: 4,813,519,550 states generated (15,232,980 s/min), 271,618,010 distinct states found (619,429 ds/min), 30,531,326 states left on queue.
Progress(22) at 2021-08-19 15:05:39: 4,827,815,912 states generated (14,296,362 s/min), 272,155,693 distinct states found (537,683 ds/min), 30,365,481 states left on queue.
Progress(22) at 2021-08-19 15:06:39: 4,842,150,853 states generated (14,334,941 s/min), 272,668,816 distinct states found (513,123 ds/min), 30,150,004 states left on queue.
Progress(22) at 2021-08-19 15:07:39: 4,859,331,666 states generated (17,180,813 s/min), 273,538,306 distinct states found (869,490 ds/min), 30,167,422 states left on queue.
Progress(22) at 2021-08-19 15:08:39: 4,874,820,308 states generated (15,488,642 s/min), 274,246,349 distinct states found (708,043 ds/min), 30,115,446 states left on queue.
Progress(22) at 2021-08-19 15:09:39: 4,890,177,532 states generated (15,357,224 s/min), 274,854,908 distinct states found (608,559 ds/min), 29,955,342 states left on queue.
Checkpointing of run states/21-08-19-10-10-15
Checkpointing completed at (2021-08-19 15:10:42)
Progress(22) at 2021-08-19 15:10:42: 4,905,314,485 states generated (15,136,953 s/min), 275,363,878 distinct states found (508,970 ds/min), 29,709,973 states left on queue.
Progress(22) at 2021-08-19 15:11:42: 4,920,802,816 states generated (15,488,331 s/min), 276,097,152 distinct states found (733,274 ds/min), 29,659,827 states left on queue.
Progress(22) at 2021-08-19 15:12:42: 4,933,279,122 states generated (12,476,306 s/min), 276,619,135 distinct states found (521,983 ds/min), 29,557,574 states left on queue.
Progress(22) at 2021-08-19 15:13:42: 4,944,049,334 states generated (10,770,212 s/min), 277,082,688 distinct states found (463,553 ds/min), 29,490,576 states left on queue.
Progress(22) at 2021-08-19 15:14:42: 4,956,673,194 states generated (12,623,860 s/min), 277,563,170 distinct states found (480,482 ds/min), 29,343,033 states left on queue.
Progress(22) at 2021-08-19 15:15:42: 4,969,041,196 states generated (12,368,002 s/min), 277,964,759 distinct states found (401,589 ds/min), 29,119,865 states left on queue.
Progress(22) at 2021-08-19 15:16:42: 4,984,601,926 states generated (15,560,730 s/min), 278,639,018 distinct states found (674,259 ds/min), 29,012,874 states left on queue.
Progress(22) at 2021-08-19 15:17:42: 4,999,181,285 states generated (14,579,359 s/min), 279,293,480 distinct states found (654,462 ds/min), 28,932,975 states left on queue.
Progress(22) at 2021-08-19 15:18:42: 5,013,914,082 states generated (14,732,797 s/min), 279,898,983 distinct states found (605,503 ds/min), 28,823,960 states left on queue.
Progress(22) at 2021-08-19 15:19:42: 5,029,746,106 states generated (15,832,024 s/min), 280,569,205 distinct states found (670,222 ds/min), 28,729,694 states left on queue.
Progress(22) at 2021-08-19 15:20:42: 5,044,960,169 states generated (15,214,063 s/min), 281,209,844 distinct states found (640,639 ds/min), 28,625,801 states left on queue.
Progress(22) at 2021-08-19 15:21:42: 5,059,177,504 states generated (14,217,335 s/min), 281,768,541 distinct states found (558,697 ds/min), 28,481,294 states left on queue.
Progress(22) at 2021-08-19 15:22:42: 5,072,725,919 states generated (13,548,415 s/min), 282,296,129 distinct states found (527,588 ds/min), 28,343,912 states left on queue.
Progress(22) at 2021-08-19 15:23:42: 5,085,832,803 states generated (13,106,884 s/min), 282,746,877 distinct states found (450,748 ds/min), 28,138,872 states left on queue.
Progress(22) at 2021-08-19 15:24:42: 5,098,805,682 states generated (12,972,879 s/min), 283,188,078 distinct states found (441,201 ds/min), 27,948,855 states left on queue.
Progress(22) at 2021-08-19 15:25:42: 5,111,049,356 states generated (12,243,674 s/min), 283,494,832 distinct states found (306,754 ds/min), 27,644,192 states left on queue.
Progress(22) at 2021-08-19 15:26:42: 5,122,657,716 states generated (11,608,360 s/min), 283,807,271 distinct states found (312,439 ds/min), 27,394,919 states left on queue.
Progress(22) at 2021-08-19 15:27:42: 5,134,268,280 states generated (11,610,564 s/min), 284,272,842 distinct states found (465,571 ds/min), 27,299,221 states left on queue.
Progress(22) at 2021-08-19 15:28:42: 5,146,288,871 states generated (12,020,591 s/min), 284,734,050 distinct states found (461,208 ds/min), 27,188,148 states left on queue.
Progress(22) at 2021-08-19 15:29:42: 5,156,292,437 states generated (10,003,566 s/min), 285,095,418 distinct states found (361,368 ds/min), 27,079,243 states left on queue.
Progress(22) at 2021-08-19 15:30:42: 5,166,907,242 states generated (10,614,805 s/min), 285,479,700 distinct states found (384,282 ds/min), 26,956,312 states left on queue.
Progress(22) at 2021-08-19 15:31:42: 5,177,112,026 states generated (10,204,784 s/min), 285,793,432 distinct states found (313,732 ds/min), 26,790,867 states left on queue.
Progress(22) at 2021-08-19 15:32:42: 5,189,270,239 states generated (12,158,213 s/min), 286,224,861 distinct states found (431,429 ds/min), 26,651,779 states left on queue.
Progress(22) at 2021-08-19 15:33:42: 5,205,114,999 states generated (15,844,760 s/min), 286,840,437 distinct states found (615,576 ds/min), 26,488,689 states left on queue.
Progress(22) at 2021-08-19 15:34:42: 5,220,890,505 states generated (15,775,506 s/min), 287,470,010 distinct states found (629,573 ds/min), 26,338,464 states left on queue.
Progress(22) at 2021-08-19 15:35:42: 5,233,299,109 states generated (12,408,604 s/min), 287,934,116 distinct states found (464,106 ds/min), 26,205,550 states left on queue.
Progress(22) at 2021-08-19 15:36:42: 5,245,416,178 states generated (12,117,069 s/min), 288,347,645 distinct states found (413,529 ds/min), 26,054,075 states left on queue.
Progress(22) at 2021-08-19 15:37:42: 5,257,422,158 states generated (12,005,980 s/min), 288,768,484 distinct states found (420,839 ds/min), 25,913,741 states left on queue.
Progress(22) at 2021-08-19 15:38:42: 5,271,026,773 states generated (13,604,615 s/min), 289,234,738 distinct states found (466,254 ds/min), 25,733,411 states left on queue.
Progress(22) at 2021-08-19 15:39:42: 5,285,321,460 states generated (14,294,687 s/min), 289,791,414 distinct states found (556,676 ds/min), 25,563,391 states left on queue.
Checkpointing of run states/21-08-19-10-10-15
Checkpointing completed at (2021-08-19 15:40:44)
Progress(22) at 2021-08-19 15:40:44: 5,297,819,153 states generated (12,497,693 s/min), 290,299,709 distinct states found (508,295 ds/min), 25,459,986 states left on queue.
Progress(22) at 2021-08-19 15:41:44: 5,309,659,554 states generated (11,840,401 s/min), 290,741,674 distinct states found (441,965 ds/min), 25,323,279 states left on queue.
Progress(22) at 2021-08-19 15:42:44: 5,322,675,152 states generated (13,015,598 s/min), 291,199,697 distinct states found (458,023 ds/min), 25,134,768 states left on queue.
Progress(22) at 2021-08-19 15:43:44: 5,334,799,572 states generated (12,124,420 s/min), 291,616,381 distinct states found (416,684 ds/min), 24,947,434 states left on queue.
Progress(23) at 2021-08-19 15:44:44: 5,345,761,814 states generated (10,962,242 s/min), 292,023,848 distinct states found (407,467 ds/min), 24,823,508 states left on queue.
Progress(23) at 2021-08-19 15:45:44: 5,361,450,719 states generated (15,688,905 s/min), 292,646,184 distinct states found (622,336 ds/min), 24,668,275 states left on queue.
Progress(23) at 2021-08-19 15:46:44: 5,371,906,943 states generated (10,456,224 s/min), 293,011,452 distinct states found (365,268 ds/min), 24,526,878 states left on queue.
Progress(23) at 2021-08-19 15:47:44: 5,385,185,627 states generated (13,278,684 s/min), 293,500,266 distinct states found (488,814 ds/min), 24,370,382 states left on queue.
Progress(23) at 2021-08-19 15:48:44: 5,398,242,142 states generated (13,056,515 s/min), 293,966,254 distinct states found (465,988 ds/min), 24,194,245 states left on queue.
Progress(23) at 2021-08-19 15:49:44: 5,414,051,459 states generated (15,809,317 s/min), 294,605,833 distinct states found (639,579 ds/min), 24,050,576 states left on queue.
Progress(23) at 2021-08-19 15:50:44: 5,427,075,940 states generated (13,024,481 s/min), 295,090,622 distinct states found (484,789 ds/min), 23,906,883 states left on queue.
Progress(23) at 2021-08-19 15:51:44: 5,441,333,899 states generated (14,257,959 s/min), 295,576,540 distinct states found (485,918 ds/min), 23,684,712 states left on queue.
Progress(23) at 2021-08-19 15:52:44: 5,454,833,099 states generated (13,499,200 s/min), 296,042,060 distinct states found (465,520 ds/min), 23,477,936 states left on queue.
Progress(23) at 2021-08-19 15:53:44: 5,470,806,093 states generated (15,972,994 s/min), 296,773,999 distinct states found (731,939 ds/min), 23,427,954 states left on queue.
Progress(23) at 2021-08-19 15:54:44: 5,485,555,824 states generated (14,749,731 s/min), 297,377,191 distinct states found (603,192 ds/min), 23,309,002 states left on queue.
Progress(23) at 2021-08-19 15:55:44: 5,499,966,870 states generated (14,411,046 s/min), 297,906,541 distinct states found (529,350 ds/min), 23,129,843 states left on queue.
Progress(23) at 2021-08-19 15:56:44: 5,514,071,233 states generated (14,104,363 s/min), 298,373,905 distinct states found (467,364 ds/min), 22,899,398 states left on queue.
Progress(23) at 2021-08-19 15:57:44: 5,528,252,646 states generated (14,181,413 s/min), 298,958,370 distinct states found (584,465 ds/min), 22,769,654 states left on queue.
Progress(23) at 2021-08-19 15:58:44: 5,539,017,061 states generated (10,764,415 s/min), 299,374,638 distinct states found (416,268 ds/min), 22,652,806 states left on queue.
Progress(23) at 2021-08-19 15:59:44: 5,548,663,317 states generated (9,646,256 s/min), 299,764,487 distinct states found (389,849 ds/min), 22,566,366 states left on queue.
Progress(23) at 2021-08-19 16:00:44: 5,560,531,157 states generated (11,867,840 s/min), 300,156,357 distinct states found (391,870 ds/min), 22,375,151 states left on queue.
Progress(23) at 2021-08-19 16:01:44: 5,574,162,903 states generated (13,631,746 s/min), 300,650,496 distinct states found (494,139 ds/min), 22,191,369 states left on queue.
Progress(23) at 2021-08-19 16:02:44: 5,588,900,739 states generated (14,737,836 s/min), 301,278,067 distinct states found (627,571 ds/min), 22,073,706 states left on queue.
Progress(23) at 2021-08-19 16:03:44: 5,602,243,827 states generated (13,343,088 s/min), 301,774,426 distinct states found (496,359 ds/min), 21,934,700 states left on queue.
Progress(23) at 2021-08-19 16:04:44: 5,616,692,658 states generated (14,448,831 s/min), 302,333,918 distinct states found (559,492 ds/min), 21,805,540 states left on queue.
Progress(23) at 2021-08-19 16:05:44: 5,631,161,018 states generated (14,468,360 s/min), 302,892,290 distinct states found (558,372 ds/min), 21,659,142 states left on queue.
Progress(23) at 2021-08-19 16:06:44: 5,643,885,879 states generated (12,724,861 s/min), 303,349,448 distinct states found (457,158 ds/min), 21,493,295 states left on queue.
Progress(23) at 2021-08-19 16:07:44: 5,656,092,187 states generated (12,206,308 s/min), 303,776,476 distinct states found (427,028 ds/min), 21,330,924 states left on queue.
Progress(23) at 2021-08-19 16:08:44: 5,668,059,160 states generated (11,966,973 s/min), 304,175,242 distinct states found (398,766 ds/min), 21,149,065 states left on queue.
Progress(23) at 2021-08-19 16:09:44: 5,679,636,593 states generated (11,577,433 s/min), 304,466,756 distinct states found (291,514 ds/min), 20,891,376 states left on queue.
Checkpointing of run states/21-08-19-10-10-15
Checkpointing completed at (2021-08-19 16:10:46)
Progress(23) at 2021-08-19 16:10:46: 5,691,433,587 states generated (11,796,994 s/min), 304,841,829 distinct states found (375,073 ds/min), 20,693,955 states left on queue.
Progress(23) at 2021-08-19 16:11:46: 5,701,651,801 states generated (10,218,214 s/min), 305,195,859 distinct states found (354,030 ds/min), 20,566,983 states left on queue.
Progress(23) at 2021-08-19 16:12:46: 5,710,761,082 states generated (9,109,281 s/min), 305,491,608 distinct states found (295,749 ds/min), 20,441,706 states left on queue.
Progress(23) at 2021-08-19 16:13:46: 5,720,388,456 states generated (9,627,374 s/min), 305,805,631 distinct states found (314,023 ds/min), 20,308,160 states left on queue.
Progress(23) at 2021-08-19 16:14:46: 5,729,141,046 states generated (8,752,590 s/min), 306,048,138 distinct states found (242,507 ds/min), 20,150,325 states left on queue.
Progress(23) at 2021-08-19 16:15:46: 5,743,361,134 states generated (14,220,088 s/min), 306,552,639 distinct states found (504,501 ds/min), 19,980,141 states left on queue.
Progress(23) at 2021-08-19 16:16:46: 5,759,214,166 states generated (15,853,032 s/min), 307,164,394 distinct states found (611,755 ds/min), 19,812,047 states left on queue.
Progress(23) at 2021-08-19 16:17:46: 5,771,565,804 states generated (12,351,638 s/min), 307,607,520 distinct states found (443,126 ds/min), 19,674,511 states left on queue.
Progress(23) at 2021-08-19 16:18:46: 5,782,418,653 states generated (10,852,849 s/min), 307,938,506 distinct states found (330,986 ds/min), 19,509,186 states left on queue.
Progress(23) at 2021-08-19 16:19:46: 5,793,418,434 states generated (10,999,781 s/min), 308,278,230 distinct states found (339,724 ds/min), 19,346,028 states left on queue.
Progress(23) at 2021-08-19 16:20:46: 5,808,089,568 states generated (14,671,134 s/min), 308,823,307 distinct states found (545,077 ds/min), 19,177,400 states left on queue.
Progress(23) at 2021-08-19 16:21:46: 5,819,448,788 states generated (11,359,220 s/min), 309,220,500 distinct states found (397,193 ds/min), 19,024,917 states left on queue.
Progress(23) at 2021-08-19 16:22:46: 5,830,186,810 states generated (10,738,022 s/min), 309,595,298 distinct states found (374,798 ds/min), 18,882,893 states left on queue.
Progress(23) at 2021-08-19 16:23:46: 5,842,937,137 states generated (12,750,327 s/min), 310,000,129 distinct states found (404,831 ds/min), 18,657,661 states left on queue.
Progress(23) at 2021-08-19 16:24:46: 5,852,171,156 states generated (9,234,019 s/min), 310,292,074 distinct states found (291,945 ds/min), 18,508,992 states left on queue.
Progress(24) at 2021-08-19 16:25:46: 5,865,793,464 states generated (13,622,308 s/min), 310,796,461 distinct states found (504,387 ds/min), 18,349,888 states left on queue.
Progress(24) at 2021-08-19 16:26:46: 5,877,032,850 states generated (11,239,386 s/min), 311,173,579 distinct states found (377,118 ds/min), 18,181,475 states left on queue.
Progress(24) at 2021-08-19 16:27:46: 5,889,047,143 states generated (12,014,293 s/min), 311,592,006 distinct states found (418,427 ds/min), 18,026,440 states left on queue.
Progress(24) at 2021-08-19 16:28:46: 5,902,427,383 states generated (13,380,240 s/min), 312,079,695 distinct states found (487,689 ds/min), 17,863,731 states left on queue.
Progress(24) at 2021-08-19 16:29:46: 5,916,718,819 states generated (14,291,436 s/min), 312,600,671 distinct states found (520,976 ds/min), 17,690,718 states left on queue.
Progress(24) at 2021-08-19 16:30:46: 5,930,917,425 states generated (14,198,606 s/min), 313,092,060 distinct states found (491,389 ds/min), 17,489,611 states left on queue.
Progress(24) at 2021-08-19 16:31:46: 5,944,264,181 states generated (13,346,756 s/min), 313,568,913 distinct states found (476,853 ds/min), 17,317,372 states left on queue.
Progress(24) at 2021-08-19 16:32:46: 5,959,305,694 states generated (15,041,513 s/min), 314,166,322 distinct states found (597,409 ds/min), 17,180,753 states left on queue.
Progress(24) at 2021-08-19 16:33:46: 5,972,633,639 states generated (13,327,945 s/min), 314,646,721 distinct states found (480,399 ds/min), 17,016,386 states left on queue.
Progress(24) at 2021-08-19 16:34:46: 5,985,740,388 states generated (13,106,749 s/min), 315,043,022 distinct states found (396,301 ds/min), 16,779,461 states left on queue.
Progress(24) at 2021-08-19 16:35:46: 5,999,392,968 states generated (13,652,580 s/min), 315,563,154 distinct states found (520,132 ds/min), 16,613,331 states left on queue.
Progress(24) at 2021-08-19 16:36:46: 6,008,825,754 states generated (9,432,786 s/min), 315,898,010 distinct states found (334,856 ds/min), 16,486,304 states left on queue.
Progress(24) at 2021-08-19 16:37:46: 6,017,665,406 states generated (8,839,652 s/min), 316,211,270 distinct states found (313,260 ds/min), 16,367,928 states left on queue.
Progress(24) at 2021-08-19 16:38:46: 6,029,636,050 states generated (11,970,644 s/min), 316,567,435 distinct states found (356,165 ds/min), 16,153,697 states left on queue.
Progress(24) at 2021-08-19 16:39:46: 6,044,194,544 states generated (14,558,494 s/min), 317,163,587 distinct states found (596,152 ds/min), 16,007,355 states left on queue.
Checkpointing of run states/21-08-19-10-10-15
Checkpointing completed at (2021-08-19 16:40:48)
Progress(24) at 2021-08-19 16:40:48: 6,056,978,947 states generated (12,784,403 s/min), 317,603,857 distinct states found (440,270 ds/min), 15,842,029 states left on queue.
Progress(24) at 2021-08-19 16:41:48: 6,070,216,505 states generated (13,237,558 s/min), 318,067,841 distinct states found (463,984 ds/min), 15,682,051 states left on queue.
Progress(24) at 2021-08-19 16:42:48: 6,083,375,131 states generated (13,158,626 s/min), 318,533,669 distinct states found (465,828 ds/min), 15,511,308 states left on queue.
Progress(24) at 2021-08-19 16:43:48: 6,094,680,864 states generated (11,305,733 s/min), 318,911,573 distinct states found (377,904 ds/min), 15,344,532 states left on queue.
Progress(24) at 2021-08-19 16:44:48: 6,105,976,566 states generated (11,295,702 s/min), 319,269,999 distinct states found (358,426 ds/min), 15,170,264 states left on queue.
Progress(24) at 2021-08-19 16:45:48: 6,116,666,009 states generated (10,689,443 s/min), 319,557,239 distinct states found (287,240 ds/min), 14,964,850 states left on queue.
Progress(24) at 2021-08-19 16:46:48: 6,126,727,441 states generated (10,061,432 s/min), 319,886,665 distinct states found (329,426 ds/min), 14,820,862 states left on queue.
Progress(24) at 2021-08-19 16:47:48: 6,135,053,419 states generated (8,325,978 s/min), 320,131,120 distinct states found (244,455 ds/min), 14,693,853 states left on queue.
Progress(24) at 2021-08-19 16:48:48: 6,143,663,833 states generated (8,610,414 s/min), 320,383,295 distinct states found (252,175 ds/min), 14,556,011 states left on queue.
Progress(24) at 2021-08-19 16:49:48: 6,153,092,178 states generated (9,428,345 s/min), 320,650,195 distinct states found (266,900 ds/min), 14,407,769 states left on queue.
Progress(24) at 2021-08-19 16:50:48: 6,168,257,490 states generated (15,165,312 s/min), 321,203,648 distinct states found (553,453 ds/min), 14,225,666 states left on queue.
Progress(24) at 2021-08-19 16:51:48: 6,181,508,285 states generated (13,250,795 s/min), 321,675,662 distinct states found (472,014 ds/min), 14,076,268 states left on queue.
Progress(24) at 2021-08-19 16:52:48: 6,191,527,009 states generated (10,018,724 s/min), 321,963,396 distinct states found (287,734 ds/min), 13,916,736 states left on queue.
Progress(24) at 2021-08-19 16:53:48: 6,203,486,819 states generated (11,959,810 s/min), 322,340,839 distinct states found (377,443 ds/min), 13,753,251 states left on queue.
Progress(24) at 2021-08-19 16:54:48: 6,215,546,248 states generated (12,059,429 s/min), 322,748,712 distinct states found (407,873 ds/min), 13,574,658 states left on queue.
Progress(24) at 2021-08-19 16:55:48: 6,225,200,814 states generated (9,654,566 s/min), 323,053,624 distinct states found (304,912 ds/min), 13,425,875 states left on queue.
Progress(24) at 2021-08-19 16:56:48: 6,235,954,589 states generated (10,753,775 s/min), 323,372,807 distinct states found (319,183 ds/min), 13,231,500 states left on queue.
Progress(25) at 2021-08-19 16:57:48: 6,246,586,058 states generated (10,631,469 s/min), 323,713,993 distinct states found (341,186 ds/min), 13,067,916 states left on queue.
Progress(25) at 2021-08-19 16:58:48: 6,257,725,384 states generated (11,139,326 s/min), 324,083,757 distinct states found (369,764 ds/min), 12,901,465 states left on queue.
Progress(25) at 2021-08-19 16:59:48: 6,270,463,285 states generated (12,737,901 s/min), 324,526,277 distinct states found (442,520 ds/min), 12,735,991 states left on queue.
Progress(25) at 2021-08-19 17:00:48: 6,283,670,982 states generated (13,207,697 s/min), 325,003,061 distinct states found (476,784 ds/min), 12,585,053 states left on queue.
Progress(25) at 2021-08-19 17:01:48: 6,298,010,932 states generated (14,339,950 s/min), 325,506,408 distinct states found (503,347 ds/min), 12,397,801 states left on queue.
Progress(25) at 2021-08-19 17:02:48: 6,311,451,162 states generated (13,440,230 s/min), 325,975,857 distinct states found (469,449 ds/min), 12,218,454 states left on queue.
Progress(25) at 2021-08-19 17:03:48: 6,324,508,399 states generated (13,057,237 s/min), 326,439,812 distinct states found (463,955 ds/min), 12,052,727 states left on queue.
Progress(25) at 2021-08-19 17:04:48: 6,336,357,540 states generated (11,849,141 s/min), 326,794,377 distinct states found (354,565 ds/min), 11,846,792 states left on queue.
Progress(25) at 2021-08-19 17:05:48: 6,349,351,197 states generated (12,993,657 s/min), 327,235,600 distinct states found (441,223 ds/min), 11,644,089 states left on queue.
Progress(25) at 2021-08-19 17:06:48: 6,358,054,648 states generated (8,703,451 s/min), 327,535,192 distinct states found (299,592 ds/min), 11,520,916 states left on queue.
Progress(25) at 2021-08-19 17:07:48: 6,367,406,150 states generated (9,351,502 s/min), 327,800,263 distinct states found (265,071 ds/min), 11,345,025 states left on queue.
Progress(25) at 2021-08-19 17:08:48: 6,381,520,234 states generated (14,114,084 s/min), 328,318,845 distinct states found (518,582 ds/min), 11,155,638 states left on queue.
Progress(25) at 2021-08-19 17:09:48: 6,392,958,088 states generated (11,437,854 s/min), 328,673,055 distinct states found (354,210 ds/min), 10,980,511 states left on queue.
Checkpointing of run states/21-08-19-10-10-15
Checkpointing completed at (2021-08-19 17:10:49)
Progress(25) at 2021-08-19 17:10:49: 6,406,068,617 states generated (13,110,529 s/min), 329,106,347 distinct states found (433,292 ds/min), 10,794,631 states left on queue.
Progress(25) at 2021-08-19 17:11:49: 6,417,047,363 states generated (10,978,746 s/min), 329,460,903 distinct states found (354,556 ds/min), 10,627,286 states left on queue.
Progress(25) at 2021-08-19 17:12:49: 6,427,873,975 states generated (10,826,612 s/min), 329,810,907 distinct states found (350,004 ds/min), 10,474,635 states left on queue.
Progress(25) at 2021-08-19 17:13:49: 6,438,021,087 states generated (10,147,112 s/min), 330,101,485 distinct states found (290,578 ds/min), 10,308,352 states left on queue.
Progress(25) at 2021-08-19 17:14:49: 6,445,873,693 states generated (7,852,606 s/min), 330,311,372 distinct states found (209,887 ds/min), 10,177,586 states left on queue.
Progress(25) at 2021-08-19 17:15:49: 6,453,828,542 states generated (7,954,849 s/min), 330,517,608 distinct states found (206,236 ds/min), 10,043,618 states left on queue.
Progress(25) at 2021-08-19 17:16:49: 6,466,946,686 states generated (13,118,144 s/min), 330,962,582 distinct states found (444,974 ds/min), 9,878,406 states left on queue.
Progress(25) at 2021-08-19 17:17:49: 6,480,535,049 states generated (13,588,363 s/min), 331,421,737 distinct states found (459,155 ds/min), 9,704,034 states left on queue.
Progress(25) at 2021-08-19 17:18:49: 6,489,927,031 states generated (9,391,982 s/min), 331,685,798 distinct states found (264,061 ds/min), 9,566,852 states left on queue.
Progress(25) at 2021-08-19 17:19:49: 6,502,663,146 states generated (12,736,115 s/min), 332,092,912 distinct states found (407,114 ds/min), 9,372,358 states left on queue.
Progress(25) at 2021-08-19 17:20:49: 6,511,284,660 states generated (8,621,514 s/min), 332,338,674 distinct states found (245,762 ds/min), 9,225,339 states left on queue.
Progress(26) at 2021-08-19 17:21:49: 6,520,640,823 states generated (9,356,163 s/min), 332,599,598 distinct states found (260,924 ds/min), 9,055,754 states left on queue.
Progress(26) at 2021-08-19 17:22:49: 6,532,489,097 states generated (11,848,274 s/min), 332,992,673 distinct states found (393,075 ds/min), 8,882,632 states left on queue.
Progress(26) at 2021-08-19 17:23:49: 6,544,906,844 states generated (12,417,747 s/min), 333,412,088 distinct states found (419,415 ds/min), 8,722,096 states left on queue.
Progress(26) at 2021-08-19 17:24:49: 6,559,840,840 states generated (14,933,996 s/min), 333,971,774 distinct states found (559,686 ds/min), 8,558,902 states left on queue.
Progress(26) at 2021-08-19 17:25:49: 6,572,819,311 states generated (12,978,471 s/min), 334,385,701 distinct states found (413,927 ds/min), 8,358,744 states left on queue.
Progress(26) at 2021-08-19 17:26:49: 6,584,611,251 states generated (11,791,940 s/min), 334,770,379 distinct states found (384,678 ds/min), 8,182,759 states left on queue.
Progress(26) at 2021-08-19 17:27:49: 6,596,827,054 states generated (12,215,803 s/min), 335,151,165 distinct states found (380,786 ds/min), 7,977,700 states left on queue.
Progress(26) at 2021-08-19 17:28:49: 6,605,072,804 states generated (8,245,750 s/min), 335,404,109 distinct states found (252,944 ds/min), 7,838,873 states left on queue.
Progress(26) at 2021-08-19 17:29:49: 6,616,240,992 states generated (11,168,188 s/min), 335,748,651 distinct states found (344,542 ds/min), 7,646,380 states left on queue.
Progress(26) at 2021-08-19 17:30:49: 6,628,176,641 states generated (11,935,649 s/min), 336,127,549 distinct states found (378,898 ds/min), 7,460,096 states left on queue.
Progress(26) at 2021-08-19 17:31:49: 6,640,338,497 states generated (12,161,856 s/min), 336,510,900 distinct states found (383,351 ds/min), 7,272,543 states left on queue.
Progress(26) at 2021-08-19 17:32:49: 6,650,581,323 states generated (10,242,826 s/min), 336,812,999 distinct states found (302,099 ds/min), 7,106,406 states left on queue.
Progress(26) at 2021-08-19 17:33:49: 6,660,378,447 states generated (9,797,124 s/min), 337,112,405 distinct states found (299,406 ds/min), 6,967,625 states left on queue.
Progress(26) at 2021-08-19 17:34:49: 6,667,830,617 states generated (7,452,170 s/min), 337,292,252 distinct states found (179,847 ds/min), 6,840,962 states left on queue.
Progress(26) at 2021-08-19 17:35:49: 6,679,936,596 states generated (12,105,979 s/min), 337,682,274 distinct states found (390,022 ds/min), 6,686,100 states left on queue.
Progress(26) at 2021-08-19 17:36:49: 6,692,150,506 states generated (12,213,910 s/min), 338,068,001 distinct states found (385,727 ds/min), 6,516,079 states left on queue.
Progress(26) at 2021-08-19 17:37:49: 6,703,394,372 states generated (11,243,866 s/min), 338,402,820 distinct states found (334,819 ds/min), 6,347,763 states left on queue.
Progress(26) at 2021-08-19 17:38:49: 6,712,583,382 states generated (9,189,010 s/min), 338,650,931 distinct states found (248,111 ds/min), 6,180,251 states left on queue.
Progress(27) at 2021-08-19 17:39:49: 6,723,018,926 states generated (10,435,544 s/min), 338,974,475 distinct states found (323,544 ds/min), 6,020,394 states left on queue.
Checkpointing of run states/21-08-19-10-10-15
Checkpointing completed at (2021-08-19 17:40:51)
Progress(27) at 2021-08-19 17:40:51: 6,735,597,142 states generated (12,578,216 s/min), 339,402,248 distinct states found (427,773 ds/min), 5,861,645 states left on queue.
Progress(27) at 2021-08-19 17:41:51: 6,749,477,455 states generated (13,880,313 s/min), 339,869,551 distinct states found (467,303 ds/min), 5,672,511 states left on queue.
Progress(27) at 2021-08-19 17:42:51: 6,761,053,549 states generated (11,576,094 s/min), 340,226,801 distinct states found (357,250 ds/min), 5,481,015 states left on queue.
Progress(27) at 2021-08-19 17:43:51: 6,772,454,016 states generated (11,400,467 s/min), 340,592,139 distinct states found (365,338 ds/min), 5,302,895 states left on queue.
Progress(27) at 2021-08-19 17:44:51: 6,781,778,920 states generated (9,324,904 s/min), 340,865,317 distinct states found (273,178 ds/min), 5,139,865 states left on queue.
Progress(27) at 2021-08-19 17:45:51: 6,793,784,430 states generated (12,005,510 s/min), 341,239,966 distinct states found (374,649 ds/min), 4,952,994 states left on queue.
Progress(27) at 2021-08-19 17:46:51: 6,804,630,934 states generated (10,846,504 s/min), 341,569,199 distinct states found (329,233 ds/min), 4,779,920 states left on queue.
Progress(27) at 2021-08-19 17:47:51: 6,813,643,385 states generated (9,012,451 s/min), 341,827,273 distinct states found (258,074 ds/min), 4,652,196 states left on queue.
Progress(27) at 2021-08-19 17:48:51: 6,822,850,366 states generated (9,206,981 s/min), 342,078,741 distinct states found (251,468 ds/min), 4,515,071 states left on queue.
Progress(27) at 2021-08-19 17:49:51: 6,835,412,099 states generated (12,561,733 s/min), 342,482,115 distinct states found (403,374 ds/min), 4,346,646 states left on queue.
Progress(27) at 2021-08-19 17:50:51: 6,845,031,127 states generated (9,619,028 s/min), 342,744,534 distinct states found (262,419 ds/min), 4,182,748 states left on queue.
Progress(27) at 2021-08-19 17:51:51: 6,855,404,375 states generated (10,373,248 s/min), 343,043,437 distinct states found (298,903 ds/min), 4,009,975 states left on queue.
Progress(28) at 2021-08-19 17:52:51: 6,869,698,085 states generated (14,293,710 s/min), 343,556,450 distinct states found (513,013 ds/min), 3,843,428 states left on queue.
Progress(28) at 2021-08-19 17:53:51: 6,881,208,705 states generated (11,510,620 s/min), 343,894,780 distinct states found (338,330 ds/min), 3,643,889 states left on queue.
Progress(28) at 2021-08-19 17:54:51: 6,890,711,208 states generated (9,502,503 s/min), 344,184,370 distinct states found (289,590 ds/min), 3,495,790 states left on queue.
Progress(28) at 2021-08-19 17:55:51: 6,902,976,849 states generated (12,265,641 s/min), 344,573,630 distinct states found (389,260 ds/min), 3,304,240 states left on queue.
Progress(28) at 2021-08-19 17:56:51: 6,913,679,893 states generated (10,703,044 s/min), 344,903,218 distinct states found (329,588 ds/min), 3,147,365 states left on queue.
Progress(28) at 2021-08-19 17:57:51: 6,922,323,949 states generated (8,644,056 s/min), 345,123,273 distinct states found (220,055 ds/min), 3,010,700 states left on queue.
Progress(28) at 2021-08-19 17:58:51: 6,934,360,903 states generated (12,036,954 s/min), 345,490,836 distinct states found (367,563 ds/min), 2,832,682 states left on queue.
Progress(28) at 2021-08-19 17:59:51: 6,944,367,975 states generated (10,007,072 s/min), 345,764,857 distinct states found (274,021 ds/min), 2,658,373 states left on queue.
Progress(29) at 2021-08-19 18:00:51: 6,957,839,784 states generated (13,471,809 s/min), 346,220,562 distinct states found (455,705 ds/min), 2,478,121 states left on queue.
Progress(29) at 2021-08-19 18:01:51: 6,967,914,139 states generated (10,074,355 s/min), 346,521,924 distinct states found (301,362 ds/min), 2,317,558 states left on queue.
Progress(29) at 2021-08-19 18:02:51: 6,980,092,918 states generated (12,178,779 s/min), 346,907,974 distinct states found (386,050 ds/min), 2,127,886 states left on queue.
Progress(29) at 2021-08-19 18:03:51: 6,989,903,414 states generated (9,810,496 s/min), 347,186,765 distinct states found (278,791 ds/min), 1,985,096 states left on queue.
Progress(29) at 2021-08-19 18:04:51: 7,000,781,323 states generated (10,877,909 s/min), 347,490,269 distinct states found (303,504 ds/min), 1,798,708 states left on queue.
Progress(30) at 2021-08-19 18:05:51: 7,013,600,665 states generated (12,819,342 s/min), 347,912,098 distinct states found (421,829 ds/min), 1,615,609 states left on queue.
Progress(30) at 2021-08-19 18:06:51: 7,024,900,668 states generated (11,300,003 s/min), 348,258,902 distinct states found (346,804 ds/min), 1,437,130 states left on queue.
Progress(30) at 2021-08-19 18:07:51: 7,036,142,397 states generated (11,241,729 s/min), 348,596,708 distinct states found (337,806 ds/min), 1,266,723 states left on queue.
Progress(31) at 2021-08-19 18:08:51: 7,048,004,411 states generated (11,862,014 s/min), 348,957,169 distinct states found (360,461 ds/min), 1,075,765 states left on queue.
Progress(31) at 2021-08-19 18:09:51: 7,059,345,427 states generated (11,341,016 s/min), 349,296,345 distinct states found (339,176 ds/min), 890,406 states left on queue.
Checkpointing of run states/21-08-19-10-10-15
Checkpointing completed at (2021-08-19 18:10:52)
Progress(32) at 2021-08-19 18:10:52: 7,072,448,001 states generated (13,102,574 s/min), 349,691,318 distinct states found (394,973 ds/min), 666,558 states left on queue.
Progress(32) at 2021-08-19 18:11:52: 7,084,562,192 states generated (12,114,191 s/min), 350,049,007 distinct states found (357,689 ds/min), 451,863 states left on queue.
Progress(34) at 2021-08-19 18:12:52: 7,097,074,173 states generated (12,511,981 s/min), 350,400,366 distinct states found (351,359 ds/min), 198,995 states left on queue.
Model checking completed. No error has been found.
  Estimates of the probability that TLC did not check all reachable states
  because two distinct states had the same fingerprint:
  calculated (optimistic):  val = .13
  based on the actual fingerprints:  val = .024
7105622627 states generated, 350627031 distinct states found, 0 states left on queue.
The depth of the complete state graph search is 41.
The average outdegree of the complete state graph is 1 (minimum is 0, the maximum 26 and the 95th percentile is 4).
Finished in 08h 03min at (2021-08-19 18:13:39)
