Git Revision: 4cd00ec
Platform: Linux login-faculty.ccs.neu.edu 3.10.0-1160.36.2.el7.x86_64 #1 SMP Wed Jul 21 11:57:15 UTC 2021 x86_64 x86_64 x86_64 GNU/Linux
CPU Info Linux: model name	: Intel(R) Xeon(R) Gold 5118 CPU @ 2.30GHz
CPU Cores Linux: 48
CPU Info Mac: 
CPU Cores Mac: 
Spec: MCMongoRaftReconfig.tla
Config: models/MCMongoRaftReconfig-4Servers-L2-T3-CV3.cfg
----
SPECIFICATION Spec
CONSTANTS 
Nil = Nil
Server = {n1, n2, n3, n4}
Secondary = Secondary
Primary = Primary
MaxLogLen = 2
MaxTerm = 3
MaxConfigVersion = 3
CONSTRAINT StateConstraint
INVARIANT StateMachineSafety
INVARIANT LeaderCompleteness
SYMMETRY ServerSymmetry
----

TLC2 Version 2.15 of Day Month 20?? (rev: fe75b8e)
Running breadth-first search Model-Checking with fp 72 and seed -7112377800851509704 with 20 workers on 48 cores with 27305MB heap and 4096MB offheap memory (Linux 3.10.0-1160.36.2.el7.x86_64 amd64, Red Hat, Inc. 1.8.0_292 x86_64, OffHeapDiskFPSet, DiskStateQueue).
Parsing file /proj/will-fm/logless-reconfig/specs/MCMongoRaftReconfig.tla
Parsing file /tmp/TLC.tla
Parsing file /proj/will-fm/logless-reconfig/specs/MongoRaftReconfig.tla
Parsing file /tmp/Naturals.tla
Parsing file /tmp/Integers.tla
Parsing file /tmp/FiniteSets.tla
Parsing file /tmp/Sequences.tla
Parsing file /proj/will-fm/logless-reconfig/specs/MongoLoglessDynamicRaft.tla
Parsing file /proj/will-fm/logless-reconfig/specs/MongoStaticRaft.tla
Semantic processing of module Naturals
Semantic processing of module Sequences
Semantic processing of module FiniteSets
Semantic processing of module TLC
Semantic processing of module Integers
Semantic processing of module MongoLoglessDynamicRaft
Semantic processing of module MongoStaticRaft
Semantic processing of module MongoRaftReconfig
Semantic processing of module MCMongoRaftReconfig
Starting... (2021-08-27 19:54:09)
Computing initial states...
Computed 2 initial states...
Computed 4 initial states...
Computed 8 initial states...
Finished computing initial states: 15 states generated, with 4 of them distinct at 2021-08-27 19:54:10.
Progress(10) at 2021-08-27 19:54:13: 502,926 states generated (502,926 s/min), 88,493 distinct states found (88,493 ds/min), 62,132 states left on queue.
Progress(13) at 2021-08-27 19:55:13: 17,045,949 states generated (16,543,023 s/min), 1,873,853 distinct states found (1,785,360 ds/min), 980,782 states left on queue.
Progress(14) at 2021-08-27 19:56:13: 32,704,159 states generated (15,658,210 s/min), 3,412,438 distinct states found (1,538,585 ds/min), 1,702,580 states left on queue.
Progress(15) at 2021-08-27 19:57:13: 47,683,412 states generated (14,979,253 s/min), 4,752,410 distinct states found (1,339,972 ds/min), 2,250,547 states left on queue.
Progress(15) at 2021-08-27 19:58:13: 63,257,001 states generated (15,573,589 s/min), 6,120,140 distinct states found (1,367,730 ds/min), 2,810,836 states left on queue.
Progress(15) at 2021-08-27 19:59:13: 78,000,763 states generated (14,743,762 s/min), 7,231,369 distinct states found (1,111,229 ds/min), 3,142,601 states left on queue.
Progress(16) at 2021-08-27 20:00:13: 92,398,089 states generated (14,397,326 s/min), 8,442,564 distinct states found (1,211,195 ds/min), 3,602,812 states left on queue.
Progress(16) at 2021-08-27 20:01:13: 107,672,807 states generated (15,274,718 s/min), 9,601,540 distinct states found (1,158,976 ds/min), 3,968,204 states left on queue.
Progress(16) at 2021-08-27 20:02:13: 122,080,306 states generated (14,407,499 s/min), 10,610,235 distinct states found (1,008,695 ds/min), 4,245,645 states left on queue.
Progress(16) at 2021-08-27 20:03:13: 136,511,564 states generated (14,431,258 s/min), 11,557,580 distinct states found (947,345 ds/min), 4,423,279 states left on queue.
Progress(17) at 2021-08-27 20:04:13: 150,541,648 states generated (14,030,084 s/min), 12,545,918 distinct states found (988,338 ds/min), 4,689,153 states left on queue.
Progress(17) at 2021-08-27 20:05:13: 165,061,833 states generated (14,520,185 s/min), 13,536,136 distinct states found (990,218 ds/min), 4,925,647 states left on queue.
Progress(17) at 2021-08-27 20:06:13: 179,770,135 states generated (14,708,302 s/min), 14,518,031 distinct states found (981,895 ds/min), 5,147,963 states left on queue.
Progress(17) at 2021-08-27 20:07:13: 194,493,785 states generated (14,723,650 s/min), 15,346,916 distinct states found (828,885 ds/min), 5,222,910 states left on queue.
Progress(17) at 2021-08-27 20:08:13: 208,088,439 states generated (13,594,654 s/min), 16,217,427 distinct states found (870,511 ds/min), 5,401,177 states left on queue.
Progress(17) at 2021-08-27 20:09:13: 221,930,652 states generated (13,842,213 s/min), 16,988,216 distinct states found (770,789 ds/min), 5,442,583 states left on queue.
Progress(18) at 2021-08-27 20:10:13: 235,274,579 states generated (13,343,927 s/min), 17,787,126 distinct states found (798,910 ds/min), 5,581,536 states left on queue.
Progress(18) at 2021-08-27 20:11:13: 249,175,225 states generated (13,900,646 s/min), 18,708,788 distinct states found (921,662 ds/min), 5,762,460 states left on queue.
Progress(18) at 2021-08-27 20:12:13: 262,983,886 states generated (13,808,661 s/min), 19,405,889 distinct states found (697,101 ds/min), 5,755,405 states left on queue.
Progress(18) at 2021-08-27 20:13:13: 276,760,482 states generated (13,776,596 s/min), 20,211,572 distinct states found (805,683 ds/min), 5,846,961 states left on queue.
Progress(18) at 2021-08-27 20:14:13: 291,129,016 states generated (14,368,534 s/min), 20,893,361 distinct states found (681,789 ds/min), 5,801,588 states left on queue.
Progress(18) at 2021-08-27 20:15:13: 304,491,285 states generated (13,362,269 s/min), 21,568,015 distinct states found (674,654 ds/min), 5,792,986 states left on queue.
Progress(18) at 2021-08-27 20:16:13: 317,327,951 states generated (12,836,666 s/min), 22,270,319 distinct states found (702,304 ds/min), 5,839,192 states left on queue.
Progress(18) at 2021-08-27 20:17:13: 329,687,133 states generated (12,359,182 s/min), 22,873,526 distinct states found (603,207 ds/min), 5,809,477 states left on queue.
Progress(19) at 2021-08-27 20:18:13: 342,232,835 states generated (12,545,702 s/min), 23,576,881 distinct states found (703,355 ds/min), 5,893,053 states left on queue.
Progress(19) at 2021-08-27 20:19:13: 355,555,601 states generated (13,322,766 s/min), 24,265,881 distinct states found (689,000 ds/min), 5,880,741 states left on queue.
Progress(19) at 2021-08-27 20:20:13: 369,022,399 states generated (13,466,798 s/min), 24,927,911 distinct states found (662,030 ds/min), 5,853,057 states left on queue.
Progress(19) at 2021-08-27 20:21:13: 383,134,004 states generated (14,111,605 s/min), 25,595,960 distinct states found (668,049 ds/min), 5,786,084 states left on queue.
Progress(19) at 2021-08-27 20:22:13: 396,522,406 states generated (13,388,402 s/min), 26,178,566 distinct states found (582,606 ds/min), 5,702,731 states left on queue.
Progress(19) at 2021-08-27 20:23:13: 409,719,997 states generated (13,197,591 s/min), 26,698,578 distinct states found (520,012 ds/min), 5,550,930 states left on queue.
Checkpointing of run states/21-08-27-19-54-09
Checkpointing completed at (2021-08-27 20:24:13)
Progress(19) at 2021-08-27 20:24:13: 422,041,385 states generated (12,321,388 s/min), 27,270,112 distinct states found (571,534 ds/min), 5,507,599 states left on queue.
Progress(19) at 2021-08-27 20:25:13: 433,953,350 states generated (11,911,965 s/min), 27,819,745 distinct states found (549,633 ds/min), 5,445,842 states left on queue.
Progress(19) at 2021-08-27 20:26:13: 445,376,781 states generated (11,423,431 s/min), 28,319,867 distinct states found (500,122 ds/min), 5,378,035 states left on queue.
Progress(20) at 2021-08-27 20:27:13: 457,635,176 states generated (12,258,395 s/min), 28,897,764 distinct states found (577,897 ds/min), 5,347,666 states left on queue.
Progress(20) at 2021-08-27 20:28:13: 470,386,576 states generated (12,751,400 s/min), 29,407,483 distinct states found (509,719 ds/min), 5,194,271 states left on queue.
Progress(20) at 2021-08-27 20:29:13: 483,233,439 states generated (12,846,863 s/min), 29,974,117 distinct states found (566,634 ds/min), 5,109,180 states left on queue.
Progress(20) at 2021-08-27 20:30:13: 497,178,622 states generated (13,945,183 s/min), 30,531,880 distinct states found (557,763 ds/min), 4,940,647 states left on queue.
Progress(20) at 2021-08-27 20:31:13: 509,910,056 states generated (12,731,434 s/min), 30,986,869 distinct states found (454,989 ds/min), 4,765,274 states left on queue.
Progress(20) at 2021-08-27 20:32:13: 522,419,592 states generated (12,509,536 s/min), 31,488,328 distinct states found (501,459 ds/min), 4,641,471 states left on queue.
Progress(20) at 2021-08-27 20:33:13: 533,841,162 states generated (11,421,570 s/min), 31,933,767 distinct states found (445,439 ds/min), 4,523,335 states left on queue.
Progress(20) at 2021-08-27 20:34:13: 544,580,221 states generated (10,739,059 s/min), 32,324,848 distinct states found (391,081 ds/min), 4,379,059 states left on queue.
Progress(20) at 2021-08-27 20:35:13: 555,858,203 states generated (11,277,982 s/min), 32,725,470 distinct states found (400,622 ds/min), 4,224,381 states left on queue.
Progress(21) at 2021-08-27 20:36:13: 567,567,418 states generated (11,709,215 s/min), 33,157,085 distinct states found (431,615 ds/min), 4,080,788 states left on queue.
Progress(21) at 2021-08-27 20:37:13: 580,490,745 states generated (12,923,327 s/min), 33,661,027 distinct states found (503,942 ds/min), 3,918,060 states left on queue.
Progress(21) at 2021-08-27 20:38:13: 593,327,696 states generated (12,836,951 s/min), 34,099,701 distinct states found (438,674 ds/min), 3,707,350 states left on queue.
Progress(21) at 2021-08-27 20:39:13: 605,552,985 states generated (12,225,289 s/min), 34,487,522 distinct states found (387,821 ds/min), 3,486,547 states left on queue.
Progress(21) at 2021-08-27 20:40:13: 617,214,236 states generated (11,661,251 s/min), 34,902,678 distinct states found (415,156 ds/min), 3,330,328 states left on queue.
Progress(21) at 2021-08-27 20:41:13: 627,884,939 states generated (10,670,703 s/min), 35,245,012 distinct states found (342,334 ds/min), 3,154,688 states left on queue.
Progress(21) at 2021-08-27 20:42:13: 637,965,753 states generated (10,080,814 s/min), 35,513,664 distinct states found (268,652 ds/min), 2,951,854 states left on queue.
Progress(22) at 2021-08-27 20:43:13: 649,676,441 states generated (11,710,688 s/min), 35,876,313 distinct states found (362,649 ds/min), 2,743,249 states left on queue.
Progress(22) at 2021-08-27 20:44:13: 662,440,796 states generated (12,764,355 s/min), 36,317,994 distinct states found (441,681 ds/min), 2,544,336 states left on queue.
Progress(22) at 2021-08-27 20:45:13: 675,404,784 states generated (12,963,988 s/min), 36,710,046 distinct states found (392,052 ds/min), 2,297,464 states left on queue.
Progress(22) at 2021-08-27 20:46:13: 686,884,063 states generated (11,479,279 s/min), 37,066,816 distinct states found (356,770 ds/min), 2,111,077 states left on queue.
Progress(22) at 2021-08-27 20:47:13: 696,838,577 states generated (9,954,514 s/min), 37,301,140 distinct states found (234,324 ds/min), 1,895,099 states left on queue.
Progress(22) at 2021-08-27 20:48:13: 707,648,126 states generated (10,809,549 s/min), 37,587,843 distinct states found (286,703 ds/min), 1,677,051 states left on queue.
Progress(23) at 2021-08-27 20:49:13: 720,637,359 states generated (12,989,233 s/min), 38,007,681 distinct states found (419,838 ds/min), 1,462,374 states left on queue.
Progress(23) at 2021-08-27 20:50:13: 731,942,291 states generated (11,304,932 s/min), 38,316,177 distinct states found (308,496 ds/min), 1,252,786 states left on queue.
Progress(23) at 2021-08-27 20:51:13: 742,036,927 states generated (10,094,636 s/min), 38,541,379 distinct states found (225,202 ds/min), 1,043,539 states left on queue.
Progress(24) at 2021-08-27 20:52:13: 754,353,353 states generated (12,316,426 s/min), 38,900,719 distinct states found (359,340 ds/min), 825,172 states left on queue.
Progress(24) at 2021-08-27 20:53:13: 764,826,072 states generated (10,472,719 s/min), 39,145,869 distinct states found (245,150 ds/min), 628,119 states left on queue.
Checkpointing of run states/21-08-27-19-54-09
Checkpointing completed at (2021-08-27 20:54:14)
Progress(24) at 2021-08-27 20:54:14: 776,497,245 states generated (11,671,173 s/min), 39,438,571 distinct states found (292,702 ds/min), 391,952 states left on queue.
Progress(26) at 2021-08-27 20:55:14: 786,918,694 states generated (10,421,449 s/min), 39,669,676 distinct states found (231,105 ds/min), 178,959 states left on queue.
Model checking completed. No error has been found.
  Estimates of the probability that TLC did not check all reachable states
  because two distinct states had the same fingerprint:
  calculated (optimistic):  val = .0016
  based on the actual fingerprints:  val = 3.9E-5
795119292 states generated, 39842200 distinct states found, 0 states left on queue.
The depth of the complete state graph search is 33.
The average outdegree of the complete state graph is 1 (minimum is 0, the maximum 19 and the 95th percentile is 4).
Finished in 01h 01min at (2021-08-27 20:56:04)
