Git Revision: b3fc060
Platform: Linux login-faculty.ccs.neu.edu 3.10.0-1127.19.1.el7.x86_64 #1 SMP Tue Aug 25 17:23:54 UTC 2020 x86_64 x86_64 x86_64 GNU/Linux
CPU Info Linux: model name	: Intel(R) Xeon(R) Gold 5118 CPU @ 2.30GHz
CPU Cores Linux: 48
CPU Info Mac: 
CPU Cores Mac: 
Spec: MCMongoLoglessDynamicRaftAux.tla
Config: models/MCMongoLoglessDynamicRaftAux-4Servers-T4-CV4.cfg
----
INIT InitAux
NEXT NextAux
CONSTANTS 
Nil = Nil
Server = {n1, n2, n3, n4}
Secondary = Secondary
Primary = Primary
MaxTerm = 4
MaxConfigVersion = 4
CONSTRAINT StateConstraint
INVARIANT CommittedConfigSafety
SYMMETRY ServerSymmetry
VIEW ViewNoLog
ALIAS Alias
----

TLC2 Version 2.15 of Day Month 20?? (rev: fe75b8e)
Running breadth-first search Model-Checking with fp 97 and seed 9174764589139474943 with 16 workers on 48 cores with 27305MB heap and 4096MB offheap memory (Linux 3.10.0-1127.19.1.el7.x86_64 amd64, Oracle Corporation 1.8.0_262 x86_64, OffHeapDiskFPSet, DiskStateQueue).
Parsing file /proj/will-fm/logless-reconfig/specs/MCMongoLoglessDynamicRaftAux.tla
Parsing file /tmp/TLC.tla
Parsing file /proj/will-fm/logless-reconfig/specs/MongoLoglessDynamicRaftAux.tla
Parsing file /proj/will-fm/logless-reconfig/specs/MongoLoglessDynamicRaft.tla
Parsing file /tmp/Naturals.tla
Parsing file /tmp/Integers.tla
Parsing file /tmp/FiniteSets.tla
Parsing file /tmp/Sequences.tla
Semantic processing of module Naturals
Semantic processing of module Sequences
Semantic processing of module FiniteSets
Semantic processing of module TLC
Semantic processing of module Integers
Semantic processing of module MongoLoglessDynamicRaft
Semantic processing of module MongoLoglessDynamicRaftAux
Semantic processing of module MCMongoLoglessDynamicRaftAux
Starting... (2021-05-06 18:44:08)
Computing initial states...
Computed 2 initial states...
Computed 4 initial states...
Computed 8 initial states...
Finished computing initial states: 15 states generated, with 4 of them distinct at 2021-05-06 18:44:09.
Progress(12) at 2021-05-06 18:44:12: 363,781 states generated (363,781 s/min), 126,743 distinct states found (126,743 ds/min), 86,176 states left on queue.
Progress(15) at 2021-05-06 18:45:12: 12,148,156 states generated (11,784,375 s/min), 2,888,640 distinct states found (2,761,897 ds/min), 1,585,627 states left on queue.
Progress(16) at 2021-05-06 18:46:12: 24,090,764 states generated (11,942,608 s/min), 5,226,720 distinct states found (2,338,080 ds/min), 2,661,934 states left on queue.
Progress(16) at 2021-05-06 18:47:12: 35,861,741 states generated (11,770,977 s/min), 7,335,013 distinct states found (2,108,293 ds/min), 3,535,828 states left on queue.
Progress(17) at 2021-05-06 18:48:12: 47,665,490 states generated (11,803,749 s/min), 9,397,818 distinct states found (2,062,805 ds/min), 4,360,552 states left on queue.
Progress(17) at 2021-05-06 18:49:12: 59,255,122 states generated (11,589,632 s/min), 11,287,514 distinct states found (1,889,696 ds/min), 5,053,147 states left on queue.
Progress(17) at 2021-05-06 18:50:12: 71,162,293 states generated (11,907,171 s/min), 13,139,503 distinct states found (1,851,989 ds/min), 5,662,216 states left on queue.
Progress(18) at 2021-05-06 18:51:12: 82,741,595 states generated (11,579,302 s/min), 15,057,294 distinct states found (1,917,791 ds/min), 6,367,766 states left on queue.
Progress(18) at 2021-05-06 18:52:12: 94,594,379 states generated (11,852,784 s/min), 16,634,960 distinct states found (1,577,666 ds/min), 6,737,298 states left on queue.
Progress(18) at 2021-05-06 18:53:12: 105,928,653 states generated (11,334,274 s/min), 18,428,063 distinct states found (1,793,103 ds/min), 7,358,160 states left on queue.
Progress(18) at 2021-05-06 18:54:12: 117,905,789 states generated (11,977,136 s/min), 20,037,438 distinct states found (1,609,375 ds/min), 7,742,135 states left on queue.
Progress(18) at 2021-05-06 18:55:12: 129,595,754 states generated (11,689,965 s/min), 21,639,464 distinct states found (1,602,026 ds/min), 8,135,361 states left on queue.
Progress(19) at 2021-05-06 18:56:12: 141,244,318 states generated (11,648,564 s/min), 23,273,994 distinct states found (1,634,530 ds/min), 8,566,649 states left on queue.
Progress(19) at 2021-05-06 18:57:12: 153,128,981 states generated (11,884,663 s/min), 24,763,204 distinct states found (1,489,210 ds/min), 8,845,323 states left on queue.
Progress(19) at 2021-05-06 18:58:12: 164,571,630 states generated (11,442,649 s/min), 26,207,702 distinct states found (1,444,498 ds/min), 9,131,862 states left on queue.
Progress(19) at 2021-05-06 18:59:12: 175,978,303 states generated (11,406,673 s/min), 27,889,807 distinct states found (1,682,105 ds/min), 9,634,515 states left on queue.
Progress(19) at 2021-05-06 19:00:12: 187,972,955 states generated (11,994,652 s/min), 29,221,107 distinct states found (1,331,300 ds/min), 9,770,595 states left on queue.
Progress(19) at 2021-05-06 19:01:12: 199,602,297 states generated (11,629,342 s/min), 30,645,745 distinct states found (1,424,638 ds/min), 10,017,617 states left on queue.
Progress(19) at 2021-05-06 19:02:12: 211,211,406 states generated (11,609,109 s/min), 32,020,170 distinct states found (1,374,425 ds/min), 10,207,430 states left on queue.
Progress(19) at 2021-05-06 19:03:12: 222,944,814 states generated (11,733,408 s/min), 33,424,982 distinct states found (1,404,812 ds/min), 10,414,226 states left on queue.
Progress(19) at 2021-05-06 19:04:12: 234,470,106 states generated (11,525,292 s/min), 34,881,007 distinct states found (1,456,025 ds/min), 10,676,669 states left on queue.
Progress(19) at 2021-05-06 19:05:12: 246,349,503 states generated (11,879,397 s/min), 35,961,893 distinct states found (1,080,886 ds/min), 10,612,609 states left on queue.
Progress(20) at 2021-05-06 19:06:12: 257,548,231 states generated (11,198,728 s/min), 37,321,735 distinct states found (1,359,842 ds/min), 10,823,530 states left on queue.
Progress(20) at 2021-05-06 19:07:12: 268,862,369 states generated (11,314,138 s/min), 38,896,046 distinct states found (1,574,311 ds/min), 11,234,942 states left on queue.
Progress(20) at 2021-05-06 19:08:12: 280,704,781 states generated (11,842,412 s/min), 40,122,670 distinct states found (1,226,624 ds/min), 11,288,553 states left on queue.
Progress(20) at 2021-05-06 19:09:12: 292,409,922 states generated (11,705,141 s/min), 41,328,749 distinct states found (1,206,079 ds/min), 11,344,622 states left on queue.
Progress(20) at 2021-05-06 19:10:12: 304,013,529 states generated (11,603,607 s/min), 42,494,573 distinct states found (1,165,824 ds/min), 11,357,945 states left on queue.
Progress(20) at 2021-05-06 19:11:12: 315,679,279 states generated (11,665,750 s/min), 43,631,564 distinct states found (1,136,991 ds/min), 11,336,484 states left on queue.
Progress(20) at 2021-05-06 19:12:12: 327,267,832 states generated (11,588,553 s/min), 44,908,575 distinct states found (1,277,011 ds/min), 11,440,056 states left on queue.
Progress(20) at 2021-05-06 19:13:12: 338,720,679 states generated (11,452,847 s/min), 46,219,585 distinct states found (1,311,010 ds/min), 11,564,940 states left on queue.
Checkpointing of run states/21-05-06-18-44-08
Checkpointing completed at (2021-05-06 19:14:12)
Progress(20) at 2021-05-06 19:14:12: 350,665,786 states generated (11,945,107 s/min), 47,104,137 distinct states found (884,552 ds/min), 11,329,098 states left on queue.
Progress(20) at 2021-05-06 19:15:12: 362,082,916 states generated (11,417,130 s/min), 48,293,718 distinct states found (1,189,581 ds/min), 11,377,100 states left on queue.
Progress(20) at 2021-05-06 19:16:12: 373,395,264 states generated (11,312,348 s/min), 49,574,225 distinct states found (1,280,507 ds/min), 11,498,162 states left on queue.
Progress(21) at 2021-05-06 19:17:12: 384,685,665 states generated (11,290,401 s/min), 51,006,507 distinct states found (1,432,282 ds/min), 11,774,592 states left on queue.
Progress(21) at 2021-05-06 19:18:12: 396,719,719 states generated (12,034,054 s/min), 51,980,657 distinct states found (974,150 ds/min), 11,605,884 states left on queue.
Progress(21) at 2021-05-06 19:19:12: 408,339,586 states generated (11,619,867 s/min), 53,019,359 distinct states found (1,038,702 ds/min), 11,526,980 states left on queue.
Progress(21) at 2021-05-06 19:20:12: 419,904,092 states generated (11,564,506 s/min), 54,029,918 distinct states found (1,010,559 ds/min), 11,413,368 states left on queue.
Progress(21) at 2021-05-06 19:21:12: 431,338,153 states generated (11,434,061 s/min), 54,974,056 distinct states found (944,138 ds/min), 11,252,143 states left on queue.
Progress(21) at 2021-05-06 19:22:12: 442,882,830 states generated (11,544,677 s/min), 56,041,592 distinct states found (1,067,536 ds/min), 11,172,948 states left on queue.
Progress(21) at 2021-05-06 19:23:12: 454,233,665 states generated (11,350,835 s/min), 57,189,569 distinct states found (1,147,977 ds/min), 11,168,579 states left on queue.
Progress(21) at 2021-05-06 19:24:12: 465,888,728 states generated (11,655,063 s/min), 57,902,244 distinct states found (712,675 ds/min), 10,812,377 states left on queue.
Progress(21) at 2021-05-06 19:25:12: 477,171,601 states generated (11,282,873 s/min), 58,946,485 distinct states found (1,044,241 ds/min), 10,740,435 states left on queue.
Progress(21) at 2021-05-06 19:26:12: 488,415,054 states generated (11,243,453 s/min), 59,958,012 distinct states found (1,011,527 ds/min), 10,633,856 states left on queue.
Progress(21) at 2021-05-06 19:27:12: 499,690,892 states generated (11,275,838 s/min), 61,367,794 distinct states found (1,409,782 ds/min), 10,877,672 states left on queue.
Progress(21) at 2021-05-06 19:28:12: 511,926,405 states generated (12,235,513 s/min), 62,355,367 distinct states found (987,573 ds/min), 10,690,303 states left on queue.
Progress(21) at 2021-05-06 19:29:12: 523,936,739 states generated (12,010,334 s/min), 63,214,152 distinct states found (858,785 ds/min), 10,434,888 states left on queue.
Progress(21) at 2021-05-06 19:30:12: 535,356,360 states generated (11,419,621 s/min), 64,110,443 distinct states found (896,291 ds/min), 10,234,637 states left on queue.
Progress(21) at 2021-05-06 19:31:12: 547,093,679 states generated (11,737,319 s/min), 64,914,118 distinct states found (803,675 ds/min), 9,945,096 states left on queue.
Progress(21) at 2021-05-06 19:32:12: 558,700,421 states generated (11,606,742 s/min), 65,831,271 distinct states found (917,153 ds/min), 9,735,993 states left on queue.
Progress(21) at 2021-05-06 19:33:12: 570,165,835 states generated (11,465,414 s/min), 66,753,668 distinct states found (922,397 ds/min), 9,529,744 states left on queue.
Progress(22) at 2021-05-06 19:34:12: 582,063,339 states generated (11,897,504 s/min), 67,437,832 distinct states found (684,164 ds/min), 9,142,898 states left on queue.
Progress(22) at 2021-05-06 19:35:12: 593,239,226 states generated (11,175,887 s/min), 68,304,633 distinct states found (866,801 ds/min), 8,916,298 states left on queue.
Progress(22) at 2021-05-06 19:36:12: 604,438,252 states generated (11,199,026 s/min), 69,395,973 distinct states found (1,091,340 ds/min), 8,866,988 states left on queue.
Progress(22) at 2021-05-06 19:37:12: 615,953,633 states generated (11,515,381 s/min), 70,544,891 distinct states found (1,148,918 ds/min), 8,874,137 states left on queue.
Progress(22) at 2021-05-06 19:38:12: 627,781,921 states generated (11,828,288 s/min), 71,266,804 distinct states found (721,913 ds/min), 8,526,013 states left on queue.
Progress(22) at 2021-05-06 19:39:12: 639,295,553 states generated (11,513,632 s/min), 71,969,107 distinct states found (702,303 ds/min), 8,176,870 states left on queue.
Progress(22) at 2021-05-06 19:40:12: 650,684,133 states generated (11,388,580 s/min), 72,708,930 distinct states found (739,823 ds/min), 7,856,468 states left on queue.
Progress(22) at 2021-05-06 19:41:12: 662,204,415 states generated (11,520,282 s/min), 73,497,390 distinct states found (788,460 ds/min), 7,566,959 states left on queue.
Progress(22) at 2021-05-06 19:42:12: 673,914,048 states generated (11,709,633 s/min), 74,136,690 distinct states found (639,300 ds/min), 7,143,984 states left on queue.
Progress(23) at 2021-05-06 19:43:12: 685,360,401 states generated (11,446,353 s/min), 74,874,492 distinct states found (737,802 ds/min), 6,798,634 states left on queue.
Checkpointing of run states/21-05-06-18-44-08
Checkpointing completed at (2021-05-06 19:44:15)
Progress(23) at 2021-05-06 19:44:15: 697,305,413 states generated (11,945,012 s/min), 75,826,457 distinct states found (951,965 ds/min), 6,576,404 states left on queue.
Progress(23) at 2021-05-06 19:45:15: 708,630,761 states generated (11,325,348 s/min), 76,874,351 distinct states found (1,047,894 ds/min), 6,500,723 states left on queue.
Progress(23) at 2021-05-06 19:46:15: 720,393,159 states generated (11,762,398 s/min), 77,469,927 distinct states found (595,576 ds/min), 6,062,655 states left on queue.
Progress(23) at 2021-05-06 19:47:15: 731,834,653 states generated (11,441,494 s/min), 78,102,517 distinct states found (632,590 ds/min), 5,656,768 states left on queue.
Progress(23) at 2021-05-06 19:48:15: 743,520,182 states generated (11,685,529 s/min), 78,761,331 distinct states found (658,814 ds/min), 5,266,888 states left on queue.
Progress(24) at 2021-05-06 19:49:15: 755,346,067 states generated (11,825,885 s/min), 79,308,004 distinct states found (546,673 ds/min), 4,771,378 states left on queue.
Progress(24) at 2021-05-06 19:50:15: 766,441,693 states generated (11,095,626 s/min), 80,038,612 distinct states found (730,608 ds/min), 4,429,547 states left on queue.
Progress(24) at 2021-05-06 19:51:15: 777,692,048 states generated (11,250,355 s/min), 80,955,298 distinct states found (916,686 ds/min), 4,241,771 states left on queue.
Progress(24) at 2021-05-06 19:52:15: 789,181,742 states generated (11,489,694 s/min), 81,439,730 distinct states found (484,432 ds/min), 3,749,098 states left on queue.
Progress(24) at 2021-05-06 19:53:15: 800,476,585 states generated (11,294,843 s/min), 81,973,557 distinct states found (533,827 ds/min), 3,289,551 states left on queue.
Progress(25) at 2021-05-06 19:54:15: 811,855,114 states generated (11,378,529 s/min), 82,477,505 distinct states found (503,948 ds/min), 2,794,716 states left on queue.
Progress(25) at 2021-05-06 19:55:15: 822,981,347 states generated (11,126,233 s/min), 83,227,284 distinct states found (749,779 ds/min), 2,463,721 states left on queue.
Progress(25) at 2021-05-06 19:56:15: 834,409,688 states generated (11,428,341 s/min), 83,697,634 distinct states found (470,350 ds/min), 1,968,178 states left on queue.
Progress(25) at 2021-05-06 19:57:15: 845,752,997 states generated (11,343,309 s/min), 84,171,079 distinct states found (473,445 ds/min), 1,458,279 states left on queue.
Progress(26) at 2021-05-06 19:58:15: 857,110,119 states generated (11,357,122 s/min), 84,682,236 distinct states found (511,157 ds/min), 978,785 states left on queue.
Progress(26) at 2021-05-06 19:59:15: 868,444,035 states generated (11,333,916 s/min), 85,109,782 distinct states found (427,546 ds/min), 444,006 states left on queue.
Model checking completed. No error has been found.
  Estimates of the probability that TLC did not check all reachable states
  because two distinct states had the same fingerprint:
  calculated (optimistic):  val = .0037
  based on the actual fingerprints:  val = 7.3E-4
876931388 states generated, 85340702 distinct states found, 0 states left on queue.
The depth of the complete state graph search is 30.
The average outdegree of the complete state graph is 1 (minimum is 0, the maximum 17 and the 95th percentile is 4).
Finished in 01h 15min at (2021-05-06 20:00:04)
