Git Revision: bdc9679
Platform: Linux login-faculty.ccs.neu.edu 3.10.0-1127.19.1.el7.x86_64 #1 SMP Tue Aug 25 17:23:54 UTC 2020 x86_64 x86_64 x86_64 GNU/Linux
CPU Info Linux: model name	: Intel(R) Xeon(R) Gold 5118 CPU @ 2.30GHz
CPU Cores Linux: 48
CPU Info Mac: 
CPU Cores Mac: 
Spec: MCMongoLoglessDynamicRaftAux.tla
Config: models/MCMongoLoglessDynamicRaftAux-4Servers-T4-CV4.cfg
----
INIT InitAux
NEXT NextAux
CONSTANTS 
Nil = Nil
Server = {n1, n2, n3, n4}
Secondary = Secondary
Primary = Primary
MaxTerm = 4
MaxConfigVersion = 4
CONSTRAINT StateConstraint
INVARIANT CommittedConfigSafety
SYMMETRY ServerSymmetry
VIEW ViewNoLog
ALIAS Alias
----

TLC2 Version 2.15 of Day Month 20?? (rev: fe75b8e)
Running breadth-first search Model-Checking with fp 123 and seed 7340472744721682388 with 1 worker on 48 cores with 27305MB heap and 4096MB offheap memory (Linux 3.10.0-1127.19.1.el7.x86_64 amd64, Oracle Corporation 1.8.0_262 x86_64, OffHeapDiskFPSet, DiskStateQueue).
Parsing file /proj/will-fm/logless-reconfig/specs/MCMongoLoglessDynamicRaftAux.tla
Parsing file /tmp/TLC.tla
Parsing file /proj/will-fm/logless-reconfig/specs/MongoLoglessDynamicRaftAux.tla
Parsing file /proj/will-fm/logless-reconfig/specs/MongoLoglessDynamicRaft.tla
Parsing file /tmp/Naturals.tla
Parsing file /tmp/Integers.tla
Parsing file /tmp/FiniteSets.tla
Parsing file /tmp/Sequences.tla
Semantic processing of module Naturals
Semantic processing of module Sequences
Semantic processing of module FiniteSets
Semantic processing of module TLC
Semantic processing of module Integers
Semantic processing of module MongoLoglessDynamicRaft
Semantic processing of module MongoLoglessDynamicRaftAux
Semantic processing of module MCMongoLoglessDynamicRaftAux
Starting... (2021-05-06 20:50:00)
Computing initial states...
Computed 2 initial states...
Computed 4 initial states...
Computed 8 initial states...
Finished computing initial states: 15 states generated, with 4 of them distinct at 2021-05-06 20:50:01.
Progress(8) at 2021-05-06 20:50:04: 48,860 states generated (48,860 s/min), 19,904 distinct states found (19,904 ds/min), 14,487 states left on queue.
Progress(11) at 2021-05-06 20:51:04: 1,461,066 states generated (1,412,206 s/min), 462,672 distinct states found (442,768 ds/min), 302,519 states left on queue.
Progress(12) at 2021-05-06 20:52:04: 2,971,727 states generated (1,510,661 s/min), 867,376 distinct states found (404,704 ds/min), 544,768 states left on queue.
Progress(12) at 2021-05-06 20:53:04: 4,556,836 states generated (1,585,109 s/min), 1,292,443 distinct states found (425,067 ds/min), 796,098 states left on queue.
Progress(12) at 2021-05-06 20:54:04: 6,064,951 states generated (1,508,115 s/min), 1,679,987 distinct states found (387,544 ds/min), 1,022,148 states left on queue.
Progress(13) at 2021-05-06 20:55:04: 7,570,448 states generated (1,505,497 s/min), 2,039,699 distinct states found (359,712 ds/min), 1,222,099 states left on queue.
Progress(13) at 2021-05-06 20:56:04: 9,276,961 states generated (1,706,513 s/min), 2,384,011 distinct states found (344,312 ds/min), 1,378,043 states left on queue.
Progress(13) at 2021-05-06 20:57:04: 10,839,032 states generated (1,562,071 s/min), 2,746,901 distinct states found (362,890 ds/min), 1,576,104 states left on queue.
Progress(13) at 2021-05-06 20:58:04: 12,423,604 states generated (1,584,572 s/min), 3,110,418 distinct states found (363,517 ds/min), 1,769,793 states left on queue.
Progress(13) at 2021-05-06 20:59:04: 13,944,793 states generated (1,521,189 s/min), 3,456,380 distinct states found (345,962 ds/min), 1,953,698 states left on queue.
Progress(13) at 2021-05-06 21:00:04: 15,482,047 states generated (1,537,254 s/min), 3,827,391 distinct states found (371,011 ds/min), 2,157,986 states left on queue.
Progress(13) at 2021-05-06 21:01:04: 16,985,511 states generated (1,503,464 s/min), 4,182,564 distinct states found (355,173 ds/min), 2,353,691 states left on queue.
Progress(14) at 2021-05-06 21:02:04: 18,420,169 states generated (1,434,658 s/min), 4,530,185 distinct states found (347,621 ds/min), 2,548,618 states left on queue.
Progress(14) at 2021-05-06 21:03:04: 20,172,064 states generated (1,751,895 s/min), 4,756,735 distinct states found (226,550 ds/min), 2,591,312 states left on queue.
Progress(14) at 2021-05-06 21:04:04: 21,891,012 states generated (1,718,948 s/min), 5,021,378 distinct states found (264,643 ds/min), 2,670,917 states left on queue.
Progress(14) at 2021-05-06 21:05:04: 23,511,890 states generated (1,620,878 s/min), 5,316,599 distinct states found (295,221 ds/min), 2,795,370 states left on queue.
Progress(14) at 2021-05-06 21:06:04: 25,072,103 states generated (1,560,213 s/min), 5,626,532 distinct states found (309,933 ds/min), 2,943,505 states left on queue.
Progress(14) at 2021-05-06 21:07:04: 26,625,981 states generated (1,553,878 s/min), 5,967,317 distinct states found (340,785 ds/min), 3,119,740 states left on queue.
Progress(14) at 2021-05-06 21:08:04: 28,301,424 states generated (1,675,443 s/min), 6,283,753 distinct states found (316,436 ds/min), 3,255,202 states left on queue.
Progress(14) at 2021-05-06 21:09:04: 29,914,145 states generated (1,612,721 s/min), 6,568,891 distinct states found (285,138 ds/min), 3,369,769 states left on queue.
Progress(14) at 2021-05-06 21:10:04: 31,431,489 states generated (1,517,344 s/min), 6,880,281 distinct states found (311,390 ds/min), 3,519,681 states left on queue.
Progress(14) at 2021-05-06 21:11:04: 32,933,054 states generated (1,501,565 s/min), 7,224,255 distinct states found (343,974 ds/min), 3,702,115 states left on queue.
Progress(14) at 2021-05-06 21:12:04: 34,519,492 states generated (1,586,438 s/min), 7,536,238 distinct states found (311,983 ds/min), 3,842,694 states left on queue.
Progress(14) at 2021-05-06 21:13:04: 36,071,193 states generated (1,551,701 s/min), 7,863,790 distinct states found (327,552 ds/min), 4,001,220 states left on queue.
Progress(14) at 2021-05-06 21:14:04: 37,652,482 states generated (1,581,289 s/min), 8,162,119 distinct states found (298,329 ds/min), 4,134,094 states left on queue.
Progress(14) at 2021-05-06 21:15:04: 39,157,644 states generated (1,505,162 s/min), 8,481,822 distinct states found (319,703 ds/min), 4,294,383 states left on queue.
Progress(14) at 2021-05-06 21:16:04: 40,613,240 states generated (1,455,596 s/min), 8,810,628 distinct states found (328,806 ds/min), 4,469,085 states left on queue.
Progress(14) at 2021-05-06 21:17:04: 42,093,688 states generated (1,480,448 s/min), 9,130,759 distinct states found (320,131 ds/min), 4,629,180 states left on queue.
Progress(15) at 2021-05-06 21:18:04: 43,799,931 states generated (1,706,243 s/min), 9,307,765 distinct states found (177,006 ds/min), 4,637,239 states left on queue.
Progress(15) at 2021-05-06 21:19:04: 45,549,852 states generated (1,749,921 s/min), 9,494,797 distinct states found (187,032 ds/min), 4,642,481 states left on queue.
Checkpointing of run states/21-05-06-20-49-59
Checkpointing completed at (2021-05-06 21:20:04)
Progress(15) at 2021-05-06 21:20:04: 47,286,932 states generated (1,737,080 s/min), 9,690,084 distinct states found (195,287 ds/min), 4,657,267 states left on queue.
Progress(15) at 2021-05-06 21:21:04: 48,911,200 states generated (1,624,268 s/min), 9,927,625 distinct states found (237,541 ds/min), 4,729,158 states left on queue.
Progress(15) at 2021-05-06 21:22:04: 50,520,273 states generated (1,609,073 s/min), 10,188,452 distinct states found (260,827 ds/min), 4,821,000 states left on queue.
Progress(15) at 2021-05-06 21:23:04: 52,125,959 states generated (1,605,686 s/min), 10,441,497 distinct states found (253,045 ds/min), 4,910,971 states left on queue.
Progress(15) at 2021-05-06 21:24:04: 53,786,652 states generated (1,660,693 s/min), 10,706,673 distinct states found (265,176 ds/min), 5,003,985 states left on queue.
Progress(15) at 2021-05-06 21:25:04: 55,367,969 states generated (1,581,317 s/min), 10,993,733 distinct states found (287,060 ds/min), 5,123,874 states left on queue.
Progress(15) at 2021-05-06 21:26:04: 56,914,386 states generated (1,546,417 s/min), 11,309,830 distinct states found (316,097 ds/min), 5,276,540 states left on queue.
Progress(15) at 2021-05-06 21:27:04: 58,629,684 states generated (1,715,298 s/min), 11,540,253 distinct states found (230,423 ds/min), 5,327,992 states left on queue.
Progress(15) at 2021-05-06 21:28:04: 60,276,872 states generated (1,647,188 s/min), 11,769,739 distinct states found (229,486 ds/min), 5,389,257 states left on queue.
Progress(15) at 2021-05-06 21:29:04: 61,918,872 states generated (1,642,000 s/min), 12,042,762 distinct states found (273,023 ds/min), 5,485,515 states left on queue.
Progress(15) at 2021-05-06 21:30:04: 63,449,203 states generated (1,530,331 s/min), 12,307,155 distinct states found (264,393 ds/min), 5,586,464 states left on queue.
Progress(15) at 2021-05-06 21:31:04: 65,004,374 states generated (1,555,171 s/min), 12,582,163 distinct states found (275,008 ds/min), 5,697,634 states left on queue.
Progress(15) at 2021-05-06 21:32:04: 66,514,400 states generated (1,510,026 s/min), 12,878,434 distinct states found (296,271 ds/min), 5,830,494 states left on queue.
Progress(15) at 2021-05-06 21:33:04: 68,045,406 states generated (1,531,006 s/min), 13,210,043 distinct states found (331,609 ds/min), 5,996,241 states left on queue.
Progress(15) at 2021-05-06 21:34:04: 69,641,993 states generated (1,596,587 s/min), 13,465,631 distinct states found (255,588 ds/min), 6,081,656 states left on queue.
Progress(15) at 2021-05-06 21:35:04: 71,296,957 states generated (1,654,964 s/min), 13,712,546 distinct states found (246,915 ds/min), 6,152,537 states left on queue.
Progress(15) at 2021-05-06 21:36:04: 72,905,069 states generated (1,608,112 s/min), 13,967,414 distinct states found (254,868 ds/min), 6,237,727 states left on queue.
Progress(15) at 2021-05-06 21:37:04: 74,462,953 states generated (1,557,884 s/min), 14,256,088 distinct states found (288,674 ds/min), 6,354,568 states left on queue.
Progress(15) at 2021-05-06 21:38:04: 76,101,882 states generated (1,638,929 s/min), 14,504,392 distinct states found (248,304 ds/min), 6,434,331 states left on queue.
Progress(15) at 2021-05-06 21:39:04: 77,652,289 states generated (1,550,407 s/min), 14,767,244 distinct states found (262,852 ds/min), 6,537,821 states left on queue.
Progress(15) at 2021-05-06 21:40:04: 79,188,682 states generated (1,536,393 s/min), 15,034,661 distinct states found (267,417 ds/min), 6,645,114 states left on queue.
Progress(15) at 2021-05-06 21:41:04: 80,683,200 states generated (1,494,518 s/min), 15,325,798 distinct states found (291,137 ds/min), 6,775,291 states left on queue.
Progress(15) at 2021-05-06 21:42:04: 82,090,703 states generated (1,407,503 s/min), 15,635,185 distinct states found (309,387 ds/min), 6,933,976 states left on queue.
Progress(15) at 2021-05-06 21:43:04: 83,651,049 states generated (1,560,346 s/min), 15,911,639 distinct states found (276,454 ds/min), 7,046,279 states left on queue.
Progress(15) at 2021-05-06 21:44:04: 85,157,488 states generated (1,506,439 s/min), 16,188,351 distinct states found (276,712 ds/min), 7,159,850 states left on queue.
Progress(16) at 2021-05-06 21:45:04: 86,696,810 states generated (1,539,322 s/min), 16,451,947 distinct states found (263,596 ds/min), 7,263,260 states left on queue.
Progress(16) at 2021-05-06 21:46:04: 88,475,549 states generated (1,778,739 s/min), 16,578,204 distinct states found (126,257 ds/min), 7,220,226 states left on queue.
Progress(16) at 2021-05-06 21:47:04: 90,200,063 states generated (1,724,514 s/min), 16,722,630 distinct states found (144,426 ds/min), 7,194,844 states left on queue.
Progress(16) at 2021-05-06 21:48:04: 91,982,378 states generated (1,782,315 s/min), 16,860,784 distinct states found (138,154 ds/min), 7,157,651 states left on queue.
Progress(16) at 2021-05-06 21:49:04: 93,599,610 states generated (1,617,232 s/min), 17,065,002 distinct states found (204,218 ds/min), 7,200,245 states left on queue.
Checkpointing of run states/21-05-06-20-49-59
Checkpointing completed at (2021-05-06 21:50:04)
Progress(16) at 2021-05-06 21:50:04: 95,340,241 states generated (1,740,631 s/min), 17,260,535 distinct states found (195,533 ds/min), 7,220,819 states left on queue.
Progress(16) at 2021-05-06 21:51:04: 96,872,931 states generated (1,532,690 s/min), 17,503,655 distinct states found (243,120 ds/min), 7,303,622 states left on queue.
Progress(16) at 2021-05-06 21:52:04: 98,509,223 states generated (1,636,292 s/min), 17,718,382 distinct states found (214,727 ds/min), 7,353,886 states left on queue.
Progress(16) at 2021-05-06 21:53:04: 100,161,013 states generated (1,651,790 s/min), 17,913,379 distinct states found (194,997 ds/min), 7,385,553 states left on queue.
Progress(16) at 2021-05-06 21:54:04: 101,832,967 states generated (1,671,954 s/min), 18,144,346 distinct states found (230,967 ds/min), 7,446,148 states left on queue.
Progress(16) at 2021-05-06 21:55:04: 103,441,155 states generated (1,608,188 s/min), 18,368,145 distinct states found (223,799 ds/min), 7,504,675 states left on queue.
Progress(16) at 2021-05-06 21:56:04: 104,998,692 states generated (1,557,537 s/min), 18,622,168 distinct states found (254,023 ds/min), 7,595,256 states left on queue.
Progress(16) at 2021-05-06 21:57:04: 106,550,775 states generated (1,552,083 s/min), 18,860,838 distinct states found (238,670 ds/min), 7,676,666 states left on queue.
Progress(16) at 2021-05-06 21:58:04: 108,204,095 states generated (1,653,320 s/min), 19,122,464 distinct states found (261,626 ds/min), 7,763,517 states left on queue.
Progress(16) at 2021-05-06 21:59:04: 109,924,083 states generated (1,719,988 s/min), 19,299,144 distinct states found (176,680 ds/min), 7,767,936 states left on queue.
Progress(16) at 2021-05-06 22:00:04: 111,571,963 states generated (1,647,880 s/min), 19,487,864 distinct states found (188,720 ds/min), 7,791,981 states left on queue.
Progress(16) at 2021-05-06 22:01:04: 113,230,499 states generated (1,658,536 s/min), 19,706,507 distinct states found (218,643 ds/min), 7,842,372 states left on queue.
Progress(16) at 2021-05-06 22:02:04: 114,873,751 states generated (1,643,252 s/min), 19,946,803 distinct states found (240,296 ds/min), 7,901,979 states left on queue.
Progress(16) at 2021-05-06 22:03:04: 116,415,813 states generated (1,542,062 s/min), 20,180,115 distinct states found (233,312 ds/min), 7,969,503 states left on queue.
Progress(16) at 2021-05-06 22:04:04: 117,966,248 states generated (1,550,435 s/min), 20,407,260 distinct states found (227,145 ds/min), 8,031,854 states left on queue.
Progress(16) at 2021-05-06 22:05:04: 119,557,693 states generated (1,591,445 s/min), 20,640,611 distinct states found (233,351 ds/min), 8,099,201 states left on queue.
Progress(16) at 2021-05-06 22:06:04: 121,135,982 states generated (1,578,289 s/min), 20,896,787 distinct states found (256,176 ds/min), 8,187,109 states left on queue.
Progress(16) at 2021-05-06 22:07:04: 122,617,906 states generated (1,481,924 s/min), 21,151,612 distinct states found (254,825 ds/min), 8,283,260 states left on queue.
Progress(16) at 2021-05-06 22:08:04: 124,171,556 states generated (1,553,650 s/min), 21,455,644 distinct states found (304,032 ds/min), 8,419,994 states left on queue.
Progress(16) at 2021-05-06 22:09:04: 125,707,457 states generated (1,535,901 s/min), 21,722,727 distinct states found (267,083 ds/min), 8,520,549 states left on queue.
Progress(16) at 2021-05-06 22:10:04: 127,345,388 states generated (1,637,931 s/min), 21,932,666 distinct states found (209,939 ds/min), 8,558,515 states left on queue.
Progress(16) at 2021-05-06 22:11:04: 128,933,159 states generated (1,587,771 s/min), 22,157,792 distinct states found (225,126 ds/min), 8,614,930 states left on queue.
Progress(16) at 2021-05-06 22:12:04: 130,621,862 states generated (1,688,703 s/min), 22,333,525 distinct states found (175,733 ds/min), 8,618,782 states left on queue.
Progress(16) at 2021-05-06 22:13:04: 132,306,321 states generated (1,684,459 s/min), 22,535,209 distinct states found (201,684 ds/min), 8,647,720 states left on queue.
Progress(16) at 2021-05-06 22:14:04: 133,869,858 states generated (1,563,537 s/min), 22,745,946 distinct states found (210,737 ds/min), 8,695,923 states left on queue.
Progress(16) at 2021-05-06 22:15:04: 135,440,819 states generated (1,570,961 s/min), 22,992,256 distinct states found (246,310 ds/min), 8,771,014 states left on queue.
Progress(16) at 2021-05-06 22:16:04: 137,108,868 states generated (1,668,049 s/min), 23,189,702 distinct states found (197,446 ds/min), 8,800,327 states left on queue.
Progress(16) at 2021-05-06 22:17:04: 138,740,003 states generated (1,631,135 s/min), 23,394,945 distinct states found (205,243 ds/min), 8,841,469 states left on queue.
Progress(16) at 2021-05-06 22:18:04: 140,286,683 states generated (1,546,680 s/min), 23,629,937 distinct states found (234,992 ds/min), 8,918,037 states left on queue.
Progress(16) at 2021-05-06 22:19:04: 141,843,659 states generated (1,556,976 s/min), 23,866,965 distinct states found (237,028 ds/min), 8,996,840 states left on queue.
Checkpointing of run states/21-05-06-20-49-59
Checkpointing completed at (2021-05-06 22:20:05)
Progress(16) at 2021-05-06 22:20:05: 143,400,453 states generated (1,556,794 s/min), 24,100,843 distinct states found (233,878 ds/min), 9,068,651 states left on queue.
Progress(16) at 2021-05-06 22:21:05: 144,927,446 states generated (1,526,993 s/min), 24,368,289 distinct states found (267,446 ds/min), 9,170,189 states left on queue.
Progress(16) at 2021-05-06 22:22:05: 146,433,992 states generated (1,506,546 s/min), 24,612,936 distinct states found (244,647 ds/min), 9,256,632 states left on queue.
Progress(16) at 2021-05-06 22:23:05: 147,904,878 states generated (1,470,886 s/min), 24,899,105 distinct states found (286,169 ds/min), 9,383,373 states left on queue.
Progress(16) at 2021-05-06 22:24:05: 149,359,987 states generated (1,455,109 s/min), 25,187,947 distinct states found (288,842 ds/min), 9,516,754 states left on queue.
Progress(16) at 2021-05-06 22:25:05: 150,905,302 states generated (1,545,315 s/min), 25,432,787 distinct states found (244,840 ds/min), 9,598,292 states left on queue.
Progress(16) at 2021-05-06 22:26:05: 152,530,670 states generated (1,625,368 s/min), 25,644,467 distinct states found (211,680 ds/min), 9,641,549 states left on queue.
Progress(16) at 2021-05-06 22:27:05: 154,075,280 states generated (1,544,610 s/min), 25,874,889 distinct states found (230,422 ds/min), 9,709,071 states left on queue.
Progress(16) at 2021-05-06 22:28:05: 155,600,346 states generated (1,525,066 s/min), 26,118,167 distinct states found (243,278 ds/min), 9,789,113 states left on queue.
Progress(17) at 2021-05-06 22:29:05: 157,218,803 states generated (1,618,457 s/min), 26,312,736 distinct states found (194,569 ds/min), 9,826,054 states left on queue.
Progress(17) at 2021-05-06 22:30:05: 159,002,676 states generated (1,783,873 s/min), 26,410,936 distinct states found (98,200 ds/min), 9,762,059 states left on queue.
Progress(17) at 2021-05-06 22:31:05: 160,711,033 states generated (1,708,357 s/min), 26,521,771 distinct states found (110,835 ds/min), 9,714,221 states left on queue.
Progress(17) at 2021-05-06 22:32:05: 162,421,254 states generated (1,710,221 s/min), 26,656,851 distinct states found (135,080 ds/min), 9,688,670 states left on queue.
Progress(17) at 2021-05-06 22:33:05: 164,032,658 states generated (1,611,404 s/min), 26,842,084 distinct states found (185,233 ds/min), 9,715,226 states left on queue.
Progress(17) at 2021-05-06 22:34:05: 165,772,703 states generated (1,740,045 s/min), 27,004,623 distinct states found (162,539 ds/min), 9,707,095 states left on queue.
Progress(17) at 2021-05-06 22:35:05: 167,316,644 states generated (1,543,941 s/min), 27,204,679 distinct states found (200,056 ds/min), 9,748,076 states left on queue.
Progress(17) at 2021-05-06 22:36:05: 168,928,149 states generated (1,611,505 s/min), 27,409,434 distinct states found (204,755 ds/min), 9,791,631 states left on queue.
Progress(17) at 2021-05-06 22:37:05: 170,582,557 states generated (1,654,408 s/min), 27,561,567 distinct states found (152,133 ds/min), 9,784,169 states left on queue.
Progress(17) at 2021-05-06 22:38:05: 172,258,758 states generated (1,676,201 s/min), 27,733,985 distinct states found (172,418 ds/min), 9,794,104 states left on queue.
Progress(17) at 2021-05-06 22:39:05: 173,915,058 states generated (1,656,300 s/min), 27,947,468 distinct states found (213,483 ds/min), 9,841,020 states left on queue.
Progress(17) at 2021-05-06 22:40:05: 175,597,925 states generated (1,682,867 s/min), 28,101,798 distinct states found (154,330 ds/min), 9,831,164 states left on queue.
Progress(17) at 2021-05-06 22:41:05: 177,213,132 states generated (1,615,207 s/min), 28,299,713 distinct states found (197,915 ds/min), 9,866,465 states left on queue.
Progress(17) at 2021-05-06 22:42:05: 178,744,283 states generated (1,531,151 s/min), 28,524,847 distinct states found (225,134 ds/min), 9,932,163 states left on queue.
Progress(17) at 2021-05-06 22:43:05: 180,304,890 states generated (1,560,607 s/min), 28,735,992 distinct states found (211,145 ds/min), 9,986,120 states left on queue.
Progress(17) at 2021-05-06 22:44:05: 181,914,306 states generated (1,609,416 s/min), 28,929,857 distinct states found (193,865 ds/min), 10,018,263 states left on queue.
Progress(17) at 2021-05-06 22:45:05: 183,535,126 states generated (1,620,820 s/min), 29,164,793 distinct states found (234,936 ds/min), 10,084,388 states left on queue.
Progress(17) at 2021-05-06 22:46:05: 185,274,750 states generated (1,739,624 s/min), 29,312,441 distinct states found (147,648 ds/min), 10,065,518 states left on queue.
Progress(17) at 2021-05-06 22:47:05: 186,888,676 states generated (1,613,926 s/min), 29,488,044 distinct states found (175,603 ds/min), 10,079,283 states left on queue.
Progress(17) at 2021-05-06 22:48:05: 188,577,503 states generated (1,688,827 s/min), 29,625,332 distinct states found (137,288 ds/min), 10,058,153 states left on queue.
Progress(17) at 2021-05-06 22:49:05: 190,250,664 states generated (1,673,161 s/min), 29,831,050 distinct states found (205,718 ds/min), 10,091,675 states left on queue.
Checkpointing of run states/21-05-06-20-49-59
Checkpointing completed at (2021-05-06 22:50:05)
Progress(17) at 2021-05-06 22:50:05: 191,907,537 states generated (1,656,873 s/min), 30,036,118 distinct states found (205,068 ds/min), 10,114,705 states left on queue.
Progress(17) at 2021-05-06 22:51:05: 193,478,085 states generated (1,570,548 s/min), 30,222,116 distinct states found (185,998 ds/min), 10,135,831 states left on queue.
Progress(17) at 2021-05-06 22:52:05: 195,070,004 states generated (1,591,919 s/min), 30,414,879 distinct states found (192,763 ds/min), 10,160,973 states left on queue.
Progress(17) at 2021-05-06 22:53:05: 196,636,111 states generated (1,566,107 s/min), 30,607,109 distinct states found (192,230 ds/min), 10,190,879 states left on queue.
Progress(17) at 2021-05-06 22:54:05: 198,202,612 states generated (1,566,501 s/min), 30,814,876 distinct states found (207,767 ds/min), 10,234,198 states left on queue.
Progress(17) at 2021-05-06 22:55:05: 199,837,553 states generated (1,634,941 s/min), 31,010,726 distinct states found (195,850 ds/min), 10,267,771 states left on queue.
Progress(17) at 2021-05-06 22:56:05: 201,430,712 states generated (1,593,159 s/min), 31,242,405 distinct states found (231,679 ds/min), 10,324,516 states left on queue.
Progress(17) at 2021-05-06 22:57:05: 202,934,297 states generated (1,503,585 s/min), 31,462,482 distinct states found (220,077 ds/min), 10,383,217 states left on queue.
Progress(17) at 2021-05-06 22:58:05: 204,440,495 states generated (1,506,198 s/min), 31,694,886 distinct states found (232,404 ds/min), 10,453,158 states left on queue.
Progress(17) at 2021-05-06 22:59:05: 206,004,189 states generated (1,563,694 s/min), 31,937,979 distinct states found (243,093 ds/min), 10,528,872 states left on queue.
Progress(17) at 2021-05-06 23:00:05: 207,628,459 states generated (1,624,270 s/min), 32,184,239 distinct states found (246,260 ds/min), 10,604,568 states left on queue.
Progress(17) at 2021-05-06 23:01:05: 209,152,654 states generated (1,524,195 s/min), 32,376,437 distinct states found (192,198 ds/min), 10,634,816 states left on queue.
Progress(17) at 2021-05-06 23:02:05: 210,765,574 states generated (1,612,920 s/min), 32,544,638 distinct states found (168,201 ds/min), 10,635,195 states left on queue.
Progress(17) at 2021-05-06 23:03:05: 212,338,784 states generated (1,573,210 s/min), 32,726,587 distinct states found (181,949 ds/min), 10,652,278 states left on queue.
Progress(17) at 2021-05-06 23:04:05: 213,995,945 states generated (1,657,161 s/min), 32,874,880 distinct states found (148,293 ds/min), 10,634,316 states left on queue.
Progress(17) at 2021-05-06 23:05:05: 215,690,512 states generated (1,694,567 s/min), 33,032,453 distinct states found (157,573 ds/min), 10,624,406 states left on queue.
Progress(17) at 2021-05-06 23:06:05: 217,377,259 states generated (1,686,747 s/min), 33,190,171 distinct states found (157,718 ds/min), 10,616,321 states left on queue.
Progress(17) at 2021-05-06 23:07:05: 218,948,837 states generated (1,571,578 s/min), 33,362,541 distinct states found (172,370 ds/min), 10,629,731 states left on queue.
Progress(17) at 2021-05-06 23:08:05: 220,494,491 states generated (1,545,654 s/min), 33,549,127 distinct states found (186,586 ds/min), 10,652,166 states left on queue.
Progress(17) at 2021-05-06 23:09:05: 222,193,644 states generated (1,699,153 s/min), 33,721,187 distinct states found (172,060 ds/min), 10,651,285 states left on queue.
Progress(17) at 2021-05-06 23:10:05: 223,858,215 states generated (1,664,571 s/min), 33,897,070 distinct states found (175,883 ds/min), 10,665,173 states left on queue.
Progress(17) at 2021-05-06 23:11:05: 225,496,080 states generated (1,637,865 s/min), 34,071,945 distinct states found (174,875 ds/min), 10,679,309 states left on queue.
Progress(17) at 2021-05-06 23:12:05: 226,983,341 states generated (1,487,261 s/min), 34,295,748 distinct states found (223,803 ds/min), 10,750,349 states left on queue.
Progress(17) at 2021-05-06 23:13:05: 228,599,003 states generated (1,615,662 s/min), 34,489,453 distinct states found (193,705 ds/min), 10,782,826 states left on queue.
Progress(17) at 2021-05-06 23:14:05: 230,165,685 states generated (1,566,682 s/min), 34,696,350 distinct states found (206,897 ds/min), 10,832,436 states left on queue.
Progress(17) at 2021-05-06 23:15:05: 231,728,932 states generated (1,563,247 s/min), 34,892,692 distinct states found (196,342 ds/min), 10,873,978 states left on queue.
Progress(17) at 2021-05-06 23:16:05: 233,336,720 states generated (1,607,788 s/min), 35,126,249 distinct states found (233,557 ds/min), 10,932,548 states left on queue.
Progress(17) at 2021-05-06 23:17:05: 234,829,931 states generated (1,493,211 s/min), 35,369,209 distinct states found (242,960 ds/min), 11,011,650 states left on queue.
Progress(17) at 2021-05-06 23:18:05: 236,371,728 states generated (1,541,797 s/min), 35,594,006 distinct states found (224,797 ds/min), 11,074,688 states left on queue.
Progress(17) at 2021-05-06 23:19:05: 237,864,813 states generated (1,493,085 s/min), 35,810,366 distinct states found (216,360 ds/min), 11,134,645 states left on queue.
Checkpointing of run states/21-05-06-20-49-59
Checkpointing completed at (2021-05-06 23:20:06)
Progress(17) at 2021-05-06 23:20:06: 239,359,364 states generated (1,494,551 s/min), 36,079,055 distinct states found (268,689 ds/min), 11,238,954 states left on queue.
Progress(17) at 2021-05-06 23:21:06: 240,812,672 states generated (1,453,308 s/min), 36,344,148 distinct states found (265,093 ds/min), 11,349,383 states left on queue.
Progress(17) at 2021-05-06 23:22:06: 242,279,395 states generated (1,466,723 s/min), 36,611,478 distinct states found (267,330 ds/min), 11,459,381 states left on queue.
Progress(17) at 2021-05-06 23:23:06: 243,869,335 states generated (1,589,940 s/min), 36,807,555 distinct states found (196,077 ds/min), 11,491,142 states left on queue.
Progress(17) at 2021-05-06 23:24:06: 245,402,391 states generated (1,533,056 s/min), 37,025,640 distinct states found (218,085 ds/min), 11,549,016 states left on queue.
Progress(17) at 2021-05-06 23:25:06: 247,064,907 states generated (1,662,516 s/min), 37,198,535 distinct states found (172,895 ds/min), 11,554,945 states left on queue.
Progress(17) at 2021-05-06 23:26:06: 248,707,158 states generated (1,642,251 s/min), 37,398,160 distinct states found (199,625 ds/min), 11,588,311 states left on queue.
Progress(17) at 2021-05-06 23:27:06: 250,127,862 states generated (1,420,704 s/min), 37,606,061 distinct states found (207,901 ds/min), 11,641,087 states left on queue.
Progress(17) at 2021-05-06 23:28:06: 251,765,753 states generated (1,637,891 s/min), 37,810,208 distinct states found (204,147 ds/min), 11,678,361 states left on queue.
Progress(17) at 2021-05-06 23:29:06: 253,349,823 states generated (1,584,070 s/min), 38,016,555 distinct states found (206,347 ds/min), 11,725,926 states left on queue.
Progress(18) at 2021-05-06 23:30:06: 255,109,074 states generated (1,759,251 s/min), 38,094,417 distinct states found (77,862 ds/min), 11,654,754 states left on queue.
Progress(18) at 2021-05-06 23:31:06: 256,827,462 states generated (1,718,388 s/min), 38,183,366 distinct states found (88,949 ds/min), 11,594,056 states left on queue.
Progress(18) at 2021-05-06 23:32:06: 258,432,043 states generated (1,604,581 s/min), 38,329,586 distinct states found (146,220 ds/min), 11,589,031 states left on queue.
Progress(18) at 2021-05-06 23:33:06: 260,149,816 states generated (1,717,773 s/min), 38,461,614 distinct states found (132,028 ds/min), 11,561,630 states left on queue.
Progress(18) at 2021-05-06 23:34:06: 261,812,886 states generated (1,663,070 s/min), 38,608,588 distinct states found (146,974 ds/min), 11,546,808 states left on queue.
Progress(18) at 2021-05-06 23:35:06: 263,384,610 states generated (1,571,724 s/min), 38,786,831 distinct states found (178,243 ds/min), 11,566,435 states left on queue.
Progress(18) at 2021-05-06 23:36:06: 265,026,363 states generated (1,641,753 s/min), 38,946,432 distinct states found (159,601 ds/min), 11,566,746 states left on queue.
Progress(18) at 2021-05-06 23:37:06: 266,689,543 states generated (1,663,180 s/min), 39,076,472 distinct states found (130,040 ds/min), 11,541,283 states left on queue.
Progress(18) at 2021-05-06 23:38:06: 268,329,505 states generated (1,639,962 s/min), 39,222,244 distinct states found (145,772 ds/min), 11,530,798 states left on queue.
Progress(18) at 2021-05-06 23:39:06: 269,993,465 states generated (1,663,960 s/min), 39,393,114 distinct states found (170,870 ds/min), 11,539,557 states left on queue.
Progress(18) at 2021-05-06 23:40:06: 271,705,504 states generated (1,712,039 s/min), 39,532,733 distinct states found (139,619 ds/min), 11,517,919 states left on queue.
Progress(18) at 2021-05-06 23:41:06: 273,283,510 states generated (1,578,006 s/min), 39,696,532 distinct states found (163,799 ds/min), 11,528,620 states left on queue.
Progress(18) at 2021-05-06 23:42:06: 274,931,920 states generated (1,648,410 s/min), 39,851,575 distinct states found (155,043 ds/min), 11,524,247 states left on queue.
Progress(18) at 2021-05-06 23:43:06: 276,480,273 states generated (1,548,353 s/min), 40,030,103 distinct states found (178,528 ds/min), 11,545,787 states left on queue.
Progress(18) at 2021-05-06 23:44:06: 277,997,592 states generated (1,517,319 s/min), 40,240,395 distinct states found (210,292 ds/min), 11,600,400 states left on queue.
Progress(18) at 2021-05-06 23:45:06: 279,569,657 states generated (1,572,065 s/min), 40,393,073 distinct states found (152,678 ds/min), 11,600,074 states left on queue.
Progress(18) at 2021-05-06 23:46:06: 281,233,826 states generated (1,664,169 s/min), 40,554,004 distinct states found (160,931 ds/min), 11,599,991 states left on queue.
Progress(18) at 2021-05-06 23:47:06: 282,813,173 states generated (1,579,347 s/min), 40,762,801 distinct states found (208,797 ds/min), 11,646,224 states left on queue.
Progress(18) at 2021-05-06 23:48:06: 284,534,137 states generated (1,720,964 s/min), 40,887,791 distinct states found (124,990 ds/min), 11,610,126 states left on queue.
Progress(18) at 2021-05-06 23:49:06: 286,154,170 states generated (1,620,033 s/min), 41,023,358 distinct states found (135,567 ds/min), 11,590,310 states left on queue.
Checkpointing of run states/21-05-06-20-49-59
Checkpointing completed at (2021-05-06 23:50:07)
Progress(18) at 2021-05-06 23:50:07: 287,833,514 states generated (1,679,344 s/min), 41,138,692 distinct states found (115,334 ds/min), 11,551,985 states left on queue.
Progress(18) at 2021-05-06 23:51:07: 289,525,468 states generated (1,691,954 s/min), 41,316,146 distinct states found (177,454 ds/min), 11,560,521 states left on queue.
Progress(18) at 2021-05-06 23:52:07: 291,192,103 states generated (1,666,635 s/min), 41,485,361 distinct states found (169,215 ds/min), 11,552,608 states left on queue.
Progress(18) at 2021-05-06 23:53:07: 292,870,196 states generated (1,678,093 s/min), 41,635,999 distinct states found (150,638 ds/min), 11,534,548 states left on queue.
Progress(18) at 2021-05-06 23:54:07: 294,443,695 states generated (1,573,499 s/min), 41,790,330 distinct states found (154,331 ds/min), 11,525,380 states left on queue.
Progress(18) at 2021-05-06 23:55:07: 296,070,618 states generated (1,626,923 s/min), 41,944,700 distinct states found (154,370 ds/min), 11,515,611 states left on queue.
Progress(18) at 2021-05-06 23:56:07: 297,644,319 states generated (1,573,701 s/min), 42,106,264 distinct states found (161,564 ds/min), 11,516,203 states left on queue.
Progress(18) at 2021-05-06 23:57:07: 299,208,987 states generated (1,564,668 s/min), 42,280,678 distinct states found (174,414 ds/min), 11,531,274 states left on queue.
Progress(18) at 2021-05-06 23:58:07: 300,875,413 states generated (1,666,426 s/min), 42,419,904 distinct states found (139,226 ds/min), 11,510,190 states left on queue.
Progress(18) at 2021-05-06 23:59:07: 302,483,653 states generated (1,608,240 s/min), 42,626,324 distinct states found (206,420 ds/min), 11,547,550 states left on queue.
Progress(18) at 2021-05-07 00:00:07: 304,085,637 states generated (1,601,984 s/min), 42,820,255 distinct states found (193,931 ds/min), 11,569,674 states left on queue.
Progress(18) at 2021-05-07 00:01:07: 305,595,660 states generated (1,510,023 s/min), 43,017,005 distinct states found (196,750 ds/min), 11,603,162 states left on queue.
Progress(18) at 2021-05-07 00:02:07: 307,077,705 states generated (1,482,045 s/min), 43,183,464 distinct states found (166,459 ds/min), 11,613,543 states left on queue.
Progress(18) at 2021-05-07 00:03:07: 308,631,724 states generated (1,554,019 s/min), 43,389,544 distinct states found (206,080 ds/min), 11,655,770 states left on queue.
Progress(18) at 2021-05-07 00:04:07: 310,201,025 states generated (1,569,301 s/min), 43,591,325 distinct states found (201,781 ds/min), 11,692,369 states left on queue.
Progress(18) at 2021-05-07 00:05:07: 311,826,607 states generated (1,625,582 s/min), 43,788,597 distinct states found (197,272 ds/min), 11,722,819 states left on queue.
Progress(18) at 2021-05-07 00:06:07: 313,443,393 states generated (1,616,786 s/min), 43,976,630 distinct states found (188,033 ds/min), 11,747,416 states left on queue.
Progress(18) at 2021-05-07 00:07:07: 314,987,844 states generated (1,544,451 s/min), 44,120,399 distinct states found (143,769 ds/min), 11,731,500 states left on queue.
Progress(18) at 2021-05-07 00:08:07: 316,623,254 states generated (1,635,410 s/min), 44,252,484 distinct states found (132,085 ds/min), 11,699,387 states left on queue.
Progress(18) at 2021-05-07 00:09:07: 318,208,873 states generated (1,585,619 s/min), 44,394,836 distinct states found (142,352 ds/min), 11,679,269 states left on queue.
Progress(18) at 2021-05-07 00:10:07: 319,871,677 states generated (1,662,804 s/min), 44,513,350 distinct states found (118,514 ds/min), 11,637,327 states left on queue.
Progress(18) at 2021-05-07 00:11:07: 321,570,884 states generated (1,699,207 s/min), 44,635,761 distinct states found (122,411 ds/min), 11,598,931 states left on queue.
Progress(18) at 2021-05-07 00:12:07: 323,245,500 states generated (1,674,616 s/min), 44,761,497 distinct states found (125,736 ds/min), 11,566,850 states left on queue.
Progress(18) at 2021-05-07 00:13:07: 324,836,862 states generated (1,591,362 s/min), 44,903,961 distinct states found (142,464 ds/min), 11,554,596 states left on queue.
Progress(18) at 2021-05-07 00:14:07: 326,408,369 states generated (1,571,507 s/min), 45,053,891 distinct states found (149,930 ds/min), 11,542,751 states left on queue.
Progress(18) at 2021-05-07 00:15:07: 328,035,732 states generated (1,627,363 s/min), 45,197,679 distinct states found (143,788 ds/min), 11,521,534 states left on queue.
Progress(18) at 2021-05-07 00:16:07: 329,715,446 states generated (1,679,714 s/min), 45,330,203 distinct states found (132,524 ds/min), 11,498,963 states left on queue.
Progress(18) at 2021-05-07 00:17:07: 331,338,044 states generated (1,622,598 s/min), 45,490,027 distinct states found (159,824 ds/min), 11,500,647 states left on queue.
Progress(18) at 2021-05-07 00:18:07: 332,972,270 states generated (1,634,226 s/min), 45,639,542 distinct states found (149,515 ds/min), 11,493,545 states left on queue.
Progress(18) at 2021-05-07 00:19:07: 334,444,896 states generated (1,472,626 s/min), 45,841,257 distinct states found (201,715 ds/min), 11,543,396 states left on queue.
Checkpointing of run states/21-05-06-20-49-59
Checkpointing completed at (2021-05-07 00:20:07)
Progress(18) at 2021-05-07 00:20:07: 336,066,158 states generated (1,621,262 s/min), 46,004,705 distinct states found (163,448 ds/min), 11,550,851 states left on queue.
Progress(18) at 2021-05-07 00:21:07: 337,671,606 states generated (1,605,448 s/min), 46,178,427 distinct states found (173,722 ds/min), 11,566,459 states left on queue.
Progress(18) at 2021-05-07 00:22:07: 339,142,865 states generated (1,471,259 s/min), 46,390,220 distinct states found (211,793 ds/min), 11,629,266 states left on queue.
Progress(18) at 2021-05-07 00:23:07: 340,772,548 states generated (1,629,683 s/min), 46,533,759 distinct states found (143,539 ds/min), 11,618,081 states left on queue.
Progress(18) at 2021-05-07 00:24:07: 342,392,089 states generated (1,619,541 s/min), 46,761,429 distinct states found (227,670 ds/min), 11,663,597 states left on queue.
Progress(18) at 2021-05-07 00:25:07: 343,876,170 states generated (1,484,081 s/min), 46,973,549 distinct states found (212,120 ds/min), 11,711,583 states left on queue.
Progress(18) at 2021-05-07 00:26:07: 345,449,475 states generated (1,573,305 s/min), 47,184,969 distinct states found (211,420 ds/min), 11,758,882 states left on queue.
Progress(18) at 2021-05-07 00:27:07: 347,016,435 states generated (1,566,960 s/min), 47,359,121 distinct states found (174,152 ds/min), 11,771,805 states left on queue.
Progress(18) at 2021-05-07 00:28:07: 348,516,451 states generated (1,500,016 s/min), 47,537,172 distinct states found (178,051 ds/min), 11,797,212 states left on queue.
Progress(18) at 2021-05-07 00:29:07: 350,077,288 states generated (1,560,837 s/min), 47,765,369 distinct states found (228,197 ds/min), 11,855,116 states left on queue.
Progress(18) at 2021-05-07 00:30:07: 351,536,842 states generated (1,459,554 s/min), 48,007,141 distinct states found (241,772 ds/min), 11,935,916 states left on queue.
Progress(18) at 2021-05-07 00:31:07: 353,028,371 states generated (1,491,529 s/min), 48,223,605 distinct states found (216,464 ds/min), 11,995,997 states left on queue.
Progress(18) at 2021-05-07 00:32:07: 354,498,388 states generated (1,470,017 s/min), 48,485,581 distinct states found (261,976 ds/min), 12,100,534 states left on queue.
Progress(18) at 2021-05-07 00:33:07: 355,984,243 states generated (1,485,855 s/min), 48,742,127 distinct states found (256,546 ds/min), 12,197,561 states left on queue.
Progress(18) at 2021-05-07 00:34:07: 357,544,782 states generated (1,560,539 s/min), 48,905,743 distinct states found (163,616 ds/min), 12,201,291 states left on queue.
Progress(18) at 2021-05-07 00:35:07: 359,066,181 states generated (1,521,399 s/min), 49,084,290 distinct states found (178,547 ds/min), 12,218,534 states left on queue.
Progress(18) at 2021-05-07 00:36:07: 360,597,602 states generated (1,531,421 s/min), 49,273,386 distinct states found (189,096 ds/min), 12,250,093 states left on queue.
Progress(18) at 2021-05-07 00:37:07: 362,274,224 states generated (1,676,622 s/min), 49,411,253 distinct states found (137,867 ds/min), 12,225,899 states left on queue.
Progress(18) at 2021-05-07 00:38:07: 363,935,266 states generated (1,661,042 s/min), 49,583,519 distinct states found (172,266 ds/min), 12,233,462 states left on queue.
Progress(18) at 2021-05-07 00:39:07: 365,482,779 states generated (1,547,513 s/min), 49,748,867 distinct states found (165,348 ds/min), 12,241,742 states left on queue.
Progress(18) at 2021-05-07 00:40:07: 366,924,851 states generated (1,442,072 s/min), 49,964,102 distinct states found (215,235 ds/min), 12,298,326 states left on queue.
Progress(18) at 2021-05-07 00:41:07: 368,605,830 states generated (1,680,979 s/min), 50,117,068 distinct states found (152,966 ds/min), 12,288,585 states left on queue.
Progress(18) at 2021-05-07 00:42:07: 370,195,328 states generated (1,589,498 s/min), 50,294,076 distinct states found (177,008 ds/min), 12,309,230 states left on queue.
Progress(19) at 2021-05-07 00:43:07: 371,883,411 states generated (1,688,083 s/min), 50,383,929 distinct states found (89,853 ds/min), 12,257,052 states left on queue.
Progress(19) at 2021-05-07 00:44:07: 373,574,207 states generated (1,690,796 s/min), 50,483,652 distinct states found (99,723 ds/min), 12,210,868 states left on queue.
Progress(19) at 2021-05-07 00:45:07: 375,204,589 states generated (1,630,382 s/min), 50,606,074 distinct states found (122,422 ds/min), 12,183,505 states left on queue.
Progress(19) at 2021-05-07 00:46:07: 376,928,367 states generated (1,723,778 s/min), 50,715,087 distinct states found (109,013 ds/min), 12,134,944 states left on queue.
Progress(19) at 2021-05-07 00:47:07: 378,548,810 states generated (1,620,443 s/min), 50,850,626 distinct states found (135,539 ds/min), 12,114,254 states left on queue.
Progress(19) at 2021-05-07 00:48:07: 380,126,651 states generated (1,577,841 s/min), 50,990,940 distinct states found (140,314 ds/min), 12,101,559 states left on queue.
Progress(19) at 2021-05-07 00:49:07: 381,812,079 states generated (1,685,428 s/min), 51,100,354 distinct states found (109,414 ds/min), 12,055,883 states left on queue.
Checkpointing of run states/21-05-06-20-49-59
Checkpointing completed at (2021-05-07 00:50:08)
Progress(19) at 2021-05-07 00:50:08: 383,459,431 states generated (1,647,352 s/min), 51,214,390 distinct states found (114,036 ds/min), 12,019,087 states left on queue.
Progress(19) at 2021-05-07 00:51:08: 385,151,736 states generated (1,692,305 s/min), 51,344,151 distinct states found (129,761 ds/min), 11,991,979 states left on queue.
Progress(19) at 2021-05-07 00:52:08: 386,828,857 states generated (1,677,121 s/min), 51,486,436 distinct states found (142,285 ds/min), 11,976,972 states left on queue.
Progress(19) at 2021-05-07 00:53:08: 388,456,746 states generated (1,627,889 s/min), 51,608,521 distinct states found (122,085 ds/min), 11,950,423 states left on queue.
Progress(19) at 2021-05-07 00:54:08: 390,052,377 states generated (1,595,631 s/min), 51,741,574 distinct states found (133,053 ds/min), 11,934,274 states left on queue.
Progress(19) at 2021-05-07 00:55:08: 391,656,396 states generated (1,604,019 s/min), 51,883,171 distinct states found (141,597 ds/min), 11,919,233 states left on queue.
Progress(19) at 2021-05-07 00:56:08: 393,193,612 states generated (1,537,216 s/min), 52,052,315 distinct states found (169,144 ds/min), 11,933,889 states left on queue.
Progress(19) at 2021-05-07 00:57:08: 394,761,143 states generated (1,567,531 s/min), 52,207,796 distinct states found (155,481 ds/min), 11,936,403 states left on queue.
Progress(19) at 2021-05-07 00:58:08: 396,311,494 states generated (1,550,351 s/min), 52,339,286 distinct states found (131,490 ds/min), 11,920,295 states left on queue.
Progress(19) at 2021-05-07 00:59:08: 398,001,275 states generated (1,689,781 s/min), 52,471,861 distinct states found (132,575 ds/min), 11,895,749 states left on queue.
Progress(19) at 2021-05-07 01:00:08: 399,576,100 states generated (1,574,825 s/min), 52,634,018 distinct states found (162,157 ds/min), 11,902,124 states left on queue.
Progress(19) at 2021-05-07 01:01:08: 401,274,226 states generated (1,698,126 s/min), 52,749,387 distinct states found (115,369 ds/min), 11,861,092 states left on queue.
Progress(19) at 2021-05-07 01:02:08: 402,888,244 states generated (1,614,018 s/min), 52,856,061 distinct states found (106,674 ds/min), 11,819,395 states left on queue.
Progress(19) at 2021-05-07 01:03:08: 404,577,947 states generated (1,689,703 s/min), 52,952,487 distinct states found (96,426 ds/min), 11,767,438 states left on queue.
Progress(19) at 2021-05-07 01:04:08: 406,262,904 states generated (1,684,957 s/min), 53,102,677 distinct states found (150,190 ds/min), 11,749,824 states left on queue.
Progress(19) at 2021-05-07 01:05:08: 407,944,158 states generated (1,681,254 s/min), 53,242,722 distinct states found (140,045 ds/min), 11,714,519 states left on queue.
Progress(19) at 2021-05-07 01:06:08: 409,609,358 states generated (1,665,200 s/min), 53,364,380 distinct states found (121,658 ds/min), 11,675,063 states left on queue.
Progress(19) at 2021-05-07 01:07:08: 411,175,925 states generated (1,566,567 s/min), 53,491,324 distinct states found (126,944 ds/min), 11,642,008 states left on queue.
Progress(19) at 2021-05-07 01:08:08: 412,741,912 states generated (1,565,987 s/min), 53,601,922 distinct states found (110,598 ds/min), 11,598,827 states left on queue.
Progress(19) at 2021-05-07 01:09:08: 414,403,401 states generated (1,661,489 s/min), 53,739,981 distinct states found (138,059 ds/min), 11,578,457 states left on queue.
Progress(19) at 2021-05-07 01:10:08: 415,996,443 states generated (1,593,042 s/min), 53,888,317 distinct states found (148,336 ds/min), 11,566,851 states left on queue.
Progress(19) at 2021-05-07 01:11:08: 417,657,464 states generated (1,661,021 s/min), 53,997,206 distinct states found (108,889 ds/min), 11,524,901 states left on queue.
Progress(19) at 2021-05-07 01:12:08: 419,285,676 states generated (1,628,212 s/min), 54,184,117 distinct states found (186,911 ds/min), 11,537,397 states left on queue.
Progress(19) at 2021-05-07 01:13:08: 420,910,760 states generated (1,625,084 s/min), 54,343,729 distinct states found (159,612 ds/min), 11,528,247 states left on queue.
Progress(19) at 2021-05-07 01:14:08: 422,440,164 states generated (1,529,404 s/min), 54,497,269 distinct states found (153,540 ds/min), 11,521,435 states left on queue.
Progress(19) at 2021-05-07 01:15:08: 424,037,839 states generated (1,597,675 s/min), 54,644,594 distinct states found (147,325 ds/min), 11,509,795 states left on queue.
Progress(19) at 2021-05-07 01:16:08: 425,501,086 states generated (1,463,247 s/min), 54,802,156 distinct states found (157,562 ds/min), 11,509,047 states left on queue.
Progress(19) at 2021-05-07 01:17:08: 427,027,518 states generated (1,526,432 s/min), 54,978,603 distinct states found (176,447 ds/min), 11,525,432 states left on queue.
Progress(19) at 2021-05-07 01:18:08: 428,633,874 states generated (1,606,356 s/min), 55,122,138 distinct states found (143,535 ds/min), 11,507,965 states left on queue.
Progress(19) at 2021-05-07 01:19:08: 430,275,158 states generated (1,641,284 s/min), 55,277,818 distinct states found (155,680 ds/min), 11,500,869 states left on queue.
Checkpointing of run states/21-05-06-20-49-59
Checkpointing completed at (2021-05-07 01:20:08)
Progress(19) at 2021-05-07 01:20:08: 431,926,432 states generated (1,651,274 s/min), 55,430,025 distinct states found (152,207 ds/min), 11,491,253 states left on queue.
Progress(19) at 2021-05-07 01:21:08: 433,421,239 states generated (1,494,807 s/min), 55,566,500 distinct states found (136,475 ds/min), 11,476,421 states left on queue.
Progress(19) at 2021-05-07 01:22:08: 435,084,914 states generated (1,663,675 s/min), 55,664,436 distinct states found (97,936 ds/min), 11,417,271 states left on queue.
Progress(19) at 2021-05-07 01:23:08: 436,682,947 states generated (1,598,033 s/min), 55,775,353 distinct states found (110,917 ds/min), 11,370,991 states left on queue.
Progress(19) at 2021-05-07 01:24:08: 438,373,844 states generated (1,690,897 s/min), 55,862,331 distinct states found (86,978 ds/min), 11,306,658 states left on queue.
Progress(19) at 2021-05-07 01:25:08: 440,080,387 states generated (1,706,543 s/min), 55,959,479 distinct states found (97,148 ds/min), 11,250,811 states left on queue.
Progress(19) at 2021-05-07 01:26:08: 441,670,601 states generated (1,590,214 s/min), 56,078,604 distinct states found (119,125 ds/min), 11,222,449 states left on queue.
Progress(19) at 2021-05-07 01:27:08: 443,286,554 states generated (1,615,953 s/min), 56,190,849 distinct states found (112,245 ds/min), 11,178,454 states left on queue.
Progress(19) at 2021-05-07 01:28:08: 444,892,497 states generated (1,605,943 s/min), 56,309,438 distinct states found (118,589 ds/min), 11,138,892 states left on queue.
Progress(19) at 2021-05-07 01:29:08: 446,550,785 states generated (1,658,288 s/min), 56,412,240 distinct states found (102,802 ds/min), 11,094,318 states left on queue.
Progress(19) at 2021-05-07 01:30:08: 448,185,675 states generated (1,634,890 s/min), 56,542,038 distinct states found (129,798 ds/min), 11,071,715 states left on queue.
Progress(19) at 2021-05-07 01:31:08: 449,836,713 states generated (1,651,038 s/min), 56,669,365 distinct states found (127,327 ds/min), 11,043,403 states left on queue.
Progress(19) at 2021-05-07 01:32:08: 451,295,216 states generated (1,458,503 s/min), 56,848,832 distinct states found (179,467 ds/min), 11,071,182 states left on queue.
Progress(19) at 2021-05-07 01:33:08: 452,895,891 states generated (1,600,675 s/min), 56,989,658 distinct states found (140,826 ds/min), 11,061,095 states left on queue.
Progress(19) at 2021-05-07 01:34:08: 454,485,113 states generated (1,589,222 s/min), 57,136,642 distinct states found (146,984 ds/min), 11,057,067 states left on queue.
Progress(19) at 2021-05-07 01:35:08: 456,115,038 states generated (1,629,925 s/min), 57,272,373 distinct states found (135,731 ds/min), 11,040,607 states left on queue.
Progress(19) at 2021-05-07 01:36:08: 457,530,907 states generated (1,415,869 s/min), 57,479,437 distinct states found (207,064 ds/min), 11,097,112 states left on queue.
Progress(19) at 2021-05-07 01:37:08: 459,154,403 states generated (1,623,496 s/min), 57,605,066 distinct states found (125,629 ds/min), 11,072,865 states left on queue.
Progress(19) at 2021-05-07 01:38:08: 460,781,820 states generated (1,627,417 s/min), 57,816,745 distinct states found (211,679 ds/min), 11,098,223 states left on queue.
Progress(19) at 2021-05-07 01:39:08: 462,294,797 states generated (1,512,977 s/min), 57,969,276 distinct states found (152,531 ds/min), 11,091,181 states left on queue.
Progress(19) at 2021-05-07 01:40:08: 463,876,597 states generated (1,581,800 s/min), 58,153,307 distinct states found (184,031 ds/min), 11,108,665 states left on queue.
Progress(19) at 2021-05-07 01:41:08: 465,474,285 states generated (1,597,688 s/min), 58,341,672 distinct states found (188,365 ds/min), 11,134,729 states left on queue.
Progress(19) at 2021-05-07 01:42:08: 467,041,089 states generated (1,566,804 s/min), 58,474,955 distinct states found (133,283 ds/min), 11,110,867 states left on queue.
Progress(19) at 2021-05-07 01:43:08: 468,537,187 states generated (1,496,098 s/min), 58,631,395 distinct states found (156,440 ds/min), 11,116,274 states left on queue.
Progress(19) at 2021-05-07 01:44:08: 470,072,826 states generated (1,535,639 s/min), 58,845,028 distinct states found (213,633 ds/min), 11,160,280 states left on queue.
Progress(19) at 2021-05-07 01:45:08: 471,540,285 states generated (1,467,459 s/min), 59,030,318 distinct states found (185,290 ds/min), 11,184,067 states left on queue.
Progress(19) at 2021-05-07 01:46:08: 473,112,201 states generated (1,571,916 s/min), 59,239,327 distinct states found (209,009 ds/min), 11,229,479 states left on queue.
Progress(19) at 2021-05-07 01:47:08: 474,662,206 states generated (1,550,005 s/min), 59,422,958 distinct states found (183,631 ds/min), 11,255,848 states left on queue.
Progress(19) at 2021-05-07 01:48:08: 476,073,256 states generated (1,411,050 s/min), 59,618,845 distinct states found (195,887 ds/min), 11,296,327 states left on queue.
Progress(19) at 2021-05-07 01:49:08: 477,590,652 states generated (1,517,396 s/min), 59,847,731 distinct states found (228,886 ds/min), 11,366,659 states left on queue.
Checkpointing of run states/21-05-06-20-49-59
Checkpointing completed at (2021-05-07 01:50:09)
Progress(19) at 2021-05-07 01:50:09: 479,162,582 states generated (1,571,930 s/min), 60,071,019 distinct states found (223,288 ds/min), 11,426,029 states left on queue.
Progress(19) at 2021-05-07 01:51:09: 480,580,738 states generated (1,418,156 s/min), 60,241,770 distinct states found (170,751 ds/min), 11,446,266 states left on queue.
Progress(19) at 2021-05-07 01:52:09: 482,199,600 states generated (1,618,862 s/min), 60,383,910 distinct states found (142,140 ds/min), 11,426,533 states left on queue.
Progress(19) at 2021-05-07 01:53:09: 483,736,485 states generated (1,536,885 s/min), 60,536,526 distinct states found (152,616 ds/min), 11,419,146 states left on queue.
Progress(19) at 2021-05-07 01:54:09: 485,276,411 states generated (1,539,926 s/min), 60,691,654 distinct states found (155,128 ds/min), 11,417,775 states left on queue.
Progress(19) at 2021-05-07 01:55:09: 486,966,180 states generated (1,689,769 s/min), 60,803,787 distinct states found (112,133 ds/min), 11,372,480 states left on queue.
Progress(19) at 2021-05-07 01:56:09: 488,615,474 states generated (1,649,294 s/min), 60,946,579 distinct states found (142,792 ds/min), 11,355,964 states left on queue.
Progress(19) at 2021-05-07 01:57:09: 490,194,527 states generated (1,579,053 s/min), 61,088,871 distinct states found (142,292 ds/min), 11,342,231 states left on queue.
Progress(19) at 2021-05-07 01:58:09: 491,661,789 states generated (1,467,262 s/min), 61,264,005 distinct states found (175,134 ds/min), 11,358,998 states left on queue.
Progress(19) at 2021-05-07 01:59:09: 493,299,613 states generated (1,637,824 s/min), 61,409,608 distinct states found (145,603 ds/min), 11,345,351 states left on queue.
Progress(19) at 2021-05-07 02:00:09: 494,967,078 states generated (1,667,465 s/min), 61,552,227 distinct states found (142,619 ds/min), 11,330,050 states left on queue.
Progress(20) at 2021-05-07 02:01:09: 496,595,102 states generated (1,628,024 s/min), 61,682,663 distinct states found (130,436 ds/min), 11,312,765 states left on queue.
Progress(20) at 2021-05-07 02:02:09: 498,256,300 states generated (1,661,198 s/min), 61,764,352 distinct states found (81,689 ds/min), 11,255,607 states left on queue.
Progress(20) at 2021-05-07 02:03:09: 499,931,584 states generated (1,675,284 s/min), 61,854,159 distinct states found (89,807 ds/min), 11,200,679 states left on queue.
Progress(20) at 2021-05-07 02:04:09: 501,590,192 states generated (1,658,608 s/min), 61,951,044 distinct states found (96,885 ds/min), 11,147,209 states left on queue.
Progress(20) at 2021-05-07 02:05:09: 503,184,181 states generated (1,593,989 s/min), 62,064,204 distinct states found (113,160 ds/min), 11,109,028 states left on queue.
Progress(20) at 2021-05-07 02:06:09: 504,871,242 states generated (1,687,061 s/min), 62,152,940 distinct states found (88,736 ds/min), 11,048,972 states left on queue.
Progress(20) at 2021-05-07 02:07:09: 506,529,659 states generated (1,658,417 s/min), 62,246,460 distinct states found (93,520 ds/min), 10,997,063 states left on queue.
Progress(20) at 2021-05-07 02:08:09: 508,210,518 states generated (1,680,859 s/min), 62,362,848 distinct states found (116,388 ds/min), 10,959,037 states left on queue.
Progress(20) at 2021-05-07 02:09:09: 509,861,937 states generated (1,651,419 s/min), 62,470,008 distinct states found (107,160 ds/min), 10,919,281 states left on queue.
Progress(20) at 2021-05-07 02:10:09: 511,434,237 states generated (1,572,300 s/min), 62,588,436 distinct states found (118,428 ds/min), 10,894,336 states left on queue.
Progress(20) at 2021-05-07 02:11:09: 513,085,767 states generated (1,651,530 s/min), 62,693,833 distinct states found (105,397 ds/min), 10,848,698 states left on queue.
Progress(20) at 2021-05-07 02:12:09: 514,637,118 states generated (1,551,351 s/min), 62,818,655 distinct states found (124,822 ds/min), 10,824,886 states left on queue.
Progress(20) at 2021-05-07 02:13:09: 516,163,845 states generated (1,526,727 s/min), 62,958,502 distinct states found (139,847 ds/min), 10,814,698 states left on queue.
Progress(20) at 2021-05-07 02:14:09: 517,747,401 states generated (1,583,556 s/min), 63,055,271 distinct states found (96,769 ds/min), 10,768,210 states left on queue.
Progress(20) at 2021-05-07 02:15:09: 519,367,162 states generated (1,619,761 s/min), 63,165,920 distinct states found (110,649 ds/min), 10,730,789 states left on queue.
Progress(20) at 2021-05-07 02:16:09: 520,964,762 states generated (1,597,600 s/min), 63,298,080 distinct states found (132,160 ds/min), 10,710,271 states left on queue.
Progress(20) at 2021-05-07 02:17:09: 522,610,234 states generated (1,645,472 s/min), 63,402,483 distinct states found (104,403 ds/min), 10,664,967 states left on queue.
Progress(20) at 2021-05-07 02:18:09: 524,259,256 states generated (1,649,022 s/min), 63,481,286 distinct states found (78,803 ds/min), 10,600,067 states left on queue.
Progress(20) at 2021-05-07 02:19:09: 525,932,640 states generated (1,673,384 s/min), 63,583,266 distinct states found (101,980 ds/min), 10,550,528 states left on queue.
Checkpointing of run states/21-05-06-20-49-59
Checkpointing completed at (2021-05-07 02:20:09)
Progress(20) at 2021-05-07 02:20:09: 527,652,759 states generated (1,720,119 s/min), 63,690,629 distinct states found (107,363 ds/min), 10,491,719 states left on queue.
Progress(20) at 2021-05-07 02:21:09: 529,323,927 states generated (1,671,168 s/min), 63,792,809 distinct states found (102,180 ds/min), 10,436,142 states left on queue.
Progress(20) at 2021-05-07 02:22:09: 530,902,806 states generated (1,578,879 s/min), 63,889,079 distinct states found (96,270 ds/min), 10,380,641 states left on queue.
Progress(20) at 2021-05-07 02:23:09: 532,511,750 states generated (1,608,944 s/min), 63,983,248 distinct states found (94,169 ds/min), 10,325,467 states left on queue.
Progress(20) at 2021-05-07 02:24:09: 534,136,243 states generated (1,624,493 s/min), 64,095,299 distinct states found (112,051 ds/min), 10,284,927 states left on queue.
Progress(20) at 2021-05-07 02:25:09: 535,789,705 states generated (1,653,462 s/min), 64,196,337 distinct states found (101,038 ds/min), 10,235,811 states left on queue.
Progress(20) at 2021-05-07 02:26:09: 537,425,429 states generated (1,635,724 s/min), 64,340,302 distinct states found (143,965 ds/min), 10,217,597 states left on queue.
Progress(20) at 2021-05-07 02:27:09: 539,056,638 states generated (1,631,209 s/min), 64,478,263 distinct states found (137,961 ds/min), 10,185,073 states left on queue.
Progress(20) at 2021-05-07 02:28:09: 540,627,031 states generated (1,570,393 s/min), 64,592,068 distinct states found (113,805 ds/min), 10,143,395 states left on queue.
Progress(20) at 2021-05-07 02:29:09: 542,161,382 states generated (1,534,351 s/min), 64,717,817 distinct states found (125,749 ds/min), 10,112,746 states left on queue.
Progress(20) at 2021-05-07 02:30:09: 543,697,618 states generated (1,536,236 s/min), 64,831,809 distinct states found (113,992 ds/min), 10,073,279 states left on queue.
Progress(20) at 2021-05-07 02:31:09: 545,248,001 states generated (1,550,383 s/min), 64,964,983 distinct states found (133,174 ds/min), 10,049,124 states left on queue.
Progress(20) at 2021-05-07 02:32:09: 546,799,280 states generated (1,551,279 s/min), 65,098,550 distinct states found (133,567 ds/min), 10,026,040 states left on queue.
Progress(20) at 2021-05-07 02:33:09: 548,455,758 states generated (1,656,478 s/min), 65,202,652 distinct states found (104,102 ds/min), 9,976,142 states left on queue.
Progress(20) at 2021-05-07 02:34:09: 550,109,985 states generated (1,654,227 s/min), 65,324,542 distinct states found (121,890 ds/min), 9,941,484 states left on queue.
Progress(20) at 2021-05-07 02:35:09: 551,605,744 states generated (1,495,759 s/min), 65,459,681 distinct states found (135,139 ds/min), 9,929,821 states left on queue.
Progress(20) at 2021-05-07 02:36:09: 553,265,969 states generated (1,660,225 s/min), 65,533,376 distinct states found (73,695 ds/min), 9,855,603 states left on queue.
Progress(20) at 2021-05-07 02:37:09: 554,892,446 states generated (1,626,477 s/min), 65,612,739 distinct states found (79,363 ds/min), 9,785,582 states left on queue.
Progress(20) at 2021-05-07 02:38:09: 556,597,585 states generated (1,705,139 s/min), 65,681,702 distinct states found (68,963 ds/min), 9,712,195 states left on queue.
Progress(20) at 2021-05-07 02:39:09: 558,183,239 states generated (1,585,654 s/min), 65,776,720 distinct states found (95,018 ds/min), 9,663,623 states left on queue.
Progress(20) at 2021-05-07 02:40:09: 559,783,639 states generated (1,600,400 s/min), 65,861,234 distinct states found (84,514 ds/min), 9,599,348 states left on queue.
Progress(20) at 2021-05-07 02:41:09: 561,434,330 states generated (1,650,691 s/min), 65,948,025 distinct states found (86,791 ds/min), 9,542,416 states left on queue.
Progress(20) at 2021-05-07 02:42:09: 563,060,269 states generated (1,625,939 s/min), 66,055,417 distinct states found (107,392 ds/min), 9,504,532 states left on queue.
Progress(20) at 2021-05-07 02:43:09: 564,664,657 states generated (1,604,388 s/min), 66,167,876 distinct states found (112,459 ds/min), 9,466,645 states left on queue.
Progress(20) at 2021-05-07 02:44:09: 566,145,152 states generated (1,480,495 s/min), 66,330,012 distinct states found (162,136 ds/min), 9,477,884 states left on queue.
Progress(20) at 2021-05-07 02:45:09: 567,742,918 states generated (1,597,766 s/min), 66,448,966 distinct states found (118,954 ds/min), 9,451,127 states left on queue.
Progress(20) at 2021-05-07 02:46:09: 569,332,230 states generated (1,589,312 s/min), 66,571,557 distinct states found (122,591 ds/min), 9,427,945 states left on queue.
Progress(20) at 2021-05-07 02:47:09: 570,939,555 states generated (1,607,325 s/min), 66,694,225 distinct states found (122,668 ds/min), 9,401,798 states left on queue.
Progress(20) at 2021-05-07 02:48:09: 572,355,201 states generated (1,415,646 s/min), 66,857,791 distinct states found (163,566 ds/min), 9,416,166 states left on queue.
Progress(20) at 2021-05-07 02:49:09: 573,919,955 states generated (1,564,754 s/min), 66,990,780 distinct states found (132,989 ds/min), 9,404,948 states left on queue.
Checkpointing of run states/21-05-06-20-49-59
Checkpointing completed at (2021-05-07 02:50:10)
Progress(20) at 2021-05-07 02:50:10: 575,553,944 states generated (1,633,989 s/min), 67,166,711 distinct states found (175,931 ds/min), 9,402,846 states left on queue.
Progress(20) at 2021-05-07 02:51:10: 577,163,354 states generated (1,609,410 s/min), 67,291,310 distinct states found (124,599 ds/min), 9,364,462 states left on queue.
Progress(20) at 2021-05-07 02:52:10: 578,648,239 states generated (1,484,885 s/min), 67,458,585 distinct states found (167,275 ds/min), 9,367,443 states left on queue.
Progress(20) at 2021-05-07 02:53:10: 580,304,027 states generated (1,655,788 s/min), 67,599,237 distinct states found (140,652 ds/min), 9,347,051 states left on queue.
Progress(20) at 2021-05-07 02:54:10: 581,919,479 states generated (1,615,452 s/min), 67,729,188 distinct states found (129,951 ds/min), 9,320,798 states left on queue.
Progress(20) at 2021-05-07 02:55:10: 583,352,450 states generated (1,432,971 s/min), 67,853,585 distinct states found (124,397 ds/min), 9,296,753 states left on queue.
Progress(20) at 2021-05-07 02:56:10: 584,956,754 states generated (1,604,304 s/min), 67,992,778 distinct states found (139,193 ds/min), 9,283,359 states left on queue.
Progress(20) at 2021-05-07 02:57:10: 586,531,934 states generated (1,575,180 s/min), 68,186,036 distinct states found (193,258 ds/min), 9,298,663 states left on queue.
Progress(20) at 2021-05-07 02:58:10: 587,928,124 states generated (1,396,190 s/min), 68,361,989 distinct states found (175,953 ds/min), 9,317,903 states left on queue.
Progress(20) at 2021-05-07 02:59:10: 589,530,403 states generated (1,602,279 s/min), 68,523,616 distinct states found (161,627 ds/min), 9,318,235 states left on queue.
Progress(20) at 2021-05-07 03:00:10: 591,083,226 states generated (1,552,823 s/min), 68,702,626 distinct states found (179,010 ds/min), 9,339,668 states left on queue.
Progress(20) at 2021-05-07 03:01:10: 592,538,806 states generated (1,455,580 s/min), 68,834,261 distinct states found (131,635 ds/min), 9,320,226 states left on queue.
Progress(20) at 2021-05-07 03:02:10: 594,012,571 states generated (1,473,765 s/min), 69,023,925 distinct states found (189,664 ds/min), 9,353,482 states left on queue.
Progress(20) at 2021-05-07 03:03:10: 595,522,633 states generated (1,510,062 s/min), 69,227,212 distinct states found (203,287 ds/min), 9,401,202 states left on queue.
Progress(20) at 2021-05-07 03:04:10: 597,134,640 states generated (1,612,007 s/min), 69,401,557 distinct states found (174,345 ds/min), 9,413,020 states left on queue.
Progress(20) at 2021-05-07 03:05:10: 598,713,628 states generated (1,578,988 s/min), 69,590,576 distinct states found (189,019 ds/min), 9,443,107 states left on queue.
Progress(20) at 2021-05-07 03:06:10: 600,139,425 states generated (1,425,797 s/min), 69,714,815 distinct states found (124,239 ds/min), 9,422,777 states left on queue.
Progress(20) at 2021-05-07 03:07:10: 601,719,674 states generated (1,580,249 s/min), 69,828,042 distinct states found (113,227 ds/min), 9,378,846 states left on queue.
Progress(20) at 2021-05-07 03:08:10: 603,235,497 states generated (1,515,823 s/min), 69,964,637 distinct states found (136,595 ds/min), 9,359,579 states left on queue.
Progress(20) at 2021-05-07 03:09:10: 604,851,028 states generated (1,615,531 s/min), 70,066,105 distinct states found (101,468 ds/min), 9,310,907 states left on queue.
Progress(20) at 2021-05-07 03:10:10: 606,520,038 states generated (1,669,010 s/min), 70,186,904 distinct states found (120,799 ds/min), 9,275,197 states left on queue.
Progress(20) at 2021-05-07 03:11:10: 608,158,347 states generated (1,638,309 s/min), 70,287,495 distinct states found (100,591 ds/min), 9,226,755 states left on queue.
Progress(20) at 2021-05-07 03:12:10: 609,665,203 states generated (1,506,856 s/min), 70,422,928 distinct states found (135,433 ds/min), 9,204,322 states left on queue.
Progress(20) at 2021-05-07 03:13:10: 611,248,731 states generated (1,583,528 s/min), 70,562,599 distinct states found (139,671 ds/min), 9,188,132 states left on queue.
Progress(20) at 2021-05-07 03:14:10: 612,948,489 states generated (1,699,758 s/min), 70,679,811 distinct states found (117,212 ds/min), 9,151,202 states left on queue.
Progress(21) at 2021-05-07 03:15:10: 614,575,391 states generated (1,626,902 s/min), 70,806,221 distinct states found (126,410 ds/min), 9,127,022 states left on queue.
Progress(21) at 2021-05-07 03:16:10: 616,240,437 states generated (1,665,046 s/min), 70,872,979 distinct states found (66,758 ds/min), 9,059,787 states left on queue.
Progress(21) at 2021-05-07 03:17:10: 617,926,986 states generated (1,686,549 s/min), 70,945,640 distinct states found (72,661 ds/min), 8,989,136 states left on queue.
Progress(21) at 2021-05-07 03:18:10: 619,551,811 states generated (1,624,825 s/min), 71,027,414 distinct states found (81,774 ds/min), 8,927,273 states left on queue.
Progress(21) at 2021-05-07 03:19:10: 621,215,532 states generated (1,663,721 s/min), 71,098,829 distinct states found (71,415 ds/min), 8,858,211 states left on queue.
Checkpointing of run states/21-05-06-20-49-59
Checkpointing completed at (2021-05-07 03:20:10)
Progress(21) at 2021-05-07 03:20:10: 622,918,486 states generated (1,702,954 s/min), 71,191,759 distinct states found (92,930 ds/min), 8,801,808 states left on queue.
Progress(21) at 2021-05-07 03:21:10: 624,550,319 states generated (1,631,833 s/min), 71,278,940 distinct states found (87,181 ds/min), 8,749,527 states left on queue.
Progress(21) at 2021-05-07 03:22:10: 626,173,377 states generated (1,623,058 s/min), 71,368,391 distinct states found (89,451 ds/min), 8,696,742 states left on queue.
Progress(21) at 2021-05-07 03:23:10: 627,774,063 states generated (1,600,686 s/min), 71,467,321 distinct states found (98,930 ds/min), 8,648,830 states left on queue.
Progress(21) at 2021-05-07 03:24:10: 629,318,937 states generated (1,544,874 s/min), 71,573,608 distinct states found (106,287 ds/min), 8,609,953 states left on queue.
Progress(21) at 2021-05-07 03:25:10: 630,867,848 states generated (1,548,911 s/min), 71,660,662 distinct states found (87,054 ds/min), 8,558,590 states left on queue.
Progress(21) at 2021-05-07 03:26:10: 632,531,575 states generated (1,663,727 s/min), 71,749,852 distinct states found (89,190 ds/min), 8,503,637 states left on queue.
Progress(21) at 2021-05-07 03:27:10: 634,122,222 states generated (1,590,647 s/min), 71,846,412 distinct states found (96,560 ds/min), 8,454,969 states left on queue.
Progress(21) at 2021-05-07 03:28:10: 635,806,403 states generated (1,684,181 s/min), 71,900,450 distinct states found (54,038 ds/min), 8,373,398 states left on queue.
Progress(21) at 2021-05-07 03:29:10: 637,475,428 states generated (1,669,025 s/min), 71,989,734 distinct states found (89,284 ds/min), 8,306,939 states left on queue.
Progress(21) at 2021-05-07 03:30:10: 639,116,796 states generated (1,641,368 s/min), 72,065,097 distinct states found (75,363 ds/min), 8,233,896 states left on queue.
Progress(21) at 2021-05-07 03:31:10: 640,731,931 states generated (1,615,135 s/min), 72,140,387 distinct states found (75,290 ds/min), 8,166,062 states left on queue.
Progress(21) at 2021-05-07 03:32:10: 642,365,207 states generated (1,633,276 s/min), 72,231,396 distinct states found (91,009 ds/min), 8,109,578 states left on queue.
Progress(21) at 2021-05-07 03:33:10: 644,013,260 states generated (1,648,053 s/min), 72,317,110 distinct states found (85,714 ds/min), 8,048,875 states left on queue.
Progress(21) at 2021-05-07 03:34:10: 645,664,459 states generated (1,651,199 s/min), 72,432,766 distinct states found (115,656 ds/min), 8,000,566 states left on queue.
Progress(21) at 2021-05-07 03:35:10: 647,269,635 states generated (1,605,176 s/min), 72,528,677 distinct states found (95,911 ds/min), 7,944,488 states left on queue.
Progress(21) at 2021-05-07 03:36:10: 648,826,951 states generated (1,557,316 s/min), 72,623,504 distinct states found (94,827 ds/min), 7,889,674 states left on queue.
Progress(21) at 2021-05-07 03:37:10: 650,361,348 states generated (1,534,397 s/min), 72,714,580 distinct states found (91,076 ds/min), 7,832,875 states left on queue.
Progress(21) at 2021-05-07 03:38:10: 651,921,428 states generated (1,560,080 s/min), 72,821,981 distinct states found (107,401 ds/min), 7,787,024 states left on queue.
Progress(21) at 2021-05-07 03:39:10: 653,557,944 states generated (1,636,516 s/min), 72,907,768 distinct states found (85,787 ds/min), 7,726,173 states left on queue.
Progress(21) at 2021-05-07 03:40:10: 655,207,074 states generated (1,649,130 s/min), 73,001,895 distinct states found (94,127 ds/min), 7,672,861 states left on queue.
Progress(21) at 2021-05-07 03:41:10: 656,702,366 states generated (1,495,292 s/min), 73,113,113 distinct states found (111,218 ds/min), 7,642,737 states left on queue.
Progress(21) at 2021-05-07 03:42:10: 658,331,702 states generated (1,629,336 s/min), 73,164,926 distinct states found (51,813 ds/min), 7,557,605 states left on queue.
Progress(21) at 2021-05-07 03:43:10: 659,950,136 states generated (1,618,434 s/min), 73,233,463 distinct states found (68,537 ds/min), 7,490,497 states left on queue.
Progress(21) at 2021-05-07 03:44:10: 661,581,715 states generated (1,631,579 s/min), 73,289,935 distinct states found (56,472 ds/min), 7,408,525 states left on queue.
Progress(21) at 2021-05-07 03:45:10: 663,228,282 states generated (1,646,567 s/min), 73,367,396 distinct states found (77,461 ds/min), 7,349,853 states left on queue.
Progress(21) at 2021-05-07 03:46:10: 664,830,669 states generated (1,602,387 s/min), 73,465,266 distinct states found (97,870 ds/min), 7,302,837 states left on queue.
Progress(21) at 2021-05-07 03:47:10: 666,294,506 states generated (1,463,837 s/min), 73,607,332 distinct states found (142,066 ds/min), 7,295,569 states left on queue.
Progress(21) at 2021-05-07 03:48:10: 667,899,010 states generated (1,604,504 s/min), 73,709,804 distinct states found (102,472 ds/min), 7,256,549 states left on queue.
Progress(21) at 2021-05-07 03:49:10: 669,457,928 states generated (1,558,918 s/min), 73,815,913 distinct states found (106,109 ds/min), 7,224,409 states left on queue.
Checkpointing of run states/21-05-06-20-49-59
Checkpointing completed at (2021-05-07 03:50:11)
Progress(21) at 2021-05-07 03:50:11: 671,045,567 states generated (1,587,639 s/min), 73,926,223 distinct states found (110,310 ds/min), 7,186,638 states left on queue.
Progress(21) at 2021-05-07 03:51:11: 672,461,241 states generated (1,415,674 s/min), 74,082,126 distinct states found (155,903 ds/min), 7,196,245 states left on queue.
Progress(21) at 2021-05-07 03:52:11: 674,077,865 states generated (1,616,624 s/min), 74,189,519 distinct states found (107,393 ds/min), 7,158,373 states left on queue.
Progress(21) at 2021-05-07 03:53:11: 675,707,913 states generated (1,630,048 s/min), 74,339,339 distinct states found (149,820 ds/min), 7,130,251 states left on queue.
Progress(21) at 2021-05-07 03:54:11: 677,191,576 states generated (1,483,663 s/min), 74,450,687 distinct states found (111,348 ds/min), 7,088,600 states left on queue.
Progress(21) at 2021-05-07 03:55:11: 678,821,050 states generated (1,629,474 s/min), 74,573,869 distinct states found (123,182 ds/min), 7,052,986 states left on queue.
Progress(21) at 2021-05-07 03:56:11: 680,454,171 states generated (1,633,121 s/min), 74,695,316 distinct states found (121,447 ds/min), 7,017,512 states left on queue.
Progress(21) at 2021-05-07 03:57:11: 681,930,873 states generated (1,476,702 s/min), 74,792,027 distinct states found (96,711 ds/min), 6,969,237 states left on queue.
Progress(21) at 2021-05-07 03:58:11: 683,543,091 states generated (1,612,218 s/min), 74,902,314 distinct states found (110,287 ds/min), 6,932,098 states left on queue.
Progress(21) at 2021-05-07 03:59:11: 685,109,601 states generated (1,566,510 s/min), 75,085,595 distinct states found (183,281 ds/min), 6,937,733 states left on queue.
Progress(21) at 2021-05-07 04:00:11: 686,609,697 states generated (1,500,096 s/min), 75,208,042 distinct states found (122,447 ds/min), 6,903,908 states left on queue.
Progress(21) at 2021-05-07 04:01:11: 688,135,419 states generated (1,525,722 s/min), 75,364,690 distinct states found (156,648 ds/min), 6,900,668 states left on queue.
Progress(21) at 2021-05-07 04:02:11: 689,700,955 states generated (1,565,536 s/min), 75,507,253 distinct states found (142,563 ds/min), 6,888,525 states left on queue.
Progress(21) at 2021-05-07 04:03:11: 691,265,779 states generated (1,564,824 s/min), 75,623,412 distinct states found (116,159 ds/min), 6,853,250 states left on queue.
Progress(21) at 2021-05-07 04:04:11: 692,677,455 states generated (1,411,676 s/min), 75,763,827 distinct states found (140,415 ds/min), 6,842,700 states left on queue.
Progress(21) at 2021-05-07 04:05:11: 694,154,786 states generated (1,477,331 s/min), 75,942,270 distinct states found (178,443 ds/min), 6,865,522 states left on queue.
Progress(21) at 2021-05-07 04:06:11: 695,679,372 states generated (1,524,586 s/min), 76,113,923 distinct states found (171,653 ds/min), 6,883,539 states left on queue.
Progress(21) at 2021-05-07 04:07:11: 697,312,211 states generated (1,632,839 s/min), 76,254,124 distinct states found (140,201 ds/min), 6,864,968 states left on queue.
Progress(21) at 2021-05-07 04:08:11: 698,900,734 states generated (1,588,523 s/min), 76,420,068 distinct states found (165,944 ds/min), 6,873,701 states left on queue.
Progress(21) at 2021-05-07 04:09:11: 700,311,277 states generated (1,410,543 s/min), 76,540,641 distinct states found (120,573 ds/min), 6,852,020 states left on queue.
Progress(21) at 2021-05-07 04:10:11: 701,908,959 states generated (1,597,682 s/min), 76,630,774 distinct states found (90,133 ds/min), 6,789,914 states left on queue.
Progress(21) at 2021-05-07 04:11:11: 703,441,305 states generated (1,532,346 s/min), 76,744,482 distinct states found (113,708 ds/min), 6,752,689 states left on queue.
Progress(21) at 2021-05-07 04:12:11: 705,096,760 states generated (1,655,455 s/min), 76,820,317 distinct states found (75,835 ds/min), 6,683,987 states left on queue.
Progress(21) at 2021-05-07 04:13:11: 706,748,841 states generated (1,652,081 s/min), 76,909,954 distinct states found (89,637 ds/min), 6,627,510 states left on queue.
Progress(21) at 2021-05-07 04:14:11: 708,267,318 states generated (1,518,477 s/min), 77,022,001 distinct states found (112,047 ds/min), 6,586,438 states left on queue.
Progress(21) at 2021-05-07 04:15:11: 709,874,667 states generated (1,607,349 s/min), 77,132,215 distinct states found (110,214 ds/min), 6,546,479 states left on queue.
Progress(21) at 2021-05-07 04:16:11: 711,568,100 states generated (1,693,433 s/min), 77,233,148 distinct states found (100,933 ds/min), 6,498,667 states left on queue.
Progress(22) at 2021-05-07 04:17:11: 713,205,348 states generated (1,637,248 s/min), 77,315,257 distinct states found (82,109 ds/min), 6,443,936 states left on queue.
Progress(22) at 2021-05-07 04:18:11: 714,865,237 states generated (1,659,889 s/min), 77,371,787 distinct states found (56,530 ds/min), 6,363,038 states left on queue.
Progress(22) at 2021-05-07 04:19:11: 716,541,934 states generated (1,676,697 s/min), 77,432,492 distinct states found (60,705 ds/min), 6,287,186 states left on queue.
Checkpointing of run states/21-05-06-20-49-59
Checkpointing completed at (2021-05-07 04:20:11)
Progress(22) at 2021-05-07 04:20:11: 718,204,104 states generated (1,662,170 s/min), 77,503,290 distinct states found (70,798 ds/min), 6,220,584 states left on queue.
Progress(22) at 2021-05-07 04:21:11: 719,819,829 states generated (1,615,725 s/min), 77,569,534 distinct states found (66,244 ds/min), 6,151,908 states left on queue.
Progress(22) at 2021-05-07 04:22:11: 721,393,199 states generated (1,573,370 s/min), 77,653,160 distinct states found (83,626 ds/min), 6,093,356 states left on queue.
Progress(22) at 2021-05-07 04:23:11: 722,976,436 states generated (1,583,237 s/min), 77,721,143 distinct states found (67,983 ds/min), 6,028,288 states left on queue.
Progress(22) at 2021-05-07 04:24:11: 724,571,554 states generated (1,595,118 s/min), 77,798,095 distinct states found (76,952 ds/min), 5,966,134 states left on queue.
Progress(22) at 2021-05-07 04:25:11: 726,258,030 states generated (1,686,476 s/min), 77,848,335 distinct states found (50,240 ds/min), 5,880,293 states left on queue.
Progress(22) at 2021-05-07 04:26:11: 727,919,788 states generated (1,661,758 s/min), 77,904,709 distinct states found (56,374 ds/min), 5,794,540 states left on queue.
Progress(22) at 2021-05-07 04:27:11: 729,553,101 states generated (1,633,313 s/min), 77,971,700 distinct states found (66,991 ds/min), 5,722,947 states left on queue.
Progress(22) at 2021-05-07 04:28:11: 731,201,684 states generated (1,648,583 s/min), 78,049,742 distinct states found (78,042 ds/min), 5,654,228 states left on queue.
Progress(22) at 2021-05-07 04:29:11: 732,796,553 states generated (1,594,869 s/min), 78,126,855 distinct states found (77,113 ds/min), 5,583,730 states left on queue.
Progress(22) at 2021-05-07 04:30:11: 734,372,561 states generated (1,576,008 s/min), 78,195,809 distinct states found (68,954 ds/min), 5,510,462 states left on queue.
Progress(22) at 2021-05-07 04:31:11: 735,945,365 states generated (1,572,804 s/min), 78,272,442 distinct states found (76,633 ds/min), 5,441,652 states left on queue.
Progress(22) at 2021-05-07 04:32:11: 737,585,826 states generated (1,640,461 s/min), 78,343,297 distinct states found (70,855 ds/min), 5,373,143 states left on queue.
Progress(22) at 2021-05-07 04:33:11: 739,126,548 states generated (1,540,722 s/min), 78,432,745 distinct states found (89,448 ds/min), 5,325,162 states left on queue.
Progress(22) at 2021-05-07 04:34:11: 740,744,809 states generated (1,618,261 s/min), 78,481,478 distinct states found (48,733 ds/min), 5,245,345 states left on queue.
Progress(22) at 2021-05-07 04:35:11: 742,389,381 states generated (1,644,572 s/min), 78,531,852 distinct states found (50,374 ds/min), 5,167,099 states left on queue.
Progress(22) at 2021-05-07 04:36:11: 743,989,201 states generated (1,599,820 s/min), 78,621,587 distinct states found (89,735 ds/min), 5,114,263 states left on queue.
Progress(22) at 2021-05-07 04:37:11: 745,466,956 states generated (1,477,755 s/min), 78,732,680 distinct states found (111,093 ds/min), 5,082,095 states left on queue.
Progress(22) at 2021-05-07 04:38:11: 747,086,723 states generated (1,619,767 s/min), 78,814,782 distinct states found (82,102 ds/min), 5,029,411 states left on queue.
Progress(22) at 2021-05-07 04:39:11: 748,643,907 states generated (1,557,184 s/min), 78,909,855 distinct states found (95,073 ds/min), 4,983,859 states left on queue.
Progress(22) at 2021-05-07 04:40:11: 750,071,247 states generated (1,427,340 s/min), 79,043,009 distinct states found (133,154 ds/min), 4,971,676 states left on queue.
Progress(22) at 2021-05-07 04:41:11: 751,675,600 states generated (1,604,353 s/min), 79,143,311 distinct states found (100,302 ds/min), 4,926,235 states left on queue.
Progress(22) at 2021-05-07 04:42:11: 753,317,890 states generated (1,642,290 s/min), 79,251,185 distinct states found (107,874 ds/min), 4,869,750 states left on queue.
Progress(22) at 2021-05-07 04:43:11: 754,832,834 states generated (1,514,944 s/min), 79,360,914 distinct states found (109,729 ds/min), 4,823,872 states left on queue.
Progress(22) at 2021-05-07 04:44:11: 756,490,354 states generated (1,657,520 s/min), 79,451,161 distinct states found (90,247 ds/min), 4,763,530 states left on queue.
Progress(22) at 2021-05-07 04:45:11: 758,009,453 states generated (1,519,099 s/min), 79,532,703 distinct states found (81,542 ds/min), 4,704,261 states left on queue.
Progress(22) at 2021-05-07 04:46:11: 759,619,384 states generated (1,609,931 s/min), 79,653,017 distinct states found (120,314 ds/min), 4,667,475 states left on queue.
Progress(22) at 2021-05-07 04:47:11: 761,214,435 states generated (1,595,051 s/min), 79,774,356 distinct states found (121,339 ds/min), 4,625,053 states left on queue.
Progress(22) at 2021-05-07 04:48:11: 762,622,895 states generated (1,408,460 s/min), 79,912,571 distinct states found (138,215 ds/min), 4,607,294 states left on queue.
Progress(22) at 2021-05-07 04:49:11: 764,283,228 states generated (1,660,333 s/min), 80,019,836 distinct states found (107,265 ds/min), 4,560,654 states left on queue.
Checkpointing of run states/21-05-06-20-49-59
Checkpointing completed at (2021-05-07 04:50:12)
Progress(22) at 2021-05-07 04:50:12: 765,872,148 states generated (1,588,920 s/min), 80,121,965 distinct states found (102,129 ds/min), 4,513,951 states left on queue.
Progress(22) at 2021-05-07 04:51:12: 767,255,458 states generated (1,383,310 s/min), 80,237,497 distinct states found (115,532 ds/min), 4,482,921 states left on queue.
Progress(22) at 2021-05-07 04:52:12: 768,765,214 states generated (1,509,756 s/min), 80,380,594 distinct states found (143,097 ds/min), 4,470,018 states left on queue.
Progress(22) at 2021-05-07 04:53:12: 770,239,306 states generated (1,474,092 s/min), 80,546,303 distinct states found (165,709 ds/min), 4,483,246 states left on queue.
Progress(22) at 2021-05-07 04:54:12: 771,847,373 states generated (1,608,067 s/min), 80,652,182 distinct states found (105,879 ds/min), 4,438,513 states left on queue.
Progress(22) at 2021-05-07 04:55:12: 773,450,095 states generated (1,602,722 s/min), 80,798,798 distinct states found (146,616 ds/min), 4,428,114 states left on queue.
Progress(22) at 2021-05-07 04:56:12: 774,972,634 states generated (1,522,539 s/min), 80,902,953 distinct states found (104,155 ds/min), 4,387,443 states left on queue.
Progress(22) at 2021-05-07 04:57:12: 776,527,123 states generated (1,554,489 s/min), 80,976,841 distinct states found (73,888 ds/min), 4,317,361 states left on queue.
Progress(22) at 2021-05-07 04:58:12: 778,126,490 states generated (1,599,367 s/min), 81,051,396 distinct states found (74,555 ds/min), 4,250,777 states left on queue.
Progress(22) at 2021-05-07 04:59:12: 779,760,556 states generated (1,634,066 s/min), 81,128,488 distinct states found (77,092 ds/min), 4,184,828 states left on queue.
Progress(22) at 2021-05-07 05:00:12: 781,275,797 states generated (1,515,241 s/min), 81,221,665 distinct states found (93,177 ds/min), 4,131,185 states left on queue.
Progress(22) at 2021-05-07 05:01:12: 782,959,479 states generated (1,683,682 s/min), 81,300,085 distinct states found (78,420 ds/min), 4,069,328 states left on queue.
Progress(23) at 2021-05-07 05:02:12: 784,611,138 states generated (1,651,659 s/min), 81,362,266 distinct states found (62,181 ds/min), 3,998,850 states left on queue.
Progress(23) at 2021-05-07 05:03:12: 786,280,631 states generated (1,669,493 s/min), 81,409,097 distinct states found (46,831 ds/min), 3,916,315 states left on queue.
Progress(23) at 2021-05-07 05:04:12: 787,882,880 states generated (1,602,249 s/min), 81,463,894 distinct states found (54,797 ds/min), 3,839,867 states left on queue.
Progress(23) at 2021-05-07 05:05:12: 789,479,409 states generated (1,596,529 s/min), 81,518,154 distinct states found (54,260 ds/min), 3,764,461 states left on queue.
Progress(23) at 2021-05-07 05:06:12: 791,126,395 states generated (1,646,986 s/min), 81,560,150 distinct states found (41,996 ds/min), 3,675,011 states left on queue.
Progress(23) at 2021-05-07 05:07:12: 792,770,068 states generated (1,643,673 s/min), 81,610,154 distinct states found (50,004 ds/min), 3,591,962 states left on queue.
Progress(23) at 2021-05-07 05:08:12: 794,382,649 states generated (1,612,581 s/min), 81,668,869 distinct states found (58,715 ds/min), 3,509,992 states left on queue.
Progress(23) at 2021-05-07 05:09:12: 795,972,212 states generated (1,589,563 s/min), 81,718,508 distinct states found (49,639 ds/min), 3,426,165 states left on queue.
Progress(23) at 2021-05-07 05:10:12: 797,550,575 states generated (1,578,363 s/min), 81,787,863 distinct states found (69,355 ds/min), 3,362,500 states left on queue.
Progress(23) at 2021-05-07 05:11:12: 799,136,826 states generated (1,586,251 s/min), 81,833,225 distinct states found (45,362 ds/min), 3,286,452 states left on queue.
Progress(23) at 2021-05-07 05:12:12: 800,654,137 states generated (1,517,311 s/min), 81,913,464 distinct states found (80,239 ds/min), 3,228,715 states left on queue.
Progress(23) at 2021-05-07 05:13:12: 802,232,902 states generated (1,578,765 s/min), 81,987,348 distinct states found (73,884 ds/min), 3,172,606 states left on queue.
Progress(23) at 2021-05-07 05:14:12: 803,778,022 states generated (1,545,120 s/min), 82,074,975 distinct states found (87,627 ds/min), 3,121,910 states left on queue.
Progress(23) at 2021-05-07 05:15:12: 805,229,896 states generated (1,451,874 s/min), 82,184,388 distinct states found (109,413 ds/min), 3,090,844 states left on queue.
Progress(23) at 2021-05-07 05:16:12: 806,891,317 states generated (1,661,421 s/min), 82,266,052 distinct states found (81,664 ds/min), 3,018,230 states left on queue.
Progress(23) at 2021-05-07 05:17:12: 808,451,818 states generated (1,560,501 s/min), 82,346,858 distinct states found (80,806 ds/min), 2,952,507 states left on queue.
Progress(23) at 2021-05-07 05:18:12: 810,016,744 states generated (1,564,926 s/min), 82,414,156 distinct states found (67,298 ds/min), 2,880,710 states left on queue.
Progress(23) at 2021-05-07 05:19:12: 811,634,878 states generated (1,618,134 s/min), 82,526,840 distinct states found (112,684 ds/min), 2,834,767 states left on queue.
Checkpointing of run states/21-05-06-20-49-59
Checkpointing completed at (2021-05-07 05:20:12)
Progress(23) at 2021-05-07 05:20:12: 813,170,431 states generated (1,535,553 s/min), 82,615,129 distinct states found (88,289 ds/min), 2,770,322 states left on queue.
Progress(23) at 2021-05-07 05:21:12: 814,736,063 states generated (1,565,632 s/min), 82,712,742 distinct states found (97,613 ds/min), 2,719,262 states left on queue.
Progress(23) at 2021-05-07 05:22:12: 816,314,833 states generated (1,578,770 s/min), 82,793,474 distinct states found (80,732 ds/min), 2,655,827 states left on queue.
Progress(23) at 2021-05-07 05:23:12: 817,755,407 states generated (1,440,574 s/min), 82,893,715 distinct states found (100,241 ds/min), 2,610,131 states left on queue.
Progress(23) at 2021-05-07 05:24:12: 819,238,770 states generated (1,483,363 s/min), 83,016,994 distinct states found (123,279 ds/min), 2,581,235 states left on queue.
Progress(23) at 2021-05-07 05:25:12: 820,777,705 states generated (1,538,935 s/min), 83,139,143 distinct states found (122,149 ds/min), 2,555,115 states left on queue.
Progress(23) at 2021-05-07 05:26:12: 822,410,764 states generated (1,633,059 s/min), 83,237,269 distinct states found (98,126 ds/min), 2,503,999 states left on queue.
Progress(23) at 2021-05-07 05:27:12: 824,036,731 states generated (1,625,967 s/min), 83,344,213 distinct states found (106,944 ds/min), 2,463,464 states left on queue.
Progress(23) at 2021-05-07 05:28:12: 825,522,717 states generated (1,485,986 s/min), 83,404,477 distinct states found (60,264 ds/min), 2,388,562 states left on queue.
Progress(23) at 2021-05-07 05:29:12: 827,154,978 states generated (1,632,261 s/min), 83,460,297 distinct states found (55,820 ds/min), 2,309,528 states left on queue.
Progress(23) at 2021-05-07 05:30:12: 828,765,032 states generated (1,610,054 s/min), 83,531,350 distinct states found (71,053 ds/min), 2,242,659 states left on queue.
Progress(24) at 2021-05-07 05:31:12: 830,421,415 states generated (1,656,383 s/min), 83,577,749 distinct states found (46,399 ds/min), 2,162,956 states left on queue.
Progress(24) at 2021-05-07 05:32:12: 832,017,837 states generated (1,596,422 s/min), 83,614,095 distinct states found (36,346 ds/min), 2,077,680 states left on queue.
Progress(24) at 2021-05-07 05:33:12: 833,666,102 states generated (1,648,265 s/min), 83,648,375 distinct states found (34,280 ds/min), 1,985,419 states left on queue.
Progress(24) at 2021-05-07 05:34:12: 835,230,312 states generated (1,564,210 s/min), 83,695,884 distinct states found (47,509 ds/min), 1,908,453 states left on queue.
Progress(24) at 2021-05-07 05:35:12: 836,786,337 states generated (1,556,025 s/min), 83,754,807 distinct states found (58,923 ds/min), 1,838,597 states left on queue.
Progress(24) at 2021-05-07 05:36:12: 838,359,851 states generated (1,573,514 s/min), 83,818,851 distinct states found (64,044 ds/min), 1,775,735 states left on queue.
Progress(24) at 2021-05-07 05:37:12: 839,847,787 states generated (1,487,936 s/min), 83,907,813 distinct states found (88,962 ds/min), 1,727,153 states left on queue.
Progress(24) at 2021-05-07 05:38:12: 841,456,327 states generated (1,608,540 s/min), 83,979,710 distinct states found (71,897 ds/min), 1,652,040 states left on queue.
Progress(24) at 2021-05-07 05:39:12: 843,090,356 states generated (1,634,029 s/min), 84,035,066 distinct states found (55,356 ds/min), 1,571,323 states left on queue.
Progress(24) at 2021-05-07 05:40:12: 844,644,872 states generated (1,554,516 s/min), 84,120,783 distinct states found (85,717 ds/min), 1,504,955 states left on queue.
Progress(24) at 2021-05-07 05:41:12: 846,222,904 states generated (1,578,032 s/min), 84,196,776 distinct states found (75,993 ds/min), 1,437,587 states left on queue.
Progress(24) at 2021-05-07 05:42:12: 847,687,384 states generated (1,464,480 s/min), 84,269,519 distinct states found (72,743 ds/min), 1,371,288 states left on queue.
Progress(24) at 2021-05-07 05:43:12: 849,174,317 states generated (1,486,933 s/min), 84,371,926 distinct states found (102,407 ds/min), 1,325,235 states left on queue.
Progress(24) at 2021-05-07 05:44:12: 850,772,671 states generated (1,598,354 s/min), 84,458,857 distinct states found (86,931 ds/min), 1,270,774 states left on queue.
Progress(24) at 2021-05-07 05:45:12: 852,400,881 states generated (1,628,210 s/min), 84,548,677 distinct states found (89,820 ds/min), 1,216,530 states left on queue.
Progress(24) at 2021-05-07 05:46:12: 853,967,181 states generated (1,566,300 s/min), 84,593,620 distinct states found (44,943 ds/min), 1,133,464 states left on queue.
Progress(25) at 2021-05-07 05:47:12: 855,589,314 states generated (1,622,133 s/min), 84,640,790 distinct states found (47,170 ds/min), 1,055,107 states left on queue.
Progress(25) at 2021-05-07 05:48:12: 857,169,164 states generated (1,579,850 s/min), 84,669,915 distinct states found (29,125 ds/min), 967,230 states left on queue.
Progress(25) at 2021-05-07 05:49:12: 858,724,682 states generated (1,555,518 s/min), 84,724,719 distinct states found (54,804 ds/min), 897,657 states left on queue.
Checkpointing of run states/21-05-06-20-49-59
Checkpointing completed at (2021-05-07 05:50:13)
Progress(25) at 2021-05-07 05:50:13: 860,282,458 states generated (1,557,776 s/min), 84,793,261 distinct states found (68,542 ds/min), 828,695 states left on queue.
Progress(25) at 2021-05-07 05:51:13: 861,899,245 states generated (1,616,787 s/min), 84,851,554 distinct states found (58,293 ds/min), 746,826 states left on queue.
Progress(25) at 2021-05-07 05:52:13: 863,427,087 states generated (1,527,842 s/min), 84,912,332 distinct states found (60,778 ds/min), 671,990 states left on queue.
Progress(25) at 2021-05-07 05:53:13: 864,898,625 states generated (1,471,538 s/min), 84,988,578 distinct states found (76,246 ds/min), 607,204 states left on queue.
Progress(25) at 2021-05-07 05:54:13: 866,515,753 states generated (1,617,128 s/min), 85,057,228 distinct states found (68,650 ds/min), 538,412 states left on queue.
Progress(26) at 2021-05-07 05:55:13: 868,118,371 states generated (1,602,618 s/min), 85,102,062 distinct states found (44,834 ds/min), 460,063 states left on queue.
Progress(26) at 2021-05-07 05:56:13: 869,659,673 states generated (1,541,302 s/min), 85,147,884 distinct states found (45,822 ds/min), 384,855 states left on queue.
Progress(26) at 2021-05-07 05:57:13: 871,273,064 states generated (1,613,391 s/min), 85,196,604 distinct states found (48,720 ds/min), 299,197 states left on queue.
Progress(26) at 2021-05-07 05:58:13: 872,803,276 states generated (1,530,212 s/min), 85,250,540 distinct states found (53,936 ds/min), 220,613 states left on queue.
Progress(27) at 2021-05-07 05:59:13: 874,394,748 states generated (1,591,472 s/min), 85,289,874 distinct states found (39,334 ds/min), 140,135 states left on queue.
Progress(27) at 2021-05-07 06:00:13: 875,999,593 states generated (1,604,845 s/min), 85,327,984 distinct states found (38,110 ds/min), 52,279 states left on queue.
Model checking completed. No error has been found.
  Estimates of the probability that TLC did not check all reachable states
  because two distinct states had the same fingerprint:
  calculated (optimistic):  val = .0037
  based on the actual fingerprints:  val = 2.2E-4
876925662 states generated, 85340003 distinct states found, 0 states left on queue.
The depth of the complete state graph search is 30.
The average outdegree of the complete state graph is 1 (minimum is 0, the maximum 17 and the 95th percentile is 4).
Finished in 09h 11min at (2021-05-07 06:01:00)
