Git Revision: 0131c83
Platform: Linux login-faculty.ccs.neu.edu 3.10.0-1127.19.1.el7.x86_64 #1 SMP Tue Aug 25 17:23:54 UTC 2020 x86_64 x86_64 x86_64 GNU/Linux
CPU Info Linux: model name	: Intel(R) Xeon(R) Gold 5118 CPU @ 2.30GHz
CPU Cores Linux: 48
CPU Info Mac: 
CPU Cores Mac: 
Spec: MCMongoLoglessDynamicRaftAux.tla
Config: models/MCMongoLoglessDynamicRaftAux-4Servers-T4-CV4.cfg
----
INIT InitAux
NEXT NextAux
CONSTANTS 
Nil = Nil
Server = {n1, n2, n3, n4}
Secondary = Secondary
Primary = Primary
MaxTerm = 4
MaxConfigVersion = 4
CONSTRAINT StateConstraint
INVARIANT ConfigStateMachineSafety
INVARIANT CommittedConfigSafety
SYMMETRY ServerSymmetry
ALIAS Alias
----

TLC2 Version 2.15 of Day Month 20?? (rev: fe75b8e)
Running breadth-first search Model-Checking with fp 46 and seed 99033494029185515 with 16 workers on 48 cores with 27305MB heap and 4096MB offheap memory (Linux 3.10.0-1127.19.1.el7.x86_64 amd64, Oracle Corporation 1.8.0_262 x86_64, OffHeapDiskFPSet, DiskStateQueue).
Parsing file /proj/will-fm/logless-reconfig/specs/MCMongoLoglessDynamicRaftAux.tla
Parsing file /tmp/TLC.tla
Parsing file /proj/will-fm/logless-reconfig/specs/MongoLoglessDynamicRaftAux.tla
Parsing file /proj/will-fm/logless-reconfig/specs/MongoLoglessDynamicRaft.tla
Parsing file /tmp/Naturals.tla
Parsing file /tmp/Integers.tla
Parsing file /tmp/FiniteSets.tla
Parsing file /tmp/Sequences.tla
Semantic processing of module Naturals
Semantic processing of module Sequences
Semantic processing of module FiniteSets
Semantic processing of module TLC
Semantic processing of module Integers
Semantic processing of module MongoLoglessDynamicRaft
Semantic processing of module MongoLoglessDynamicRaftAux
Semantic processing of module MCMongoLoglessDynamicRaftAux
Starting... (2021-06-18 21:59:53)
Computing initial states...
Computed 2 initial states...
Computed 4 initial states...
Computed 8 initial states...
Finished computing initial states: 15 states generated, with 4 of them distinct at 2021-06-18 21:59:53.
Progress(11) at 2021-06-18 21:59:56: 314,142 states generated (314,142 s/min), 116,087 distinct states found (116,087 ds/min), 81,642 states left on queue.
Progress(14) at 2021-06-18 22:00:56: 9,893,950 states generated (9,579,808 s/min), 2,756,827 distinct states found (2,640,740 ds/min), 1,693,337 states left on queue.
Progress(15) at 2021-06-18 22:01:56: 19,700,252 states generated (9,806,302 s/min), 5,027,466 distinct states found (2,270,639 ds/min), 2,936,552 states left on queue.
Progress(15) at 2021-06-18 22:02:56: 29,606,326 states generated (9,906,074 s/min), 7,231,755 distinct states found (2,204,289 ds/min), 4,097,902 states left on queue.
Progress(15) at 2021-06-18 22:03:56: 39,551,993 states generated (9,945,667 s/min), 9,182,194 distinct states found (1,950,439 ds/min), 5,019,760 states left on queue.
Progress(16) at 2021-06-18 22:04:56: 49,432,915 states generated (9,880,922 s/min), 11,033,822 distinct states found (1,851,628 ds/min), 5,862,123 states left on queue.
Progress(16) at 2021-06-18 22:05:56: 59,450,423 states generated (10,017,508 s/min), 12,869,666 distinct states found (1,835,844 ds/min), 6,650,376 states left on queue.
Progress(16) at 2021-06-18 22:06:56: 69,496,133 states generated (10,045,710 s/min), 14,732,224 distinct states found (1,862,558 ds/min), 7,488,878 states left on queue.
Progress(16) at 2021-06-18 22:07:56: 79,539,530 states generated (10,043,397 s/min), 16,358,411 distinct states found (1,626,187 ds/min), 8,084,445 states left on queue.
Progress(16) at 2021-06-18 22:08:56: 89,345,553 states generated (9,806,023 s/min), 18,160,202 distinct states found (1,801,791 ds/min), 8,898,395 states left on queue.
Progress(16) at 2021-06-18 22:09:56: 99,145,773 states generated (9,800,220 s/min), 19,800,405 distinct states found (1,640,203 ds/min), 9,549,091 states left on queue.
Progress(16) at 2021-06-18 22:10:56: 109,251,208 states generated (10,105,435 s/min), 21,278,854 distinct states found (1,478,449 ds/min), 10,016,303 states left on queue.
Progress(16) at 2021-06-18 22:11:56: 119,388,294 states generated (10,137,086 s/min), 22,733,546 distinct states found (1,454,692 ds/min), 10,440,882 states left on queue.
Progress(16) at 2021-06-18 22:12:56: 129,474,829 states generated (10,086,535 s/min), 24,270,407 distinct states found (1,536,861 ds/min), 10,970,379 states left on queue.
Progress(16) at 2021-06-18 22:13:56: 139,580,972 states generated (10,106,143 s/min), 25,872,730 distinct states found (1,602,323 ds/min), 11,563,071 states left on queue.
Progress(17) at 2021-06-18 22:14:56: 149,880,784 states generated (10,299,812 s/min), 27,285,393 distinct states found (1,412,663 ds/min), 11,942,134 states left on queue.
Progress(17) at 2021-06-18 22:15:56: 159,897,956 states generated (10,017,172 s/min), 28,663,249 distinct states found (1,377,856 ds/min), 12,316,413 states left on queue.
Progress(17) at 2021-06-18 22:16:56: 169,699,652 states generated (9,801,696 s/min), 30,305,714 distinct states found (1,642,465 ds/min), 12,987,405 states left on queue.
Progress(17) at 2021-06-18 22:17:56: 179,664,416 states generated (9,964,764 s/min), 31,977,356 distinct states found (1,671,642 ds/min), 13,659,362 states left on queue.
Progress(17) at 2021-06-18 22:18:56: 189,575,537 states generated (9,911,121 s/min), 33,314,532 distinct states found (1,337,176 ds/min), 14,035,156 states left on queue.
Progress(17) at 2021-06-18 22:19:56: 199,705,488 states generated (10,129,951 s/min), 34,709,728 distinct states found (1,395,196 ds/min), 14,412,241 states left on queue.
Progress(17) at 2021-06-18 22:20:56: 209,800,948 states generated (10,095,460 s/min), 35,888,695 distinct states found (1,178,967 ds/min), 14,609,893 states left on queue.
Progress(17) at 2021-06-18 22:21:56: 220,070,757 states generated (10,269,809 s/min), 37,080,022 distinct states found (1,191,327 ds/min), 14,800,161 states left on queue.
Progress(17) at 2021-06-18 22:22:56: 230,344,780 states generated (10,274,023 s/min), 38,169,665 distinct states found (1,089,643 ds/min), 14,888,582 states left on queue.
Progress(17) at 2021-06-18 22:23:56: 240,323,886 states generated (9,979,106 s/min), 39,529,921 distinct states found (1,360,256 ds/min), 15,274,173 states left on queue.
Progress(17) at 2021-06-18 22:24:56: 250,559,920 states generated (10,236,034 s/min), 40,852,535 distinct states found (1,322,614 ds/min), 15,609,868 states left on queue.
Progress(17) at 2021-06-18 22:25:56: 260,823,524 states generated (10,263,604 s/min), 42,168,023 distinct states found (1,315,488 ds/min), 15,899,476 states left on queue.
Progress(18) at 2021-06-18 22:26:56: 271,165,053 states generated (10,341,529 s/min), 43,333,479 distinct states found (1,165,456 ds/min), 16,061,276 states left on queue.
Progress(18) at 2021-06-18 22:27:56: 281,094,295 states generated (9,929,242 s/min), 44,555,121 distinct states found (1,221,642 ds/min), 16,303,465 states left on queue.
Progress(18) at 2021-06-18 22:28:56: 291,133,994 states generated (10,039,699 s/min), 45,815,371 distinct states found (1,260,250 ds/min), 16,591,183 states left on queue.
Checkpointing of run states/21-06-18-21-59-52
Checkpointing completed at (2021-06-18 22:29:57)
Progress(18) at 2021-06-18 22:29:57: 301,035,113 states generated (9,901,119 s/min), 47,347,679 distinct states found (1,532,308 ds/min), 17,139,978 states left on queue.
Progress(18) at 2021-06-18 22:30:57: 310,980,739 states generated (9,945,626 s/min), 48,755,617 distinct states found (1,407,938 ds/min), 17,565,980 states left on queue.
Progress(18) at 2021-06-18 22:31:57: 320,842,560 states generated (9,861,821 s/min), 50,355,674 distinct states found (1,600,057 ds/min), 18,185,951 states left on queue.
Progress(18) at 2021-06-18 22:32:57: 331,317,995 states generated (10,475,435 s/min), 51,428,757 distinct states found (1,073,083 ds/min), 18,281,726 states left on queue.
Progress(18) at 2021-06-18 22:33:57: 341,735,188 states generated (10,417,193 s/min), 52,665,329 distinct states found (1,236,572 ds/min), 18,471,557 states left on queue.
Progress(18) at 2021-06-18 22:34:57: 352,221,483 states generated (10,486,295 s/min), 53,796,082 distinct states found (1,130,753 ds/min), 18,618,866 states left on queue.
Progress(18) at 2021-06-18 22:35:57: 362,876,746 states generated (10,655,263 s/min), 54,728,991 distinct states found (932,909 ds/min), 18,555,653 states left on queue.
Progress(18) at 2021-06-18 22:36:57: 373,541,342 states generated (10,664,596 s/min), 55,755,211 distinct states found (1,026,220 ds/min), 18,578,573 states left on queue.
Progress(18) at 2021-06-18 22:37:57: 384,241,239 states generated (10,699,897 s/min), 56,631,223 distinct states found (876,012 ds/min), 18,458,191 states left on queue.
Progress(18) at 2021-06-18 22:38:57: 394,800,921 states generated (10,559,682 s/min), 57,796,042 distinct states found (1,164,819 ds/min), 18,610,338 states left on queue.
Progress(18) at 2021-06-18 22:39:57: 405,431,487 states generated (10,630,566 s/min), 58,911,654 distinct states found (1,115,612 ds/min), 18,741,363 states left on queue.
Progress(18) at 2021-06-18 22:40:57: 416,038,073 states generated (10,606,586 s/min), 60,200,252 distinct states found (1,288,598 ds/min), 18,998,429 states left on queue.
Progress(18) at 2021-06-18 22:41:57: 426,768,634 states generated (10,730,561 s/min), 61,265,414 distinct states found (1,065,162 ds/min), 19,031,655 states left on queue.
Progress(19) at 2021-06-18 22:42:57: 437,494,005 states generated (10,725,371 s/min), 62,270,817 distinct states found (1,005,403 ds/min), 19,031,721 states left on queue.
Progress(19) at 2021-06-18 22:43:57: 447,844,513 states generated (10,350,508 s/min), 63,397,626 distinct states found (1,126,809 ds/min), 19,168,392 states left on queue.
Progress(19) at 2021-06-18 22:44:57: 458,349,711 states generated (10,505,198 s/min), 64,452,182 distinct states found (1,054,556 ds/min), 19,225,275 states left on queue.
Progress(19) at 2021-06-18 22:45:57: 468,293,965 states generated (9,944,254 s/min), 65,739,061 distinct states found (1,286,879 ds/min), 19,533,879 states left on queue.
Progress(19) at 2021-06-18 22:46:57: 478,741,651 states generated (10,447,686 s/min), 67,041,497 distinct states found (1,302,436 ds/min), 19,813,573 states left on queue.
Progress(19) at 2021-06-18 22:47:57: 489,121,150 states generated (10,379,499 s/min), 68,280,180 distinct states found (1,238,683 ds/min), 20,042,152 states left on queue.
Progress(19) at 2021-06-18 22:48:57: 499,218,946 states generated (10,097,796 s/min), 69,579,372 distinct states found (1,299,192 ds/min), 20,345,852 states left on queue.
Progress(19) at 2021-06-18 22:49:57: 509,016,743 states generated (9,797,797 s/min), 71,159,497 distinct states found (1,580,125 ds/min), 20,948,834 states left on queue.
Progress(19) at 2021-06-18 22:50:57: 519,746,218 states generated (10,729,475 s/min), 72,178,820 distinct states found (1,019,323 ds/min), 20,995,358 states left on queue.
Progress(19) at 2021-06-18 22:51:57: 530,091,197 states generated (10,344,979 s/min), 73,210,570 distinct states found (1,031,750 ds/min), 21,021,416 states left on queue.
Progress(19) at 2021-06-18 22:52:57: 541,022,802 states generated (10,931,605 s/min), 74,192,285 distinct states found (981,715 ds/min), 20,988,120 states left on queue.
Progress(19) at 2021-06-18 22:53:57: 551,727,276 states generated (10,704,474 s/min), 75,033,893 distinct states found (841,608 ds/min), 20,871,241 states left on queue.
Progress(19) at 2021-06-18 22:54:57: 562,515,448 states generated (10,788,172 s/min), 75,822,864 distinct states found (788,971 ds/min), 20,684,570 states left on queue.
Progress(19) at 2021-06-18 22:55:57: 573,036,572 states generated (10,521,124 s/min), 76,594,983 distinct states found (772,119 ds/min), 20,512,393 states left on queue.
Progress(19) at 2021-06-18 22:56:57: 583,655,189 states generated (10,618,617 s/min), 77,379,950 distinct states found (784,967 ds/min), 20,350,350 states left on queue.
Progress(19) at 2021-06-18 22:57:57: 594,125,240 states generated (10,470,051 s/min), 78,322,389 distinct states found (942,439 ds/min), 20,324,871 states left on queue.
Progress(19) at 2021-06-18 22:58:57: 604,789,096 states generated (10,663,856 s/min), 79,254,206 distinct states found (931,817 ds/min), 20,297,255 states left on queue.
Checkpointing of run states/21-06-18-21-59-52
Checkpointing completed at (2021-06-18 22:59:59)
Progress(19) at 2021-06-18 22:59:59: 615,670,579 states generated (10,881,483 s/min), 80,307,013 distinct states found (1,052,807 ds/min), 20,329,423 states left on queue.
Progress(19) at 2021-06-18 23:00:59: 625,896,142 states generated (10,225,563 s/min), 81,175,786 distinct states found (868,773 ds/min), 20,237,203 states left on queue.
Progress(19) at 2021-06-18 23:01:59: 636,017,090 states generated (10,120,948 s/min), 82,034,945 distinct states found (859,159 ds/min), 20,172,710 states left on queue.
Progress(20) at 2021-06-18 23:02:59: 646,115,793 states generated (10,098,703 s/min), 82,877,630 distinct states found (842,685 ds/min), 20,082,292 states left on queue.
Progress(20) at 2021-06-18 23:03:59: 656,069,389 states generated (9,953,596 s/min), 83,793,429 distinct states found (915,799 ds/min), 20,060,250 states left on queue.
Progress(20) at 2021-06-18 23:04:59: 666,337,177 states generated (10,267,788 s/min), 84,771,830 distinct states found (978,401 ds/min), 20,094,680 states left on queue.
Progress(20) at 2021-06-18 23:05:59: 676,038,886 states generated (9,701,709 s/min), 85,841,534 distinct states found (1,069,704 ds/min), 20,221,697 states left on queue.
Progress(20) at 2021-06-18 23:06:59: 686,096,644 states generated (10,057,758 s/min), 86,820,710 distinct states found (979,176 ds/min), 20,243,957 states left on queue.
Progress(20) at 2021-06-18 23:07:59: 696,440,165 states generated (10,343,521 s/min), 87,905,145 distinct states found (1,084,435 ds/min), 20,353,169 states left on queue.
Progress(20) at 2021-06-18 23:08:59: 706,269,692 states generated (9,829,527 s/min), 88,955,157 distinct states found (1,050,012 ds/min), 20,439,315 states left on queue.
Progress(20) at 2021-06-18 23:09:59: 715,902,546 states generated (9,632,854 s/min), 89,994,076 distinct states found (1,038,919 ds/min), 20,538,346 states left on queue.
Progress(20) at 2021-06-18 23:10:59: 725,690,658 states generated (9,788,112 s/min), 91,198,125 distinct states found (1,204,049 ds/min), 20,787,053 states left on queue.
Progress(20) at 2021-06-18 23:11:59: 734,908,678 states generated (9,218,020 s/min), 92,649,297 distinct states found (1,451,172 ds/min), 21,303,294 states left on queue.
Progress(20) at 2021-06-18 23:12:59: 745,413,012 states generated (10,504,334 s/min), 93,394,877 distinct states found (745,580 ds/min), 21,136,033 states left on queue.
Progress(20) at 2021-06-18 23:13:59: 755,552,818 states generated (10,139,806 s/min), 94,267,756 distinct states found (872,879 ds/min), 21,052,184 states left on queue.
Progress(20) at 2021-06-18 23:14:59: 766,217,214 states generated (10,664,396 s/min), 95,040,699 distinct states found (772,943 ds/min), 20,875,241 states left on queue.
Progress(20) at 2021-06-18 23:15:59: 776,836,398 states generated (10,619,184 s/min), 95,710,918 distinct states found (670,219 ds/min), 20,629,799 states left on queue.
Progress(20) at 2021-06-18 23:16:59: 787,695,728 states generated (10,859,330 s/min), 96,311,444 distinct states found (600,526 ds/min), 20,305,838 states left on queue.
Progress(20) at 2021-06-18 23:17:59: 798,096,202 states generated (10,400,474 s/min), 96,945,267 distinct states found (633,823 ds/min), 20,043,694 states left on queue.
Progress(20) at 2021-06-18 23:18:59: 808,868,880 states generated (10,772,678 s/min), 97,666,820 distinct states found (721,553 ds/min), 19,825,411 states left on queue.
Progress(20) at 2021-06-18 23:19:59: 819,351,481 states generated (10,482,601 s/min), 98,489,269 distinct states found (822,449 ds/min), 19,720,375 states left on queue.
Progress(20) at 2021-06-18 23:20:59: 830,125,141 states generated (10,773,660 s/min), 99,269,661 distinct states found (780,392 ds/min), 19,548,191 states left on queue.
Progress(20) at 2021-06-18 23:21:59: 840,869,655 states generated (10,744,514 s/min), 100,105,895 distinct states found (836,234 ds/min), 19,408,741 states left on queue.
Progress(20) at 2021-06-18 23:22:59: 851,288,158 states generated (10,418,503 s/min), 100,846,582 distinct states found (740,687 ds/min), 19,206,118 states left on queue.
Progress(21) at 2021-06-18 23:23:59: 861,656,031 states generated (10,367,873 s/min), 101,505,135 distinct states found (658,553 ds/min), 18,954,783 states left on queue.
Progress(21) at 2021-06-18 23:24:59: 871,729,717 states generated (10,073,686 s/min), 102,368,085 distinct states found (862,950 ds/min), 18,883,680 states left on queue.
Progress(21) at 2021-06-18 23:25:59: 882,440,741 states generated (10,711,024 s/min), 103,101,489 distinct states found (733,404 ds/min), 18,673,727 states left on queue.
Progress(21) at 2021-06-18 23:26:59: 892,871,849 states generated (10,431,108 s/min), 104,009,161 distinct states found (907,672 ds/min), 18,606,886 states left on queue.
Progress(21) at 2021-06-18 23:27:59: 902,753,807 states generated (9,881,958 s/min), 104,927,402 distinct states found (918,241 ds/min), 18,597,645 states left on queue.
Progress(21) at 2021-06-18 23:28:59: 913,357,718 states generated (10,603,911 s/min), 105,839,839 distinct states found (912,437 ds/min), 18,515,123 states left on queue.
Checkpointing of run states/21-06-18-21-59-52
Checkpointing completed at (2021-06-18 23:30:02)
Progress(21) at 2021-06-18 23:30:02: 924,246,533 states generated (10,888,815 s/min), 106,776,230 distinct states found (936,391 ds/min), 18,436,577 states left on queue.
Progress(21) at 2021-06-18 23:31:02: 934,427,436 states generated (10,180,903 s/min), 107,733,932 distinct states found (957,702 ds/min), 18,423,396 states left on queue.
Progress(21) at 2021-06-18 23:32:02: 944,522,577 states generated (10,095,141 s/min), 108,587,478 distinct states found (853,546 ds/min), 18,323,868 states left on queue.
Progress(21) at 2021-06-18 23:33:02: 954,761,264 states generated (10,238,687 s/min), 109,662,455 distinct states found (1,074,977 ds/min), 18,414,602 states left on queue.
Progress(21) at 2021-06-18 23:34:02: 964,396,847 states generated (9,635,583 s/min), 110,962,017 distinct states found (1,299,562 ds/min), 18,744,888 states left on queue.
Progress(21) at 2021-06-18 23:35:02: 974,699,568 states generated (10,302,721 s/min), 111,809,489 distinct states found (847,472 ds/min), 18,672,360 states left on queue.
Progress(21) at 2021-06-18 23:36:02: 985,280,861 states generated (10,581,293 s/min), 112,564,152 distinct states found (754,663 ds/min), 18,482,818 states left on queue.
Progress(21) at 2021-06-18 23:37:02: 996,256,104 states generated (10,975,243 s/min), 113,213,583 distinct states found (649,431 ds/min), 18,183,072 states left on queue.
Progress(21) at 2021-06-18 23:38:02: 1,007,136,962 states generated (10,880,858 s/min), 113,730,330 distinct states found (516,747 ds/min), 17,807,261 states left on queue.
Progress(21) at 2021-06-18 23:39:02: 1,017,709,283 states generated (10,572,321 s/min), 114,238,491 distinct states found (508,161 ds/min), 17,446,956 states left on queue.
Progress(21) at 2021-06-18 23:40:02: 1,028,595,702 states generated (10,886,419 s/min), 114,812,477 distinct states found (573,986 ds/min), 17,120,693 states left on queue.
Progress(21) at 2021-06-18 23:41:02: 1,039,250,801 states generated (10,655,099 s/min), 115,482,588 distinct states found (670,111 ds/min), 16,882,967 states left on queue.
Progress(21) at 2021-06-18 23:42:02: 1,050,089,361 states generated (10,838,560 s/min), 116,138,715 distinct states found (656,127 ds/min), 16,612,486 states left on queue.
Progress(21) at 2021-06-18 23:43:02: 1,060,944,734 states generated (10,855,373 s/min), 116,756,269 distinct states found (617,554 ds/min), 16,287,089 states left on queue.
Progress(22) at 2021-06-18 23:44:02: 1,071,502,916 states generated (10,558,182 s/min), 117,370,433 distinct states found (614,164 ds/min), 15,991,660 states left on queue.
Progress(22) at 2021-06-18 23:45:02: 1,081,490,835 states generated (9,987,919 s/min), 118,081,594 distinct states found (711,161 ds/min), 15,810,677 states left on queue.
Progress(22) at 2021-06-18 23:46:02: 1,092,029,493 states generated (10,538,658 s/min), 118,690,599 distinct states found (609,005 ds/min), 15,521,724 states left on queue.
Progress(22) at 2021-06-18 23:47:02: 1,102,291,572 states generated (10,262,079 s/min), 119,405,576 distinct states found (714,977 ds/min), 15,310,292 states left on queue.
Progress(22) at 2021-06-18 23:48:02: 1,111,939,383 states generated (9,647,811 s/min), 120,168,088 distinct states found (762,512 ds/min), 15,191,567 states left on queue.
Progress(22) at 2021-06-18 23:49:02: 1,122,283,597 states generated (10,344,214 s/min), 120,856,739 distinct states found (688,651 ds/min), 14,953,059 states left on queue.
Progress(22) at 2021-06-18 23:50:02: 1,132,486,959 states generated (10,203,362 s/min), 121,627,079 distinct states found (770,340 ds/min), 14,792,673 states left on queue.
Progress(22) at 2021-06-18 23:51:02: 1,142,363,262 states generated (9,876,303 s/min), 122,401,721 distinct states found (774,642 ds/min), 14,647,223 states left on queue.
Progress(22) at 2021-06-18 23:52:02: 1,152,197,769 states generated (9,834,507 s/min), 123,081,834 distinct states found (680,113 ds/min), 14,430,829 states left on queue.
Progress(22) at 2021-06-18 23:53:02: 1,162,232,612 states generated (10,034,843 s/min), 123,966,975 distinct states found (885,141 ds/min), 14,369,309 states left on queue.
Progress(22) at 2021-06-18 23:54:02: 1,171,733,711 states generated (9,501,099 s/min), 124,940,540 distinct states found (973,565 ds/min), 14,407,521 states left on queue.
Progress(22) at 2021-06-18 23:55:02: 1,181,370,903 states generated (9,637,192 s/min), 126,035,092 distinct states found (1,094,552 ds/min), 14,571,752 states left on queue.
Progress(22) at 2021-06-18 23:56:02: 1,191,669,917 states generated (10,299,014 s/min), 126,589,162 distinct states found (554,070 ds/min), 14,265,804 states left on queue.
Progress(22) at 2021-06-18 23:57:02: 1,202,404,836 states generated (10,734,919 s/min), 127,118,316 distinct states found (529,154 ds/min), 13,904,193 states left on queue.
Progress(22) at 2021-06-18 23:58:02: 1,213,027,237 states generated (10,622,401 s/min), 127,483,594 distinct states found (365,278 ds/min), 13,453,515 states left on queue.
Progress(22) at 2021-06-18 23:59:02: 1,223,341,155 states generated (10,313,918 s/min), 127,937,540 distinct states found (453,946 ds/min), 13,084,599 states left on queue.
Checkpointing of run states/21-06-18-21-59-52
Checkpointing completed at (2021-06-19 00:00:05)
Progress(22) at 2021-06-19 00:00:05: 1,234,356,361 states generated (11,015,206 s/min), 128,486,261 distinct states found (548,721 ds/min), 12,732,482 states left on queue.
Progress(22) at 2021-06-19 00:01:05: 1,244,939,294 states generated (10,582,933 s/min), 128,977,997 distinct states found (491,736 ds/min), 12,358,221 states left on queue.
Progress(23) at 2021-06-19 00:02:05: 1,255,267,388 states generated (10,328,094 s/min), 129,461,298 distinct states found (483,301 ds/min), 11,984,199 states left on queue.
Progress(23) at 2021-06-19 00:03:05: 1,265,373,351 states generated (10,105,963 s/min), 130,050,002 distinct states found (588,704 ds/min), 11,704,895 states left on queue.
Progress(23) at 2021-06-19 00:04:05: 1,275,919,605 states generated (10,546,254 s/min), 130,621,660 distinct states found (571,658 ds/min), 11,386,954 states left on queue.
Progress(23) at 2021-06-19 00:05:05: 1,285,641,654 states generated (9,722,049 s/min), 131,288,643 distinct states found (666,983 ds/min), 11,182,691 states left on queue.
Progress(23) at 2021-06-19 00:06:05: 1,296,151,336 states generated (10,509,682 s/min), 131,818,793 distinct states found (530,150 ds/min), 10,830,930 states left on queue.
Progress(23) at 2021-06-19 00:07:05: 1,306,468,962 states generated (10,317,626 s/min), 132,448,703 distinct states found (629,910 ds/min), 10,550,590 states left on queue.
Progress(23) at 2021-06-19 00:08:05: 1,316,230,781 states generated (9,761,819 s/min), 133,064,183 distinct states found (615,480 ds/min), 10,280,163 states left on queue.
Progress(23) at 2021-06-19 00:09:05: 1,326,545,806 states generated (10,315,025 s/min), 133,802,646 distinct states found (738,463 ds/min), 10,076,283 states left on queue.
Progress(23) at 2021-06-19 00:10:05: 1,336,358,355 states generated (9,812,549 s/min), 134,585,159 distinct states found (782,513 ds/min), 9,933,785 states left on queue.
Progress(23) at 2021-06-19 00:11:06: 1,346,212,232 states generated (9,853,877 s/min), 135,582,607 distinct states found (997,448 ds/min), 9,984,122 states left on queue.
Progress(23) at 2021-06-19 00:12:06: 1,356,515,853 states generated (10,303,621 s/min), 136,184,154 distinct states found (601,547 ds/min), 9,708,933 states left on queue.
Progress(23) at 2021-06-19 00:13:06: 1,367,506,228 states generated (10,990,375 s/min), 136,609,855 distinct states found (425,701 ds/min), 9,274,756 states left on queue.
Progress(23) at 2021-06-19 00:14:06: 1,378,026,780 states generated (10,520,552 s/min), 136,965,027 distinct states found (355,172 ds/min), 8,832,117 states left on queue.
Progress(23) at 2021-06-19 00:15:06: 1,388,741,273 states generated (10,714,493 s/min), 137,359,410 distinct states found (394,383 ds/min), 8,399,152 states left on queue.
Progress(23) at 2021-06-19 00:16:06: 1,399,064,896 states generated (10,323,623 s/min), 137,801,127 distinct states found (441,717 ds/min), 7,997,599 states left on queue.
Progress(23) at 2021-06-19 00:17:06: 1,409,581,920 states generated (10,517,024 s/min), 138,264,567 distinct states found (463,440 ds/min), 7,616,332 states left on queue.
Progress(23) at 2021-06-19 00:18:06: 1,419,665,901 states generated (10,083,981 s/min), 138,804,987 distinct states found (540,420 ds/min), 7,304,056 states left on queue.
Progress(23) at 2021-06-19 00:19:06: 1,430,069,387 states generated (10,403,486 s/min), 139,309,588 distinct states found (504,601 ds/min), 6,931,355 states left on queue.
Progress(24) at 2021-06-19 00:20:06: 1,440,092,243 states generated (10,022,856 s/min), 139,798,070 distinct states found (488,482 ds/min), 6,560,431 states left on queue.
Progress(24) at 2021-06-19 00:21:06: 1,450,464,397 states generated (10,372,154 s/min), 140,418,358 distinct states found (620,288 ds/min), 6,260,515 states left on queue.
Progress(24) at 2021-06-19 00:22:06: 1,460,284,185 states generated (9,819,788 s/min), 141,108,627 distinct states found (690,269 ds/min), 6,043,441 states left on queue.
Progress(24) at 2021-06-19 00:23:06: 1,470,023,503 states generated (9,739,318 s/min), 141,898,943 distinct states found (790,316 ds/min), 5,928,687 states left on queue.
Progress(24) at 2021-06-19 00:24:06: 1,480,799,636 states generated (10,776,133 s/min), 142,240,083 distinct states found (341,140 ds/min), 5,469,518 states left on queue.
Progress(24) at 2021-06-19 00:25:06: 1,491,389,798 states generated (10,590,162 s/min), 142,534,502 distinct states found (294,419 ds/min), 4,984,836 states left on queue.
Progress(24) at 2021-06-19 00:26:06: 1,501,809,690 states generated (10,419,892 s/min), 142,916,442 distinct states found (381,940 ds/min), 4,557,049 states left on queue.
Progress(24) at 2021-06-19 00:27:06: 1,512,030,976 states generated (10,221,286 s/min), 143,381,490 distinct states found (465,048 ds/min), 4,188,502 states left on queue.
Progress(24) at 2021-06-19 00:28:06: 1,522,384,749 states generated (10,353,773 s/min), 143,788,541 distinct states found (407,051 ds/min), 3,746,606 states left on queue.
Progress(24) at 2021-06-19 00:29:06: 1,532,573,755 states generated (10,189,006 s/min), 144,331,362 distinct states found (542,821 ds/min), 3,388,971 states left on queue.
Checkpointing of run states/21-06-18-21-59-52
Checkpointing completed at (2021-06-19 00:30:08)
Progress(24) at 2021-06-19 00:30:08: 1,543,277,643 states generated (10,703,888 s/min), 145,013,000 distinct states found (681,638 ds/min), 3,125,090 states left on queue.
Progress(25) at 2021-06-19 00:31:08: 1,554,285,935 states generated (11,008,292 s/min), 145,297,061 distinct states found (284,061 ds/min), 2,622,885 states left on queue.
Progress(25) at 2021-06-19 00:32:08: 1,564,924,772 states generated (10,638,837 s/min), 145,664,828 distinct states found (367,767 ds/min), 2,170,567 states left on queue.
Progress(25) at 2021-06-19 00:33:08: 1,575,365,555 states generated (10,440,783 s/min), 146,065,136 distinct states found (400,308 ds/min), 1,717,017 states left on queue.
Progress(26) at 2021-06-19 00:34:08: 1,585,932,812 states generated (10,567,257 s/min), 146,534,095 distinct states found (468,959 ds/min), 1,335,384 states left on queue.
Progress(26) at 2021-06-19 00:35:08: 1,596,632,426 states generated (10,699,614 s/min), 146,852,292 distinct states found (318,197 ds/min), 845,650 states left on queue.
Progress(27) at 2021-06-19 00:36:08: 1,607,407,095 states generated (10,774,669 s/min), 147,200,500 distinct states found (348,208 ds/min), 374,064 states left on queue.
Model checking completed. No error has been found.
  Estimates of the probability that TLC did not check all reachable states
  because two distinct states had the same fingerprint:
  calculated (optimistic):  val = .012
  based on the actual fingerprints:  val = .001
1615225474 states generated, 147378221 distinct states found, 0 states left on queue.
The depth of the complete state graph search is 30.
The average outdegree of the complete state graph is 1 (minimum is 0, the maximum 19 and the 95th percentile is 4).
Finished in 02h 37min at (2021-06-19 00:36:54)
