Git Revision: bf0d2db
Platform: Linux login-faculty.ccs.neu.edu 3.10.0-1127.19.1.el7.x86_64 #1 SMP Tue Aug 25 17:23:54 UTC 2020 x86_64 x86_64 x86_64 GNU/Linux
CPU Info Linux: model name	: Intel(R) Xeon(R) Gold 5118 CPU @ 2.30GHz
CPU Cores Linux: 48
CPU Info Mac: 
CPU Cores Mac: 
Spec: MCMongoLoglessDynamicRaftRefinement.tla
Config: models/MCMongoLoglessDynamicRaftRefinement-5Servers-T3-CV3.cfg
----
INIT InitAux
NEXT NextAux
CONSTANTS 
Nil = Nil
Server = {n1, n2, n3, n4, n5}
Secondary = Secondary
Primary = Primary
MaxTerm = 3
MaxConfigVersion = 3
CONSTRAINT StateConstraint
INVARIANT StateMachineSafety
VIEW ViewRemoveElectionsAndLogVars
SYMMETRY ServerSymmetry
ALIAS Alias
----

TLC2 Version 2.15 of Day Month 20?? (rev: adc67eb)
Running breadth-first search Model-Checking with fp 21 and seed -7757385778057124344 with 1 worker on 48 cores with 27305MB heap and 4096MB offheap memory (Linux 3.10.0-1127.19.1.el7.x86_64 amd64, Oracle Corporation 1.8.0_262 x86_64, OffHeapDiskFPSet, DiskStateQueue).
Parsing file /proj/will-fm/logless-reconfig/refinement/MCMongoLoglessDynamicRaftRefinement.tla
Parsing file /tmp/TLC.tla
Parsing file /proj/will-fm/logless-reconfig/refinement/MongoLoglessDynamicRaftRefinement.tla
Parsing file /proj/will-fm/logless-reconfig/refinement/MongoLoglessDynamicRaft.tla
Parsing file /tmp/Naturals.tla
Parsing file /tmp/Integers.tla
Parsing file /tmp/FiniteSets.tla
Parsing file /tmp/Sequences.tla
Parsing file /proj/will-fm/logless-reconfig/refinement/MongoSafeWeakRaft.tla
Parsing file /proj/will-fm/logless-reconfig/refinement/MongoWeakRaft.tla
Semantic processing of module Naturals
Semantic processing of module Sequences
Semantic processing of module FiniteSets
Semantic processing of module TLC
Semantic processing of module Integers
Semantic processing of module MongoLoglessDynamicRaft
Semantic processing of module MongoWeakRaft
Semantic processing of module MongoSafeWeakRaft
Semantic processing of module MongoLoglessDynamicRaftRefinement
Semantic processing of module MCMongoLoglessDynamicRaftRefinement
Starting... (2021-02-02 12:30:31)
Computing initial states...
Computed 2 initial states...
Computed 4 initial states...
Computed 8 initial states...
Computed 16 initial states...
Finished computing initial states: 31 states generated, with 5 of them distinct at 2021-02-02 12:30:32.
Progress(7) at 2021-02-02 12:30:35: 17,293 states generated (17,293 s/min), 3,904 distinct states found (3,904 ds/min), 2,823 states left on queue.
Progress(9) at 2021-02-02 12:31:35: 597,762 states generated (580,469 s/min), 134,735 distinct states found (130,831 ds/min), 94,275 states left on queue.
Progress(10) at 2021-02-02 12:32:35: 1,266,002 states generated (668,240 s/min), 267,218 distinct states found (132,483 ds/min), 178,360 states left on queue.
Progress(10) at 2021-02-02 12:33:35: 1,900,881 states generated (634,879 s/min), 388,750 distinct states found (121,532 ds/min), 258,023 states left on queue.
Progress(11) at 2021-02-02 12:34:35: 2,534,573 states generated (633,692 s/min), 467,682 distinct states found (78,932 ds/min), 296,677 states left on queue.
Progress(11) at 2021-02-02 12:35:35: 3,256,262 states generated (721,689 s/min), 594,738 distinct states found (127,056 ds/min), 370,262 states left on queue.
Progress(11) at 2021-02-02 12:36:35: 3,948,660 states generated (692,398 s/min), 719,047 distinct states found (124,309 ds/min), 443,370 states left on queue.
Progress(11) at 2021-02-02 12:37:35: 4,616,319 states generated (667,659 s/min), 847,324 distinct states found (128,277 ds/min), 522,836 states left on queue.
Progress(11) at 2021-02-02 12:38:35: 5,235,038 states generated (618,719 s/min), 952,051 distinct states found (104,727 ds/min), 590,884 states left on queue.
Progress(11) at 2021-02-02 12:39:35: 5,829,414 states generated (594,376 s/min), 1,042,206 distinct states found (90,155 ds/min), 646,740 states left on queue.
Progress(12) at 2021-02-02 12:40:35: 6,402,998 states generated (573,584 s/min), 1,103,032 distinct states found (60,826 ds/min), 676,484 states left on queue.
Progress(12) at 2021-02-02 12:41:35: 7,184,501 states generated (781,503 s/min), 1,191,325 distinct states found (88,293 ds/min), 706,194 states left on queue.
Progress(12) at 2021-02-02 12:42:35: 7,914,964 states generated (730,463 s/min), 1,295,296 distinct states found (103,971 ds/min), 759,264 states left on queue.
Progress(12) at 2021-02-02 12:43:35: 8,687,166 states generated (772,202 s/min), 1,386,812 distinct states found (91,516 ds/min), 794,323 states left on queue.
Progress(12) at 2021-02-02 12:44:35: 9,390,142 states generated (702,976 s/min), 1,474,999 distinct states found (88,187 ds/min), 833,952 states left on queue.
Progress(12) at 2021-02-02 12:45:35: 10,096,518 states generated (706,376 s/min), 1,584,775 distinct states found (109,776 ds/min), 891,817 states left on queue.
Progress(12) at 2021-02-02 12:46:35: 10,853,688 states generated (757,170 s/min), 1,678,163 distinct states found (93,388 ds/min), 929,324 states left on queue.
Progress(12) at 2021-02-02 12:47:35: 11,526,785 states generated (673,097 s/min), 1,762,596 distinct states found (84,433 ds/min), 969,074 states left on queue.
Progress(12) at 2021-02-02 12:48:35: 12,212,346 states generated (685,561 s/min), 1,868,602 distinct states found (106,006 ds/min), 1,025,177 states left on queue.
Progress(12) at 2021-02-02 12:49:35: 12,806,726 states generated (594,380 s/min), 1,953,390 distinct states found (84,788 ds/min), 1,076,541 states left on queue.
Progress(12) at 2021-02-02 12:50:35: 13,417,863 states generated (611,137 s/min), 2,057,779 distinct states found (104,389 ds/min), 1,143,465 states left on queue.
Progress(12) at 2021-02-02 12:51:35: 14,121,535 states generated (703,672 s/min), 2,165,787 distinct states found (108,008 ds/min), 1,203,415 states left on queue.
Progress(12) at 2021-02-02 12:52:35: 14,759,344 states generated (637,809 s/min), 2,254,284 distinct states found (88,497 ds/min), 1,249,926 states left on queue.
Progress(12) at 2021-02-02 12:53:35: 15,343,776 states generated (584,432 s/min), 2,327,486 distinct states found (73,202 ds/min), 1,291,095 states left on queue.
Progress(12) at 2021-02-02 12:54:35: 15,901,217 states generated (557,441 s/min), 2,390,502 distinct states found (63,016 ds/min), 1,326,564 states left on queue.
Progress(12) at 2021-02-02 12:55:35: 16,425,223 states generated (524,006 s/min), 2,451,345 distinct states found (60,843 ds/min), 1,359,189 states left on queue.
Progress(13) at 2021-02-02 12:56:35: 17,273,385 states generated (848,162 s/min), 2,505,073 distinct states found (53,728 ds/min), 1,353,246 states left on queue.
Progress(13) at 2021-02-02 12:57:35: 18,036,958 states generated (763,573 s/min), 2,578,219 distinct states found (73,146 ds/min), 1,372,876 states left on queue.
Progress(13) at 2021-02-02 12:58:35: 18,794,198 states generated (757,240 s/min), 2,651,027 distinct states found (72,808 ds/min), 1,397,256 states left on queue.
Progress(13) at 2021-02-02 12:59:35: 19,554,988 states generated (760,790 s/min), 2,735,678 distinct states found (84,651 ds/min), 1,428,008 states left on queue.
Checkpointing of run states/21-02-02-12-30-31
Checkpointing completed at (2021-02-02 13:00:36)
Progress(13) at 2021-02-02 13:00:36: 20,362,534 states generated (807,546 s/min), 2,800,764 distinct states found (65,086 ds/min), 1,436,646 states left on queue.
Progress(13) at 2021-02-02 13:01:36: 21,107,126 states generated (744,592 s/min), 2,877,227 distinct states found (76,463 ds/min), 1,459,542 states left on queue.
Progress(13) at 2021-02-02 13:02:36: 21,818,766 states generated (711,640 s/min), 2,945,830 distinct states found (68,603 ds/min), 1,481,621 states left on queue.
Progress(13) at 2021-02-02 13:03:36: 22,557,918 states generated (739,152 s/min), 3,033,040 distinct states found (87,210 ds/min), 1,516,270 states left on queue.
Progress(13) at 2021-02-02 13:04:36: 23,273,859 states generated (715,941 s/min), 3,125,835 distinct states found (92,795 ds/min), 1,558,141 states left on queue.
Progress(13) at 2021-02-02 13:05:36: 24,065,544 states generated (791,685 s/min), 3,194,539 distinct states found (68,704 ds/min), 1,570,913 states left on queue.
Progress(13) at 2021-02-02 13:06:36: 24,859,408 states generated (793,864 s/min), 3,260,410 distinct states found (65,871 ds/min), 1,581,581 states left on queue.
Progress(13) at 2021-02-02 13:07:36: 25,559,707 states generated (700,299 s/min), 3,320,324 distinct states found (59,914 ds/min), 1,597,548 states left on queue.
Progress(13) at 2021-02-02 13:08:36: 26,242,277 states generated (682,570 s/min), 3,389,508 distinct states found (69,184 ds/min), 1,623,534 states left on queue.
Progress(13) at 2021-02-02 13:09:36: 26,982,690 states generated (740,413 s/min), 3,467,782 distinct states found (78,274 ds/min), 1,650,154 states left on queue.
Progress(13) at 2021-02-02 13:10:36: 27,679,425 states generated (696,735 s/min), 3,552,651 distinct states found (84,869 ds/min), 1,684,333 states left on queue.
Progress(13) at 2021-02-02 13:11:36: 28,334,274 states generated (654,849 s/min), 3,616,955 distinct states found (64,304 ds/min), 1,708,876 states left on queue.
Progress(13) at 2021-02-02 13:12:36: 28,946,755 states generated (612,481 s/min), 3,670,395 distinct states found (53,440 ds/min), 1,729,761 states left on queue.
Progress(13) at 2021-02-02 13:13:36: 29,566,418 states generated (619,663 s/min), 3,735,758 distinct states found (65,363 ds/min), 1,760,590 states left on queue.
Progress(13) at 2021-02-02 13:14:36: 30,236,019 states generated (669,601 s/min), 3,833,086 distinct states found (97,328 ds/min), 1,810,862 states left on queue.
Progress(13) at 2021-02-02 13:15:36: 30,850,267 states generated (614,248 s/min), 3,916,856 distinct states found (83,770 ds/min), 1,859,686 states left on queue.
Progress(13) at 2021-02-02 13:16:36: 31,577,973 states generated (727,706 s/min), 3,994,627 distinct states found (77,771 ds/min), 1,888,465 states left on queue.
Progress(13) at 2021-02-02 13:17:36: 32,316,558 states generated (738,585 s/min), 4,077,755 distinct states found (83,128 ds/min), 1,921,271 states left on queue.
Progress(13) at 2021-02-02 13:18:36: 33,016,085 states generated (699,527 s/min), 4,148,999 distinct states found (71,244 ds/min), 1,945,453 states left on queue.
Progress(13) at 2021-02-02 13:19:36: 33,695,690 states generated (679,605 s/min), 4,213,314 distinct states found (64,315 ds/min), 1,965,706 states left on queue.
Progress(13) at 2021-02-02 13:20:36: 34,337,351 states generated (641,661 s/min), 4,280,039 distinct states found (66,725 ds/min), 1,994,906 states left on queue.
Progress(13) at 2021-02-02 13:21:36: 34,968,743 states generated (631,392 s/min), 4,330,022 distinct states found (49,983 ds/min), 2,011,460 states left on queue.
Progress(13) at 2021-02-02 13:22:36: 35,532,272 states generated (563,529 s/min), 4,378,870 distinct states found (48,848 ds/min), 2,032,516 states left on queue.
Progress(13) at 2021-02-02 13:23:36: 36,121,147 states generated (588,875 s/min), 4,434,735 distinct states found (55,865 ds/min), 2,056,222 states left on queue.
Progress(13) at 2021-02-02 13:24:36: 36,695,226 states generated (574,079 s/min), 4,488,247 distinct states found (53,512 ds/min), 2,076,723 states left on queue.
Progress(13) at 2021-02-02 13:25:36: 37,266,160 states generated (570,934 s/min), 4,534,302 distinct states found (46,055 ds/min), 2,091,901 states left on queue.
Progress(14) at 2021-02-02 13:26:36: 38,048,185 states generated (782,025 s/min), 4,572,558 distinct states found (38,256 ds/min), 2,080,243 states left on queue.
Progress(14) at 2021-02-02 13:27:36: 38,847,921 states generated (799,736 s/min), 4,631,889 distinct states found (59,331 ds/min), 2,084,697 states left on queue.
Progress(14) at 2021-02-02 13:28:36: 39,645,315 states generated (797,394 s/min), 4,680,928 distinct states found (49,039 ds/min), 2,085,918 states left on queue.
Progress(14) at 2021-02-02 13:29:36: 40,422,790 states generated (777,475 s/min), 4,740,187 distinct states found (59,259 ds/min), 2,095,915 states left on queue.
Checkpointing of run states/21-02-02-12-30-31
Checkpointing completed at (2021-02-02 13:30:36)
Progress(14) at 2021-02-02 13:30:36: 41,212,805 states generated (790,015 s/min), 4,810,939 distinct states found (70,752 ds/min), 2,110,526 states left on queue.
Progress(14) at 2021-02-02 13:31:36: 42,016,156 states generated (803,351 s/min), 4,867,250 distinct states found (56,311 ds/min), 2,115,099 states left on queue.
Progress(14) at 2021-02-02 13:32:36: 42,848,424 states generated (832,268 s/min), 4,926,434 distinct states found (59,184 ds/min), 2,117,886 states left on queue.
Progress(14) at 2021-02-02 13:33:36: 43,628,132 states generated (779,708 s/min), 4,991,725 distinct states found (65,291 ds/min), 2,127,222 states left on queue.
Progress(14) at 2021-02-02 13:34:36: 44,362,149 states generated (734,017 s/min), 5,048,944 distinct states found (57,219 ds/min), 2,136,871 states left on queue.
Progress(14) at 2021-02-02 13:35:36: 45,107,563 states generated (745,414 s/min), 5,110,190 distinct states found (61,246 ds/min), 2,147,232 states left on queue.
Progress(14) at 2021-02-02 13:36:36: 45,856,598 states generated (749,035 s/min), 5,177,186 distinct states found (66,996 ds/min), 2,163,221 states left on queue.
Progress(14) at 2021-02-02 13:37:36: 46,596,674 states generated (740,076 s/min), 5,253,448 distinct states found (76,262 ds/min), 2,187,782 states left on queue.
Progress(14) at 2021-02-02 13:38:36: 47,339,868 states generated (743,194 s/min), 5,334,403 distinct states found (80,955 ds/min), 2,216,111 states left on queue.
Progress(14) at 2021-02-02 13:39:36: 48,144,976 states generated (805,108 s/min), 5,384,399 distinct states found (49,996 ds/min), 2,211,604 states left on queue.
Progress(14) at 2021-02-02 13:40:36: 48,970,170 states generated (825,194 s/min), 5,432,143 distinct states found (47,744 ds/min), 2,204,854 states left on queue.
Progress(14) at 2021-02-02 13:41:36: 49,789,309 states generated (819,139 s/min), 5,484,966 distinct states found (52,823 ds/min), 2,203,119 states left on queue.
Progress(14) at 2021-02-02 13:42:36: 50,455,398 states generated (666,089 s/min), 5,545,527 distinct states found (60,561 ds/min), 2,224,810 states left on queue.
Progress(14) at 2021-02-02 13:43:36: 51,179,180 states generated (723,782 s/min), 5,601,245 distinct states found (55,718 ds/min), 2,235,612 states left on queue.
Progress(14) at 2021-02-02 13:44:36: 51,890,162 states generated (710,982 s/min), 5,654,345 distinct states found (53,100 ds/min), 2,245,765 states left on queue.
Progress(14) at 2021-02-02 13:45:36: 52,649,165 states generated (759,003 s/min), 5,734,184 distinct states found (79,839 ds/min), 2,273,100 states left on queue.
Progress(14) at 2021-02-02 13:46:36: 53,364,515 states generated (715,350 s/min), 5,816,140 distinct states found (81,956 ds/min), 2,304,142 states left on queue.
Progress(14) at 2021-02-02 13:47:36: 54,064,656 states generated (700,141 s/min), 5,887,442 distinct states found (71,302 ds/min), 2,326,887 states left on queue.
Progress(14) at 2021-02-02 13:48:36: 54,728,492 states generated (663,836 s/min), 5,942,532 distinct states found (55,090 ds/min), 2,343,179 states left on queue.
Progress(14) at 2021-02-02 13:49:36: 55,427,008 states generated (698,516 s/min), 6,007,816 distinct states found (65,284 ds/min), 2,365,661 states left on queue.
Progress(14) at 2021-02-02 13:50:36: 56,055,893 states generated (628,885 s/min), 6,049,126 distinct states found (41,310 ds/min), 2,378,266 states left on queue.
Progress(14) at 2021-02-02 13:51:36: 56,674,574 states generated (618,681 s/min), 6,096,542 distinct states found (47,416 ds/min), 2,392,328 states left on queue.
Progress(14) at 2021-02-02 13:52:36: 57,343,295 states generated (668,721 s/min), 6,170,985 distinct states found (74,443 ds/min), 2,424,080 states left on queue.
Progress(14) at 2021-02-02 13:53:36: 58,057,595 states generated (714,300 s/min), 6,252,351 distinct states found (81,366 ds/min), 2,454,991 states left on queue.
Progress(14) at 2021-02-02 13:54:36: 58,727,923 states generated (670,328 s/min), 6,320,373 distinct states found (68,022 ds/min), 2,479,330 states left on queue.
Progress(14) at 2021-02-02 13:55:36: 59,366,102 states generated (638,179 s/min), 6,375,387 distinct states found (55,014 ds/min), 2,499,688 states left on queue.
Progress(14) at 2021-02-02 13:56:36: 60,007,456 states generated (641,354 s/min), 6,449,580 distinct states found (74,193 ds/min), 2,536,165 states left on queue.
Progress(14) at 2021-02-02 13:57:36: 60,757,591 states generated (750,135 s/min), 6,508,859 distinct states found (59,279 ds/min), 2,546,809 states left on queue.
Progress(14) at 2021-02-02 13:58:36: 61,517,882 states generated (760,291 s/min), 6,567,330 distinct states found (58,471 ds/min), 2,555,094 states left on queue.
Progress(14) at 2021-02-02 13:59:36: 62,297,147 states generated (779,265 s/min), 6,620,361 distinct states found (53,031 ds/min), 2,558,869 states left on queue.
Checkpointing of run states/21-02-02-12-30-31
Checkpointing completed at (2021-02-02 14:00:36)
Progress(14) at 2021-02-02 14:00:36: 63,043,545 states generated (746,398 s/min), 6,673,612 distinct states found (53,251 ds/min), 2,564,097 states left on queue.
Progress(14) at 2021-02-02 14:01:36: 63,777,795 states generated (734,250 s/min), 6,733,331 distinct states found (59,719 ds/min), 2,576,289 states left on queue.
Progress(14) at 2021-02-02 14:02:36: 64,465,849 states generated (688,054 s/min), 6,789,173 distinct states found (55,842 ds/min), 2,588,297 states left on queue.
Progress(14) at 2021-02-02 14:03:36: 65,141,758 states generated (675,909 s/min), 6,835,277 distinct states found (46,104 ds/min), 2,598,632 states left on queue.
Progress(14) at 2021-02-02 14:04:36: 65,822,159 states generated (680,401 s/min), 6,896,906 distinct states found (61,629 ds/min), 2,616,998 states left on queue.
Progress(14) at 2021-02-02 14:05:36: 66,473,091 states generated (650,932 s/min), 6,942,048 distinct states found (45,142 ds/min), 2,628,510 states left on queue.
Progress(14) at 2021-02-02 14:06:36: 67,066,951 states generated (593,860 s/min), 6,990,765 distinct states found (48,717 ds/min), 2,647,548 states left on queue.
Progress(14) at 2021-02-02 14:07:36: 67,682,800 states generated (615,849 s/min), 7,034,539 distinct states found (43,774 ds/min), 2,659,130 states left on queue.
Progress(14) at 2021-02-02 14:08:36: 68,258,510 states generated (575,710 s/min), 7,084,158 distinct states found (49,619 ds/min), 2,677,935 states left on queue.
Progress(14) at 2021-02-02 14:09:36: 68,930,530 states generated (672,020 s/min), 7,129,161 distinct states found (45,003 ds/min), 2,685,133 states left on queue.
Progress(14) at 2021-02-02 14:10:36: 69,547,637 states generated (617,107 s/min), 7,171,519 distinct states found (42,358 ds/min), 2,693,021 states left on queue.
Progress(14) at 2021-02-02 14:11:36: 70,158,734 states generated (611,097 s/min), 7,212,906 distinct states found (41,387 ds/min), 2,701,239 states left on queue.
Progress(14) at 2021-02-02 14:12:36: 70,744,591 states generated (585,857 s/min), 7,253,615 distinct states found (40,709 ds/min), 2,710,077 states left on queue.
Progress(15) at 2021-02-02 14:13:36: 71,600,024 states generated (855,433 s/min), 7,286,736 distinct states found (33,121 ds/min), 2,691,278 states left on queue.
Progress(15) at 2021-02-02 14:14:36: 72,410,561 states generated (810,537 s/min), 7,338,602 distinct states found (51,866 ds/min), 2,688,828 states left on queue.
Progress(15) at 2021-02-02 14:15:36: 73,244,254 states generated (833,693 s/min), 7,373,299 distinct states found (34,697 ds/min), 2,679,831 states left on queue.
Progress(15) at 2021-02-02 14:16:36: 74,042,046 states generated (797,792 s/min), 7,424,645 distinct states found (51,346 ds/min), 2,679,437 states left on queue.
Progress(15) at 2021-02-02 14:17:36: 74,845,776 states generated (803,730 s/min), 7,483,793 distinct states found (59,148 ds/min), 2,683,358 states left on queue.
Progress(15) at 2021-02-02 14:18:36: 75,653,202 states generated (807,426 s/min), 7,532,439 distinct states found (48,646 ds/min), 2,683,378 states left on queue.
Progress(15) at 2021-02-02 14:19:36: 76,519,536 states generated (866,334 s/min), 7,575,773 distinct states found (43,334 ds/min), 2,671,378 states left on queue.
Progress(15) at 2021-02-02 14:20:36: 77,355,814 states generated (836,278 s/min), 7,627,579 distinct states found (51,806 ds/min), 2,666,187 states left on queue.
Progress(15) at 2021-02-02 14:21:36: 78,138,358 states generated (782,544 s/min), 7,679,102 distinct states found (51,523 ds/min), 2,664,616 states left on queue.
Progress(15) at 2021-02-02 14:22:36: 78,903,125 states generated (764,767 s/min), 7,720,310 distinct states found (41,208 ds/min), 2,658,845 states left on queue.
Progress(15) at 2021-02-02 14:23:36: 79,681,727 states generated (778,602 s/min), 7,775,773 distinct states found (55,463 ds/min), 2,660,562 states left on queue.
Progress(15) at 2021-02-02 14:24:36: 80,446,209 states generated (764,482 s/min), 7,830,627 distinct states found (54,854 ds/min), 2,664,790 states left on queue.
Progress(15) at 2021-02-02 14:25:36: 81,240,992 states generated (794,783 s/min), 7,898,609 distinct states found (67,982 ds/min), 2,676,592 states left on queue.
Progress(15) at 2021-02-02 14:26:36: 81,966,045 states generated (725,053 s/min), 7,954,461 distinct states found (55,852 ds/min), 2,684,234 states left on queue.
Progress(15) at 2021-02-02 14:27:36: 82,756,564 states generated (790,519 s/min), 8,017,546 distinct states found (63,085 ds/min), 2,691,511 states left on queue.
Progress(15) at 2021-02-02 14:28:36: 83,579,806 states generated (823,242 s/min), 8,058,421 distinct states found (40,875 ds/min), 2,678,733 states left on queue.
Progress(15) at 2021-02-02 14:29:36: 84,417,741 states generated (837,935 s/min), 8,095,253 distinct states found (36,832 ds/min), 2,662,611 states left on queue.
Checkpointing of run states/21-02-02-12-30-31
Checkpointing completed at (2021-02-02 14:30:37)
Progress(15) at 2021-02-02 14:30:37: 85,275,128 states generated (857,387 s/min), 8,134,282 distinct states found (39,029 ds/min), 2,647,623 states left on queue.
Progress(15) at 2021-02-02 14:31:37: 85,975,148 states generated (700,020 s/min), 8,189,322 distinct states found (55,040 ds/min), 2,661,082 states left on queue.
Progress(15) at 2021-02-02 14:32:37: 86,663,499 states generated (688,351 s/min), 8,246,010 distinct states found (56,688 ds/min), 2,677,841 states left on queue.
Progress(15) at 2021-02-02 14:33:37: 87,417,257 states generated (753,758 s/min), 8,304,075 distinct states found (58,065 ds/min), 2,688,642 states left on queue.
Progress(15) at 2021-02-02 14:34:37: 88,117,358 states generated (700,101 s/min), 8,354,170 distinct states found (50,095 ds/min), 2,699,575 states left on queue.
Progress(15) at 2021-02-02 14:35:37: 88,893,236 states generated (775,878 s/min), 8,429,783 distinct states found (75,613 ds/min), 2,722,645 states left on queue.
Progress(15) at 2021-02-02 14:36:37: 89,655,331 states generated (762,095 s/min), 8,497,752 distinct states found (67,969 ds/min), 2,737,038 states left on queue.
Progress(15) at 2021-02-02 14:37:37: 90,378,115 states generated (722,784 s/min), 8,578,707 distinct states found (80,955 ds/min), 2,766,064 states left on queue.
Progress(15) at 2021-02-02 14:38:37: 91,112,783 states generated (734,668 s/min), 8,643,626 distinct states found (64,919 ds/min), 2,778,480 states left on queue.
Progress(15) at 2021-02-02 14:39:37: 91,796,040 states generated (683,257 s/min), 8,701,052 distinct states found (57,426 ds/min), 2,794,612 states left on queue.
Progress(15) at 2021-02-02 14:40:37: 92,477,203 states generated (681,163 s/min), 8,760,817 distinct states found (59,765 ds/min), 2,812,762 states left on queue.
Progress(15) at 2021-02-02 14:41:37: 93,137,336 states generated (660,133 s/min), 8,831,199 distinct states found (70,382 ds/min), 2,839,282 states left on queue.
Progress(15) at 2021-02-02 14:42:37: 93,818,870 states generated (681,534 s/min), 8,883,778 distinct states found (52,579 ds/min), 2,853,794 states left on queue.
Progress(15) at 2021-02-02 14:43:37: 94,428,266 states generated (609,396 s/min), 8,918,507 distinct states found (34,729 ds/min), 2,862,629 states left on queue.
Progress(15) at 2021-02-02 14:44:37: 95,036,765 states generated (608,499 s/min), 8,969,210 distinct states found (50,703 ds/min), 2,877,365 states left on queue.
Progress(15) at 2021-02-02 14:45:37: 95,745,766 states generated (709,001 s/min), 9,035,490 distinct states found (66,280 ds/min), 2,897,115 states left on queue.
Progress(15) at 2021-02-02 14:46:37: 96,432,311 states generated (686,545 s/min), 9,089,641 distinct states found (54,151 ds/min), 2,910,406 states left on queue.
Progress(15) at 2021-02-02 14:47:37: 97,172,625 states generated (740,314 s/min), 9,167,917 distinct states found (78,276 ds/min), 2,937,615 states left on queue.
Progress(15) at 2021-02-02 14:48:37: 97,881,019 states generated (708,394 s/min), 9,252,315 distinct states found (84,398 ds/min), 2,970,785 states left on queue.
Progress(15) at 2021-02-02 14:49:37: 98,548,729 states generated (667,710 s/min), 9,312,246 distinct states found (59,931 ds/min), 2,991,379 states left on queue.
Progress(15) at 2021-02-02 14:50:37: 99,240,108 states generated (691,379 s/min), 9,375,047 distinct states found (62,801 ds/min), 3,013,439 states left on queue.
Progress(15) at 2021-02-02 14:51:37: 99,841,767 states generated (601,659 s/min), 9,409,197 distinct states found (34,150 ds/min), 3,020,914 states left on queue.
Progress(15) at 2021-02-02 14:52:37: 100,519,159 states generated (677,392 s/min), 9,506,639 distinct states found (97,442 ds/min), 3,073,086 states left on queue.
Progress(15) at 2021-02-02 14:53:37: 101,263,287 states generated (744,128 s/min), 9,561,038 distinct states found (54,399 ds/min), 3,079,678 states left on queue.
Progress(15) at 2021-02-02 14:54:37: 102,049,231 states generated (785,944 s/min), 9,606,331 distinct states found (45,293 ds/min), 3,075,555 states left on queue.
Progress(15) at 2021-02-02 14:55:37: 102,801,796 states generated (752,565 s/min), 9,654,760 distinct states found (48,429 ds/min), 3,078,360 states left on queue.
Progress(15) at 2021-02-02 14:56:37: 103,625,333 states generated (823,537 s/min), 9,699,258 distinct states found (44,498 ds/min), 3,072,164 states left on queue.
Progress(15) at 2021-02-02 14:57:37: 104,397,521 states generated (772,188 s/min), 9,743,690 distinct states found (44,432 ds/min), 3,070,073 states left on queue.
Progress(15) at 2021-02-02 14:58:37: 105,146,350 states generated (748,829 s/min), 9,794,112 distinct states found (50,422 ds/min), 3,075,438 states left on queue.
Progress(15) at 2021-02-02 14:59:37: 105,913,374 states generated (767,024 s/min), 9,841,194 distinct states found (47,082 ds/min), 3,074,846 states left on queue.
Checkpointing of run states/21-02-02-12-30-31
Checkpointing completed at (2021-02-02 15:00:38)
Progress(15) at 2021-02-02 15:00:38: 106,584,379 states generated (671,005 s/min), 9,907,103 distinct states found (65,909 ds/min), 3,099,724 states left on queue.
Progress(15) at 2021-02-02 15:01:38: 107,278,032 states generated (693,653 s/min), 9,950,852 distinct states found (43,749 ds/min), 3,105,369 states left on queue.
Progress(15) at 2021-02-02 15:02:38: 107,975,116 states generated (697,084 s/min), 10,007,458 distinct states found (56,606 ds/min), 3,118,382 states left on queue.
Progress(15) at 2021-02-02 15:03:38: 108,629,032 states generated (653,916 s/min), 10,054,172 distinct states found (46,714 ds/min), 3,131,158 states left on queue.
Progress(15) at 2021-02-02 15:04:38: 109,282,023 states generated (652,991 s/min), 10,114,932 distinct states found (60,760 ds/min), 3,156,207 states left on queue.
Progress(15) at 2021-02-02 15:05:38: 109,858,770 states generated (576,747 s/min), 10,160,870 distinct states found (45,938 ds/min), 3,171,723 states left on queue.
Progress(15) at 2021-02-02 15:06:38: 110,491,156 states generated (632,386 s/min), 10,209,794 distinct states found (48,924 ds/min), 3,187,389 states left on queue.
Progress(15) at 2021-02-02 15:07:38: 111,078,794 states generated (587,638 s/min), 10,263,599 distinct states found (53,805 ds/min), 3,211,825 states left on queue.
Progress(15) at 2021-02-02 15:08:38: 111,684,810 states generated (606,016 s/min), 10,307,890 distinct states found (44,291 ds/min), 3,222,088 states left on queue.
Progress(15) at 2021-02-02 15:09:38: 112,396,775 states generated (711,965 s/min), 10,348,388 distinct states found (40,498 ds/min), 3,225,318 states left on queue.
Progress(15) at 2021-02-02 15:10:38: 113,043,157 states generated (646,382 s/min), 10,388,108 distinct states found (39,720 ds/min), 3,230,437 states left on queue.
Progress(15) at 2021-02-02 15:11:38: 113,707,149 states generated (663,992 s/min), 10,425,880 distinct states found (37,772 ds/min), 3,233,553 states left on queue.
Progress(15) at 2021-02-02 15:12:38: 114,325,827 states generated (618,678 s/min), 10,469,732 distinct states found (43,852 ds/min), 3,243,210 states left on queue.
Progress(15) at 2021-02-02 15:13:38: 114,924,040 states generated (598,213 s/min), 10,512,027 distinct states found (42,295 ds/min), 3,253,134 states left on queue.
Progress(16) at 2021-02-02 15:14:38: 115,807,493 states generated (883,453 s/min), 10,544,693 distinct states found (32,666 ds/min), 3,233,012 states left on queue.
Progress(16) at 2021-02-02 15:15:38: 116,674,335 states generated (866,842 s/min), 10,576,545 distinct states found (31,852 ds/min), 3,216,136 states left on queue.
Progress(16) at 2021-02-02 15:16:38: 117,510,051 states generated (835,716 s/min), 10,614,595 distinct states found (38,050 ds/min), 3,204,770 states left on queue.
Progress(16) at 2021-02-02 15:17:38: 118,351,808 states generated (841,757 s/min), 10,653,195 distinct states found (38,600 ds/min), 3,192,525 states left on queue.
Progress(16) at 2021-02-02 15:18:38: 119,158,672 states generated (806,864 s/min), 10,697,173 distinct states found (43,978 ds/min), 3,187,991 states left on queue.
Progress(16) at 2021-02-02 15:19:38: 120,035,113 states generated (876,441 s/min), 10,729,327 distinct states found (32,154 ds/min), 3,168,207 states left on queue.
Progress(16) at 2021-02-02 15:20:38: 120,884,492 states generated (849,379 s/min), 10,775,649 distinct states found (46,322 ds/min), 3,158,775 states left on queue.
Progress(16) at 2021-02-02 15:21:38: 121,719,061 states generated (834,569 s/min), 10,810,996 distinct states found (35,347 ds/min), 3,141,369 states left on queue.
Progress(16) at 2021-02-02 15:22:38: 122,518,019 states generated (798,958 s/min), 10,846,196 distinct states found (35,200 ds/min), 3,128,980 states left on queue.
Progress(16) at 2021-02-02 15:23:38: 123,327,991 states generated (809,972 s/min), 10,888,891 distinct states found (42,695 ds/min), 3,118,216 states left on queue.
Progress(16) at 2021-02-02 15:24:38: 124,101,570 states generated (773,579 s/min), 10,933,230 distinct states found (44,339 ds/min), 3,112,598 states left on queue.
Progress(16) at 2021-02-02 15:25:38: 124,925,432 states generated (823,862 s/min), 10,987,108 distinct states found (53,878 ds/min), 3,111,385 states left on queue.
Progress(16) at 2021-02-02 15:26:38: 125,707,945 states generated (782,513 s/min), 11,037,208 distinct states found (50,100 ds/min), 3,108,242 states left on queue.
Progress(16) at 2021-02-02 15:27:38: 126,473,841 states generated (765,896 s/min), 11,080,076 distinct states found (42,868 ds/min), 3,100,925 states left on queue.
Progress(16) at 2021-02-02 15:28:38: 127,292,683 states generated (818,842 s/min), 11,123,910 distinct states found (43,834 ds/min), 3,091,102 states left on queue.
Progress(16) at 2021-02-02 15:29:38: 128,163,357 states generated (870,674 s/min), 11,147,767 distinct states found (23,857 ds/min), 3,062,167 states left on queue.
Checkpointing of run states/21-02-02-12-30-31
Checkpointing completed at (2021-02-02 15:30:38)
Progress(16) at 2021-02-02 15:30:38: 129,024,453 states generated (861,096 s/min), 11,176,758 distinct states found (28,991 ds/min), 3,040,658 states left on queue.
Progress(16) at 2021-02-02 15:31:38: 129,757,157 states generated (732,704 s/min), 11,214,283 distinct states found (37,525 ds/min), 3,038,145 states left on queue.
Progress(16) at 2021-02-02 15:32:38: 130,459,930 states generated (702,773 s/min), 11,263,107 distinct states found (48,824 ds/min), 3,046,683 states left on queue.
Progress(16) at 2021-02-02 15:33:38: 131,180,942 states generated (721,012 s/min), 11,309,326 distinct states found (46,219 ds/min), 3,051,328 states left on queue.
Progress(16) at 2021-02-02 15:34:38: 131,962,278 states generated (781,336 s/min), 11,362,448 distinct states found (53,122 ds/min), 3,056,290 states left on queue.
Progress(16) at 2021-02-02 15:35:38: 132,618,334 states generated (656,056 s/min), 11,416,054 distinct states found (53,606 ds/min), 3,073,101 states left on queue.
Progress(16) at 2021-02-02 15:36:38: 133,445,341 states generated (827,007 s/min), 11,466,707 distinct states found (50,653 ds/min), 3,072,567 states left on queue.
Progress(16) at 2021-02-02 15:37:38: 134,207,197 states generated (761,856 s/min), 11,531,025 distinct states found (64,318 ds/min), 3,083,242 states left on queue.
Progress(16) at 2021-02-02 15:38:38: 134,998,841 states generated (791,644 s/min), 11,580,144 distinct states found (49,119 ds/min), 3,079,574 states left on queue.
Progress(16) at 2021-02-02 15:39:38: 135,718,123 states generated (719,282 s/min), 11,640,164 distinct states found (60,020 ds/min), 3,089,113 states left on queue.
Progress(16) at 2021-02-02 15:40:38: 136,494,973 states generated (776,850 s/min), 11,695,400 distinct states found (55,236 ds/min), 3,091,487 states left on queue.
Progress(16) at 2021-02-02 15:41:38: 137,270,167 states generated (775,194 s/min), 11,749,041 distinct states found (53,641 ds/min), 3,091,851 states left on queue.
Progress(16) at 2021-02-02 15:42:38: 137,954,628 states generated (684,461 s/min), 11,797,109 distinct states found (48,068 ds/min), 3,098,993 states left on queue.
Progress(16) at 2021-02-02 15:43:38: 138,629,545 states generated (674,917 s/min), 11,845,180 distinct states found (48,071 ds/min), 3,104,309 states left on queue.
Progress(16) at 2021-02-02 15:44:38: 139,327,215 states generated (697,670 s/min), 11,904,832 distinct states found (59,652 ds/min), 3,119,712 states left on queue.
Progress(16) at 2021-02-02 15:45:38: 139,993,824 states generated (666,609 s/min), 11,953,534 distinct states found (48,702 ds/min), 3,123,237 states left on queue.
Progress(16) at 2021-02-02 15:46:38: 140,710,209 states generated (716,385 s/min), 11,997,386 distinct states found (43,852 ds/min), 3,123,785 states left on queue.
Progress(16) at 2021-02-02 15:47:38: 141,346,626 states generated (636,417 s/min), 12,030,268 distinct states found (32,882 ds/min), 3,127,734 states left on queue.
Progress(16) at 2021-02-02 15:48:38: 141,961,026 states generated (614,400 s/min), 12,065,180 distinct states found (34,912 ds/min), 3,132,075 states left on queue.
Progress(16) at 2021-02-02 15:49:38: 142,570,102 states generated (609,076 s/min), 12,104,037 distinct states found (38,857 ds/min), 3,132,069 states left on queue.
Progress(16) at 2021-02-02 15:50:38: 143,305,110 states generated (735,008 s/min), 12,163,655 distinct states found (59,618 ds/min), 3,145,643 states left on queue.
Progress(16) at 2021-02-02 15:51:38: 143,970,344 states generated (665,234 s/min), 12,216,158 distinct states found (52,503 ds/min), 3,158,135 states left on queue.
Progress(16) at 2021-02-02 15:52:38: 144,710,066 states generated (739,722 s/min), 12,283,409 distinct states found (67,251 ds/min), 3,177,325 states left on queue.
Progress(16) at 2021-02-02 15:53:38: 145,463,740 states generated (753,674 s/min), 12,358,491 distinct states found (75,082 ds/min), 3,199,611 states left on queue.
Progress(16) at 2021-02-02 15:54:38: 146,177,531 states generated (713,791 s/min), 12,436,732 distinct states found (78,241 ds/min), 3,226,311 states left on queue.
Progress(16) at 2021-02-02 15:55:38: 146,906,074 states generated (728,543 s/min), 12,506,127 distinct states found (69,395 ds/min), 3,243,599 states left on queue.
Progress(16) at 2021-02-02 15:56:38: 147,560,481 states generated (654,407 s/min), 12,564,914 distinct states found (58,787 ds/min), 3,263,489 states left on queue.
Progress(16) at 2021-02-02 15:57:38: 148,229,538 states generated (669,057 s/min), 12,631,655 distinct states found (66,741 ds/min), 3,286,743 states left on queue.
Progress(16) at 2021-02-02 15:58:38: 148,900,457 states generated (670,919 s/min), 12,682,579 distinct states found (50,924 ds/min), 3,301,078 states left on queue.
Progress(16) at 2021-02-02 15:59:38: 149,508,223 states generated (607,766 s/min), 12,721,901 distinct states found (39,322 ds/min), 3,312,893 states left on queue.
Checkpointing of run states/21-02-02-12-30-31
Checkpointing completed at (2021-02-02 16:00:39)
Progress(16) at 2021-02-02 16:00:39: 150,163,933 states generated (655,710 s/min), 12,793,257 distinct states found (71,356 ds/min), 3,340,327 states left on queue.
Progress(16) at 2021-02-02 16:01:39: 150,907,885 states generated (743,952 s/min), 12,864,877 distinct states found (71,620 ds/min), 3,361,673 states left on queue.
Progress(16) at 2021-02-02 16:02:39: 151,627,065 states generated (719,180 s/min), 12,915,043 distinct states found (50,166 ds/min), 3,365,538 states left on queue.
Progress(16) at 2021-02-02 16:03:39: 152,432,298 states generated (805,233 s/min), 12,953,461 distinct states found (38,418 ds/min), 3,356,873 states left on queue.
Progress(16) at 2021-02-02 16:04:39: 153,204,163 states generated (771,865 s/min), 12,997,238 distinct states found (43,777 ds/min), 3,351,203 states left on queue.
Progress(16) at 2021-02-02 16:05:39: 154,002,387 states generated (798,224 s/min), 13,035,345 distinct states found (38,107 ds/min), 3,343,460 states left on queue.
Progress(16) at 2021-02-02 16:06:39: 154,798,007 states generated (795,620 s/min), 13,074,969 distinct states found (39,624 ds/min), 3,336,862 states left on queue.
Progress(16) at 2021-02-02 16:07:39: 155,521,838 states generated (723,831 s/min), 13,120,115 distinct states found (45,146 ds/min), 3,337,428 states left on queue.
Progress(16) at 2021-02-02 16:08:39: 156,365,969 states generated (844,131 s/min), 13,157,585 distinct states found (37,470 ds/min), 3,324,393 states left on queue.
Progress(16) at 2021-02-02 16:09:39: 157,047,824 states generated (681,855 s/min), 13,214,075 distinct states found (56,490 ds/min), 3,339,696 states left on queue.
Progress(16) at 2021-02-02 16:10:39: 157,742,206 states generated (694,382 s/min), 13,257,076 distinct states found (43,001 ds/min), 3,343,959 states left on queue.
Progress(16) at 2021-02-02 16:11:39: 158,474,503 states generated (732,297 s/min), 13,297,771 distinct states found (40,695 ds/min), 3,342,495 states left on queue.
Progress(16) at 2021-02-02 16:12:39: 159,164,706 states generated (690,203 s/min), 13,353,077 distinct states found (55,306 ds/min), 3,355,346 states left on queue.
Progress(16) at 2021-02-02 16:13:39: 159,830,039 states generated (665,333 s/min), 13,402,962 distinct states found (49,885 ds/min), 3,370,689 states left on queue.
Progress(16) at 2021-02-02 16:14:39: 160,528,619 states generated (698,580 s/min), 13,452,867 distinct states found (49,905 ds/min), 3,380,618 states left on queue.
Progress(16) at 2021-02-02 16:15:39: 161,170,928 states generated (642,309 s/min), 13,501,490 distinct states found (48,623 ds/min), 3,391,009 states left on queue.
Progress(16) at 2021-02-02 16:16:39: 161,795,254 states generated (624,326 s/min), 13,539,487 distinct states found (37,997 ds/min), 3,394,695 states left on queue.
Progress(16) at 2021-02-02 16:17:39: 162,378,260 states generated (583,006 s/min), 13,584,357 distinct states found (44,870 ds/min), 3,405,847 states left on queue.
Progress(16) at 2021-02-02 16:18:39: 163,016,141 states generated (637,881 s/min), 13,641,280 distinct states found (56,923 ds/min), 3,428,814 states left on queue.
Progress(16) at 2021-02-02 16:19:39: 163,585,255 states generated (569,114 s/min), 13,689,696 distinct states found (48,416 ds/min), 3,446,773 states left on queue.
Progress(16) at 2021-02-02 16:20:39: 164,177,055 states generated (591,800 s/min), 13,740,608 distinct states found (50,912 ds/min), 3,462,794 states left on queue.
Progress(16) at 2021-02-02 16:21:39: 164,831,209 states generated (654,154 s/min), 13,776,455 distinct states found (35,847 ds/min), 3,463,973 states left on queue.
Progress(16) at 2021-02-02 16:22:39: 165,553,007 states generated (721,798 s/min), 13,813,565 distinct states found (37,110 ds/min), 3,464,165 states left on queue.
Progress(16) at 2021-02-02 16:23:39: 166,209,865 states generated (656,858 s/min), 13,850,737 distinct states found (37,172 ds/min), 3,465,790 states left on queue.
Progress(16) at 2021-02-02 16:24:39: 166,902,688 states generated (692,823 s/min), 13,886,343 distinct states found (35,606 ds/min), 3,466,181 states left on queue.
Progress(16) at 2021-02-02 16:25:39: 167,562,584 states generated (659,896 s/min), 13,921,620 distinct states found (35,277 ds/min), 3,465,418 states left on queue.
Progress(16) at 2021-02-02 16:26:39: 168,188,293 states generated (625,709 s/min), 13,964,276 distinct states found (42,656 ds/min), 3,473,897 states left on queue.
Progress(17) at 2021-02-02 16:27:39: 168,916,095 states generated (727,802 s/min), 13,994,647 distinct states found (30,371 ds/min), 3,464,405 states left on queue.
Progress(17) at 2021-02-02 16:28:39: 169,804,573 states generated (888,478 s/min), 14,019,400 distinct states found (24,753 ds/min), 3,441,479 states left on queue.
Progress(17) at 2021-02-02 16:29:39: 170,660,429 states generated (855,856 s/min), 14,047,815 distinct states found (28,415 ds/min), 3,422,871 states left on queue.
Checkpointing of run states/21-02-02-12-30-31
Checkpointing completed at (2021-02-02 16:30:39)
Progress(17) at 2021-02-02 16:30:39: 171,520,428 states generated (859,999 s/min), 14,083,471 distinct states found (35,656 ds/min), 3,405,606 states left on queue.
Progress(17) at 2021-02-02 16:31:39: 172,396,427 states generated (875,999 s/min), 14,108,130 distinct states found (24,659 ds/min), 3,384,297 states left on queue.
Progress(17) at 2021-02-02 16:32:39: 173,273,375 states generated (876,948 s/min), 14,140,794 distinct states found (32,664 ds/min), 3,363,524 states left on queue.
Progress(17) at 2021-02-02 16:33:39: 174,114,804 states generated (841,429 s/min), 14,168,445 distinct states found (27,651 ds/min), 3,340,491 states left on queue.
Progress(17) at 2021-02-02 16:34:39: 174,960,484 states generated (845,680 s/min), 14,195,041 distinct states found (26,596 ds/min), 3,318,090 states left on queue.
Progress(17) at 2021-02-02 16:35:39: 175,768,954 states generated (808,470 s/min), 14,230,390 distinct states found (35,349 ds/min), 3,303,412 states left on queue.
Progress(17) at 2021-02-02 16:36:39: 176,612,778 states generated (843,824 s/min), 14,272,424 distinct states found (42,034 ds/min), 3,291,641 states left on queue.
Progress(17) at 2021-02-02 16:37:39: 177,422,799 states generated (810,021 s/min), 14,311,532 distinct states found (39,108 ds/min), 3,278,220 states left on queue.
Progress(17) at 2021-02-02 16:38:39: 178,214,659 states generated (791,860 s/min), 14,345,154 distinct states found (33,622 ds/min), 3,261,363 states left on queue.
Progress(17) at 2021-02-02 16:39:39: 179,065,206 states generated (850,547 s/min), 14,375,293 distinct states found (30,139 ds/min), 3,240,534 states left on queue.
Progress(17) at 2021-02-02 16:40:39: 179,944,662 states generated (879,456 s/min), 14,396,843 distinct states found (21,550 ds/min), 3,214,218 states left on queue.
Progress(17) at 2021-02-02 16:41:39: 180,696,058 states generated (751,396 s/min), 14,427,728 distinct states found (30,885 ds/min), 3,207,666 states left on queue.
Progress(17) at 2021-02-02 16:42:39: 181,443,447 states generated (747,389 s/min), 14,465,577 distinct states found (37,849 ds/min), 3,205,716 states left on queue.
Progress(17) at 2021-02-02 16:43:39: 182,200,356 states generated (756,909 s/min), 14,499,482 distinct states found (33,905 ds/min), 3,199,138 states left on queue.
Progress(17) at 2021-02-02 16:44:39: 182,982,628 states generated (782,272 s/min), 14,540,010 distinct states found (40,528 ds/min), 3,194,226 states left on queue.
Progress(17) at 2021-02-02 16:45:39: 183,688,380 states generated (705,752 s/min), 14,579,463 distinct states found (39,453 ds/min), 3,194,883 states left on queue.
Progress(17) at 2021-02-02 16:46:39: 184,431,169 states generated (742,789 s/min), 14,621,319 distinct states found (41,856 ds/min), 3,194,983 states left on queue.
Progress(17) at 2021-02-02 16:47:39: 185,233,008 states generated (801,839 s/min), 14,676,384 distinct states found (55,065 ds/min), 3,199,890 states left on queue.
Progress(17) at 2021-02-02 16:48:39: 186,028,671 states generated (795,663 s/min), 14,721,938 distinct states found (45,554 ds/min), 3,192,734 states left on queue.
Progress(17) at 2021-02-02 16:49:39: 186,854,411 states generated (825,740 s/min), 14,757,263 distinct states found (35,325 ds/min), 3,176,025 states left on queue.
Progress(17) at 2021-02-02 16:50:39: 187,608,336 states generated (753,925 s/min), 14,805,731 distinct states found (48,468 ds/min), 3,174,105 states left on queue.
Progress(17) at 2021-02-02 16:51:39: 188,383,027 states generated (774,691 s/min), 14,847,772 distinct states found (42,041 ds/min), 3,165,765 states left on queue.
Progress(17) at 2021-02-02 16:52:39: 189,199,172 states generated (816,145 s/min), 14,890,067 distinct states found (42,295 ds/min), 3,155,135 states left on queue.
Progress(17) at 2021-02-02 16:53:39: 189,941,065 states generated (741,893 s/min), 14,922,645 distinct states found (32,578 ds/min), 3,144,824 states left on queue.
Progress(17) at 2021-02-02 16:54:39: 190,634,429 states generated (693,364 s/min), 14,962,876 distinct states found (40,231 ds/min), 3,141,778 states left on queue.
Progress(17) at 2021-02-02 16:55:39: 191,366,707 states generated (732,278 s/min), 15,003,568 distinct states found (40,692 ds/min), 3,140,661 states left on queue.
Progress(17) at 2021-02-02 16:56:39: 192,097,843 states generated (731,136 s/min), 15,047,825 distinct states found (44,257 ds/min), 3,139,668 states left on queue.
Progress(17) at 2021-02-02 16:57:39: 192,780,566 states generated (682,723 s/min), 15,085,131 distinct states found (37,306 ds/min), 3,131,590 states left on queue.
Progress(17) at 2021-02-02 16:58:39: 193,524,099 states generated (743,533 s/min), 15,116,770 distinct states found (31,639 ds/min), 3,120,138 states left on queue.
Progress(17) at 2021-02-02 16:59:39: 194,188,746 states generated (664,647 s/min), 15,143,946 distinct states found (27,176 ds/min), 3,117,376 states left on queue.
Checkpointing of run states/21-02-02-12-30-31
Checkpointing completed at (2021-02-02 17:00:40)
Progress(17) at 2021-02-02 17:00:40: 194,845,487 states generated (656,741 s/min), 15,173,637 distinct states found (29,691 ds/min), 3,114,747 states left on queue.
Progress(17) at 2021-02-02 17:01:40: 195,417,543 states generated (572,056 s/min), 15,200,325 distinct states found (26,688 ds/min), 3,106,705 states left on queue.
Progress(17) at 2021-02-02 17:02:40: 196,172,619 states generated (755,076 s/min), 15,249,376 distinct states found (49,051 ds/min), 3,110,963 states left on queue.
Progress(17) at 2021-02-02 17:03:40: 196,925,675 states generated (753,056 s/min), 15,299,791 distinct states found (50,415 ds/min), 3,111,391 states left on queue.
Progress(17) at 2021-02-02 17:04:40: 197,580,112 states generated (654,437 s/min), 15,345,134 distinct states found (45,343 ds/min), 3,117,850 states left on queue.
Progress(17) at 2021-02-02 17:05:40: 198,361,349 states generated (781,237 s/min), 15,396,974 distinct states found (51,840 ds/min), 3,120,452 states left on queue.
Progress(17) at 2021-02-02 17:06:40: 199,113,230 states generated (751,881 s/min), 15,463,282 distinct states found (66,308 ds/min), 3,133,901 states left on queue.
Progress(17) at 2021-02-02 17:07:40: 199,895,552 states generated (782,322 s/min), 15,519,647 distinct states found (56,365 ds/min), 3,138,290 states left on queue.
Progress(17) at 2021-02-02 17:08:40: 200,629,007 states generated (733,455 s/min), 15,577,097 distinct states found (57,450 ds/min), 3,144,090 states left on queue.
Progress(17) at 2021-02-02 17:09:40: 201,394,007 states generated (765,000 s/min), 15,631,803 distinct states found (54,706 ds/min), 3,146,173 states left on queue.
Progress(17) at 2021-02-02 17:10:40: 202,104,365 states generated (710,358 s/min), 15,677,643 distinct states found (45,840 ds/min), 3,147,826 states left on queue.
Progress(17) at 2021-02-02 17:11:40: 202,775,763 states generated (671,398 s/min), 15,727,412 distinct states found (49,769 ds/min), 3,154,518 states left on queue.
Progress(17) at 2021-02-02 17:12:40: 203,425,863 states generated (650,100 s/min), 15,782,117 distinct states found (54,705 ds/min), 3,163,759 states left on queue.
Progress(17) at 2021-02-02 17:13:40: 204,151,594 states generated (725,731 s/min), 15,827,872 distinct states found (45,755 ds/min), 3,165,178 states left on queue.
Progress(17) at 2021-02-02 17:14:40: 204,802,128 states generated (650,534 s/min), 15,861,825 distinct states found (33,953 ds/min), 3,168,751 states left on queue.
Progress(17) at 2021-02-02 17:15:40: 205,408,091 states generated (605,963 s/min), 15,894,123 distinct states found (32,298 ds/min), 3,170,585 states left on queue.
Progress(17) at 2021-02-02 17:16:40: 206,049,672 states generated (641,581 s/min), 15,939,866 distinct states found (45,743 ds/min), 3,173,522 states left on queue.
Progress(17) at 2021-02-02 17:17:40: 206,808,111 states generated (758,439 s/min), 15,995,918 distinct states found (56,052 ds/min), 3,180,877 states left on queue.
Progress(17) at 2021-02-02 17:18:40: 207,575,063 states generated (766,952 s/min), 16,049,664 distinct states found (53,746 ds/min), 3,185,013 states left on queue.
Progress(17) at 2021-02-02 17:19:40: 208,293,503 states generated (718,440 s/min), 16,091,245 distinct states found (41,581 ds/min), 3,181,497 states left on queue.
Progress(17) at 2021-02-02 17:20:40: 209,106,545 states generated (813,042 s/min), 16,122,768 distinct states found (31,523 ds/min), 3,166,186 states left on queue.
Progress(17) at 2021-02-02 17:21:40: 209,859,833 states generated (753,288 s/min), 16,156,851 distinct states found (34,083 ds/min), 3,152,044 states left on queue.
Progress(17) at 2021-02-02 17:22:40: 210,668,263 states generated (808,430 s/min), 16,186,400 distinct states found (29,549 ds/min), 3,136,209 states left on queue.
Progress(17) at 2021-02-02 17:23:40: 211,452,313 states generated (784,050 s/min), 16,217,839 distinct states found (31,439 ds/min), 3,122,983 states left on queue.
Progress(17) at 2021-02-02 17:24:40: 212,231,797 states generated (779,484 s/min), 16,251,467 distinct states found (33,628 ds/min), 3,109,402 states left on queue.
Progress(17) at 2021-02-02 17:25:40: 213,029,114 states generated (797,317 s/min), 16,286,686 distinct states found (35,219 ds/min), 3,100,067 states left on queue.
Progress(17) at 2021-02-02 17:26:40: 213,734,013 states generated (704,899 s/min), 16,333,092 distinct states found (46,406 ds/min), 3,104,948 states left on queue.
Progress(17) at 2021-02-02 17:27:40: 214,455,278 states generated (721,265 s/min), 16,362,631 distinct states found (29,539 ds/min), 3,097,867 states left on queue.
Progress(17) at 2021-02-02 17:28:40: 215,253,463 states generated (798,185 s/min), 16,399,144 distinct states found (36,513 ds/min), 3,087,158 states left on queue.
Progress(17) at 2021-02-02 17:29:40: 215,939,294 states generated (685,831 s/min), 16,454,131 distinct states found (54,987 ds/min), 3,100,818 states left on queue.
Checkpointing of run states/21-02-02-12-30-31
Checkpointing completed at (2021-02-02 17:30:41)
Progress(17) at 2021-02-02 17:30:41: 216,631,722 states generated (692,428 s/min), 16,497,111 distinct states found (42,980 ds/min), 3,105,134 states left on queue.
Progress(17) at 2021-02-02 17:31:41: 217,346,008 states generated (714,286 s/min), 16,528,951 distinct states found (31,840 ds/min), 3,099,774 states left on queue.
Progress(17) at 2021-02-02 17:32:41: 218,056,929 states generated (710,921 s/min), 16,571,668 distinct states found (42,717 ds/min), 3,102,635 states left on queue.
Progress(17) at 2021-02-02 17:33:41: 218,729,422 states generated (672,493 s/min), 16,613,077 distinct states found (41,409 ds/min), 3,105,212 states left on queue.
Progress(17) at 2021-02-02 17:34:41: 219,371,848 states generated (642,426 s/min), 16,642,502 distinct states found (29,425 ds/min), 3,099,711 states left on queue.
Progress(17) at 2021-02-02 17:35:41: 219,984,729 states generated (612,881 s/min), 16,681,216 distinct states found (38,714 ds/min), 3,102,984 states left on queue.
Progress(17) at 2021-02-02 17:36:41: 220,650,576 states generated (665,847 s/min), 16,728,940 distinct states found (47,724 ds/min), 3,113,378 states left on queue.
Progress(17) at 2021-02-02 17:37:41: 221,287,049 states generated (636,473 s/min), 16,776,516 distinct states found (47,576 ds/min), 3,123,358 states left on queue.
Progress(17) at 2021-02-02 17:38:41: 221,844,642 states generated (557,593 s/min), 16,812,358 distinct states found (35,842 ds/min), 3,127,955 states left on queue.
Progress(17) at 2021-02-02 17:39:41: 222,514,983 states generated (670,341 s/min), 16,854,827 distinct states found (42,469 ds/min), 3,132,754 states left on queue.
Progress(17) at 2021-02-02 17:40:41: 223,110,475 states generated (595,492 s/min), 16,888,599 distinct states found (33,772 ds/min), 3,132,638 states left on queue.
Progress(17) at 2021-02-02 17:41:41: 223,807,345 states generated (696,870 s/min), 16,919,445 distinct states found (30,846 ds/min), 3,126,465 states left on queue.
Progress(17) at 2021-02-02 17:42:41: 224,537,980 states generated (730,635 s/min), 16,947,347 distinct states found (27,902 ds/min), 3,116,680 states left on queue.
Progress(17) at 2021-02-02 17:43:41: 225,201,007 states generated (663,027 s/min), 16,978,693 distinct states found (31,346 ds/min), 3,111,629 states left on queue.
Progress(17) at 2021-02-02 17:44:41: 225,913,730 states generated (712,723 s/min), 17,010,134 distinct states found (31,441 ds/min), 3,105,655 states left on queue.
Progress(17) at 2021-02-02 17:45:41: 226,591,451 states generated (677,721 s/min), 17,039,766 distinct states found (29,632 ds/min), 3,100,042 states left on queue.
Progress(17) at 2021-02-02 17:46:41: 227,256,313 states generated (664,862 s/min), 17,073,462 distinct states found (33,696 ds/min), 3,097,552 states left on queue.
Progress(18) at 2021-02-02 17:47:41: 228,091,099 states generated (834,786 s/min), 17,093,063 distinct states found (19,601 ds/min), 3,075,148 states left on queue.
Progress(18) at 2021-02-02 17:48:41: 228,984,780 states generated (893,681 s/min), 17,112,340 distinct states found (19,277 ds/min), 3,048,156 states left on queue.
Progress(18) at 2021-02-02 17:49:41: 229,872,414 states generated (887,634 s/min), 17,134,578 distinct states found (22,238 ds/min), 3,023,779 states left on queue.
Progress(18) at 2021-02-02 17:50:41: 230,761,946 states generated (889,532 s/min), 17,155,582 distinct states found (21,004 ds/min), 2,994,786 states left on queue.
Progress(18) at 2021-02-02 17:51:41: 231,631,089 states generated (869,143 s/min), 17,176,881 distinct states found (21,299 ds/min), 2,967,442 states left on queue.
Progress(18) at 2021-02-02 17:52:41: 232,474,927 states generated (843,838 s/min), 17,206,793 distinct states found (29,912 ds/min), 2,947,545 states left on queue.
Progress(18) at 2021-02-02 17:53:41: 233,318,572 states generated (843,645 s/min), 17,235,247 distinct states found (28,454 ds/min), 2,924,226 states left on queue.
Progress(18) at 2021-02-02 17:54:41: 234,163,688 states generated (845,116 s/min), 17,258,480 distinct states found (23,233 ds/min), 2,897,008 states left on queue.
Progress(18) at 2021-02-02 17:55:41: 235,012,203 states generated (848,515 s/min), 17,282,411 distinct states found (23,931 ds/min), 2,877,628 states left on queue.
Progress(18) at 2021-02-02 17:56:41: 235,791,524 states generated (779,321 s/min), 17,311,744 distinct states found (29,333 ds/min), 2,869,200 states left on queue.
Progress(18) at 2021-02-02 17:57:41: 236,561,515 states generated (769,991 s/min), 17,340,263 distinct states found (28,519 ds/min), 2,860,962 states left on queue.
Progress(18) at 2021-02-02 17:58:41: 237,319,845 states generated (758,330 s/min), 17,372,815 distinct states found (32,552 ds/min), 2,852,809 states left on queue.
Progress(18) at 2021-02-02 17:59:41: 238,130,204 states generated (810,359 s/min), 17,403,440 distinct states found (30,625 ds/min), 2,841,981 states left on queue.
Checkpointing of run states/21-02-02-12-30-31
Checkpointing completed at (2021-02-02 18:00:41)
Progress(18) at 2021-02-02 18:00:41: 238,864,946 states generated (734,742 s/min), 17,439,608 distinct states found (36,168 ds/min), 2,838,577 states left on queue.
Progress(18) at 2021-02-02 18:01:41: 239,640,789 states generated (775,843 s/min), 17,477,437 distinct states found (37,829 ds/min), 2,834,847 states left on queue.
Progress(18) at 2021-02-02 18:02:41: 240,445,704 states generated (804,915 s/min), 17,523,840 distinct states found (46,403 ds/min), 2,832,361 states left on queue.
Progress(18) at 2021-02-02 18:03:41: 241,264,789 states generated (819,085 s/min), 17,560,270 distinct states found (36,430 ds/min), 2,817,851 states left on queue.
Progress(18) at 2021-02-02 18:04:41: 242,062,237 states generated (797,448 s/min), 17,602,505 distinct states found (42,235 ds/min), 2,811,868 states left on queue.
Progress(18) at 2021-02-02 18:05:41: 242,833,053 states generated (770,816 s/min), 17,638,736 distinct states found (36,231 ds/min), 2,798,402 states left on queue.
Progress(18) at 2021-02-02 18:06:41: 243,673,754 states generated (840,701 s/min), 17,670,176 distinct states found (31,440 ds/min), 2,778,244 states left on queue.
Progress(18) at 2021-02-02 18:07:41: 244,431,672 states generated (757,918 s/min), 17,696,654 distinct states found (26,478 ds/min), 2,765,022 states left on queue.
Progress(18) at 2021-02-02 18:08:41: 245,175,306 states generated (743,634 s/min), 17,729,915 distinct states found (33,261 ds/min), 2,755,859 states left on queue.
Progress(18) at 2021-02-02 18:09:41: 245,941,405 states generated (766,099 s/min), 17,766,788 distinct states found (36,873 ds/min), 2,749,803 states left on queue.
Progress(18) at 2021-02-02 18:10:41: 246,667,007 states generated (725,602 s/min), 17,804,596 distinct states found (37,808 ds/min), 2,743,315 states left on queue.
Progress(18) at 2021-02-02 18:11:41: 247,425,538 states generated (758,531 s/min), 17,836,187 distinct states found (31,591 ds/min), 2,730,860 states left on queue.
Progress(18) at 2021-02-02 18:12:41: 248,128,255 states generated (702,717 s/min), 17,860,753 distinct states found (24,566 ds/min), 2,723,408 states left on queue.
Progress(18) at 2021-02-02 18:13:41: 248,805,080 states generated (676,825 s/min), 17,886,367 distinct states found (25,614 ds/min), 2,718,651 states left on queue.
Progress(18) at 2021-02-02 18:14:41: 249,446,854 states generated (641,774 s/min), 17,911,797 distinct states found (25,430 ds/min), 2,708,048 states left on queue.
Progress(18) at 2021-02-02 18:15:41: 250,208,862 states generated (762,008 s/min), 17,951,247 distinct states found (39,450 ds/min), 2,703,569 states left on queue.
Progress(18) at 2021-02-02 18:16:41: 251,000,241 states generated (791,379 s/min), 17,987,178 distinct states found (35,931 ds/min), 2,689,825 states left on queue.
Progress(18) at 2021-02-02 18:17:41: 251,658,456 states generated (658,215 s/min), 18,018,937 distinct states found (31,759 ds/min), 2,683,647 states left on queue.
Progress(18) at 2021-02-02 18:18:41: 252,443,633 states generated (785,177 s/min), 18,059,894 distinct states found (40,957 ds/min), 2,677,005 states left on queue.
Progress(18) at 2021-02-02 18:19:41: 253,227,539 states generated (783,906 s/min), 18,115,967 distinct states found (56,073 ds/min), 2,682,962 states left on queue.
Progress(18) at 2021-02-02 18:20:41: 254,028,765 states generated (801,226 s/min), 18,156,782 distinct states found (40,815 ds/min), 2,671,418 states left on queue.
Progress(18) at 2021-02-02 18:21:41: 254,785,316 states generated (756,551 s/min), 18,204,854 distinct states found (48,072 ds/min), 2,669,429 states left on queue.
Progress(18) at 2021-02-02 18:22:41: 255,559,895 states generated (774,579 s/min), 18,246,479 distinct states found (41,625 ds/min), 2,660,668 states left on queue.
Progress(18) at 2021-02-02 18:23:41: 256,361,722 states generated (801,827 s/min), 18,288,998 distinct states found (42,519 ds/min), 2,651,214 states left on queue.
Progress(18) at 2021-02-02 18:24:41: 257,086,883 states generated (725,161 s/min), 18,324,148 distinct states found (35,150 ds/min), 2,644,145 states left on queue.
Progress(18) at 2021-02-02 18:25:41: 257,792,791 states generated (705,908 s/min), 18,359,481 distinct states found (35,333 ds/min), 2,638,102 states left on queue.
Progress(18) at 2021-02-02 18:26:41: 258,496,422 states generated (703,631 s/min), 18,402,992 distinct states found (43,511 ds/min), 2,635,479 states left on queue.
Progress(18) at 2021-02-02 18:27:41: 259,213,260 states generated (716,838 s/min), 18,442,136 distinct states found (39,144 ds/min), 2,629,998 states left on queue.
Progress(18) at 2021-02-02 18:28:41: 259,905,673 states generated (692,413 s/min), 18,468,099 distinct states found (25,963 ds/min), 2,620,607 states left on queue.
Progress(18) at 2021-02-02 18:29:41: 260,546,714 states generated (641,041 s/min), 18,494,522 distinct states found (26,423 ds/min), 2,618,056 states left on queue.
Checkpointing of run states/21-02-02-12-30-31
Checkpointing completed at (2021-02-02 18:30:41)
Progress(18) at 2021-02-02 18:30:41: 261,117,410 states generated (570,696 s/min), 18,524,704 distinct states found (30,182 ds/min), 2,613,546 states left on queue.
Progress(18) at 2021-02-02 18:31:41: 261,887,231 states generated (769,821 s/min), 18,572,540 distinct states found (47,836 ds/min), 2,612,332 states left on queue.
Progress(18) at 2021-02-02 18:32:41: 262,684,385 states generated (797,154 s/min), 18,616,164 distinct states found (43,624 ds/min), 2,608,499 states left on queue.
Progress(18) at 2021-02-02 18:33:41: 263,466,950 states generated (782,565 s/min), 18,659,866 distinct states found (43,702 ds/min), 2,604,696 states left on queue.
Progress(18) at 2021-02-02 18:34:41: 264,216,572 states generated (749,622 s/min), 18,692,943 distinct states found (33,077 ds/min), 2,593,750 states left on queue.
Progress(18) at 2021-02-02 18:35:41: 265,022,108 states generated (805,536 s/min), 18,714,402 distinct states found (21,459 ds/min), 2,569,684 states left on queue.
Progress(18) at 2021-02-02 18:36:41: 265,831,272 states generated (809,164 s/min), 18,736,004 distinct states found (21,602 ds/min), 2,546,696 states left on queue.
Progress(18) at 2021-02-02 18:37:41: 266,620,816 states generated (789,544 s/min), 18,758,897 distinct states found (22,893 ds/min), 2,526,021 states left on queue.
Progress(18) at 2021-02-02 18:38:41: 267,460,433 states generated (839,617 s/min), 18,784,575 distinct states found (25,678 ds/min), 2,508,974 states left on queue.
Progress(18) at 2021-02-02 18:39:41: 268,221,875 states generated (761,442 s/min), 18,823,535 distinct states found (38,960 ds/min), 2,505,125 states left on queue.
Progress(18) at 2021-02-02 18:40:41: 268,980,983 states generated (759,108 s/min), 18,854,846 distinct states found (31,311 ds/min), 2,498,172 states left on queue.
Progress(18) at 2021-02-02 18:41:41: 269,794,487 states generated (813,504 s/min), 18,882,394 distinct states found (27,548 ds/min), 2,482,632 states left on queue.
Progress(18) at 2021-02-02 18:42:41: 270,525,805 states generated (731,318 s/min), 18,921,479 distinct states found (39,085 ds/min), 2,480,991 states left on queue.
Progress(18) at 2021-02-02 18:43:41: 271,248,667 states generated (722,862 s/min), 18,964,883 distinct states found (43,404 ds/min), 2,482,201 states left on queue.
Progress(18) at 2021-02-02 18:44:41: 271,975,649 states generated (726,982 s/min), 18,992,638 distinct states found (27,755 ds/min), 2,474,229 states left on queue.
Progress(18) at 2021-02-02 18:45:41: 272,727,395 states generated (751,746 s/min), 19,027,411 distinct states found (34,773 ds/min), 2,470,548 states left on queue.
Progress(18) at 2021-02-02 18:46:41: 273,436,919 states generated (709,524 s/min), 19,067,010 distinct states found (39,599 ds/min), 2,471,486 states left on queue.
Progress(18) at 2021-02-02 18:47:41: 274,140,686 states generated (703,767 s/min), 19,097,612 distinct states found (30,602 ds/min), 2,465,617 states left on queue.
Progress(18) at 2021-02-02 18:48:41: 274,773,407 states generated (632,721 s/min), 19,129,643 distinct states found (32,031 ds/min), 2,463,016 states left on queue.
Progress(18) at 2021-02-02 18:49:41: 275,468,941 states generated (695,534 s/min), 19,165,863 distinct states found (36,220 ds/min), 2,462,118 states left on queue.
Progress(18) at 2021-02-02 18:50:41: 276,157,244 states generated (688,303 s/min), 19,205,551 distinct states found (39,688 ds/min), 2,463,146 states left on queue.
Progress(18) at 2021-02-02 18:51:41: 276,822,445 states generated (665,201 s/min), 19,242,153 distinct states found (36,602 ds/min), 2,461,552 states left on queue.
Progress(18) at 2021-02-02 18:52:41: 277,418,937 states generated (596,492 s/min), 19,273,629 distinct states found (31,476 ds/min), 2,460,709 states left on queue.
Progress(18) at 2021-02-02 18:53:41: 278,125,184 states generated (706,247 s/min), 19,311,700 distinct states found (38,071 ds/min), 2,461,874 states left on queue.
Progress(18) at 2021-02-02 18:54:41: 278,731,904 states generated (606,720 s/min), 19,343,929 distinct states found (32,229 ds/min), 2,460,446 states left on queue.
Progress(18) at 2021-02-02 18:55:41: 279,459,394 states generated (727,490 s/min), 19,366,903 distinct states found (22,974 ds/min), 2,445,965 states left on queue.
Progress(18) at 2021-02-02 18:56:41: 280,204,629 states generated (745,235 s/min), 19,388,075 distinct states found (21,172 ds/min), 2,430,152 states left on queue.
Progress(18) at 2021-02-02 18:57:41: 280,932,879 states generated (728,250 s/min), 19,411,030 distinct states found (22,955 ds/min), 2,416,485 states left on queue.
Progress(18) at 2021-02-02 18:58:41: 281,672,290 states generated (739,411 s/min), 19,435,441 distinct states found (24,411 ds/min), 2,405,708 states left on queue.
Progress(18) at 2021-02-02 18:59:41: 282,373,458 states generated (701,168 s/min), 19,463,980 distinct states found (28,539 ds/min), 2,398,133 states left on queue.
Checkpointing of run states/21-02-02-12-30-31
Checkpointing completed at (2021-02-02 19:00:41)
Progress(19) at 2021-02-02 19:00:41: 283,213,106 states generated (839,648 s/min), 19,481,546 distinct states found (17,566 ds/min), 2,376,223 states left on queue.
Progress(19) at 2021-02-02 19:01:41: 284,120,372 states generated (907,266 s/min), 19,495,178 distinct states found (13,632 ds/min), 2,344,866 states left on queue.
Progress(19) at 2021-02-02 19:02:41: 285,004,693 states generated (884,321 s/min), 19,509,620 distinct states found (14,442 ds/min), 2,313,004 states left on queue.
Progress(19) at 2021-02-02 19:03:41: 285,865,420 states generated (860,727 s/min), 19,529,408 distinct states found (19,788 ds/min), 2,283,755 states left on queue.
Progress(19) at 2021-02-02 19:04:41: 286,710,116 states generated (844,696 s/min), 19,549,751 distinct states found (20,343 ds/min), 2,261,730 states left on queue.
Progress(19) at 2021-02-02 19:05:41: 287,481,603 states generated (771,487 s/min), 19,576,644 distinct states found (26,893 ds/min), 2,251,765 states left on queue.
Progress(19) at 2021-02-02 19:06:41: 288,296,377 states generated (814,774 s/min), 19,599,769 distinct states found (23,125 ds/min), 2,236,782 states left on queue.
Progress(19) at 2021-02-02 19:07:41: 289,093,012 states generated (796,635 s/min), 19,629,132 distinct states found (29,363 ds/min), 2,225,868 states left on queue.
Progress(19) at 2021-02-02 19:08:41: 289,853,687 states generated (760,675 s/min), 19,659,168 distinct states found (30,036 ds/min), 2,218,816 states left on queue.
Progress(19) at 2021-02-02 19:09:41: 290,625,375 states generated (771,688 s/min), 19,700,009 distinct states found (40,841 ds/min), 2,216,653 states left on queue.
Progress(19) at 2021-02-02 19:10:41: 291,432,455 states generated (807,080 s/min), 19,736,867 distinct states found (36,858 ds/min), 2,206,099 states left on queue.
Progress(19) at 2021-02-02 19:11:41: 292,248,409 states generated (815,954 s/min), 19,768,779 distinct states found (31,912 ds/min), 2,189,062 states left on queue.
Progress(19) at 2021-02-02 19:12:41: 292,995,348 states generated (746,939 s/min), 19,807,619 distinct states found (38,840 ds/min), 2,180,899 states left on queue.
Progress(19) at 2021-02-02 19:13:41: 293,837,079 states generated (841,731 s/min), 19,833,728 distinct states found (26,109 ds/min), 2,158,386 states left on queue.
Progress(19) at 2021-02-02 19:14:41: 294,591,954 states generated (754,875 s/min), 19,860,582 distinct states found (26,854 ds/min), 2,145,461 states left on queue.
Progress(19) at 2021-02-02 19:15:41: 295,374,947 states generated (782,993 s/min), 19,888,823 distinct states found (28,241 ds/min), 2,132,835 states left on queue.
Progress(19) at 2021-02-02 19:16:41: 296,131,667 states generated (756,720 s/min), 19,925,562 distinct states found (36,739 ds/min), 2,124,349 states left on queue.
Progress(19) at 2021-02-02 19:17:41: 296,865,451 states generated (733,784 s/min), 19,953,335 distinct states found (27,773 ds/min), 2,110,391 states left on queue.
Progress(19) at 2021-02-02 19:18:42: 297,572,236 states generated (706,785 s/min), 19,976,416 distinct states found (23,081 ds/min), 2,104,576 states left on queue.
Progress(19) at 2021-02-02 19:19:42: 298,234,886 states generated (662,650 s/min), 19,999,690 distinct states found (23,274 ds/min), 2,094,918 states left on queue.
Progress(19) at 2021-02-02 19:20:42: 299,016,331 states generated (781,445 s/min), 20,030,348 distinct states found (30,658 ds/min), 2,082,884 states left on queue.
Progress(19) at 2021-02-02 19:21:42: 299,814,002 states generated (797,671 s/min), 20,059,821 distinct states found (29,473 ds/min), 2,066,405 states left on queue.
Progress(19) at 2021-02-02 19:22:42: 300,531,657 states generated (717,655 s/min), 20,089,677 distinct states found (29,856 ds/min), 2,055,899 states left on queue.
Progress(19) at 2021-02-02 19:23:42: 301,330,553 states generated (798,896 s/min), 20,136,672 distinct states found (46,995 ds/min), 2,055,028 states left on queue.
Progress(19) at 2021-02-02 19:24:42: 302,112,894 states generated (782,341 s/min), 20,181,917 distinct states found (45,245 ds/min), 2,053,097 states left on queue.
Progress(19) at 2021-02-02 19:25:42: 302,912,697 states generated (799,803 s/min), 20,217,647 distinct states found (35,730 ds/min), 2,039,309 states left on queue.
Progress(19) at 2021-02-02 19:26:42: 303,658,265 states generated (745,568 s/min), 20,259,729 distinct states found (42,082 ds/min), 2,033,364 states left on queue.
Progress(19) at 2021-02-02 19:27:42: 304,505,388 states generated (847,123 s/min), 20,288,343 distinct states found (28,614 ds/min), 2,010,576 states left on queue.
Progress(19) at 2021-02-02 19:28:42: 305,255,483 states generated (750,095 s/min), 20,321,289 distinct states found (32,946 ds/min), 2,001,815 states left on queue.
Progress(19) at 2021-02-02 19:29:42: 306,002,555 states generated (747,072 s/min), 20,350,380 distinct states found (29,091 ds/min), 1,990,188 states left on queue.
Checkpointing of run states/21-02-02-12-30-31
Checkpointing completed at (2021-02-02 19:30:42)
Progress(19) at 2021-02-02 19:30:42: 306,725,939 states generated (723,384 s/min), 20,391,654 distinct states found (41,274 ds/min), 1,986,220 states left on queue.
Progress(19) at 2021-02-02 19:31:42: 307,471,429 states generated (745,490 s/min), 20,422,863 distinct states found (31,209 ds/min), 1,974,164 states left on queue.
Progress(19) at 2021-02-02 19:32:42: 308,169,676 states generated (698,247 s/min), 20,447,377 distinct states found (24,514 ds/min), 1,967,845 states left on queue.
Progress(19) at 2021-02-02 19:33:42: 308,841,675 states generated (671,999 s/min), 20,474,191 distinct states found (26,814 ds/min), 1,963,639 states left on queue.
Progress(19) at 2021-02-02 19:34:42: 309,508,200 states generated (666,525 s/min), 20,505,190 distinct states found (30,999 ds/min), 1,953,145 states left on queue.
Progress(19) at 2021-02-02 19:35:42: 310,265,743 states generated (757,543 s/min), 20,551,395 distinct states found (46,205 ds/min), 1,952,458 states left on queue.
Progress(19) at 2021-02-02 19:36:42: 311,091,497 states generated (825,754 s/min), 20,587,354 distinct states found (35,959 ds/min), 1,940,903 states left on queue.
Progress(19) at 2021-02-02 19:37:42: 311,844,731 states generated (753,234 s/min), 20,620,124 distinct states found (32,770 ds/min), 1,930,175 states left on queue.
Progress(19) at 2021-02-02 19:38:42: 312,689,171 states generated (844,440 s/min), 20,632,834 distinct states found (12,710 ds/min), 1,902,684 states left on queue.
Progress(19) at 2021-02-02 19:39:42: 313,538,834 states generated (849,663 s/min), 20,647,001 distinct states found (14,167 ds/min), 1,877,539 states left on queue.
Progress(19) at 2021-02-02 19:40:42: 314,347,716 states generated (808,882 s/min), 20,678,555 distinct states found (31,554 ds/min), 1,868,083 states left on queue.
Progress(19) at 2021-02-02 19:41:42: 315,138,213 states generated (790,497 s/min), 20,709,534 distinct states found (30,979 ds/min), 1,858,568 states left on queue.
Progress(19) at 2021-02-02 19:42:42: 315,945,265 states generated (807,052 s/min), 20,731,415 distinct states found (21,881 ds/min), 1,842,303 states left on queue.
Progress(19) at 2021-02-02 19:43:42: 316,719,176 states generated (773,911 s/min), 20,769,723 distinct states found (38,308 ds/min), 1,838,120 states left on queue.
Progress(19) at 2021-02-02 19:44:42: 317,468,354 states generated (749,178 s/min), 20,803,489 distinct states found (33,766 ds/min), 1,831,864 states left on queue.
Progress(19) at 2021-02-02 19:45:42: 318,227,733 states generated (759,379 s/min), 20,829,522 distinct states found (26,033 ds/min), 1,822,116 states left on queue.
Progress(19) at 2021-02-02 19:46:42: 318,957,765 states generated (730,032 s/min), 20,863,608 distinct states found (34,086 ds/min), 1,818,821 states left on queue.
Progress(19) at 2021-02-02 19:47:42: 319,680,324 states generated (722,559 s/min), 20,901,303 distinct states found (37,695 ds/min), 1,818,349 states left on queue.
Progress(19) at 2021-02-02 19:48:42: 320,334,431 states generated (654,107 s/min), 20,926,968 distinct states found (25,665 ds/min), 1,810,640 states left on queue.
Progress(19) at 2021-02-02 19:49:42: 321,057,902 states generated (723,471 s/min), 20,956,085 distinct states found (29,117 ds/min), 1,803,065 states left on queue.
Progress(19) at 2021-02-02 19:50:42: 321,785,547 states generated (727,645 s/min), 20,994,516 distinct states found (38,431 ds/min), 1,804,162 states left on queue.
Progress(19) at 2021-02-02 19:51:42: 322,491,795 states generated (706,248 s/min), 21,032,088 distinct states found (37,572 ds/min), 1,804,129 states left on queue.
Progress(19) at 2021-02-02 19:52:42: 323,137,797 states generated (646,002 s/min), 21,059,405 distinct states found (27,317 ds/min), 1,797,950 states left on queue.
Progress(19) at 2021-02-02 19:53:42: 323,814,079 states generated (676,282 s/min), 21,096,762 distinct states found (37,357 ds/min), 1,799,921 states left on queue.
Progress(19) at 2021-02-02 19:54:42: 324,519,665 states generated (705,586 s/min), 21,128,496 distinct states found (31,734 ds/min), 1,794,619 states left on queue.
Progress(19) at 2021-02-02 19:55:42: 325,224,211 states generated (704,546 s/min), 21,145,413 distinct states found (16,917 ds/min), 1,778,257 states left on queue.
Progress(19) at 2021-02-02 19:56:42: 326,012,384 states generated (788,173 s/min), 21,159,085 distinct states found (13,672 ds/min), 1,757,890 states left on queue.
Progress(19) at 2021-02-02 19:57:42: 326,788,547 states generated (776,163 s/min), 21,177,978 distinct states found (18,893 ds/min), 1,741,769 states left on queue.
Progress(19) at 2021-02-02 19:58:42: 327,530,367 states generated (741,820 s/min), 21,202,893 distinct states found (24,915 ds/min), 1,731,275 states left on queue.
Progress(20) at 2021-02-02 19:59:42: 328,426,603 states generated (896,236 s/min), 21,213,070 distinct states found (10,177 ds/min), 1,699,320 states left on queue.
Checkpointing of run states/21-02-02-12-30-31
Checkpointing completed at (2021-02-02 20:00:42)
Progress(20) at 2021-02-02 20:00:42: 329,293,715 states generated (867,112 s/min), 21,226,502 distinct states found (13,432 ds/min), 1,672,817 states left on queue.
Progress(20) at 2021-02-02 20:01:42: 330,103,033 states generated (809,318 s/min), 21,247,365 distinct states found (20,863 ds/min), 1,656,698 states left on queue.
Progress(20) at 2021-02-02 20:02:42: 330,911,361 states generated (808,328 s/min), 21,270,142 distinct states found (22,777 ds/min), 1,641,066 states left on queue.
Progress(20) at 2021-02-02 20:03:42: 331,673,708 states generated (762,347 s/min), 21,297,443 distinct states found (27,301 ds/min), 1,631,541 states left on queue.
Progress(20) at 2021-02-02 20:04:42: 332,475,415 states generated (801,707 s/min), 21,330,221 distinct states found (32,778 ds/min), 1,618,347 states left on queue.
Progress(20) at 2021-02-02 20:05:42: 333,294,770 states generated (819,355 s/min), 21,358,339 distinct states found (28,118 ds/min), 1,600,044 states left on queue.
Progress(20) at 2021-02-02 20:06:42: 334,069,294 states generated (774,524 s/min), 21,386,810 distinct states found (28,471 ds/min), 1,581,901 states left on queue.
Progress(20) at 2021-02-02 20:07:42: 334,873,743 states generated (804,449 s/min), 21,407,636 distinct states found (20,826 ds/min), 1,559,253 states left on queue.
Progress(20) at 2021-02-02 20:08:42: 335,660,656 states generated (786,913 s/min), 21,430,518 distinct states found (22,882 ds/min), 1,541,363 states left on queue.
Progress(20) at 2021-02-02 20:09:42: 336,405,831 states generated (745,175 s/min), 21,458,518 distinct states found (28,000 ds/min), 1,524,120 states left on queue.
Progress(20) at 2021-02-02 20:10:42: 337,141,864 states generated (736,033 s/min), 21,479,872 distinct states found (21,354 ds/min), 1,510,461 states left on queue.
Progress(20) at 2021-02-02 20:11:42: 337,829,135 states generated (687,271 s/min), 21,500,092 distinct states found (20,220 ds/min), 1,496,615 states left on queue.
Progress(20) at 2021-02-02 20:12:42: 338,653,235 states generated (824,100 s/min), 21,527,154 distinct states found (27,062 ds/min), 1,481,239 states left on queue.
Progress(20) at 2021-02-02 20:13:42: 339,417,947 states generated (764,712 s/min), 21,551,476 distinct states found (24,322 ds/min), 1,465,423 states left on queue.
Progress(20) at 2021-02-02 20:14:42: 340,215,469 states generated (797,522 s/min), 21,592,753 distinct states found (41,277 ds/min), 1,460,011 states left on queue.
Progress(20) at 2021-02-02 20:15:42: 340,990,868 states generated (775,399 s/min), 21,632,307 distinct states found (39,554 ds/min), 1,453,233 states left on queue.
Progress(20) at 2021-02-02 20:16:42: 341,757,321 states generated (766,453 s/min), 21,671,478 distinct states found (39,171 ds/min), 1,444,917 states left on queue.
Progress(20) at 2021-02-02 20:17:42: 342,562,302 states generated (804,981 s/min), 21,699,063 distinct states found (27,585 ds/min), 1,424,492 states left on queue.
Progress(20) at 2021-02-02 20:18:42: 343,330,604 states generated (768,302 s/min), 21,727,699 distinct states found (28,636 ds/min), 1,409,267 states left on queue.
Progress(20) at 2021-02-02 20:19:42: 344,083,829 states generated (753,225 s/min), 21,756,595 distinct states found (28,896 ds/min), 1,395,985 states left on queue.
Progress(20) at 2021-02-02 20:20:42: 344,789,343 states generated (705,514 s/min), 21,793,710 distinct states found (37,115 ds/min), 1,388,455 states left on queue.
Progress(20) at 2021-02-02 20:21:42: 345,535,398 states generated (746,055 s/min), 21,816,775 distinct states found (23,065 ds/min), 1,376,633 states left on queue.
Progress(20) at 2021-02-02 20:22:42: 346,229,005 states generated (693,607 s/min), 21,843,548 distinct states found (26,773 ds/min), 1,371,502 states left on queue.
Progress(20) at 2021-02-02 20:23:42: 346,922,799 states generated (693,794 s/min), 21,868,139 distinct states found (24,591 ds/min), 1,355,658 states left on queue.
Progress(20) at 2021-02-02 20:24:42: 347,684,537 states generated (761,738 s/min), 21,901,011 distinct states found (32,872 ds/min), 1,341,923 states left on queue.
Progress(20) at 2021-02-02 20:25:42: 348,499,034 states generated (814,497 s/min), 21,930,429 distinct states found (29,418 ds/min), 1,326,083 states left on queue.
Progress(20) at 2021-02-02 20:26:42: 349,323,750 states generated (824,716 s/min), 21,942,274 distinct states found (11,845 ds/min), 1,302,024 states left on queue.
Progress(20) at 2021-02-02 20:27:42: 350,146,973 states generated (823,223 s/min), 21,966,669 distinct states found (24,395 ds/min), 1,286,756 states left on queue.
Progress(20) at 2021-02-02 20:28:42: 350,950,680 states generated (803,707 s/min), 21,989,218 distinct states found (22,549 ds/min), 1,271,561 states left on queue.
Progress(20) at 2021-02-02 20:29:42: 351,756,222 states generated (805,542 s/min), 22,017,192 distinct states found (27,974 ds/min), 1,259,069 states left on queue.
Checkpointing of run states/21-02-02-12-30-31
Checkpointing completed at (2021-02-02 20:30:43)
Progress(20) at 2021-02-02 20:30:43: 352,549,349 states generated (793,127 s/min), 22,050,156 distinct states found (32,964 ds/min), 1,251,165 states left on queue.
Progress(20) at 2021-02-02 20:31:43: 353,306,336 states generated (756,987 s/min), 22,074,622 distinct states found (24,466 ds/min), 1,239,264 states left on queue.
Progress(20) at 2021-02-02 20:32:43: 354,045,503 states generated (739,167 s/min), 22,100,640 distinct states found (26,018 ds/min), 1,227,729 states left on queue.
Progress(20) at 2021-02-02 20:33:43: 354,762,273 states generated (716,770 s/min), 22,130,613 distinct states found (29,973 ds/min), 1,220,180 states left on queue.
Progress(20) at 2021-02-02 20:34:43: 355,444,908 states generated (682,635 s/min), 22,156,097 distinct states found (25,484 ds/min), 1,210,718 states left on queue.
Progress(20) at 2021-02-02 20:35:43: 356,184,437 states generated (739,529 s/min), 22,189,042 distinct states found (32,945 ds/min), 1,206,964 states left on queue.
Progress(20) at 2021-02-02 20:36:43: 356,895,324 states generated (710,887 s/min), 22,224,427 distinct states found (35,385 ds/min), 1,205,067 states left on queue.
Progress(20) at 2021-02-02 20:37:43: 357,579,628 states generated (684,304 s/min), 22,252,244 distinct states found (27,817 ds/min), 1,198,120 states left on queue.
Progress(20) at 2021-02-02 20:38:43: 358,228,687 states generated (649,059 s/min), 22,281,804 distinct states found (29,560 ds/min), 1,192,092 states left on queue.
Progress(20) at 2021-02-02 20:39:43: 358,967,002 states generated (738,315 s/min), 22,308,661 distinct states found (26,857 ds/min), 1,180,988 states left on queue.
Progress(20) at 2021-02-02 20:40:43: 359,712,874 states generated (745,872 s/min), 22,317,378 distinct states found (8,717 ds/min), 1,159,586 states left on queue.
Progress(20) at 2021-02-02 20:41:43: 360,499,300 states generated (786,426 s/min), 22,334,446 distinct states found (17,068 ds/min), 1,142,109 states left on queue.
Progress(21) at 2021-02-02 20:42:43: 361,319,607 states generated (820,307 s/min), 22,346,310 distinct states found (11,864 ds/min), 1,119,288 states left on queue.
Progress(21) at 2021-02-02 20:43:43: 362,164,127 states generated (844,520 s/min), 22,360,899 distinct states found (14,589 ds/min), 1,099,239 states left on queue.
Progress(21) at 2021-02-02 20:44:43: 362,959,424 states generated (795,297 s/min), 22,381,391 distinct states found (20,492 ds/min), 1,083,736 states left on queue.
Progress(21) at 2021-02-02 20:45:43: 363,757,936 states generated (798,512 s/min), 22,405,088 distinct states found (23,697 ds/min), 1,063,545 states left on queue.
Progress(21) at 2021-02-02 20:46:43: 364,599,446 states generated (841,510 s/min), 22,423,150 distinct states found (18,062 ds/min), 1,038,801 states left on queue.
Progress(21) at 2021-02-02 20:47:43: 365,411,303 states generated (811,857 s/min), 22,437,635 distinct states found (14,485 ds/min), 1,013,653 states left on queue.
Progress(21) at 2021-02-02 20:48:43: 366,199,366 states generated (788,063 s/min), 22,455,315 distinct states found (17,680 ds/min), 988,569 states left on queue.
Progress(21) at 2021-02-02 20:49:43: 366,942,829 states generated (743,463 s/min), 22,470,590 distinct states found (15,275 ds/min), 973,127 states left on queue.
Progress(21) at 2021-02-02 20:50:43: 367,750,381 states generated (807,552 s/min), 22,490,473 distinct states found (19,883 ds/min), 952,882 states left on queue.
Progress(21) at 2021-02-02 20:51:43: 368,520,191 states generated (769,810 s/min), 22,517,518 distinct states found (27,045 ds/min), 937,379 states left on queue.
Progress(21) at 2021-02-02 20:52:43: 369,312,394 states generated (792,203 s/min), 22,548,538 distinct states found (31,020 ds/min), 921,854 states left on queue.
Progress(21) at 2021-02-02 20:53:43: 370,077,738 states generated (765,344 s/min), 22,579,295 distinct states found (30,757 ds/min), 906,260 states left on queue.
Progress(21) at 2021-02-02 20:54:43: 370,877,077 states generated (799,339 s/min), 22,599,719 distinct states found (20,424 ds/min), 881,823 states left on queue.
Progress(21) at 2021-02-02 20:55:43: 371,631,103 states generated (754,026 s/min), 22,622,875 distinct states found (23,156 ds/min), 863,026 states left on queue.
Progress(21) at 2021-02-02 20:56:43: 372,366,309 states generated (735,206 s/min), 22,650,691 distinct states found (27,816 ds/min), 846,545 states left on queue.
Progress(21) at 2021-02-02 20:57:43: 373,078,115 states generated (711,806 s/min), 22,669,950 distinct states found (19,259 ds/min), 836,304 states left on queue.
Progress(21) at 2021-02-02 20:58:43: 373,803,347 states generated (725,232 s/min), 22,692,066 distinct states found (22,116 ds/min), 815,973 states left on queue.
Progress(21) at 2021-02-02 20:59:43: 374,604,940 states generated (801,593 s/min), 22,712,888 distinct states found (20,822 ds/min), 793,535 states left on queue.
Checkpointing of run states/21-02-02-12-30-31
Checkpointing completed at (2021-02-02 21:00:43)
Progress(21) at 2021-02-02 21:00:43: 375,441,894 states generated (836,954 s/min), 22,727,729 distinct states found (14,841 ds/min), 771,763 states left on queue.
Progress(21) at 2021-02-02 21:01:43: 376,271,613 states generated (829,719 s/min), 22,746,997 distinct states found (19,268 ds/min), 753,739 states left on queue.
Progress(21) at 2021-02-02 21:02:43: 377,064,651 states generated (793,038 s/min), 22,776,556 distinct states found (29,559 ds/min), 742,316 states left on queue.
Progress(21) at 2021-02-02 21:03:43: 377,861,395 states generated (796,744 s/min), 22,795,606 distinct states found (19,050 ds/min), 725,386 states left on queue.
Progress(21) at 2021-02-02 21:04:43: 378,626,951 states generated (765,556 s/min), 22,818,226 distinct states found (22,620 ds/min), 711,151 states left on queue.
Progress(21) at 2021-02-02 21:05:43: 379,347,368 states generated (720,417 s/min), 22,838,936 distinct states found (20,710 ds/min), 696,361 states left on queue.
Progress(21) at 2021-02-02 21:06:43: 380,094,208 states generated (746,840 s/min), 22,866,679 distinct states found (27,743 ds/min), 686,886 states left on queue.
Progress(21) at 2021-02-02 21:07:43: 380,815,910 states generated (721,702 s/min), 22,894,111 distinct states found (27,432 ds/min), 676,908 states left on queue.
Progress(21) at 2021-02-02 21:08:43: 381,505,856 states generated (689,946 s/min), 22,919,984 distinct states found (25,873 ds/min), 666,919 states left on queue.
Progress(21) at 2021-02-02 21:09:43: 382,195,493 states generated (689,637 s/min), 22,943,441 distinct states found (23,457 ds/min), 653,660 states left on queue.
Progress(21) at 2021-02-02 21:10:43: 382,971,902 states generated (776,409 s/min), 22,955,771 distinct states found (12,330 ds/min), 633,834 states left on queue.
Progress(22) at 2021-02-02 21:11:43: 383,796,794 states generated (824,892 s/min), 22,966,653 distinct states found (10,882 ds/min), 612,762 states left on queue.
Progress(22) at 2021-02-02 21:12:43: 384,634,598 states generated (837,804 s/min), 22,977,769 distinct states found (11,116 ds/min), 591,159 states left on queue.
Progress(22) at 2021-02-02 21:13:43: 385,485,779 states generated (851,181 s/min), 22,991,334 distinct states found (13,565 ds/min), 565,896 states left on queue.
Progress(22) at 2021-02-02 21:14:43: 386,316,316 states generated (830,537 s/min), 23,000,025 distinct states found (8,691 ds/min), 540,033 states left on queue.
Progress(22) at 2021-02-02 21:15:43: 387,127,000 states generated (810,684 s/min), 23,012,382 distinct states found (12,357 ds/min), 518,948 states left on queue.
Progress(22) at 2021-02-02 21:16:43: 387,928,896 states generated (801,896 s/min), 23,034,542 distinct states found (22,160 ds/min), 497,726 states left on queue.
Progress(22) at 2021-02-02 21:17:43: 388,725,763 states generated (796,867 s/min), 23,053,458 distinct states found (18,916 ds/min), 474,149 states left on queue.
Progress(22) at 2021-02-02 21:18:43: 389,532,021 states generated (806,258 s/min), 23,067,380 distinct states found (13,922 ds/min), 448,051 states left on queue.
Progress(22) at 2021-02-02 21:19:43: 390,287,743 states generated (755,722 s/min), 23,084,515 distinct states found (17,135 ds/min), 426,378 states left on queue.
Progress(22) at 2021-02-02 21:20:43: 391,037,799 states generated (750,056 s/min), 23,099,160 distinct states found (14,645 ds/min), 406,699 states left on queue.
Progress(22) at 2021-02-02 21:21:43: 391,884,634 states generated (846,835 s/min), 23,110,493 distinct states found (11,333 ds/min), 382,048 states left on queue.
Progress(22) at 2021-02-02 21:22:43: 392,720,512 states generated (835,878 s/min), 23,126,144 distinct states found (15,651 ds/min), 361,882 states left on queue.
Progress(22) at 2021-02-02 21:23:43: 393,530,366 states generated (809,854 s/min), 23,144,461 distinct states found (18,317 ds/min), 344,372 states left on queue.
Progress(22) at 2021-02-02 21:24:43: 394,332,922 states generated (802,556 s/min), 23,158,966 distinct states found (14,505 ds/min), 325,448 states left on queue.
Progress(22) at 2021-02-02 21:25:43: 395,092,521 states generated (759,599 s/min), 23,178,232 distinct states found (19,266 ds/min), 309,436 states left on queue.
Progress(22) at 2021-02-02 21:26:43: 395,846,905 states generated (754,384 s/min), 23,199,613 distinct states found (21,381 ds/min), 295,068 states left on queue.
Progress(22) at 2021-02-02 21:27:43: 396,561,411 states generated (714,506 s/min), 23,216,162 distinct states found (16,549 ds/min), 277,459 states left on queue.
Progress(23) at 2021-02-02 21:28:43: 397,374,512 states generated (813,101 s/min), 23,224,510 distinct states found (8,348 ds/min), 256,110 states left on queue.
Progress(23) at 2021-02-02 21:29:43: 398,229,977 states generated (855,465 s/min), 23,230,457 distinct states found (5,947 ds/min), 230,818 states left on queue.
Checkpointing of run states/21-02-02-12-30-31
Checkpointing completed at (2021-02-02 21:30:44)
Progress(23) at 2021-02-02 21:30:44: 399,076,107 states generated (846,130 s/min), 23,242,198 distinct states found (11,741 ds/min), 207,841 states left on queue.
Progress(23) at 2021-02-02 21:31:44: 399,907,386 states generated (831,279 s/min), 23,251,116 distinct states found (8,918 ds/min), 180,386 states left on queue.
Progress(23) at 2021-02-02 21:32:44: 400,699,245 states generated (791,859 s/min), 23,259,555 distinct states found (8,439 ds/min), 158,122 states left on queue.
Progress(23) at 2021-02-02 21:33:44: 401,551,552 states generated (852,307 s/min), 23,269,001 distinct states found (9,446 ds/min), 134,011 states left on queue.
Progress(23) at 2021-02-02 21:34:44: 402,380,604 states generated (829,052 s/min), 23,277,291 distinct states found (8,290 ds/min), 112,087 states left on queue.
Progress(23) at 2021-02-02 21:35:44: 403,170,873 states generated (790,269 s/min), 23,293,586 distinct states found (16,295 ds/min), 95,032 states left on queue.
Progress(24) at 2021-02-02 21:36:44: 403,963,309 states generated (792,436 s/min), 23,300,312 distinct states found (6,726 ds/min), 71,901 states left on queue.
Progress(24) at 2021-02-02 21:37:44: 404,802,488 states generated (839,179 s/min), 23,305,515 distinct states found (5,203 ds/min), 48,067 states left on queue.
Progress(24) at 2021-02-02 21:38:44: 405,635,960 states generated (833,472 s/min), 23,311,665 distinct states found (6,150 ds/min), 24,558 states left on queue.
Progress(26) at 2021-02-02 21:39:44: 406,460,342 states generated (824,382 s/min), 23,316,694 distinct states found (5,029 ds/min), 855 states left on queue.
Model checking completed. No error has been found.
  Estimates of the probability that TLC did not check all reachable states
  because two distinct states had the same fingerprint:
  calculated (optimistic):  val = 4.8E-4
  based on the actual fingerprints:  val = 2.3E-4
406488719 states generated, 23316747 distinct states found, 0 states left on queue.
The depth of the complete state graph search is 26.
The average outdegree of the complete state graph is 1 (minimum is 0, the maximum 31 and the 95th percentile is 3).
Finished in 09h 09min at (2021-02-02 21:39:58)
