Git Revision: 022300e
Platform: Linux login-faculty.ccs.neu.edu 3.10.0-1127.19.1.el7.x86_64 #1 SMP Tue Aug 25 17:23:54 UTC 2020 x86_64 x86_64 x86_64 GNU/Linux
CPU Info Linux: model name	: Intel(R) Xeon(R) Gold 5118 CPU @ 2.30GHz
CPU Cores Linux: 48
CPU Info Mac: 
CPU Cores Mac: 
Spec: MCMongoLoglessDynamicRaftRefinement.tla
Config: models/MCMongoLoglessDynamicRaftRefinement-4Servers-T4-CV4.cfg
----
INIT InitAux
NEXT NextAux
CONSTANTS 
Nil = Nil
Server = {n1, n2, n3, n4}
Secondary = Secondary
Primary = Primary
MaxTerm = 4
MaxConfigVersion = 4
CONSTRAINT StateConstraint
INVARIANT StateMachineSafety
VIEW ViewRemoveElectionsAndLogVars
SYMMETRY ServerSymmetry
ALIAS Alias
----

TLC2 Version 2.15 of Day Month 20?? (rev: adc67eb)
Running breadth-first search Model-Checking with fp 19 and seed 1522470351444116306 with 1 worker on 48 cores with 27305MB heap and 4096MB offheap memory (Linux 3.10.0-1127.19.1.el7.x86_64 amd64, Oracle Corporation 1.8.0_262 x86_64, OffHeapDiskFPSet, DiskStateQueue).
Parsing file /home/williamjschultz/logless-reconfig/refinement/MCMongoLoglessDynamicRaftRefinement.tla
Parsing file /tmp/TLC.tla
Parsing file /home/williamjschultz/logless-reconfig/refinement/MongoLoglessDynamicRaftRefinement.tla
Parsing file /home/williamjschultz/logless-reconfig/refinement/MongoLoglessDynamicRaft.tla
Parsing file /tmp/Naturals.tla
Parsing file /tmp/Integers.tla
Parsing file /tmp/FiniteSets.tla
Parsing file /tmp/Sequences.tla
Parsing file /home/williamjschultz/logless-reconfig/refinement/MongoSafeWeakRaft.tla
Parsing file /home/williamjschultz/logless-reconfig/refinement/MongoWeakRaft.tla
Semantic processing of module Naturals
Semantic processing of module Sequences
Semantic processing of module FiniteSets
Semantic processing of module TLC
Semantic processing of module Integers
Semantic processing of module MongoLoglessDynamicRaft
Semantic processing of module MongoWeakRaft
Semantic processing of module MongoSafeWeakRaft
Semantic processing of module MongoLoglessDynamicRaftRefinement
Semantic processing of module MCMongoLoglessDynamicRaftRefinement
Starting... (2021-02-01 11:18:15)
Computing initial states...
Computed 2 initial states...
Computed 4 initial states...
Computed 8 initial states...
Finished computing initial states: 15 states generated, with 4 of them distinct at 2021-02-01 11:18:16.
Progress(8) at 2021-02-01 11:18:19: 52,177 states generated (52,177 s/min), 20,823 distinct states found (20,823 ds/min), 15,098 states left on queue.
Progress(11) at 2021-02-01 11:19:19: 1,674,151 states generated (1,621,974 s/min), 525,490 distinct states found (504,667 ds/min), 342,869 states left on queue.
Progress(12) at 2021-02-01 11:20:19: 3,349,810 states generated (1,675,659 s/min), 961,651 distinct states found (436,161 ds/min), 598,022 states left on queue.
Progress(12) at 2021-02-01 11:21:19: 5,053,512 states generated (1,703,702 s/min), 1,406,252 distinct states found (444,601 ds/min), 859,809 states left on queue.
Progress(12) at 2021-02-01 11:22:19: 6,636,816 states generated (1,583,304 s/min), 1,819,752 distinct states found (413,500 ds/min), 1,105,371 states left on queue.
Progress(13) at 2021-02-01 11:23:19: 8,372,781 states generated (1,735,965 s/min), 2,178,642 distinct states found (358,890 ds/min), 1,278,692 states left on queue.
Progress(13) at 2021-02-01 11:24:19: 10,165,208 states generated (1,792,427 s/min), 2,571,748 distinct states found (393,106 ds/min), 1,478,228 states left on queue.
Progress(13) at 2021-02-01 11:25:19: 11,900,978 states generated (1,735,770 s/min), 2,986,560 distinct states found (414,812 ds/min), 1,708,146 states left on queue.
Progress(13) at 2021-02-01 11:26:19: 13,569,987 states generated (1,669,009 s/min), 3,346,160 distinct states found (359,600 ds/min), 1,891,088 states left on queue.
Progress(13) at 2021-02-01 11:27:19: 15,223,918 states generated (1,653,931 s/min), 3,740,411 distinct states found (394,251 ds/min), 2,109,212 states left on queue.
Progress(13) at 2021-02-01 11:28:19: 16,828,757 states generated (1,604,839 s/min), 4,116,593 distinct states found (376,182 ds/min), 2,315,243 states left on queue.
Progress(13) at 2021-02-01 11:29:19: 18,334,572 states generated (1,505,815 s/min), 4,486,133 distinct states found (369,540 ds/min), 2,525,416 states left on queue.
Progress(14) at 2021-02-01 11:30:19: 20,236,131 states generated (1,901,559 s/min), 4,750,479 distinct states found (264,346 ds/min), 2,592,040 states left on queue.
Progress(14) at 2021-02-01 11:31:19: 22,196,918 states generated (1,960,787 s/min), 5,049,542 distinct states found (299,063 ds/min), 2,679,904 states left on queue.
Progress(14) at 2021-02-01 11:32:19: 23,893,564 states generated (1,696,646 s/min), 5,365,377 distinct states found (315,835 ds/min), 2,818,894 states left on queue.
Progress(14) at 2021-02-01 11:33:19: 25,596,387 states generated (1,702,823 s/min), 5,697,221 distinct states found (331,844 ds/min), 2,975,263 states left on queue.
Progress(14) at 2021-02-01 11:34:19: 27,322,936 states generated (1,726,549 s/min), 6,082,871 distinct states found (385,650 ds/min), 3,177,161 states left on queue.
Progress(14) at 2021-02-01 11:35:19: 29,150,400 states generated (1,827,464 s/min), 6,396,152 distinct states found (313,281 ds/min), 3,297,871 states left on queue.
Progress(14) at 2021-02-01 11:36:19: 30,805,750 states generated (1,655,350 s/min), 6,708,016 distinct states found (311,864 ds/min), 3,433,529 states left on queue.
Progress(14) at 2021-02-01 11:37:19: 32,417,042 states generated (1,611,292 s/min), 7,048,443 distinct states found (340,427 ds/min), 3,603,942 states left on queue.
Progress(14) at 2021-02-01 11:38:19: 34,097,793 states generated (1,680,751 s/min), 7,412,992 distinct states found (364,549 ds/min), 3,788,443 states left on queue.
Progress(14) at 2021-02-01 11:39:19: 35,822,464 states generated (1,724,671 s/min), 7,741,808 distinct states found (328,816 ds/min), 3,931,257 states left on queue.
Progress(14) at 2021-02-01 11:40:19: 37,489,814 states generated (1,667,350 s/min), 8,078,356 distinct states found (336,548 ds/min), 4,091,492 states left on queue.
Progress(14) at 2021-02-01 11:41:19: 39,108,230 states generated (1,618,416 s/min), 8,408,436 distinct states found (330,080 ds/min), 4,253,134 states left on queue.
Progress(14) at 2021-02-01 11:42:19: 40,577,523 states generated (1,469,293 s/min), 8,733,195 distinct states found (324,759 ds/min), 4,423,805 states left on queue.
Progress(14) at 2021-02-01 11:43:19: 42,106,888 states generated (1,529,365 s/min), 9,068,755 distinct states found (335,560 ds/min), 4,595,125 states left on queue.
Progress(15) at 2021-02-01 11:44:19: 43,930,947 states generated (1,824,059 s/min), 9,291,772 distinct states found (223,017 ds/min), 4,638,193 states left on queue.
Progress(15) at 2021-02-01 11:45:19: 45,916,265 states generated (1,985,318 s/min), 9,498,421 distinct states found (206,649 ds/min), 4,639,889 states left on queue.
Progress(15) at 2021-02-01 11:46:19: 47,891,197 states generated (1,974,932 s/min), 9,722,609 distinct states found (224,188 ds/min), 4,661,187 states left on queue.
Progress(15) at 2021-02-01 11:47:19: 49,669,322 states generated (1,778,125 s/min), 9,981,408 distinct states found (258,799 ds/min), 4,738,618 states left on queue.
Checkpointing of run states/21-02-01-11-18-15
Checkpointing completed at (2021-02-01 11:48:20)
Progress(15) at 2021-02-01 11:48:20: 51,331,155 states generated (1,661,833 s/min), 10,263,935 distinct states found (282,527 ds/min), 4,849,352 states left on queue.
Progress(15) at 2021-02-01 11:49:20: 53,048,530 states generated (1,717,375 s/min), 10,522,378 distinct states found (258,443 ds/min), 4,935,400 states left on queue.
Progress(15) at 2021-02-01 11:50:20: 54,873,054 states generated (1,824,524 s/min), 10,821,963 distinct states found (299,585 ds/min), 5,044,095 states left on queue.
Progress(15) at 2021-02-01 11:51:20: 56,541,670 states generated (1,668,616 s/min), 11,140,962 distinct states found (318,999 ds/min), 5,190,042 states left on queue.
Progress(15) at 2021-02-01 11:52:20: 58,395,646 states generated (1,853,976 s/min), 11,442,223 distinct states found (301,261 ds/min), 5,296,779 states left on queue.
Progress(15) at 2021-02-01 11:53:20: 60,228,040 states generated (1,832,394 s/min), 11,703,992 distinct states found (261,769 ds/min), 5,369,514 states left on queue.
Progress(15) at 2021-02-01 11:54:20: 61,999,126 states generated (1,771,086 s/min), 11,988,691 distinct states found (284,699 ds/min), 5,468,641 states left on queue.
Progress(15) at 2021-02-01 11:55:20: 63,620,611 states generated (1,621,485 s/min), 12,258,521 distinct states found (269,830 ds/min), 5,566,984 states left on queue.
Progress(15) at 2021-02-01 11:56:20: 65,285,296 states generated (1,664,685 s/min), 12,554,799 distinct states found (296,278 ds/min), 5,687,561 states left on queue.
Progress(15) at 2021-02-01 11:57:20: 66,906,703 states generated (1,621,407 s/min), 12,855,242 distinct states found (300,443 ds/min), 5,816,216 states left on queue.
Progress(15) at 2021-02-01 11:58:20: 68,564,897 states generated (1,658,194 s/min), 13,215,297 distinct states found (360,055 ds/min), 5,996,924 states left on queue.
Progress(15) at 2021-02-01 11:59:20: 70,313,533 states generated (1,748,636 s/min), 13,500,396 distinct states found (285,099 ds/min), 6,097,235 states left on queue.
Progress(15) at 2021-02-01 12:00:20: 72,131,644 states generated (1,818,111 s/min), 13,765,448 distinct states found (265,052 ds/min), 6,169,622 states left on queue.
Progress(15) at 2021-02-01 12:01:20: 73,852,022 states generated (1,720,378 s/min), 14,031,159 distinct states found (265,711 ds/min), 6,254,450 states left on queue.
Progress(15) at 2021-02-01 12:02:20: 75,540,147 states generated (1,688,125 s/min), 14,318,275 distinct states found (287,116 ds/min), 6,362,183 states left on queue.
Progress(15) at 2021-02-01 12:03:20: 77,231,553 states generated (1,691,406 s/min), 14,579,887 distinct states found (261,612 ds/min), 6,452,387 states left on queue.
Progress(15) at 2021-02-01 12:04:20: 78,861,867 states generated (1,630,314 s/min), 14,873,141 distinct states found (293,254 ds/min), 6,578,145 states left on queue.
Progress(15) at 2021-02-01 12:05:20: 80,484,708 states generated (1,622,841 s/min), 15,162,580 distinct states found (289,439 ds/min), 6,696,253 states left on queue.
Progress(15) at 2021-02-01 12:06:20: 82,026,051 states generated (1,541,343 s/min), 15,470,236 distinct states found (307,656 ds/min), 6,840,643 states left on queue.
Progress(15) at 2021-02-01 12:07:20: 83,617,269 states generated (1,591,218 s/min), 15,788,347 distinct states found (318,111 ds/min), 6,991,469 states left on queue.
Progress(15) at 2021-02-01 12:08:20: 85,345,194 states generated (1,727,925 s/min), 16,085,784 distinct states found (297,437 ds/min), 7,107,098 states left on queue.
Progress(15) at 2021-02-01 12:09:20: 86,876,221 states generated (1,531,027 s/min), 16,362,294 distinct states found (276,510 ds/min), 7,220,716 states left on queue.
Progress(16) at 2021-02-01 12:10:20: 88,750,923 states generated (1,874,702 s/min), 16,536,888 distinct states found (174,594 ds/min), 7,219,251 states left on queue.
Progress(16) at 2021-02-01 12:11:20: 90,728,788 states generated (1,977,865 s/min), 16,691,719 distinct states found (154,831 ds/min), 7,181,041 states left on queue.
Progress(16) at 2021-02-01 12:12:20: 92,729,823 states generated (2,001,035 s/min), 16,855,833 distinct states found (164,114 ds/min), 7,148,700 states left on queue.
Progress(16) at 2021-02-01 12:13:20: 94,469,674 states generated (1,739,851 s/min), 17,073,481 distinct states found (217,648 ds/min), 7,195,283 states left on queue.
Progress(16) at 2021-02-01 12:14:20: 96,323,388 states generated (1,853,714 s/min), 17,284,543 distinct states found (211,062 ds/min), 7,221,430 states left on queue.
Progress(16) at 2021-02-01 12:15:20: 97,925,283 states generated (1,601,895 s/min), 17,536,354 distinct states found (251,811 ds/min), 7,308,550 states left on queue.
Progress(16) at 2021-02-01 12:16:20: 99,703,700 states generated (1,778,417 s/min), 17,753,704 distinct states found (217,350 ds/min), 7,351,147 states left on queue.
Progress(16) at 2021-02-01 12:17:20: 101,444,266 states generated (1,740,566 s/min), 17,974,989 distinct states found (221,285 ds/min), 7,399,286 states left on queue.
Checkpointing of run states/21-02-01-11-18-15
Checkpointing completed at (2021-02-01 12:18:21)
Progress(16) at 2021-02-01 12:18:21: 103,381,306 states generated (1,937,040 s/min), 18,224,611 distinct states found (249,622 ds/min), 7,450,899 states left on queue.
Progress(16) at 2021-02-01 12:19:21: 105,126,105 states generated (1,744,799 s/min), 18,478,374 distinct states found (253,763 ds/min), 7,527,335 states left on queue.
Progress(16) at 2021-02-01 12:20:21: 106,748,294 states generated (1,622,189 s/min), 18,755,290 distinct states found (276,916 ds/min), 7,637,923 states left on queue.
Progress(16) at 2021-02-01 12:21:21: 108,487,439 states generated (1,739,145 s/min), 19,048,725 distinct states found (293,435 ds/min), 7,751,436 states left on queue.
Progress(16) at 2021-02-01 12:22:21: 110,420,885 states generated (1,933,446 s/min), 19,257,675 distinct states found (208,950 ds/min), 7,766,158 states left on queue.
Progress(16) at 2021-02-01 12:23:21: 112,254,314 states generated (1,833,429 s/min), 19,475,383 distinct states found (217,708 ds/min), 7,798,594 states left on queue.
Progress(16) at 2021-02-01 12:24:21: 114,054,182 states generated (1,799,868 s/min), 19,698,539 distinct states found (223,156 ds/min), 7,843,541 states left on queue.
Progress(16) at 2021-02-01 12:25:21: 115,789,349 states generated (1,735,167 s/min), 19,944,990 distinct states found (246,451 ds/min), 7,901,578 states left on queue.
Progress(16) at 2021-02-01 12:26:21: 117,416,780 states generated (1,627,431 s/min), 20,185,226 distinct states found (240,236 ds/min), 7,969,512 states left on queue.
Progress(16) at 2021-02-01 12:27:21: 119,005,764 states generated (1,588,984 s/min), 20,416,041 distinct states found (230,815 ds/min), 8,032,554 states left on queue.
Progress(16) at 2021-02-01 12:28:21: 120,749,061 states generated (1,743,297 s/min), 20,667,745 distinct states found (251,704 ds/min), 8,105,038 states left on queue.
Progress(16) at 2021-02-01 12:29:21: 122,428,840 states generated (1,679,779 s/min), 20,938,305 distinct states found (270,560 ds/min), 8,198,344 states left on queue.
Progress(16) at 2021-02-01 12:30:21: 123,951,441 states generated (1,522,601 s/min), 21,202,704 distinct states found (264,399 ds/min), 8,300,205 states left on queue.
Progress(16) at 2021-02-01 12:31:21: 125,635,315 states generated (1,683,874 s/min), 21,534,832 distinct states found (332,128 ds/min), 8,452,048 states left on queue.
Progress(16) at 2021-02-01 12:32:21: 127,320,780 states generated (1,685,465 s/min), 21,786,051 distinct states found (251,219 ds/min), 8,523,624 states left on queue.
Progress(16) at 2021-02-01 12:33:21: 129,041,583 states generated (1,720,803 s/min), 22,009,106 distinct states found (223,055 ds/min), 8,568,104 states left on queue.
Progress(16) at 2021-02-01 12:34:21: 130,825,072 states generated (1,783,489 s/min), 22,225,162 distinct states found (216,056 ds/min), 8,599,001 states left on queue.
Progress(16) at 2021-02-01 12:35:22: 132,681,013 states generated (1,855,941 s/min), 22,446,681 distinct states found (221,519 ds/min), 8,630,536 states left on queue.
Progress(16) at 2021-02-01 12:36:22: 134,400,857 states generated (1,719,844 s/min), 22,656,181 distinct states found (209,500 ds/min), 8,666,052 states left on queue.
Progress(16) at 2021-02-01 12:37:22: 136,035,929 states generated (1,635,072 s/min), 22,907,708 distinct states found (251,527 ds/min), 8,744,483 states left on queue.
Progress(16) at 2021-02-01 12:38:22: 137,823,337 states generated (1,787,408 s/min), 23,120,221 distinct states found (212,513 ds/min), 8,775,571 states left on queue.
Progress(16) at 2021-02-01 12:39:22: 139,585,362 states generated (1,762,025 s/min), 23,348,235 distinct states found (228,014 ds/min), 8,827,407 states left on queue.
Progress(16) at 2021-02-01 12:40:22: 141,272,564 states generated (1,687,202 s/min), 23,589,087 distinct states found (240,852 ds/min), 8,899,234 states left on queue.
Progress(16) at 2021-02-01 12:41:22: 142,946,713 states generated (1,674,149 s/min), 23,845,371 distinct states found (256,284 ds/min), 8,986,494 states left on queue.
Progress(16) at 2021-02-01 12:42:22: 144,608,494 states generated (1,661,781 s/min), 24,096,878 distinct states found (251,507 ds/min), 9,066,341 states left on queue.
Progress(16) at 2021-02-01 12:43:22: 146,189,429 states generated (1,580,935 s/min), 24,370,735 distinct states found (273,857 ds/min), 9,170,818 states left on queue.
Progress(16) at 2021-02-01 12:44:22: 147,798,260 states generated (1,608,831 s/min), 24,628,360 distinct states found (257,625 ds/min), 9,261,606 states left on queue.
Progress(16) at 2021-02-01 12:45:22: 149,336,569 states generated (1,538,309 s/min), 24,924,916 distinct states found (296,556 ds/min), 9,392,628 states left on queue.
Progress(16) at 2021-02-01 12:46:22: 150,967,858 states generated (1,631,289 s/min), 25,221,712 distinct states found (296,796 ds/min), 9,518,310 states left on queue.
Progress(16) at 2021-02-01 12:47:22: 152,667,277 states generated (1,699,419 s/min), 25,476,878 distinct states found (255,166 ds/min), 9,596,933 states left on queue.
Checkpointing of run states/21-02-01-11-18-15
Checkpointing completed at (2021-02-01 12:48:24)
Progress(16) at 2021-02-01 12:48:24: 154,496,464 states generated (1,829,187 s/min), 25,732,822 distinct states found (255,944 ds/min), 9,663,160 states left on queue.
Progress(16) at 2021-02-01 12:49:24: 155,967,768 states generated (1,471,304 s/min), 25,977,864 distinct states found (245,042 ds/min), 9,749,983 states left on queue.
Progress(16) at 2021-02-01 12:50:24: 157,720,595 states generated (1,752,827 s/min), 26,220,049 distinct states found (242,185 ds/min), 9,814,448 states left on queue.
Progress(17) at 2021-02-01 12:51:24: 159,611,208 states generated (1,890,613 s/min), 26,354,873 distinct states found (134,824 ds/min), 9,779,748 states left on queue.
Progress(17) at 2021-02-01 12:52:24: 161,544,480 states generated (1,933,272 s/min), 26,477,785 distinct states found (122,912 ds/min), 9,724,894 states left on queue.
Progress(17) at 2021-02-01 12:53:24: 163,489,848 states generated (1,945,368 s/min), 26,611,520 distinct states found (133,735 ds/min), 9,681,253 states left on queue.
Progress(17) at 2021-02-01 12:54:24: 165,242,962 states generated (1,753,114 s/min), 26,805,159 distinct states found (193,639 ds/min), 9,706,477 states left on queue.
Progress(17) at 2021-02-01 12:55:24: 167,112,851 states generated (1,869,889 s/min), 26,977,649 distinct states found (172,490 ds/min), 9,699,033 states left on queue.
Progress(17) at 2021-02-01 12:56:24: 168,783,632 states generated (1,670,781 s/min), 27,178,245 distinct states found (200,596 ds/min), 9,732,826 states left on queue.
Progress(17) at 2021-02-01 12:57:24: 170,497,288 states generated (1,713,656 s/min), 27,397,020 distinct states found (218,775 ds/min), 9,780,311 states left on queue.
Progress(17) at 2021-02-01 12:58:24: 172,263,328 states generated (1,766,040 s/min), 27,566,870 distinct states found (169,850 ds/min), 9,781,646 states left on queue.
Progress(17) at 2021-02-01 12:59:24: 174,065,825 states generated (1,802,497 s/min), 27,753,993 distinct states found (187,123 ds/min), 9,795,962 states left on queue.
Progress(17) at 2021-02-01 13:00:24: 175,884,834 states generated (1,819,009 s/min), 27,975,538 distinct states found (221,545 ds/min), 9,837,336 states left on queue.
Progress(17) at 2021-02-01 13:01:24: 177,720,424 states generated (1,835,590 s/min), 28,163,167 distinct states found (187,629 ds/min), 9,845,746 states left on queue.
Progress(17) at 2021-02-01 13:02:24: 179,491,300 states generated (1,770,876 s/min), 28,379,012 distinct states found (215,845 ds/min), 9,884,512 states left on queue.
Progress(17) at 2021-02-01 13:03:24: 181,082,757 states generated (1,591,457 s/min), 28,628,530 distinct states found (249,518 ds/min), 9,970,274 states left on queue.
Progress(17) at 2021-02-01 13:04:24: 182,771,993 states generated (1,689,236 s/min), 28,837,750 distinct states found (209,220 ds/min), 10,013,111 states left on queue.
Progress(17) at 2021-02-01 13:05:24: 184,608,643 states generated (1,836,650 s/min), 29,071,056 distinct states found (233,306 ds/min), 10,059,979 states left on queue.
Progress(17) at 2021-02-01 13:06:24: 186,486,849 states generated (1,878,206 s/min), 29,278,921 distinct states found (207,865 ds/min), 10,082,217 states left on queue.
Progress(17) at 2021-02-01 13:07:24: 188,311,672 states generated (1,824,823 s/min), 29,461,919 distinct states found (182,998 ds/min), 10,087,130 states left on queue.
Progress(17) at 2021-02-01 13:08:24: 190,166,828 states generated (1,855,156 s/min), 29,619,811 distinct states found (157,892 ds/min), 10,070,191 states left on queue.
Progress(17) at 2021-02-01 13:09:24: 192,012,281 states generated (1,845,453 s/min), 29,834,816 distinct states found (215,005 ds/min), 10,101,906 states left on queue.
Progress(17) at 2021-02-01 13:10:24: 193,765,943 states generated (1,753,662 s/min), 30,051,070 distinct states found (216,254 ds/min), 10,128,303 states left on queue.
Progress(17) at 2021-02-01 13:11:24: 195,477,530 states generated (1,711,587 s/min), 30,241,252 distinct states found (190,182 ds/min), 10,142,258 states left on queue.
Progress(17) at 2021-02-01 13:12:24: 197,066,830 states generated (1,589,300 s/min), 30,437,974 distinct states found (196,722 ds/min), 10,170,204 states left on queue.
Progress(17) at 2021-02-01 13:13:24: 198,723,697 states generated (1,656,867 s/min), 30,636,793 distinct states found (198,819 ds/min), 10,199,368 states left on queue.
Progress(17) at 2021-02-01 13:14:24: 200,482,414 states generated (1,758,717 s/min), 30,865,232 distinct states found (228,439 ds/min), 10,246,160 states left on queue.
Progress(17) at 2021-02-01 13:15:24: 202,258,869 states generated (1,776,455 s/min), 31,080,354 distinct states found (215,122 ds/min), 10,284,768 states left on queue.
Progress(17) at 2021-02-01 13:16:24: 203,939,391 states generated (1,680,522 s/min), 31,328,100 distinct states found (247,746 ds/min), 10,351,270 states left on queue.
Progress(17) at 2021-02-01 13:17:24: 205,518,896 states generated (1,579,505 s/min), 31,551,559 distinct states found (223,459 ds/min), 10,407,668 states left on queue.
Checkpointing of run states/21-02-01-11-18-15
Checkpointing completed at (2021-02-01 13:18:26)
Progress(17) at 2021-02-01 13:18:26: 207,126,231 states generated (1,607,335 s/min), 31,822,214 distinct states found (270,655 ds/min), 10,503,705 states left on queue.
Progress(17) at 2021-02-01 13:19:26: 208,904,677 states generated (1,778,446 s/min), 32,086,734 distinct states found (264,520 ds/min), 10,580,080 states left on queue.
Progress(17) at 2021-02-01 13:20:26: 210,568,379 states generated (1,663,702 s/min), 32,322,572 distinct states found (235,838 ds/min), 10,638,090 states left on queue.
Progress(17) at 2021-02-01 13:21:26: 212,376,071 states generated (1,807,692 s/min), 32,500,946 distinct states found (178,374 ds/min), 10,633,791 states left on queue.
Progress(17) at 2021-02-01 13:22:26: 214,101,560 states generated (1,725,489 s/min), 32,694,156 distinct states found (193,210 ds/min), 10,649,089 states left on queue.
Progress(17) at 2021-02-01 13:23:26: 215,929,190 states generated (1,827,630 s/min), 32,860,539 distinct states found (166,383 ds/min), 10,632,967 states left on queue.
Progress(17) at 2021-02-01 13:24:26: 217,771,579 states generated (1,842,389 s/min), 33,040,593 distinct states found (180,054 ds/min), 10,630,906 states left on queue.
Progress(17) at 2021-02-01 13:25:26: 219,610,600 states generated (1,839,021 s/min), 33,208,515 distinct states found (167,922 ds/min), 10,621,195 states left on queue.
Progress(17) at 2021-02-01 13:26:26: 221,279,634 states generated (1,669,034 s/min), 33,382,931 distinct states found (174,416 ds/min), 10,629,517 states left on queue.
Progress(17) at 2021-02-01 13:27:26: 222,919,265 states generated (1,639,631 s/min), 33,594,777 distinct states found (211,846 ds/min), 10,669,111 states left on queue.
Progress(17) at 2021-02-01 13:28:26: 224,722,042 states generated (1,802,777 s/min), 33,756,044 distinct states found (161,267 ds/min), 10,656,325 states left on queue.
Progress(17) at 2021-02-01 13:29:26: 226,478,318 states generated (1,756,276 s/min), 33,957,778 distinct states found (201,734 ds/min), 10,686,586 states left on queue.
Progress(17) at 2021-02-01 13:30:26: 228,229,321 states generated (1,751,003 s/min), 34,147,890 distinct states found (190,112 ds/min), 10,706,566 states left on queue.
Progress(17) at 2021-02-01 13:31:26: 229,894,761 states generated (1,665,440 s/min), 34,371,049 distinct states found (223,159 ds/min), 10,763,779 states left on queue.
Progress(17) at 2021-02-01 13:32:26: 231,571,579 states generated (1,676,818 s/min), 34,590,704 distinct states found (219,655 ds/min), 10,816,034 states left on queue.
Progress(17) at 2021-02-01 13:33:26: 233,164,199 states generated (1,592,620 s/min), 34,805,362 distinct states found (214,658 ds/min), 10,873,966 states left on queue.
Progress(17) at 2021-02-01 13:34:26: 234,791,497 states generated (1,627,298 s/min), 35,027,601 distinct states found (222,239 ds/min), 10,925,515 states left on queue.
Progress(17) at 2021-02-01 13:35:26: 236,393,064 states generated (1,601,567 s/min), 35,265,053 distinct states found (237,452 ds/min), 10,990,742 states left on queue.
Progress(17) at 2021-02-01 13:36:26: 238,025,675 states generated (1,632,611 s/min), 35,507,881 distinct states found (242,828 ds/min), 11,064,443 states left on queue.
Progress(17) at 2021-02-01 13:37:26: 239,618,550 states generated (1,592,875 s/min), 35,724,470 distinct states found (216,589 ds/min), 11,116,510 states left on queue.
Progress(17) at 2021-02-01 13:38:26: 241,188,502 states generated (1,569,952 s/min), 35,992,915 distinct states found (268,445 ds/min), 11,214,691 states left on queue.
Progress(17) at 2021-02-01 13:39:26: 242,716,864 states generated (1,528,362 s/min), 36,252,704 distinct states found (259,789 ds/min), 11,312,660 states left on queue.
Progress(17) at 2021-02-01 13:40:26: 244,281,989 states generated (1,565,125 s/min), 36,567,123 distinct states found (314,419 ds/min), 11,459,625 states left on queue.
Progress(17) at 2021-02-01 13:41:26: 246,024,981 states generated (1,742,992 s/min), 36,775,963 distinct states found (208,840 ds/min), 11,492,156 states left on queue.
Progress(17) at 2021-02-01 13:42:26: 247,692,142 states generated (1,667,161 s/min), 37,003,161 distinct states found (227,198 ds/min), 11,547,343 states left on queue.
Progress(17) at 2021-02-01 13:43:26: 249,507,365 states generated (1,815,223 s/min), 37,202,705 distinct states found (199,544 ds/min), 11,564,257 states left on queue.
Progress(17) at 2021-02-01 13:44:26: 251,223,131 states generated (1,715,766 s/min), 37,407,213 distinct states found (204,508 ds/min), 11,595,650 states left on queue.
Progress(17) at 2021-02-01 13:45:26: 252,686,410 states generated (1,463,279 s/min), 37,635,178 distinct states found (227,965 ds/min), 11,666,524 states left on queue.
Progress(17) at 2021-02-01 13:46:26: 254,476,457 states generated (1,790,047 s/min), 37,834,343 distinct states found (199,165 ds/min), 11,689,272 states left on queue.
Progress(18) at 2021-02-01 13:47:26: 256,259,840 states generated (1,783,383 s/min), 38,023,682 distinct states found (189,339 ds/min), 11,710,951 states left on queue.
Checkpointing of run states/21-02-01-11-18-15
Checkpointing completed at (2021-02-01 13:48:28)
Progress(18) at 2021-02-01 13:48:28: 258,216,356 states generated (1,956,516 s/min), 38,116,364 distinct states found (92,682 ds/min), 11,637,275 states left on queue.
Progress(18) at 2021-02-01 13:49:28: 260,077,900 states generated (1,861,544 s/min), 38,230,687 distinct states found (114,323 ds/min), 11,590,545 states left on queue.
Progress(18) at 2021-02-01 13:50:28: 261,837,841 states generated (1,759,941 s/min), 38,394,195 distinct states found (163,508 ds/min), 11,589,451 states left on queue.
Progress(18) at 2021-02-01 13:51:28: 263,701,725 states generated (1,863,884 s/min), 38,534,338 distinct states found (140,143 ds/min), 11,558,021 states left on queue.
Progress(18) at 2021-02-01 13:52:28: 265,402,464 states generated (1,700,739 s/min), 38,694,106 distinct states found (159,768 ds/min), 11,554,947 states left on queue.
Progress(18) at 2021-02-01 13:53:28: 267,087,710 states generated (1,685,246 s/min), 38,886,142 distinct states found (192,036 ds/min), 11,580,447 states left on queue.
Progress(18) at 2021-02-01 13:54:28: 268,841,707 states generated (1,753,997 s/min), 39,041,514 distinct states found (155,372 ds/min), 11,568,000 states left on queue.
Progress(18) at 2021-02-01 13:55:28: 270,581,182 states generated (1,739,475 s/min), 39,183,740 distinct states found (142,226 ds/min), 11,550,066 states left on queue.
Progress(18) at 2021-02-01 13:56:28: 272,442,398 states generated (1,861,216 s/min), 39,341,678 distinct states found (157,938 ds/min), 11,534,701 states left on queue.
Progress(18) at 2021-02-01 13:57:28: 274,258,513 states generated (1,816,115 s/min), 39,525,291 distinct states found (183,613 ds/min), 11,542,983 states left on queue.
Progress(18) at 2021-02-01 13:58:28: 276,065,401 states generated (1,806,888 s/min), 39,676,750 distinct states found (151,459 ds/min), 11,527,051 states left on queue.
Progress(18) at 2021-02-01 13:59:28: 277,824,092 states generated (1,758,691 s/min), 39,852,901 distinct states found (176,151 ds/min), 11,535,095 states left on queue.
Progress(18) at 2021-02-01 14:00:28: 279,507,443 states generated (1,683,351 s/min), 40,042,622 distinct states found (189,721 ds/min), 11,557,544 states left on queue.
Progress(18) at 2021-02-01 14:01:28: 281,126,318 states generated (1,618,875 s/min), 40,265,650 distinct states found (223,028 ds/min), 11,616,328 states left on queue.
Progress(18) at 2021-02-01 14:02:28: 282,851,411 states generated (1,725,093 s/min), 40,428,039 distinct states found (162,389 ds/min), 11,614,416 states left on queue.
Progress(18) at 2021-02-01 14:03:28: 284,661,328 states generated (1,809,917 s/min), 40,606,408 distinct states found (178,369 ds/min), 11,619,459 states left on queue.
Progress(18) at 2021-02-01 14:04:28: 286,455,641 states generated (1,794,313 s/min), 40,831,810 distinct states found (225,402 ds/min), 11,662,090 states left on queue.
Progress(18) at 2021-02-01 14:05:28: 288,355,538 states generated (1,899,897 s/min), 40,968,841 distinct states found (137,031 ds/min), 11,624,149 states left on queue.
Progress(18) at 2021-02-01 14:06:28: 290,125,662 states generated (1,770,124 s/min), 41,121,501 distinct states found (152,660 ds/min), 11,608,102 states left on queue.
Progress(18) at 2021-02-01 14:07:28: 291,993,917 states generated (1,868,255 s/min), 41,249,376 distinct states found (127,875 ds/min), 11,567,689 states left on queue.
Progress(18) at 2021-02-01 14:08:28: 293,791,553 states generated (1,797,636 s/min), 41,434,787 distinct states found (185,411 ds/min), 11,574,861 states left on queue.
Progress(18) at 2021-02-01 14:09:28: 295,559,182 states generated (1,767,629 s/min), 41,618,966 distinct states found (184,179 ds/min), 11,572,707 states left on queue.
Progress(18) at 2021-02-01 14:10:28: 297,312,788 states generated (1,753,606 s/min), 41,776,372 distinct states found (157,406 ds/min), 11,556,396 states left on queue.
Progress(18) at 2021-02-01 14:11:28: 298,925,432 states generated (1,612,644 s/min), 41,940,072 distinct states found (163,700 ds/min), 11,552,631 states left on queue.
Progress(18) at 2021-02-01 14:12:28: 300,530,573 states generated (1,605,141 s/min), 42,087,166 distinct states found (147,094 ds/min), 11,537,350 states left on queue.
Progress(18) at 2021-02-01 14:13:28: 302,336,868 states generated (1,806,295 s/min), 42,276,204 distinct states found (189,038 ds/min), 11,547,532 states left on queue.
Progress(18) at 2021-02-01 14:14:28: 304,142,433 states generated (1,805,565 s/min), 42,450,852 distinct states found (174,648 ds/min), 11,544,563 states left on queue.
Progress(18) at 2021-02-01 14:15:28: 305,911,686 states generated (1,769,253 s/min), 42,653,695 distinct states found (202,843 ds/min), 11,571,320 states left on queue.
Progress(18) at 2021-02-01 14:16:28: 307,591,299 states generated (1,679,613 s/min), 42,860,073 distinct states found (206,378 ds/min), 11,596,887 states left on queue.
Progress(18) at 2021-02-01 14:17:28: 309,167,820 states generated (1,576,521 s/min), 43,060,499 distinct states found (200,426 ds/min), 11,629,684 states left on queue.
Checkpointing of run states/21-02-01-11-18-15
Checkpointing completed at (2021-02-01 14:18:31)
Progress(18) at 2021-02-01 14:18:31: 310,758,223 states generated (1,590,403 s/min), 43,238,635 distinct states found (178,136 ds/min), 11,642,017 states left on queue.
Progress(18) at 2021-02-01 14:19:31: 312,457,906 states generated (1,699,683 s/min), 43,459,624 distinct states found (220,989 ds/min), 11,686,036 states left on queue.
Progress(18) at 2021-02-01 14:20:31: 314,241,273 states generated (1,783,367 s/min), 43,671,982 distinct states found (212,358 ds/min), 11,713,031 states left on queue.
Progress(18) at 2021-02-01 14:21:31: 316,078,706 states generated (1,837,433 s/min), 43,893,145 distinct states found (221,163 ds/min), 11,746,702 states left on queue.
Progress(18) at 2021-02-01 14:22:31: 317,706,570 states generated (1,627,864 s/min), 44,085,220 distinct states found (192,075 ds/min), 11,769,147 states left on queue.
Progress(18) at 2021-02-01 14:23:31: 319,544,136 states generated (1,837,566 s/min), 44,226,774 distinct states found (141,554 ds/min), 11,731,797 states left on queue.
Progress(18) at 2021-02-01 14:24:31: 321,280,758 states generated (1,736,622 s/min), 44,378,168 distinct states found (151,394 ds/min), 11,708,732 states left on queue.
Progress(18) at 2021-02-01 14:25:31: 323,118,352 states generated (1,837,594 s/min), 44,516,586 distinct states found (138,418 ds/min), 11,667,972 states left on queue.
Progress(18) at 2021-02-01 14:26:31: 324,971,824 states generated (1,853,472 s/min), 44,650,803 distinct states found (134,217 ds/min), 11,628,742 states left on queue.
Progress(18) at 2021-02-01 14:27:31: 326,823,635 states generated (1,851,811 s/min), 44,790,243 distinct states found (139,440 ds/min), 11,595,543 states left on queue.
Progress(18) at 2021-02-01 14:28:31: 328,530,723 states generated (1,707,088 s/min), 44,940,632 distinct states found (150,389 ds/min), 11,582,554 states left on queue.
Progress(18) at 2021-02-01 14:29:31: 330,152,078 states generated (1,621,355 s/min), 45,092,872 distinct states found (152,240 ds/min), 11,573,641 states left on queue.
Progress(18) at 2021-02-01 14:30:31: 331,970,984 states generated (1,818,906 s/min), 45,235,789 distinct states found (142,917 ds/min), 11,541,377 states left on queue.
Progress(18) at 2021-02-01 14:31:31: 333,768,537 states generated (1,797,553 s/min), 45,388,323 distinct states found (152,534 ds/min), 11,528,735 states left on queue.
Progress(18) at 2021-02-01 14:32:31: 335,555,024 states generated (1,786,487 s/min), 45,552,633 distinct states found (164,310 ds/min), 11,524,986 states left on queue.
Progress(18) at 2021-02-01 14:33:31: 337,204,401 states generated (1,649,377 s/min), 45,734,469 distinct states found (181,836 ds/min), 11,544,535 states left on queue.
Progress(18) at 2021-02-01 14:34:31: 338,907,843 states generated (1,703,442 s/min), 45,928,100 distinct states found (193,631 ds/min), 11,572,253 states left on queue.
Progress(18) at 2021-02-01 14:35:31: 340,609,121 states generated (1,701,278 s/min), 46,119,020 distinct states found (190,920 ds/min), 11,598,148 states left on queue.
Progress(18) at 2021-02-01 14:36:31: 342,333,712 states generated (1,724,591 s/min), 46,310,491 distinct states found (191,471 ds/min), 11,621,904 states left on queue.
Progress(18) at 2021-02-01 14:37:31: 343,982,329 states generated (1,648,617 s/min), 46,511,139 distinct states found (200,648 ds/min), 11,662,458 states left on queue.
Progress(18) at 2021-02-01 14:38:31: 345,656,381 states generated (1,674,052 s/min), 46,730,454 distinct states found (219,315 ds/min), 11,701,595 states left on queue.
Progress(18) at 2021-02-01 14:39:31: 347,264,804 states generated (1,608,423 s/min), 46,923,002 distinct states found (192,548 ds/min), 11,721,957 states left on queue.
Progress(18) at 2021-02-01 14:40:31: 348,921,552 states generated (1,656,748 s/min), 47,141,130 distinct states found (218,128 ds/min), 11,769,396 states left on queue.
Progress(18) at 2021-02-01 14:41:31: 350,610,927 states generated (1,689,375 s/min), 47,341,161 distinct states found (200,031 ds/min), 11,797,533 states left on queue.
Progress(18) at 2021-02-01 14:42:31: 352,163,157 states generated (1,552,230 s/min), 47,534,619 distinct states found (193,458 ds/min), 11,830,099 states left on queue.
Progress(18) at 2021-02-01 14:43:31: 353,829,962 states generated (1,666,805 s/min), 47,765,533 distinct states found (230,914 ds/min), 11,883,468 states left on queue.
Progress(18) at 2021-02-01 14:44:31: 355,352,968 states generated (1,523,006 s/min), 48,004,585 distinct states found (239,052 ds/min), 11,957,917 states left on queue.
Progress(18) at 2021-02-01 14:45:31: 356,955,631 states generated (1,602,663 s/min), 48,241,093 distinct states found (236,508 ds/min), 12,027,786 states left on queue.
Progress(18) at 2021-02-01 14:46:31: 358,553,927 states generated (1,598,296 s/min), 48,513,895 distinct states found (272,802 ds/min), 12,131,166 states left on queue.
Progress(18) at 2021-02-01 14:47:31: 360,103,660 states generated (1,549,733 s/min), 48,782,974 distinct states found (269,079 ds/min), 12,231,817 states left on queue.
Checkpointing of run states/21-02-01-11-18-15
Checkpointing completed at (2021-02-01 14:48:33)
Progress(18) at 2021-02-01 14:48:33: 361,939,775 states generated (1,836,115 s/min), 48,965,352 distinct states found (182,378 ds/min), 12,232,651 states left on queue.
Progress(18) at 2021-02-01 14:49:33: 363,571,216 states generated (1,631,441 s/min), 49,172,788 distinct states found (207,436 ds/min), 12,269,665 states left on queue.
Progress(18) at 2021-02-01 14:50:33: 365,311,725 states generated (1,740,509 s/min), 49,336,706 distinct states found (163,918 ds/min), 12,263,178 states left on queue.
Progress(18) at 2021-02-01 14:51:33: 367,147,272 states generated (1,835,547 s/min), 49,529,803 distinct states found (193,097 ds/min), 12,273,969 states left on queue.
Progress(18) at 2021-02-01 14:52:33: 368,898,710 states generated (1,751,438 s/min), 49,687,959 distinct states found (158,156 ds/min), 12,262,178 states left on queue.
Progress(18) at 2021-02-01 14:53:33: 370,382,739 states generated (1,484,029 s/min), 49,898,764 distinct states found (210,805 ds/min), 12,313,812 states left on queue.
Progress(18) at 2021-02-01 14:54:33: 372,144,680 states generated (1,761,941 s/min), 50,069,410 distinct states found (170,646 ds/min), 12,313,752 states left on queue.
Progress(18) at 2021-02-01 14:55:33: 373,993,450 states generated (1,848,770 s/min), 50,263,568 distinct states found (194,158 ds/min), 12,328,486 states left on queue.
Progress(19) at 2021-02-01 14:56:33: 375,827,592 states generated (1,834,142 s/min), 50,384,945 distinct states found (121,377 ds/min), 12,293,148 states left on queue.
Progress(19) at 2021-02-01 14:57:33: 377,673,086 states generated (1,845,494 s/min), 50,481,083 distinct states found (96,138 ds/min), 12,236,837 states left on queue.
Progress(19) at 2021-02-01 14:58:33: 379,444,466 states generated (1,771,380 s/min), 50,616,788 distinct states found (135,705 ds/min), 12,212,100 states left on queue.
Progress(19) at 2021-02-01 14:59:33: 381,302,403 states generated (1,857,937 s/min), 50,730,545 distinct states found (113,757 ds/min), 12,160,642 states left on queue.
Progress(19) at 2021-02-01 15:00:33: 383,036,081 states generated (1,733,678 s/min), 50,871,137 distinct states found (140,592 ds/min), 12,138,678 states left on queue.
Progress(19) at 2021-02-01 15:01:33: 384,746,641 states generated (1,710,560 s/min), 51,023,713 distinct states found (152,576 ds/min), 12,128,876 states left on queue.
Progress(19) at 2021-02-01 15:02:33: 386,576,788 states generated (1,830,147 s/min), 51,142,426 distinct states found (118,713 ds/min), 12,080,676 states left on queue.
Progress(19) at 2021-02-01 15:03:33: 388,328,318 states generated (1,751,530 s/min), 51,263,130 distinct states found (120,704 ds/min), 12,044,455 states left on queue.
Progress(19) at 2021-02-01 15:04:33: 390,150,398 states generated (1,822,080 s/min), 51,406,187 distinct states found (143,057 ds/min), 12,019,488 states left on queue.
Progress(19) at 2021-02-01 15:05:33: 392,005,549 states generated (1,855,151 s/min), 51,549,569 distinct states found (143,382 ds/min), 11,993,441 states left on queue.
Progress(19) at 2021-02-01 15:06:33: 393,743,902 states generated (1,738,353 s/min), 51,692,850 distinct states found (143,281 ds/min), 11,978,376 states left on queue.
Progress(19) at 2021-02-01 15:07:33: 395,533,678 states generated (1,789,776 s/min), 51,830,748 distinct states found (137,898 ds/min), 11,953,278 states left on queue.
Progress(19) at 2021-02-01 15:08:33: 397,220,346 states generated (1,686,668 s/min), 51,989,241 distinct states found (158,493 ds/min), 11,949,152 states left on queue.
Progress(19) at 2021-02-01 15:09:33: 398,859,982 states generated (1,639,636 s/min), 52,176,789 distinct states found (187,548 ds/min), 11,973,797 states left on queue.
Progress(19) at 2021-02-01 15:10:33: 400,630,957 states generated (1,770,975 s/min), 52,317,315 distinct states found (140,526 ds/min), 11,950,612 states left on queue.
Progress(19) at 2021-02-01 15:11:33: 402,306,593 states generated (1,675,636 s/min), 52,465,703 distinct states found (148,388 ds/min), 11,943,197 states left on queue.
Progress(19) at 2021-02-01 15:12:33: 404,146,217 states generated (1,839,624 s/min), 52,623,036 distinct states found (157,333 ds/min), 11,926,495 states left on queue.
Progress(19) at 2021-02-01 15:13:33: 405,925,810 states generated (1,779,593 s/min), 52,793,859 distinct states found (170,823 ds/min), 11,924,303 states left on queue.
Progress(19) at 2021-02-01 15:14:33: 407,764,406 states generated (1,838,596 s/min), 52,900,972 distinct states found (107,113 ds/min), 11,869,819 states left on queue.
Progress(19) at 2021-02-01 15:15:33: 409,582,004 states generated (1,817,598 s/min), 53,010,046 distinct states found (109,074 ds/min), 11,818,798 states left on queue.
Progress(19) at 2021-02-01 15:16:33: 411,392,319 states generated (1,810,315 s/min), 53,169,319 distinct states found (159,273 ds/min), 11,803,369 states left on queue.
Progress(19) at 2021-02-01 15:17:33: 413,188,219 states generated (1,795,900 s/min), 53,307,253 distinct states found (137,934 ds/min), 11,762,544 states left on queue.
Checkpointing of run states/21-02-01-11-18-15
Checkpointing completed at (2021-02-01 15:18:35)
Progress(19) at 2021-02-01 15:18:35: 415,051,703 states generated (1,863,484 s/min), 53,449,620 distinct states found (142,367 ds/min), 11,724,896 states left on queue.
Progress(19) at 2021-02-01 15:19:35: 416,690,492 states generated (1,638,789 s/min), 53,577,772 distinct states found (128,152 ds/min), 11,689,089 states left on queue.
Progress(19) at 2021-02-01 15:20:35: 418,330,865 states generated (1,640,373 s/min), 53,695,256 distinct states found (117,484 ds/min), 11,647,898 states left on queue.
Progress(19) at 2021-02-01 15:21:35: 420,127,801 states generated (1,796,936 s/min), 53,842,767 distinct states found (147,511 ds/min), 11,624,706 states left on queue.
Progress(19) at 2021-02-01 15:22:35: 421,883,360 states generated (1,755,559 s/min), 54,000,827 distinct states found (158,060 ds/min), 11,608,917 states left on queue.
Progress(19) at 2021-02-01 15:23:35: 423,685,899 states generated (1,802,539 s/min), 54,136,791 distinct states found (135,964 ds/min), 11,578,799 states left on queue.
Progress(19) at 2021-02-01 15:24:35: 425,390,004 states generated (1,704,105 s/min), 54,336,181 distinct states found (199,390 ds/min), 11,598,559 states left on queue.
Progress(19) at 2021-02-01 15:25:35: 427,127,159 states generated (1,737,155 s/min), 54,494,794 distinct states found (158,613 ds/min), 11,583,556 states left on queue.
Progress(19) at 2021-02-01 15:26:35: 428,718,202 states generated (1,591,043 s/min), 54,661,616 distinct states found (166,822 ds/min), 11,583,772 states left on queue.
Progress(19) at 2021-02-01 15:27:35: 430,280,927 states generated (1,562,725 s/min), 54,800,943 distinct states found (139,327 ds/min), 11,566,091 states left on queue.
Progress(19) at 2021-02-01 15:28:35: 432,013,541 states generated (1,732,614 s/min), 54,980,772 distinct states found (179,829 ds/min), 11,568,663 states left on queue.
Progress(19) at 2021-02-01 15:29:35: 433,722,944 states generated (1,709,403 s/min), 55,165,967 distinct states found (185,195 ds/min), 11,576,359 states left on queue.
Progress(19) at 2021-02-01 15:30:35: 435,543,606 states generated (1,820,662 s/min), 55,320,401 distinct states found (154,434 ds/min), 11,553,650 states left on queue.
Progress(19) at 2021-02-01 15:31:35: 437,364,000 states generated (1,820,394 s/min), 55,489,897 distinct states found (169,496 ds/min), 11,545,374 states left on queue.
Progress(19) at 2021-02-01 15:32:35: 438,983,730 states generated (1,619,730 s/min), 55,645,433 distinct states found (155,536 ds/min), 11,537,838 states left on queue.
Progress(19) at 2021-02-01 15:33:35: 440,791,195 states generated (1,807,465 s/min), 55,757,389 distinct states found (111,956 ds/min), 11,481,006 states left on queue.
Progress(19) at 2021-02-01 15:34:35: 442,553,991 states generated (1,762,796 s/min), 55,878,447 distinct states found (121,058 ds/min), 11,430,978 states left on queue.
Progress(19) at 2021-02-01 15:35:35: 444,379,490 states generated (1,825,499 s/min), 55,970,027 distinct states found (91,580 ds/min), 11,362,689 states left on queue.
Progress(19) at 2021-02-01 15:36:35: 446,224,874 states generated (1,845,384 s/min), 56,081,207 distinct states found (111,180 ds/min), 11,310,018 states left on queue.
Progress(19) at 2021-02-01 15:37:35: 447,938,080 states generated (1,713,206 s/min), 56,207,620 distinct states found (126,413 ds/min), 11,277,676 states left on queue.
Progress(19) at 2021-02-01 15:38:35: 449,610,837 states generated (1,672,757 s/min), 56,326,360 distinct states found (118,740 ds/min), 11,239,815 states left on queue.
Progress(19) at 2021-02-01 15:39:35: 451,397,468 states generated (1,786,631 s/min), 56,436,195 distinct states found (109,835 ds/min), 11,186,764 states left on queue.
Progress(19) at 2021-02-01 15:40:35: 453,186,725 states generated (1,789,257 s/min), 56,562,102 distinct states found (125,907 ds/min), 11,154,672 states left on queue.
Progress(19) at 2021-02-01 15:41:35: 454,947,254 states generated (1,760,529 s/min), 56,695,747 distinct states found (133,645 ds/min), 11,127,564 states left on queue.
Progress(19) at 2021-02-01 15:42:35: 456,577,449 states generated (1,630,195 s/min), 56,856,343 distinct states found (160,596 ds/min), 11,127,812 states left on queue.
Progress(19) at 2021-02-01 15:43:35: 458,198,418 states generated (1,620,969 s/min), 57,033,328 distinct states found (176,985 ds/min), 11,145,104 states left on queue.
Progress(19) at 2021-02-01 15:44:35: 459,942,167 states generated (1,743,749 s/min), 57,180,220 distinct states found (146,892 ds/min), 11,131,670 states left on queue.
Progress(19) at 2021-02-01 15:45:35: 461,658,554 states generated (1,716,387 s/min), 57,337,205 distinct states found (156,985 ds/min), 11,128,292 states left on queue.
Progress(19) at 2021-02-01 15:46:35: 463,262,897 states generated (1,604,343 s/min), 57,517,474 distinct states found (180,269 ds/min), 11,149,937 states left on queue.
Progress(19) at 2021-02-01 15:47:35: 464,942,859 states generated (1,679,962 s/min), 57,687,731 distinct states found (170,257 ds/min), 11,160,983 states left on queue.
Checkpointing of run states/21-02-01-11-18-15
Checkpointing completed at (2021-02-01 15:48:37)
Progress(19) at 2021-02-01 15:48:37: 466,656,777 states generated (1,713,918 s/min), 57,889,913 distinct states found (202,182 ds/min), 11,178,004 states left on queue.
Progress(19) at 2021-02-01 15:49:37: 468,338,716 states generated (1,681,939 s/min), 58,047,090 distinct states found (157,177 ds/min), 11,163,002 states left on queue.
Progress(19) at 2021-02-01 15:50:37: 469,899,547 states generated (1,560,831 s/min), 58,240,770 distinct states found (193,680 ds/min), 11,188,992 states left on queue.
Progress(19) at 2021-02-01 15:51:37: 471,553,924 states generated (1,654,377 s/min), 58,429,565 distinct states found (188,795 ds/min), 11,212,312 states left on queue.
Progress(19) at 2021-02-01 15:52:37: 473,232,208 states generated (1,678,284 s/min), 58,576,351 distinct states found (146,786 ds/min), 11,191,651 states left on queue.
Progress(19) at 2021-02-01 15:53:37: 474,852,047 states generated (1,619,839 s/min), 58,740,982 distinct states found (164,631 ds/min), 11,195,569 states left on queue.
Progress(19) at 2021-02-01 15:54:37: 476,464,407 states generated (1,612,360 s/min), 58,960,441 distinct states found (219,459 ds/min), 11,240,707 states left on queue.
Progress(19) at 2021-02-01 15:55:37: 477,997,121 states generated (1,532,714 s/min), 59,156,824 distinct states found (196,383 ds/min), 11,269,901 states left on queue.
Progress(19) at 2021-02-01 15:56:37: 479,643,020 states generated (1,645,899 s/min), 59,365,778 distinct states found (208,954 ds/min), 11,310,585 states left on queue.
Progress(19) at 2021-02-01 15:57:37: 481,269,215 states generated (1,626,195 s/min), 59,558,669 distinct states found (192,891 ds/min), 11,336,937 states left on queue.
Progress(19) at 2021-02-01 15:58:37: 482,794,418 states generated (1,525,203 s/min), 59,769,599 distinct states found (210,930 ds/min), 11,385,091 states left on queue.
Progress(19) at 2021-02-01 15:59:37: 484,468,348 states generated (1,673,930 s/min), 60,012,828 distinct states found (243,229 ds/min), 11,454,917 states left on queue.
Progress(19) at 2021-02-01 16:00:37: 486,243,614 states generated (1,775,266 s/min), 60,258,758 distinct states found (245,930 ds/min), 11,518,150 states left on queue.
Progress(19) at 2021-02-01 16:01:37: 487,799,023 states generated (1,555,409 s/min), 60,406,474 distinct states found (147,716 ds/min), 11,509,618 states left on queue.
Progress(19) at 2021-02-01 16:02:37: 489,467,370 states generated (1,668,347 s/min), 60,564,547 distinct states found (158,073 ds/min), 11,496,388 states left on queue.
Progress(19) at 2021-02-01 16:03:37: 491,130,195 states generated (1,662,825 s/min), 60,742,592 distinct states found (178,045 ds/min), 11,504,925 states left on queue.
Progress(19) at 2021-02-01 16:04:37: 492,938,649 states generated (1,808,454 s/min), 60,862,206 distinct states found (119,614 ds/min), 11,456,713 states left on queue.
Progress(19) at 2021-02-01 16:05:37: 494,782,813 states generated (1,844,164 s/min), 61,019,629 distinct states found (157,423 ds/min), 11,437,842 states left on queue.
Progress(19) at 2021-02-01 16:06:37: 496,426,437 states generated (1,643,624 s/min), 61,163,269 distinct states found (143,640 ds/min), 11,421,239 states left on queue.
Progress(19) at 2021-02-01 16:07:37: 497,963,924 states generated (1,537,487 s/min), 61,353,924 distinct states found (190,655 ds/min), 11,448,720 states left on queue.
Progress(19) at 2021-02-01 16:08:37: 499,721,219 states generated (1,757,295 s/min), 61,488,673 distinct states found (134,749 ds/min), 11,419,013 states left on queue.
Progress(19) at 2021-02-01 16:09:37: 501,581,838 states generated (1,860,619 s/min), 61,650,441 distinct states found (161,768 ds/min), 11,405,992 states left on queue.
Progress(20) at 2021-02-01 16:10:37: 503,397,142 states generated (1,815,304 s/min), 61,775,089 distinct states found (124,648 ds/min), 11,373,611 states left on queue.
Progress(20) at 2021-02-01 16:11:37: 505,196,098 states generated (1,798,956 s/min), 61,870,656 distinct states found (95,567 ds/min), 11,319,896 states left on queue.
Progress(20) at 2021-02-01 16:12:37: 507,026,859 states generated (1,830,761 s/min), 61,964,497 distinct states found (93,841 ds/min), 11,258,477 states left on queue.
Progress(20) at 2021-02-01 16:13:37: 508,796,674 states generated (1,769,815 s/min), 62,074,277 distinct states found (109,780 ds/min), 11,209,713 states left on queue.
Progress(20) at 2021-02-01 16:14:37: 510,516,704 states generated (1,720,030 s/min), 62,193,886 distinct states found (119,609 ds/min), 11,172,529 states left on queue.
Progress(20) at 2021-02-01 16:15:37: 512,311,757 states generated (1,795,053 s/min), 62,282,889 distinct states found (89,003 ds/min), 11,106,813 states left on queue.
Progress(20) at 2021-02-01 16:16:37: 514,104,383 states generated (1,792,626 s/min), 62,390,925 distinct states found (108,036 ds/min), 11,058,155 states left on queue.
Progress(20) at 2021-02-01 16:17:37: 515,908,248 states generated (1,803,865 s/min), 62,517,397 distinct states found (126,472 ds/min), 11,019,237 states left on queue.
Checkpointing of run states/21-02-01-11-18-15
Checkpointing completed at (2021-02-01 16:18:39)
Progress(20) at 2021-02-01 16:18:39: 517,761,136 states generated (1,852,888 s/min), 62,632,168 distinct states found (114,771 ds/min), 10,974,784 states left on queue.
Progress(20) at 2021-02-01 16:19:39: 519,491,023 states generated (1,729,887 s/min), 62,752,412 distinct states found (120,244 ds/min), 10,941,839 states left on queue.
Progress(20) at 2021-02-01 16:20:39: 521,221,001 states generated (1,729,978 s/min), 62,871,645 distinct states found (119,233 ds/min), 10,902,247 states left on queue.
Progress(20) at 2021-02-01 16:21:39: 522,863,838 states generated (1,642,837 s/min), 63,016,845 distinct states found (145,200 ds/min), 10,890,170 states left on queue.
Progress(20) at 2021-02-01 16:22:39: 524,590,286 states generated (1,726,448 s/min), 63,153,024 distinct states found (136,179 ds/min), 10,865,908 states left on queue.
Progress(20) at 2021-02-01 16:23:39: 526,256,836 states generated (1,666,550 s/min), 63,263,906 distinct states found (110,882 ds/min), 10,827,519 states left on queue.
Progress(20) at 2021-02-01 16:24:39: 528,092,412 states generated (1,835,576 s/min), 63,385,307 distinct states found (121,401 ds/min), 10,785,737 states left on queue.
Progress(20) at 2021-02-01 16:25:39: 529,817,778 states generated (1,725,366 s/min), 63,534,253 distinct states found (148,946 ds/min), 10,769,505 states left on queue.
Progress(20) at 2021-02-01 16:26:39: 531,640,379 states generated (1,822,601 s/min), 63,619,593 distinct states found (85,340 ds/min), 10,699,606 states left on queue.
Progress(20) at 2021-02-01 16:27:39: 533,482,664 states generated (1,842,285 s/min), 63,706,482 distinct states found (86,889 ds/min), 10,630,781 states left on queue.
Progress(20) at 2021-02-01 16:28:39: 535,292,560 states generated (1,809,896 s/min), 63,830,260 distinct states found (123,778 ds/min), 10,585,268 states left on queue.
Progress(20) at 2021-02-01 16:29:39: 537,097,084 states generated (1,804,524 s/min), 63,939,918 distinct states found (109,658 ds/min), 10,524,586 states left on queue.
Progress(20) at 2021-02-01 16:30:39: 538,777,038 states generated (1,679,954 s/min), 64,048,844 distinct states found (108,926 ds/min), 10,472,842 states left on queue.
Progress(20) at 2021-02-01 16:31:39: 540,434,497 states generated (1,657,459 s/min), 64,143,237 distinct states found (94,393 ds/min), 10,413,531 states left on queue.
Progress(20) at 2021-02-01 16:32:39: 542,249,958 states generated (1,815,461 s/min), 64,268,523 distinct states found (125,286 ds/min), 10,372,377 states left on queue.
Progress(20) at 2021-02-01 16:33:39: 544,058,287 states generated (1,808,329 s/min), 64,380,662 distinct states found (112,139 ds/min), 10,319,882 states left on queue.
Progress(20) at 2021-02-01 16:34:39: 545,805,253 states generated (1,746,966 s/min), 64,531,563 distinct states found (150,901 ds/min), 10,301,944 states left on queue.
Progress(20) at 2021-02-01 16:35:39: 547,528,794 states generated (1,723,541 s/min), 64,682,011 distinct states found (150,448 ds/min), 10,277,280 states left on queue.
Progress(20) at 2021-02-01 16:36:39: 549,187,193 states generated (1,658,399 s/min), 64,804,740 distinct states found (122,729 ds/min), 10,236,118 states left on queue.
Progress(20) at 2021-02-01 16:37:39: 550,838,783 states generated (1,651,590 s/min), 64,933,806 distinct states found (129,066 ds/min), 10,202,545 states left on queue.
Progress(20) at 2021-02-01 16:38:39: 552,442,373 states generated (1,603,590 s/min), 65,056,052 distinct states found (122,246 ds/min), 10,166,346 states left on queue.
Progress(20) at 2021-02-01 16:39:39: 554,121,882 states generated (1,679,509 s/min), 65,207,578 distinct states found (151,526 ds/min), 10,146,179 states left on queue.
Progress(20) at 2021-02-01 16:40:39: 555,905,705 states generated (1,783,823 s/min), 65,326,751 distinct states found (119,173 ds/min), 10,095,239 states left on queue.
Progress(20) at 2021-02-01 16:41:39: 557,735,679 states generated (1,829,974 s/min), 65,469,518 distinct states found (142,767 ds/min), 10,064,405 states left on queue.
Progress(20) at 2021-02-01 16:42:39: 559,490,313 states generated (1,754,634 s/min), 65,612,305 distinct states found (142,787 ds/min), 10,043,269 states left on queue.
Progress(20) at 2021-02-01 16:43:39: 561,198,792 states generated (1,708,479 s/min), 65,708,188 distinct states found (95,883 ds/min), 9,981,473 states left on queue.
Progress(20) at 2021-02-01 16:44:39: 562,971,729 states generated (1,772,937 s/min), 65,796,989 distinct states found (88,801 ds/min), 9,908,290 states left on queue.
Progress(20) at 2021-02-01 16:45:39: 564,817,942 states generated (1,846,213 s/min), 65,871,401 distinct states found (74,412 ds/min), 9,829,971 states left on queue.
Progress(20) at 2021-02-01 16:46:39: 566,531,319 states generated (1,713,377 s/min), 65,973,729 distinct states found (102,328 ds/min), 9,780,894 states left on queue.
Progress(20) at 2021-02-01 16:47:39: 568,241,570 states generated (1,710,251 s/min), 66,061,896 distinct states found (88,167 ds/min), 9,716,776 states left on queue.
Checkpointing of run states/21-02-01-11-18-15
Checkpointing completed at (2021-02-01 16:48:40)
Progress(20) at 2021-02-01 16:48:40: 570,056,266 states generated (1,814,696 s/min), 66,154,312 distinct states found (92,416 ds/min), 9,655,951 states left on queue.
Progress(20) at 2021-02-01 16:49:40: 571,811,685 states generated (1,755,419 s/min), 66,269,640 distinct states found (115,328 ds/min), 9,618,335 states left on queue.
Progress(20) at 2021-02-01 16:50:40: 573,516,323 states generated (1,704,638 s/min), 66,387,185 distinct states found (117,545 ds/min), 9,579,210 states left on queue.
Progress(20) at 2021-02-01 16:51:40: 575,082,672 states generated (1,566,349 s/min), 66,556,985 distinct states found (169,800 ds/min), 9,592,264 states left on queue.
Progress(20) at 2021-02-01 16:52:40: 576,822,240 states generated (1,739,568 s/min), 66,682,239 distinct states found (125,254 ds/min), 9,562,656 states left on queue.
Progress(20) at 2021-02-01 16:53:41: 578,523,855 states generated (1,701,615 s/min), 66,815,730 distinct states found (133,491 ds/min), 9,542,649 states left on queue.
Progress(20) at 2021-02-01 16:54:41: 580,244,757 states generated (1,720,902 s/min), 66,948,886 distinct states found (133,156 ds/min), 9,514,789 states left on queue.
Progress(20) at 2021-02-01 16:55:41: 581,743,378 states generated (1,498,621 s/min), 67,129,684 distinct states found (180,798 ds/min), 9,543,145 states left on queue.
Progress(20) at 2021-02-01 16:56:41: 583,527,588 states generated (1,784,210 s/min), 67,257,558 distinct states found (127,874 ds/min), 9,509,909 states left on queue.
Progress(20) at 2021-02-01 16:57:41: 585,163,264 states generated (1,635,676 s/min), 67,438,902 distinct states found (181,344 ds/min), 9,509,222 states left on queue.
Progress(20) at 2021-02-01 16:58:41: 586,727,583 states generated (1,564,319 s/min), 67,571,841 distinct states found (132,939 ds/min), 9,480,511 states left on queue.
Progress(20) at 2021-02-01 16:59:41: 588,369,255 states generated (1,641,672 s/min), 67,732,522 distinct states found (160,681 ds/min), 9,475,145 states left on queue.
Progress(20) at 2021-02-01 17:00:41: 590,061,744 states generated (1,692,489 s/min), 67,893,911 distinct states found (161,389 ds/min), 9,471,105 states left on queue.
Progress(20) at 2021-02-01 17:01:41: 591,758,534 states generated (1,696,790 s/min), 68,011,133 distinct states found (117,222 ds/min), 9,425,861 states left on queue.
Progress(20) at 2021-02-01 17:02:41: 593,359,381 states generated (1,600,847 s/min), 68,154,287 distinct states found (143,154 ds/min), 9,412,741 states left on queue.
Progress(20) at 2021-02-01 17:03:41: 595,008,117 states generated (1,648,736 s/min), 68,342,796 distinct states found (188,509 ds/min), 9,430,118 states left on queue.
Progress(20) at 2021-02-01 17:04:41: 596,625,893 states generated (1,617,776 s/min), 68,500,980 distinct states found (158,184 ds/min), 9,417,147 states left on queue.
Progress(20) at 2021-02-01 17:05:41: 598,137,588 states generated (1,511,695 s/min), 68,694,204 distinct states found (193,224 ds/min), 9,445,385 states left on queue.
Progress(20) at 2021-02-01 17:06:41: 599,754,996 states generated (1,617,408 s/min), 68,872,518 distinct states found (178,314 ds/min), 9,462,246 states left on queue.
Progress(20) at 2021-02-01 17:07:41: 601,410,953 states generated (1,655,957 s/min), 69,022,043 distinct states found (149,525 ds/min), 9,446,275 states left on queue.
Progress(20) at 2021-02-01 17:08:41: 602,938,344 states generated (1,527,391 s/min), 69,199,043 distinct states found (177,000 ds/min), 9,463,029 states left on queue.
Progress(20) at 2021-02-01 17:09:41: 604,570,323 states generated (1,631,979 s/min), 69,427,569 distinct states found (228,526 ds/min), 9,522,507 states left on queue.
Progress(20) at 2021-02-01 17:10:41: 606,368,484 states generated (1,798,161 s/min), 69,617,170 distinct states found (189,601 ds/min), 9,532,702 states left on queue.
Progress(20) at 2021-02-01 17:11:41: 608,141,095 states generated (1,772,611 s/min), 69,824,773 distinct states found (207,603 ds/min), 9,563,350 states left on queue.
Progress(20) at 2021-02-01 17:12:41: 609,650,595 states generated (1,509,500 s/min), 69,948,150 distinct states found (123,377 ds/min), 9,536,487 states left on queue.
Progress(20) at 2021-02-01 17:13:41: 611,320,435 states generated (1,669,840 s/min), 70,077,069 distinct states found (128,919 ds/min), 9,499,030 states left on queue.
Progress(20) at 2021-02-01 17:14:41: 613,003,064 states generated (1,682,629 s/min), 70,222,048 distinct states found (144,979 ds/min), 9,478,226 states left on queue.
Progress(20) at 2021-02-01 17:15:41: 614,843,713 states generated (1,840,649 s/min), 70,320,999 distinct states found (98,951 ds/min), 9,413,315 states left on queue.
Progress(20) at 2021-02-01 17:16:41: 616,661,456 states generated (1,817,743 s/min), 70,444,544 distinct states found (123,545 ds/min), 9,371,483 states left on queue.
Progress(20) at 2021-02-01 17:17:41: 618,263,519 states generated (1,602,063 s/min), 70,571,363 distinct states found (126,819 ds/min), 9,341,607 states left on queue.
Checkpointing of run states/21-02-01-11-18-15
Checkpointing completed at (2021-02-01 17:18:42)
Progress(20) at 2021-02-01 17:18:42: 619,845,201 states generated (1,581,682 s/min), 70,733,885 distinct states found (162,522 ds/min), 9,340,614 states left on queue.
Progress(20) at 2021-02-01 17:19:42: 621,722,195 states generated (1,876,994 s/min), 70,842,621 distinct states found (108,736 ds/min), 9,285,047 states left on queue.
Progress(20) at 2021-02-01 17:20:42: 623,563,160 states generated (1,840,965 s/min), 70,983,875 distinct states found (141,254 ds/min), 9,257,788 states left on queue.
Progress(21) at 2021-02-01 17:21:42: 625,374,368 states generated (1,811,208 s/min), 71,069,307 distinct states found (85,432 ds/min), 9,197,886 states left on queue.
Progress(21) at 2021-02-01 17:22:42: 627,196,894 states generated (1,822,526 s/min), 71,141,615 distinct states found (72,308 ds/min), 9,122,621 states left on queue.
Progress(21) at 2021-02-01 17:23:42: 628,938,881 states generated (1,741,987 s/min), 71,234,308 distinct states found (92,693 ds/min), 9,062,603 states left on queue.
Progress(21) at 2021-02-01 17:24:42: 630,716,724 states generated (1,777,843 s/min), 71,312,807 distinct states found (78,499 ds/min), 8,992,338 states left on queue.
Progress(21) at 2021-02-01 17:25:42: 632,528,370 states generated (1,811,646 s/min), 71,405,108 distinct states found (92,301 ds/min), 8,930,134 states left on queue.
Progress(21) at 2021-02-01 17:26:42: 634,330,170 states generated (1,801,800 s/min), 71,497,632 distinct states found (92,524 ds/min), 8,872,657 states left on queue.
Progress(21) at 2021-02-01 17:27:42: 636,060,004 states generated (1,729,834 s/min), 71,595,503 distinct states found (97,871 ds/min), 8,822,888 states left on queue.
Progress(21) at 2021-02-01 17:28:42: 637,788,605 states generated (1,728,601 s/min), 71,695,485 distinct states found (99,982 ds/min), 8,769,704 states left on queue.
Progress(21) at 2021-02-01 17:29:42: 639,450,457 states generated (1,661,852 s/min), 71,813,290 distinct states found (117,805 ds/min), 8,733,038 states left on queue.
Progress(21) at 2021-02-01 17:30:42: 641,147,873 states generated (1,697,416 s/min), 71,904,566 distinct states found (91,276 ds/min), 8,677,477 states left on queue.
Progress(21) at 2021-02-01 17:31:42: 642,940,101 states generated (1,792,228 s/min), 72,002,014 distinct states found (97,448 ds/min), 8,622,250 states left on queue.
Progress(21) at 2021-02-01 17:32:42: 644,671,686 states generated (1,731,585 s/min), 72,115,705 distinct states found (113,691 ds/min), 8,579,213 states left on queue.
Progress(21) at 2021-02-01 17:33:42: 646,497,339 states generated (1,825,653 s/min), 72,174,187 distinct states found (58,482 ds/min), 8,492,673 states left on queue.
Progress(21) at 2021-02-01 17:34:42: 648,305,589 states generated (1,808,250 s/min), 72,266,593 distinct states found (92,406 ds/min), 8,425,482 states left on queue.
Progress(21) at 2021-02-01 17:35:42: 650,094,334 states generated (1,788,745 s/min), 72,351,430 distinct states found (84,837 ds/min), 8,351,768 states left on queue.
Progress(21) at 2021-02-01 17:36:42: 651,766,193 states generated (1,671,859 s/min), 72,428,740 distinct states found (77,310 ds/min), 8,281,152 states left on queue.
Progress(21) at 2021-02-01 17:37:42: 653,556,803 states generated (1,790,610 s/min), 72,529,673 distinct states found (100,933 ds/min), 8,222,598 states left on queue.
Progress(21) at 2021-02-01 17:38:42: 655,346,356 states generated (1,789,553 s/min), 72,629,640 distinct states found (99,967 ds/min), 8,164,134 states left on queue.
Progress(21) at 2021-02-01 17:39:42: 657,067,393 states generated (1,721,037 s/min), 72,750,247 distinct states found (120,607 ds/min), 8,120,125 states left on queue.
Progress(21) at 2021-02-01 17:40:42: 658,797,006 states generated (1,729,613 s/min), 72,853,248 distinct states found (103,001 ds/min), 8,062,191 states left on queue.
Progress(21) at 2021-02-01 17:41:42: 660,441,000 states generated (1,643,994 s/min), 72,952,411 distinct states found (99,163 ds/min), 8,006,243 states left on queue.
Progress(21) at 2021-02-01 17:42:42: 662,072,994 states generated (1,631,994 s/min), 73,049,943 distinct states found (97,532 ds/min), 7,949,647 states left on queue.
Progress(21) at 2021-02-01 17:43:42: 663,764,064 states generated (1,691,070 s/min), 73,172,440 distinct states found (122,497 ds/min), 7,904,908 states left on queue.
Progress(21) at 2021-02-01 17:44:42: 665,564,724 states generated (1,800,660 s/min), 73,262,641 distinct states found (90,201 ds/min), 7,838,272 states left on queue.
Progress(21) at 2021-02-01 17:45:42: 667,358,494 states generated (1,793,770 s/min), 73,370,253 distinct states found (107,612 ds/min), 7,787,088 states left on queue.
Progress(21) at 2021-02-01 17:46:42: 669,032,700 states generated (1,674,206 s/min), 73,462,721 distinct states found (92,468 ds/min), 7,729,593 states left on queue.
Progress(21) at 2021-02-01 17:47:42: 670,834,634 states generated (1,801,934 s/min), 73,522,128 distinct states found (59,407 ds/min), 7,642,099 states left on queue.
Checkpointing of run states/21-02-01-11-18-15
Checkpointing completed at (2021-02-01 17:48:44)
Progress(21) at 2021-02-01 17:48:44: 672,585,392 states generated (1,750,758 s/min), 73,602,160 distinct states found (80,032 ds/min), 7,573,538 states left on queue.
Progress(21) at 2021-02-01 17:49:44: 674,344,782 states generated (1,759,390 s/min), 73,672,402 distinct states found (70,242 ds/min), 7,501,645 states left on queue.
Progress(21) at 2021-02-01 17:50:44: 676,133,737 states generated (1,788,955 s/min), 73,763,168 distinct states found (90,766 ds/min), 7,445,035 states left on queue.
Progress(21) at 2021-02-01 17:51:44: 677,710,743 states generated (1,577,006 s/min), 73,892,299 distinct states found (129,131 ds/min), 7,419,239 states left on queue.
Progress(21) at 2021-02-01 17:52:44: 679,376,795 states generated (1,666,052 s/min), 74,029,260 distinct states found (136,961 ds/min), 7,402,334 states left on queue.
Progress(21) at 2021-02-01 17:53:44: 681,108,720 states generated (1,731,925 s/min), 74,133,100 distinct states found (103,840 ds/min), 7,359,528 states left on queue.
Progress(21) at 2021-02-01 17:54:44: 682,806,260 states generated (1,697,540 s/min), 74,246,096 distinct states found (112,996 ds/min), 7,321,102 states left on queue.
Progress(21) at 2021-02-01 17:55:44: 684,305,128 states generated (1,498,868 s/min), 74,388,554 distinct states found (142,458 ds/min), 7,312,785 states left on queue.
Progress(21) at 2021-02-01 17:56:44: 685,993,784 states generated (1,688,656 s/min), 74,521,347 distinct states found (132,793 ds/min), 7,294,061 states left on queue.
Progress(21) at 2021-02-01 17:57:44: 687,684,250 states generated (1,690,466 s/min), 74,677,320 distinct states found (155,973 ds/min), 7,272,472 states left on queue.
Progress(21) at 2021-02-01 17:58:44: 689,281,432 states generated (1,597,182 s/min), 74,786,462 distinct states found (109,142 ds/min), 7,221,516 states left on queue.
Progress(21) at 2021-02-01 17:59:44: 690,904,402 states generated (1,622,970 s/min), 74,921,345 distinct states found (134,883 ds/min), 7,194,386 states left on queue.
Progress(21) at 2021-02-01 18:00:44: 692,623,280 states generated (1,718,878 s/min), 75,049,818 distinct states found (128,473 ds/min), 7,161,005 states left on queue.
Progress(21) at 2021-02-01 18:01:44: 694,205,109 states generated (1,581,829 s/min), 75,148,398 distinct states found (98,580 ds/min), 7,107,417 states left on queue.
Progress(21) at 2021-02-01 18:02:44: 695,952,959 states generated (1,747,850 s/min), 75,266,722 distinct states found (118,324 ds/min), 7,068,280 states left on queue.
Progress(21) at 2021-02-01 18:03:44: 697,566,099 states generated (1,613,140 s/min), 75,452,208 distinct states found (185,486 ds/min), 7,076,950 states left on queue.
Progress(21) at 2021-02-01 18:04:44: 699,130,454 states generated (1,564,355 s/min), 75,581,123 distinct states found (128,915 ds/min), 7,043,655 states left on queue.
Progress(21) at 2021-02-01 18:05:44: 700,701,546 states generated (1,571,092 s/min), 75,742,872 distinct states found (161,749 ds/min), 7,042,362 states left on queue.
Progress(21) at 2021-02-01 18:06:44: 702,351,838 states generated (1,650,292 s/min), 75,890,317 distinct states found (147,445 ds/min), 7,030,252 states left on queue.
Progress(21) at 2021-02-01 18:07:44: 704,006,643 states generated (1,654,805 s/min), 76,014,289 distinct states found (123,972 ds/min), 6,993,213 states left on queue.
Progress(21) at 2021-02-01 18:08:44: 705,527,018 states generated (1,520,375 s/min), 76,162,382 distinct states found (148,093 ds/min), 6,984,709 states left on queue.
Progress(21) at 2021-02-01 18:09:44: 707,129,424 states generated (1,602,406 s/min), 76,368,297 distinct states found (205,915 ds/min), 7,022,925 states left on queue.
Progress(21) at 2021-02-01 18:10:44: 708,834,813 states generated (1,705,389 s/min), 76,528,419 distinct states found (160,122 ds/min), 7,016,320 states left on queue.
Progress(21) at 2021-02-01 18:11:44: 710,633,789 states generated (1,798,976 s/min), 76,716,245 distinct states found (187,826 ds/min), 7,025,742 states left on queue.
Progress(21) at 2021-02-01 18:12:44: 712,336,643 states generated (1,702,854 s/min), 76,865,360 distinct states found (149,115 ds/min), 7,009,565 states left on queue.
Progress(21) at 2021-02-01 18:13:44: 713,944,038 states generated (1,607,395 s/min), 76,960,075 distinct states found (94,715 ds/min), 6,953,508 states left on queue.
Progress(21) at 2021-02-01 18:14:44: 715,575,661 states generated (1,631,623 s/min), 77,076,009 distinct states found (115,934 ds/min), 6,909,389 states left on queue.
Progress(21) at 2021-02-01 18:15:44: 717,397,227 states generated (1,821,566 s/min), 77,166,092 distinct states found (90,083 ds/min), 6,841,460 states left on queue.
Progress(21) at 2021-02-01 18:16:44: 719,169,247 states generated (1,772,020 s/min), 77,266,554 distinct states found (100,462 ds/min), 6,784,129 states left on queue.
Progress(21) at 2021-02-01 18:17:44: 720,729,315 states generated (1,560,068 s/min), 77,381,624 distinct states found (115,070 ds/min), 6,746,976 states left on queue.
Checkpointing of run states/21-02-01-11-18-15
Checkpointing completed at (2021-02-01 18:18:46)
Progress(21) at 2021-02-01 18:18:46: 722,499,713 states generated (1,770,398 s/min), 77,491,159 distinct states found (109,535 ds/min), 6,698,654 states left on queue.
Progress(21) at 2021-02-01 18:19:46: 724,368,221 states generated (1,868,508 s/min), 77,603,347 distinct states found (112,188 ds/min), 6,648,342 states left on queue.
Progress(22) at 2021-02-01 18:20:46: 726,171,694 states generated (1,803,473 s/min), 77,686,059 distinct states found (82,712 ds/min), 6,585,773 states left on queue.
Progress(22) at 2021-02-01 18:21:46: 727,950,296 states generated (1,778,602 s/min), 77,748,581 distinct states found (62,522 ds/min), 6,504,212 states left on queue.
Progress(22) at 2021-02-01 18:22:46: 729,734,560 states generated (1,784,264 s/min), 77,814,923 distinct states found (66,342 ds/min), 6,426,280 states left on queue.
Progress(22) at 2021-02-01 18:23:46: 731,508,304 states generated (1,773,744 s/min), 77,889,874 distinct states found (74,951 ds/min), 6,358,038 states left on queue.
Progress(22) at 2021-02-01 18:24:46: 733,253,260 states generated (1,744,956 s/min), 77,959,019 distinct states found (69,145 ds/min), 6,285,604 states left on queue.
Progress(22) at 2021-02-01 18:25:46: 734,928,749 states generated (1,675,489 s/min), 78,049,247 distinct states found (90,228 ds/min), 6,228,520 states left on queue.
Progress(22) at 2021-02-01 18:26:46: 736,634,498 states generated (1,705,749 s/min), 78,122,291 distinct states found (73,044 ds/min), 6,161,858 states left on queue.
Progress(22) at 2021-02-01 18:27:46: 738,371,837 states generated (1,737,339 s/min), 78,206,510 distinct states found (84,219 ds/min), 6,097,784 states left on queue.
Progress(22) at 2021-02-01 18:28:46: 740,183,112 states generated (1,811,275 s/min), 78,262,693 distinct states found (56,183 ds/min), 6,010,896 states left on queue.
Progress(22) at 2021-02-01 18:29:46: 741,959,129 states generated (1,776,017 s/min), 78,323,524 distinct states found (60,831 ds/min), 5,924,093 states left on queue.
Progress(22) at 2021-02-01 18:30:46: 743,731,734 states generated (1,772,605 s/min), 78,394,600 distinct states found (71,076 ds/min), 5,847,480 states left on queue.
Progress(22) at 2021-02-01 18:31:46: 745,492,900 states generated (1,761,166 s/min), 78,480,330 distinct states found (85,730 ds/min), 5,780,979 states left on queue.
Progress(22) at 2021-02-01 18:32:46: 747,210,175 states generated (1,717,275 s/min), 78,565,436 distinct states found (85,106 ds/min), 5,712,985 states left on queue.
Progress(22) at 2021-02-01 18:33:46: 748,823,951 states generated (1,613,776 s/min), 78,639,046 distinct states found (73,610 ds/min), 5,642,111 states left on queue.
Progress(22) at 2021-02-01 18:34:46: 750,546,907 states generated (1,722,956 s/min), 78,722,412 distinct states found (83,366 ds/min), 5,567,466 states left on queue.
Progress(22) at 2021-02-01 18:35:46: 752,330,374 states generated (1,783,467 s/min), 78,797,277 distinct states found (74,865 ds/min), 5,493,640 states left on queue.
Progress(22) at 2021-02-01 18:36:46: 753,985,852 states generated (1,655,478 s/min), 78,890,290 distinct states found (93,013 ds/min), 5,442,130 states left on queue.
Progress(22) at 2021-02-01 18:37:46: 755,722,508 states generated (1,736,656 s/min), 78,944,057 distinct states found (53,767 ds/min), 5,359,904 states left on queue.
Progress(22) at 2021-02-01 18:38:46: 757,474,441 states generated (1,751,933 s/min), 79,003,408 distinct states found (59,351 ds/min), 5,285,259 states left on queue.
Progress(22) at 2021-02-01 18:39:46: 759,156,409 states generated (1,681,968 s/min), 79,099,599 distinct states found (96,191 ds/min), 5,232,735 states left on queue.
Progress(22) at 2021-02-01 18:40:46: 760,768,488 states generated (1,612,079 s/min), 79,217,794 distinct states found (118,195 ds/min), 5,200,160 states left on queue.
Progress(22) at 2021-02-01 18:41:46: 762,486,626 states generated (1,718,138 s/min), 79,303,262 distinct states found (85,468 ds/min), 5,146,710 states left on queue.
Progress(22) at 2021-02-01 18:42:46: 764,119,069 states generated (1,632,443 s/min), 79,404,967 distinct states found (101,705 ds/min), 5,101,886 states left on queue.
Progress(22) at 2021-02-01 18:43:46: 765,638,339 states generated (1,519,270 s/min), 79,549,454 distinct states found (144,487 ds/min), 5,095,641 states left on queue.
Progress(22) at 2021-02-01 18:44:46: 767,361,344 states generated (1,723,005 s/min), 79,660,974 distinct states found (111,520 ds/min), 5,048,259 states left on queue.
Progress(22) at 2021-02-01 18:45:46: 769,035,904 states generated (1,674,560 s/min), 79,757,667 distinct states found (96,693 ds/min), 4,983,180 states left on queue.
Progress(22) at 2021-02-01 18:46:46: 770,643,519 states generated (1,607,615 s/min), 79,865,364 distinct states found (107,697 ds/min), 4,935,065 states left on queue.
Progress(22) at 2021-02-01 18:47:46: 772,414,506 states generated (1,770,987 s/min), 79,960,248 distinct states found (94,884 ds/min), 4,873,578 states left on queue.
Checkpointing of run states/21-02-01-11-18-15
Checkpointing completed at (2021-02-01 18:48:48)
Progress(22) at 2021-02-01 18:48:48: 774,057,711 states generated (1,643,205 s/min), 80,060,280 distinct states found (100,032 ds/min), 4,821,556 states left on queue.
Progress(22) at 2021-02-01 18:49:48: 775,724,447 states generated (1,666,736 s/min), 80,207,076 distinct states found (146,796 ds/min), 4,802,138 states left on queue.
Progress(22) at 2021-02-01 18:50:48: 777,335,797 states generated (1,611,350 s/min), 80,314,108 distinct states found (107,032 ds/min), 4,747,408 states left on queue.
Progress(22) at 2021-02-01 18:51:48: 778,835,212 states generated (1,499,415 s/min), 80,451,058 distinct states found (136,950 ds/min), 4,726,959 states left on queue.
Progress(22) at 2021-02-01 18:52:48: 780,530,086 states generated (1,694,874 s/min), 80,567,429 distinct states found (116,371 ds/min), 4,687,356 states left on queue.
Progress(22) at 2021-02-01 18:53:48: 782,179,467 states generated (1,649,381 s/min), 80,668,911 distinct states found (101,482 ds/min), 4,634,314 states left on queue.
Progress(22) at 2021-02-01 18:54:48: 783,716,987 states generated (1,537,520 s/min), 80,800,846 distinct states found (131,935 ds/min), 4,609,786 states left on queue.
Progress(22) at 2021-02-01 18:55:48: 785,292,108 states generated (1,575,121 s/min), 80,973,215 distinct states found (172,369 ds/min), 4,616,996 states left on queue.
Progress(22) at 2021-02-01 18:56:48: 786,982,895 states generated (1,690,787 s/min), 81,111,644 distinct states found (138,429 ds/min), 4,591,594 states left on queue.
Progress(22) at 2021-02-01 18:57:48: 788,782,985 states generated (1,800,090 s/min), 81,253,753 distinct states found (142,109 ds/min), 4,563,374 states left on queue.
Progress(22) at 2021-02-01 18:58:48: 790,575,324 states generated (1,792,339 s/min), 81,393,746 distinct states found (139,993 ds/min), 4,536,415 states left on queue.
Progress(22) at 2021-02-01 18:59:48: 792,098,646 states generated (1,523,322 s/min), 81,471,917 distinct states found (78,171 ds/min), 4,471,456 states left on queue.
Progress(22) at 2021-02-01 19:00:48: 793,838,128 states generated (1,739,482 s/min), 81,553,745 distinct states found (81,828 ds/min), 4,401,431 states left on queue.
Progress(22) at 2021-02-01 19:01:48: 795,578,740 states generated (1,740,612 s/min), 81,635,061 distinct states found (81,316 ds/min), 4,333,473 states left on queue.
Progress(22) at 2021-02-01 19:02:48: 797,207,548 states generated (1,628,808 s/min), 81,732,570 distinct states found (97,509 ds/min), 4,278,982 states left on queue.
Progress(22) at 2021-02-01 19:03:48: 799,056,736 states generated (1,849,188 s/min), 81,817,810 distinct states found (85,240 ds/min), 4,213,347 states left on queue.
Progress(23) at 2021-02-01 19:04:48: 800,848,725 states generated (1,791,989 s/min), 81,880,917 distinct states found (63,107 ds/min), 4,136,485 states left on queue.
Progress(23) at 2021-02-01 19:05:48: 802,631,410 states generated (1,782,685 s/min), 81,932,205 distinct states found (51,288 ds/min), 4,051,751 states left on queue.
Progress(23) at 2021-02-01 19:06:48: 804,336,220 states generated (1,704,810 s/min), 81,990,597 distinct states found (58,392 ds/min), 3,974,321 states left on queue.
Progress(23) at 2021-02-01 19:07:48: 806,047,339 states generated (1,711,119 s/min), 82,049,753 distinct states found (59,156 ds/min), 3,897,340 states left on queue.
Progress(23) at 2021-02-01 19:08:48: 807,816,237 states generated (1,768,898 s/min), 82,096,929 distinct states found (47,176 ds/min), 3,807,919 states left on queue.
Progress(23) at 2021-02-01 19:09:48: 809,583,799 states generated (1,767,562 s/min), 82,146,353 distinct states found (49,424 ds/min), 3,718,723 states left on queue.
Progress(23) at 2021-02-01 19:10:48: 811,293,694 states generated (1,709,895 s/min), 82,213,468 distinct states found (67,115 ds/min), 3,641,913 states left on queue.
Progress(23) at 2021-02-01 19:11:48: 812,962,758 states generated (1,669,064 s/min), 82,266,991 distinct states found (53,523 ds/min), 3,554,352 states left on queue.
Progress(23) at 2021-02-01 19:12:48: 814,687,133 states generated (1,724,375 s/min), 82,330,849 distinct states found (63,858 ds/min), 3,479,108 states left on queue.
Progress(23) at 2021-02-01 19:13:48: 816,363,200 states generated (1,676,067 s/min), 82,388,253 distinct states found (57,404 ds/min), 3,406,173 states left on queue.
Progress(23) at 2021-02-01 19:14:48: 818,017,718 states generated (1,654,518 s/min), 82,465,353 distinct states found (77,100 ds/min), 3,344,335 states left on queue.
Progress(23) at 2021-02-01 19:15:48: 819,668,000 states generated (1,650,282 s/min), 82,553,167 distinct states found (87,814 ds/min), 3,292,160 states left on queue.
Progress(23) at 2021-02-01 19:16:48: 821,289,496 states generated (1,621,496 s/min), 82,631,214 distinct states found (78,047 ds/min), 3,234,201 states left on queue.
Progress(23) at 2021-02-01 19:17:48: 822,816,423 states generated (1,526,927 s/min), 82,749,646 distinct states found (118,432 ds/min), 3,205,982 states left on queue.
Checkpointing of run states/21-02-01-11-18-15
Checkpointing completed at (2021-02-01 19:18:50)
Progress(23) at 2021-02-01 19:18:50: 824,595,775 states generated (1,779,352 s/min), 82,846,936 distinct states found (97,290 ds/min), 3,143,826 states left on queue.
Progress(23) at 2021-02-01 19:19:50: 826,184,623 states generated (1,588,848 s/min), 82,928,348 distinct states found (81,412 ds/min), 3,075,739 states left on queue.
Progress(23) at 2021-02-01 19:20:50: 827,861,478 states generated (1,676,855 s/min), 82,996,297 distinct states found (67,949 ds/min), 2,999,313 states left on queue.
Progress(23) at 2021-02-01 19:21:50: 829,580,977 states generated (1,719,499 s/min), 83,095,899 distinct states found (99,602 ds/min), 2,946,043 states left on queue.
Progress(23) at 2021-02-01 19:22:50: 831,201,543 states generated (1,620,566 s/min), 83,201,338 distinct states found (105,439 ds/min), 2,891,840 states left on queue.
Progress(23) at 2021-02-01 19:23:50: 832,727,315 states generated (1,525,772 s/min), 83,308,462 distinct states found (107,124 ds/min), 2,846,794 states left on queue.
Progress(23) at 2021-02-01 19:24:50: 834,427,905 states generated (1,700,590 s/min), 83,401,647 distinct states found (93,185 ds/min), 2,789,184 states left on queue.
Progress(23) at 2021-02-01 19:25:50: 835,968,867 states generated (1,540,962 s/min), 83,491,577 distinct states found (89,930 ds/min), 2,732,267 states left on queue.
Progress(23) at 2021-02-01 19:26:50: 837,573,163 states generated (1,604,296 s/min), 83,620,979 distinct states found (129,402 ds/min), 2,700,110 states left on queue.
Progress(23) at 2021-02-01 19:27:50: 839,232,453 states generated (1,659,290 s/min), 83,752,103 distinct states found (131,124 ds/min), 2,670,556 states left on queue.
Progress(23) at 2021-02-01 19:28:50: 841,010,512 states generated (1,778,059 s/min), 83,861,625 distinct states found (109,522 ds/min), 2,618,960 states left on queue.
Progress(23) at 2021-02-01 19:29:50: 842,752,491 states generated (1,741,979 s/min), 83,972,700 distinct states found (111,075 ds/min), 2,572,665 states left on queue.
Progress(23) at 2021-02-01 19:30:50: 844,376,964 states generated (1,624,473 s/min), 84,035,873 distinct states found (63,173 ds/min), 2,494,441 states left on queue.
Progress(23) at 2021-02-01 19:31:50: 846,077,954 states generated (1,700,990 s/min), 84,101,063 distinct states found (65,190 ds/min), 2,418,092 states left on queue.
Progress(23) at 2021-02-01 19:32:50: 847,871,406 states generated (1,793,452 s/min), 84,172,257 distinct states found (71,194 ds/min), 2,344,908 states left on queue.
Progress(24) at 2021-02-01 19:33:50: 849,633,236 states generated (1,761,830 s/min), 84,213,660 distinct states found (41,403 ds/min), 2,257,925 states left on queue.
Progress(24) at 2021-02-01 19:34:50: 851,332,768 states generated (1,699,532 s/min), 84,253,517 distinct states found (39,857 ds/min), 2,171,047 states left on queue.
Progress(24) at 2021-02-01 19:35:50: 853,080,051 states generated (1,747,283 s/min), 84,294,316 distinct states found (40,799 ds/min), 2,081,612 states left on queue.
Progress(24) at 2021-02-01 19:36:50: 854,747,366 states generated (1,667,315 s/min), 84,340,508 distinct states found (46,192 ds/min), 1,997,928 states left on queue.
Progress(24) at 2021-02-01 19:37:50: 856,402,695 states generated (1,655,329 s/min), 84,401,693 distinct states found (61,185 ds/min), 1,928,200 states left on queue.
Progress(24) at 2021-02-01 19:38:50: 858,081,769 states generated (1,679,074 s/min), 84,471,942 distinct states found (70,249 ds/min), 1,864,955 states left on queue.
Progress(24) at 2021-02-01 19:39:50: 859,639,744 states generated (1,557,975 s/min), 84,563,510 distinct states found (91,568 ds/min), 1,814,758 states left on queue.
Progress(24) at 2021-02-01 19:40:50: 861,314,957 states generated (1,675,213 s/min), 84,635,241 distinct states found (71,731 ds/min), 1,741,088 states left on queue.
Progress(24) at 2021-02-01 19:41:50: 862,981,265 states generated (1,666,308 s/min), 84,698,458 distinct states found (63,217 ds/min), 1,664,370 states left on queue.
Progress(24) at 2021-02-01 19:42:50: 864,644,260 states generated (1,662,995 s/min), 84,787,457 distinct states found (88,999 ds/min), 1,602,173 states left on queue.
Progress(24) at 2021-02-01 19:43:50: 866,214,388 states generated (1,570,128 s/min), 84,866,981 distinct states found (79,524 ds/min), 1,536,801 states left on queue.
Progress(24) at 2021-02-01 19:44:50: 867,794,158 states generated (1,579,770 s/min), 84,938,636 distinct states found (71,655 ds/min), 1,467,483 states left on queue.
Progress(24) at 2021-02-01 19:45:50: 869,397,751 states generated (1,603,593 s/min), 85,038,102 distinct states found (99,466 ds/min), 1,411,162 states left on queue.
Progress(24) at 2021-02-01 19:46:50: 871,072,164 states generated (1,674,413 s/min), 85,139,687 distinct states found (101,585 ds/min), 1,360,420 states left on queue.
Progress(24) at 2021-02-01 19:47:50: 872,862,818 states generated (1,790,654 s/min), 85,237,383 distinct states found (97,696 ds/min), 1,301,823 states left on queue.
Checkpointing of run states/21-02-01-11-18-15
Checkpointing completed at (2021-02-01 19:48:51)
Progress(24) at 2021-02-01 19:48:51: 874,574,558 states generated (1,711,740 s/min), 85,291,205 distinct states found (53,822 ds/min), 1,217,768 states left on queue.
Progress(25) at 2021-02-01 19:49:51: 876,310,385 states generated (1,735,827 s/min), 85,342,942 distinct states found (51,737 ds/min), 1,136,962 states left on queue.
Progress(25) at 2021-02-01 19:50:51: 878,003,652 states generated (1,693,267 s/min), 85,367,113 distinct states found (24,171 ds/min), 1,043,823 states left on queue.
Progress(25) at 2021-02-01 19:51:51: 879,641,459 states generated (1,637,807 s/min), 85,423,633 distinct states found (56,520 ds/min), 972,404 states left on queue.
Progress(25) at 2021-02-01 19:52:51: 881,236,749 states generated (1,595,290 s/min), 85,492,553 distinct states found (68,920 ds/min), 908,618 states left on queue.
Progress(25) at 2021-02-01 19:53:51: 882,912,995 states generated (1,676,246 s/min), 85,548,609 distinct states found (56,056 ds/min), 827,116 states left on queue.
Progress(25) at 2021-02-01 19:54:51: 884,502,376 states generated (1,589,381 s/min), 85,621,283 distinct states found (72,674 ds/min), 757,659 states left on queue.
Progress(25) at 2021-02-01 19:55:51: 886,088,569 states generated (1,586,193 s/min), 85,685,190 distinct states found (63,907 ds/min), 681,334 states left on queue.
Progress(25) at 2021-02-01 19:56:51: 887,752,740 states generated (1,664,171 s/min), 85,765,696 distinct states found (80,506 ds/min), 614,507 states left on queue.
Progress(25) at 2021-02-01 19:57:51: 889,477,180 states generated (1,724,440 s/min), 85,828,634 distinct states found (62,938 ds/min), 538,366 states left on queue.
Progress(26) at 2021-02-01 19:58:51: 891,156,921 states generated (1,679,741 s/min), 85,867,684 distinct states found (39,050 ds/min), 456,538 states left on queue.
Progress(26) at 2021-02-01 19:59:51: 892,791,131 states generated (1,634,210 s/min), 85,919,491 distinct states found (51,807 ds/min), 379,780 states left on queue.
Progress(26) at 2021-02-01 20:00:51: 894,395,082 states generated (1,603,951 s/min), 85,972,813 distinct states found (53,322 ds/min), 299,539 states left on queue.
Progress(26) at 2021-02-01 20:01:51: 896,069,858 states generated (1,674,776 s/min), 86,032,316 distinct states found (59,503 ds/min), 219,423 states left on queue.
Progress(27) at 2021-02-01 20:02:51: 897,729,812 states generated (1,659,954 s/min), 86,068,239 distinct states found (35,923 ds/min), 136,526 states left on queue.
Progress(28) at 2021-02-01 20:03:51: 899,383,307 states generated (1,653,495 s/min), 86,105,183 distinct states found (36,944 ds/min), 49,161 states left on queue.
Model checking completed. No error has been found.
  Estimates of the probability that TLC did not check all reachable states
  because two distinct states had the same fingerprint:
  calculated (optimistic):  val = .0038
  based on the actual fingerprints:  val = 8.6E-4
900292749 states generated, 86118209 distinct states found, 0 states left on queue.
The depth of the complete state graph search is 31.
The average outdegree of the complete state graph is 1 (minimum is 0, the maximum 17 and the 95th percentile is 4).
Finished in 08h 46min at (2021-02-01 20:04:38)
