Git Revision: 022300e
Platform: Linux login-faculty.ccs.neu.edu 3.10.0-1127.19.1.el7.x86_64 #1 SMP Tue Aug 25 17:23:54 UTC 2020 x86_64 x86_64 x86_64 GNU/Linux
CPU Info Linux: model name	: Intel(R) Xeon(R) Gold 5118 CPU @ 2.30GHz
CPU Cores Linux: 48
CPU Info Mac: 
CPU Cores Mac: 
Spec: MCMongoRaftReconfig.tla
Config: models/MCMongoRaftReconfig_4Servers-L2-T2-CV3.cfg
----
SPECIFICATION Spec
CONSTANTS 
Nil = Nil
Server = {n1, n2, n3, n4}
Secondary = Secondary
Primary = Primary
MaxLogLen = 2
MaxTerm = 2
MaxConfigVersion = 3
CONSTRAINT StateConstraint
INVARIANT StateMachineSafety
SYMMETRY ServerSymmetry
VIEW viewNoElections
----

TLC2 Version 2.15 of Day Month 20?? (rev: adc67eb)
Running breadth-first search Model-Checking with fp 20 and seed 7967712556058234637 with 1 worker on 48 cores with 27305MB heap and 4096MB offheap memory (Linux 3.10.0-1127.19.1.el7.x86_64 amd64, Oracle Corporation 1.8.0_262 x86_64, OffHeapDiskFPSet, DiskStateQueue).
Parsing file /proj/will-fm/logless-reconfig/refinement/MCMongoRaftReconfig.tla
Parsing file /tmp/TLC.tla
Parsing file /proj/will-fm/logless-reconfig/refinement/MongoRaftReconfig.tla
Parsing file /tmp/Naturals.tla
Parsing file /tmp/Integers.tla
Parsing file /tmp/FiniteSets.tla
Parsing file /tmp/Sequences.tla
Parsing file /proj/will-fm/logless-reconfig/refinement/MongoLoglessDynamicRaft.tla
Parsing file /proj/will-fm/logless-reconfig/refinement/MongoStaticRaft.tla
Parsing file /proj/will-fm/logless-reconfig/refinement/MongoWeakRaft.tla
Semantic processing of module Naturals
Semantic processing of module Sequences
Semantic processing of module FiniteSets
Semantic processing of module TLC
Semantic processing of module Integers
Semantic processing of module MongoLoglessDynamicRaft
Semantic processing of module MongoWeakRaft
Semantic processing of module MongoStaticRaft
Semantic processing of module MongoRaftReconfig
Semantic processing of module MCMongoRaftReconfig
Starting... (2021-02-01 15:18:59)
Computing initial states...
Computed 2 initial states...
Computed 4 initial states...
Computed 8 initial states...
Finished computing initial states: 15 states generated, with 4 of them distinct at 2021-02-01 15:19:00.
Progress(6) at 2021-02-01 15:19:03: 45,656 states generated (45,656 s/min), 10,713 distinct states found (10,713 ds/min), 8,231 states left on queue.
Progress(9) at 2021-02-01 15:20:03: 1,631,528 states generated (1,585,872 s/min), 268,670 distinct states found (257,957 ds/min), 179,169 states left on queue.
Progress(10) at 2021-02-01 15:21:03: 3,151,908 states generated (1,520,380 s/min), 465,672 distinct states found (197,002 ds/min), 296,270 states left on queue.
Progress(10) at 2021-02-01 15:22:03: 4,876,593 states generated (1,724,685 s/min), 675,473 distinct states found (209,801 ds/min), 411,761 states left on queue.
Progress(10) at 2021-02-01 15:23:03: 6,357,871 states generated (1,481,278 s/min), 833,905 distinct states found (158,432 ds/min), 494,666 states left on queue.
Progress(11) at 2021-02-01 15:24:03: 7,765,560 states generated (1,407,689 s/min), 989,924 distinct states found (156,019 ds/min), 577,495 states left on queue.
Progress(11) at 2021-02-01 15:25:03: 9,578,550 states generated (1,812,990 s/min), 1,160,931 distinct states found (171,007 ds/min), 647,150 states left on queue.
Progress(11) at 2021-02-01 15:26:03: 11,297,814 states generated (1,719,264 s/min), 1,352,912 distinct states found (191,981 ds/min), 748,270 states left on queue.
Progress(11) at 2021-02-01 15:27:03: 12,912,713 states generated (1,614,899 s/min), 1,499,649 distinct states found (146,737 ds/min), 809,177 states left on queue.
Progress(11) at 2021-02-01 15:28:03: 14,376,556 states generated (1,463,843 s/min), 1,642,299 distinct states found (142,650 ds/min), 878,461 states left on queue.
Progress(11) at 2021-02-01 15:29:03: 15,815,231 states generated (1,438,675 s/min), 1,761,116 distinct states found (118,817 ds/min), 924,136 states left on queue.
Progress(11) at 2021-02-01 15:30:03: 17,126,299 states generated (1,311,068 s/min), 1,879,585 distinct states found (118,469 ds/min), 977,314 states left on queue.
Progress(12) at 2021-02-01 15:31:03: 18,568,460 states generated (1,442,161 s/min), 2,019,872 distinct states found (140,287 ds/min), 1,041,922 states left on queue.
Progress(12) at 2021-02-01 15:32:03: 20,375,714 states generated (1,807,254 s/min), 2,165,675 distinct states found (145,803 ds/min), 1,087,459 states left on queue.
Progress(12) at 2021-02-01 15:33:03: 22,107,938 states generated (1,732,224 s/min), 2,292,992 distinct states found (127,317 ds/min), 1,119,373 states left on queue.
Progress(12) at 2021-02-01 15:34:03: 23,781,403 states generated (1,673,465 s/min), 2,468,055 distinct states found (175,063 ds/min), 1,205,938 states left on queue.
Progress(12) at 2021-02-01 15:35:03: 25,481,945 states generated (1,700,542 s/min), 2,596,657 distinct states found (128,602 ds/min), 1,246,565 states left on queue.
Progress(12) at 2021-02-01 15:36:03: 27,130,846 states generated (1,648,901 s/min), 2,723,434 distinct states found (126,777 ds/min), 1,285,943 states left on queue.
Progress(12) at 2021-02-01 15:37:03: 28,564,061 states generated (1,433,215 s/min), 2,842,992 distinct states found (119,558 ds/min), 1,332,716 states left on queue.
Progress(12) at 2021-02-01 15:38:03: 29,987,941 states generated (1,423,880 s/min), 2,973,957 distinct states found (130,965 ds/min), 1,390,899 states left on queue.
Progress(12) at 2021-02-01 15:39:03: 31,488,276 states generated (1,500,335 s/min), 3,072,507 distinct states found (98,550 ds/min), 1,414,973 states left on queue.
Progress(12) at 2021-02-01 15:40:03: 32,868,283 states generated (1,380,007 s/min), 3,176,224 distinct states found (103,717 ds/min), 1,448,541 states left on queue.
Progress(12) at 2021-02-01 15:41:03: 34,084,960 states generated (1,216,677 s/min), 3,263,585 distinct states found (87,361 ds/min), 1,475,593 states left on queue.
Progress(12) at 2021-02-01 15:42:03: 35,381,495 states generated (1,296,535 s/min), 3,366,575 distinct states found (102,990 ds/min), 1,514,313 states left on queue.
Progress(12) at 2021-02-01 15:43:03: 36,747,582 states generated (1,366,087 s/min), 3,479,686 distinct states found (113,111 ds/min), 1,558,928 states left on queue.
Progress(13) at 2021-02-01 15:44:03: 38,059,970 states generated (1,312,388 s/min), 3,593,419 distinct states found (113,733 ds/min), 1,604,759 states left on queue.
Progress(13) at 2021-02-01 15:45:03: 39,837,441 states generated (1,777,471 s/min), 3,727,580 distinct states found (134,161 ds/min), 1,639,278 states left on queue.
Progress(13) at 2021-02-01 15:46:03: 41,608,795 states generated (1,771,354 s/min), 3,814,579 distinct states found (86,999 ds/min), 1,629,779 states left on queue.
Progress(13) at 2021-02-01 15:47:03: 43,227,100 states generated (1,618,305 s/min), 3,928,877 distinct states found (114,298 ds/min), 1,658,038 states left on queue.
Progress(13) at 2021-02-01 15:48:03: 44,945,273 states generated (1,718,173 s/min), 4,070,109 distinct states found (141,232 ds/min), 1,707,260 states left on queue.
Checkpointing of run states/21-02-01-15-18-58
Checkpointing completed at (2021-02-01 15:49:03)
Progress(13) at 2021-02-01 15:49:03: 46,482,124 states generated (1,536,851 s/min), 4,208,834 distinct states found (138,725 ds/min), 1,764,750 states left on queue.
Progress(13) at 2021-02-01 15:50:03: 48,109,463 states generated (1,627,339 s/min), 4,308,852 distinct states found (100,018 ds/min), 1,781,832 states left on queue.
Progress(13) at 2021-02-01 15:51:03: 49,769,176 states generated (1,659,713 s/min), 4,409,217 distinct states found (100,365 ds/min), 1,795,648 states left on queue.
Progress(13) at 2021-02-01 15:52:03: 51,376,286 states generated (1,607,110 s/min), 4,517,995 distinct states found (108,778 ds/min), 1,819,839 states left on queue.
Progress(13) at 2021-02-01 15:53:03: 52,737,051 states generated (1,360,765 s/min), 4,613,592 distinct states found (95,597 ds/min), 1,848,154 states left on queue.
Progress(13) at 2021-02-01 15:54:03: 54,131,371 states generated (1,394,320 s/min), 4,717,075 distinct states found (103,483 ds/min), 1,879,982 states left on queue.
Progress(13) at 2021-02-01 15:55:03: 55,604,738 states generated (1,473,367 s/min), 4,832,853 distinct states found (115,778 ds/min), 1,920,211 states left on queue.
Progress(13) at 2021-02-01 15:56:03: 56,935,725 states generated (1,330,987 s/min), 4,941,100 distinct states found (108,247 ds/min), 1,960,285 states left on queue.
Progress(13) at 2021-02-01 15:57:03: 58,365,107 states generated (1,429,382 s/min), 5,020,080 distinct states found (78,980 ds/min), 1,968,511 states left on queue.
Progress(13) at 2021-02-01 15:58:03: 59,762,046 states generated (1,396,939 s/min), 5,109,782 distinct states found (89,702 ds/min), 1,987,169 states left on queue.
Progress(13) at 2021-02-01 15:59:03: 61,076,222 states generated (1,314,176 s/min), 5,196,622 distinct states found (86,840 ds/min), 2,008,948 states left on queue.
Progress(13) at 2021-02-01 16:00:03: 62,137,276 states generated (1,061,054 s/min), 5,265,204 distinct states found (68,582 ds/min), 2,025,424 states left on queue.
Progress(13) at 2021-02-01 16:01:03: 63,311,909 states generated (1,174,633 s/min), 5,341,261 distinct states found (76,057 ds/min), 2,043,731 states left on queue.
Progress(13) at 2021-02-01 16:02:03: 64,582,172 states generated (1,270,263 s/min), 5,426,704 distinct states found (85,443 ds/min), 2,066,716 states left on queue.
Progress(13) at 2021-02-01 16:03:03: 65,895,375 states generated (1,313,203 s/min), 5,524,903 distinct states found (98,199 ds/min), 2,099,555 states left on queue.
Progress(13) at 2021-02-01 16:04:03: 67,184,969 states generated (1,289,594 s/min), 5,612,587 distinct states found (87,684 ds/min), 2,122,035 states left on queue.
Progress(13) at 2021-02-01 16:05:03: 68,296,895 states generated (1,111,926 s/min), 5,690,141 distinct states found (77,554 ds/min), 2,144,302 states left on queue.
Progress(14) at 2021-02-01 16:06:03: 69,985,655 states generated (1,688,760 s/min), 5,793,837 distinct states found (103,696 ds/min), 2,155,740 states left on queue.
Progress(14) at 2021-02-01 16:07:03: 71,639,211 states generated (1,653,556 s/min), 5,905,426 distinct states found (111,589 ds/min), 2,175,130 states left on queue.
Progress(14) at 2021-02-01 16:08:03: 73,336,116 states generated (1,696,905 s/min), 5,973,270 distinct states found (67,844 ds/min), 2,151,424 states left on queue.
Progress(14) at 2021-02-01 16:09:03: 74,850,891 states generated (1,514,775 s/min), 6,064,941 distinct states found (91,671 ds/min), 2,163,184 states left on queue.
Progress(14) at 2021-02-01 16:10:03: 76,415,696 states generated (1,564,805 s/min), 6,172,541 distinct states found (107,600 ds/min), 2,186,074 states left on queue.
Progress(14) at 2021-02-01 16:11:03: 78,122,883 states generated (1,707,187 s/min), 6,283,213 distinct states found (110,672 ds/min), 2,208,100 states left on queue.
Progress(14) at 2021-02-01 16:12:03: 79,559,641 states generated (1,436,758 s/min), 6,392,881 distinct states found (109,668 ds/min), 2,242,932 states left on queue.
Progress(14) at 2021-02-01 16:13:03: 81,032,489 states generated (1,472,848 s/min), 6,502,209 distinct states found (109,328 ds/min), 2,275,376 states left on queue.
Progress(14) at 2021-02-01 16:14:03: 82,580,778 states generated (1,548,289 s/min), 6,571,963 distinct states found (69,754 ds/min), 2,266,260 states left on queue.
Progress(14) at 2021-02-01 16:15:03: 84,236,532 states generated (1,655,754 s/min), 6,653,497 distinct states found (81,534 ds/min), 2,260,982 states left on queue.
Progress(14) at 2021-02-01 16:16:03: 85,671,684 states generated (1,435,152 s/min), 6,738,309 distinct states found (84,812 ds/min), 2,273,719 states left on queue.
Progress(14) at 2021-02-01 16:17:03: 87,232,868 states generated (1,561,184 s/min), 6,838,496 distinct states found (100,187 ds/min), 2,292,585 states left on queue.
Progress(14) at 2021-02-01 16:18:03: 88,405,564 states generated (1,172,696 s/min), 6,910,592 distinct states found (72,096 ds/min), 2,307,621 states left on queue.
Checkpointing of run states/21-02-01-15-18-58
Checkpointing completed at (2021-02-01 16:19:04)
Progress(14) at 2021-02-01 16:19:04: 89,562,194 states generated (1,156,630 s/min), 6,978,200 distinct states found (67,608 ds/min), 2,317,740 states left on queue.
Progress(14) at 2021-02-01 16:20:04: 91,032,200 states generated (1,470,006 s/min), 7,081,240 distinct states found (103,040 ds/min), 2,345,344 states left on queue.
Progress(14) at 2021-02-01 16:21:04: 92,497,245 states generated (1,465,045 s/min), 7,182,240 distinct states found (101,000 ds/min), 2,370,592 states left on queue.
Progress(14) at 2021-02-01 16:22:04: 93,858,491 states generated (1,361,246 s/min), 7,276,499 distinct states found (94,259 ds/min), 2,395,735 states left on queue.
Progress(14) at 2021-02-01 16:23:04: 95,101,031 states generated (1,242,540 s/min), 7,359,912 distinct states found (83,413 ds/min), 2,415,580 states left on queue.
Progress(14) at 2021-02-01 16:24:04: 96,464,543 states generated (1,363,512 s/min), 7,424,621 distinct states found (64,709 ds/min), 2,412,651 states left on queue.
Progress(14) at 2021-02-01 16:25:04: 97,784,866 states generated (1,320,323 s/min), 7,500,996 distinct states found (76,375 ds/min), 2,422,163 states left on queue.
Progress(14) at 2021-02-01 16:26:04: 99,099,223 states generated (1,314,357 s/min), 7,578,099 distinct states found (77,103 ds/min), 2,433,856 states left on queue.
Progress(14) at 2021-02-01 16:27:04: 100,304,085 states generated (1,204,862 s/min), 7,645,884 distinct states found (67,785 ds/min), 2,443,161 states left on queue.
Progress(14) at 2021-02-01 16:28:04: 101,278,204 states generated (974,119 s/min), 7,702,335 distinct states found (56,451 ds/min), 2,452,584 states left on queue.
Progress(14) at 2021-02-01 16:29:04: 102,191,380 states generated (913,176 s/min), 7,749,921 distinct states found (47,586 ds/min), 2,456,551 states left on queue.
Progress(14) at 2021-02-01 16:30:04: 103,294,733 states generated (1,103,353 s/min), 7,817,721 distinct states found (67,800 ds/min), 2,470,676 states left on queue.
Progress(14) at 2021-02-01 16:31:04: 104,511,542 states generated (1,216,809 s/min), 7,892,848 distinct states found (75,127 ds/min), 2,486,045 states left on queue.
Progress(14) at 2021-02-01 16:32:04: 105,743,227 states generated (1,231,685 s/min), 7,957,083 distinct states found (64,235 ds/min), 2,489,663 states left on queue.
Progress(14) at 2021-02-01 16:33:04: 107,017,125 states generated (1,273,898 s/min), 8,049,570 distinct states found (92,487 ds/min), 2,516,912 states left on queue.
Progress(14) at 2021-02-01 16:34:04: 108,319,726 states generated (1,302,601 s/min), 8,123,537 distinct states found (73,967 ds/min), 2,526,024 states left on queue.
Progress(14) at 2021-02-01 16:35:04: 109,369,928 states generated (1,050,202 s/min), 8,188,346 distinct states found (64,809 ds/min), 2,538,614 states left on queue.
Progress(14) at 2021-02-01 16:36:04: 110,408,441 states generated (1,038,513 s/min), 8,248,962 distinct states found (60,616 ds/min), 2,548,381 states left on queue.
Progress(15) at 2021-02-01 16:37:04: 112,046,971 states generated (1,638,530 s/min), 8,334,622 distinct states found (85,660 ds/min), 2,543,763 states left on queue.
Progress(15) at 2021-02-01 16:38:04: 113,617,476 states generated (1,570,505 s/min), 8,427,070 distinct states found (92,448 ds/min), 2,547,467 states left on queue.
Progress(15) at 2021-02-01 16:39:04: 115,182,506 states generated (1,565,030 s/min), 8,476,831 distinct states found (49,761 ds/min), 2,513,545 states left on queue.
Progress(15) at 2021-02-01 16:40:04: 116,506,427 states generated (1,323,921 s/min), 8,543,636 distinct states found (66,805 ds/min), 2,512,280 states left on queue.
Progress(15) at 2021-02-01 16:41:04: 117,946,183 states generated (1,439,756 s/min), 8,618,280 distinct states found (74,644 ds/min), 2,511,443 states left on queue.
Progress(15) at 2021-02-01 16:42:04: 119,541,086 states generated (1,594,903 s/min), 8,708,799 distinct states found (90,519 ds/min), 2,516,275 states left on queue.
Progress(15) at 2021-02-01 16:43:04: 121,198,775 states generated (1,657,689 s/min), 8,800,230 distinct states found (91,431 ds/min), 2,520,654 states left on queue.
Progress(15) at 2021-02-01 16:44:04: 122,597,362 states generated (1,398,587 s/min), 8,887,040 distinct states found (86,810 ds/min), 2,537,884 states left on queue.
Progress(15) at 2021-02-01 16:45:04: 123,943,105 states generated (1,345,743 s/min), 8,988,778 distinct states found (101,738 ds/min), 2,567,645 states left on queue.
Progress(15) at 2021-02-01 16:46:04: 125,308,435 states generated (1,365,330 s/min), 9,066,452 distinct states found (77,674 ds/min), 2,574,391 states left on queue.
Progress(15) at 2021-02-01 16:47:04: 126,706,787 states generated (1,398,352 s/min), 9,119,337 distinct states found (52,885 ds/min), 2,556,990 states left on queue.
Progress(15) at 2021-02-01 16:48:04: 128,275,521 states generated (1,568,734 s/min), 9,181,899 distinct states found (62,562 ds/min), 2,536,627 states left on queue.
Checkpointing of run states/21-02-01-15-18-58
Checkpointing completed at (2021-02-01 16:49:05)
Progress(15) at 2021-02-01 16:49:05: 129,638,351 states generated (1,362,830 s/min), 9,252,869 distinct states found (70,970 ds/min), 2,541,002 states left on queue.
Progress(15) at 2021-02-01 16:50:05: 131,209,414 states generated (1,571,063 s/min), 9,337,343 distinct states found (84,474 ds/min), 2,542,377 states left on queue.
Progress(15) at 2021-02-01 16:51:05: 132,442,515 states generated (1,233,101 s/min), 9,404,925 distinct states found (67,582 ds/min), 2,549,884 states left on queue.
Progress(15) at 2021-02-01 16:52:05: 133,417,547 states generated (975,032 s/min), 9,458,178 distinct states found (53,253 ds/min), 2,557,297 states left on queue.
Progress(15) at 2021-02-01 16:53:05: 134,332,014 states generated (914,467 s/min), 9,502,899 distinct states found (44,721 ds/min), 2,560,523 states left on queue.
Progress(15) at 2021-02-01 16:54:05: 135,521,097 states generated (1,189,083 s/min), 9,567,364 distinct states found (64,465 ds/min), 2,562,506 states left on queue.
Progress(15) at 2021-02-01 16:55:05: 137,009,495 states generated (1,488,398 s/min), 9,659,046 distinct states found (91,682 ds/min), 2,577,782 states left on queue.
Progress(15) at 2021-02-01 16:56:05: 138,463,265 states generated (1,453,770 s/min), 9,751,177 distinct states found (92,131 ds/min), 2,594,905 states left on queue.
Progress(15) at 2021-02-01 16:57:05: 139,845,746 states generated (1,382,481 s/min), 9,835,525 distinct states found (84,348 ds/min), 2,607,988 states left on queue.
Progress(15) at 2021-02-01 16:58:05: 141,125,239 states generated (1,279,493 s/min), 9,911,736 distinct states found (76,211 ds/min), 2,619,474 states left on queue.
Progress(15) at 2021-02-01 16:59:05: 142,322,428 states generated (1,197,189 s/min), 9,980,298 distinct states found (68,562 ds/min), 2,626,848 states left on queue.
Progress(15) at 2021-02-01 17:00:05: 143,527,885 states generated (1,205,457 s/min), 10,031,037 distinct states found (50,739 ds/min), 2,618,458 states left on queue.
Progress(15) at 2021-02-01 17:01:05: 144,857,523 states generated (1,329,638 s/min), 10,095,996 distinct states found (64,959 ds/min), 2,615,886 states left on queue.
Progress(15) at 2021-02-01 17:02:05: 146,069,391 states generated (1,211,868 s/min), 10,158,639 distinct states found (62,643 ds/min), 2,619,016 states left on queue.
Progress(15) at 2021-02-01 17:03:05: 147,215,801 states generated (1,146,410 s/min), 10,212,435 distinct states found (53,796 ds/min), 2,618,985 states left on queue.
Progress(15) at 2021-02-01 17:04:05: 148,292,133 states generated (1,076,332 s/min), 10,268,942 distinct states found (56,507 ds/min), 2,623,355 states left on queue.
Progress(15) at 2021-02-01 17:05:05: 149,164,673 states generated (872,540 s/min), 10,314,253 distinct states found (45,311 ds/min), 2,626,836 states left on queue.
Progress(15) at 2021-02-01 17:06:05: 149,876,049 states generated (711,376 s/min), 10,349,201 distinct states found (34,948 ds/min), 2,628,705 states left on queue.
Progress(15) at 2021-02-01 17:07:05: 150,681,193 states generated (805,144 s/min), 10,383,432 distinct states found (34,231 ds/min), 2,625,344 states left on queue.
Progress(15) at 2021-02-01 17:08:05: 151,866,169 states generated (1,184,976 s/min), 10,447,776 distinct states found (64,344 ds/min), 2,631,659 states left on queue.
Progress(15) at 2021-02-01 17:09:05: 152,896,760 states generated (1,030,591 s/min), 10,506,282 distinct states found (58,506 ds/min), 2,639,685 states left on queue.
Progress(15) at 2021-02-01 17:10:05: 154,182,153 states generated (1,285,393 s/min), 10,560,908 distinct states found (54,626 ds/min), 2,631,261 states left on queue.
Progress(15) at 2021-02-01 17:11:05: 155,227,702 states generated (1,045,549 s/min), 10,617,404 distinct states found (56,496 ds/min), 2,636,854 states left on queue.
Progress(15) at 2021-02-01 17:12:05: 156,453,739 states generated (1,226,037 s/min), 10,696,406 distinct states found (79,002 ds/min), 2,651,997 states left on queue.
Progress(15) at 2021-02-01 17:13:05: 157,660,915 states generated (1,207,176 s/min), 10,756,524 distinct states found (60,118 ds/min), 2,651,809 states left on queue.
Progress(15) at 2021-02-01 17:14:05: 158,763,655 states generated (1,102,740 s/min), 10,817,278 distinct states found (60,754 ds/min), 2,657,970 states left on queue.
Progress(15) at 2021-02-01 17:15:05: 159,567,269 states generated (803,614 s/min), 10,859,539 distinct states found (42,261 ds/min), 2,661,714 states left on queue.
Progress(15) at 2021-02-01 17:16:05: 160,536,938 states generated (969,669 s/min), 10,907,461 distinct states found (47,922 ds/min), 2,663,022 states left on queue.
Progress(16) at 2021-02-01 17:17:05: 162,024,334 states generated (1,487,396 s/min), 10,973,429 distinct states found (65,968 ds/min), 2,648,733 states left on queue.
Progress(16) at 2021-02-01 17:18:05: 163,476,572 states generated (1,452,238 s/min), 11,044,987 distinct states found (71,558 ds/min), 2,637,494 states left on queue.
Checkpointing of run states/21-02-01-15-18-58
Checkpointing completed at (2021-02-01 17:19:06)
Progress(16) at 2021-02-01 17:19:06: 164,901,418 states generated (1,424,846 s/min), 11,084,620 distinct states found (39,633 ds/min), 2,602,204 states left on queue.
Progress(16) at 2021-02-01 17:20:06: 166,060,868 states generated (1,159,450 s/min), 11,133,146 distinct states found (48,526 ds/min), 2,591,959 states left on queue.
Progress(16) at 2021-02-01 17:21:06: 167,295,942 states generated (1,235,074 s/min), 11,186,555 distinct states found (53,409 ds/min), 2,582,599 states left on queue.
Progress(16) at 2021-02-01 17:22:06: 168,743,987 states generated (1,448,045 s/min), 11,259,137 distinct states found (72,582 ds/min), 2,575,201 states left on queue.
Progress(16) at 2021-02-01 17:23:06: 170,360,533 states generated (1,616,546 s/min), 11,333,925 distinct states found (74,788 ds/min), 2,565,737 states left on queue.
Progress(16) at 2021-02-01 17:24:06: 171,839,466 states generated (1,478,933 s/min), 11,411,291 distinct states found (77,366 ds/min), 2,568,180 states left on queue.
Progress(16) at 2021-02-01 17:25:06: 173,053,698 states generated (1,214,232 s/min), 11,484,415 distinct states found (73,124 ds/min), 2,581,455 states left on queue.
Progress(16) at 2021-02-01 17:26:06: 174,389,970 states generated (1,336,272 s/min), 11,563,005 distinct states found (78,590 ds/min), 2,587,636 states left on queue.
Progress(16) at 2021-02-01 17:27:06: 175,606,326 states generated (1,216,356 s/min), 11,618,981 distinct states found (55,976 ds/min), 2,581,410 states left on queue.
Progress(16) at 2021-02-01 17:28:06: 176,860,615 states generated (1,254,289 s/min), 11,660,783 distinct states found (41,802 ds/min), 2,560,008 states left on queue.
Progress(16) at 2021-02-01 17:29:06: 178,261,905 states generated (1,401,290 s/min), 11,707,084 distinct states found (46,301 ds/min), 2,533,511 states left on queue.
Progress(16) at 2021-02-01 17:30:06: 179,536,308 states generated (1,274,403 s/min), 11,765,119 distinct states found (58,035 ds/min), 2,529,747 states left on queue.
Progress(16) at 2021-02-01 17:31:06: 180,885,089 states generated (1,348,781 s/min), 11,826,309 distinct states found (61,190 ds/min), 2,523,083 states left on queue.
Progress(16) at 2021-02-01 17:32:06: 182,096,876 states generated (1,211,787 s/min), 11,878,529 distinct states found (52,220 ds/min), 2,513,718 states left on queue.
Progress(16) at 2021-02-01 17:33:06: 183,192,165 states generated (1,095,289 s/min), 11,933,647 distinct states found (55,118 ds/min), 2,515,172 states left on queue.
Progress(16) at 2021-02-01 17:34:06: 183,962,703 states generated (770,538 s/min), 11,969,289 distinct states found (35,642 ds/min), 2,516,002 states left on queue.
Progress(16) at 2021-02-01 17:35:06: 184,720,967 states generated (758,264 s/min), 11,999,237 distinct states found (29,948 ds/min), 2,513,160 states left on queue.
Progress(16) at 2021-02-01 17:36:06: 185,623,765 states generated (902,798 s/min), 12,037,920 distinct states found (38,683 ds/min), 2,507,567 states left on queue.
Progress(16) at 2021-02-01 17:37:06: 186,843,938 states generated (1,220,173 s/min), 12,092,959 distinct states found (55,039 ds/min), 2,500,015 states left on queue.
Progress(16) at 2021-02-01 17:38:06: 188,261,112 states generated (1,417,174 s/min), 12,175,497 distinct states found (82,538 ds/min), 2,508,565 states left on queue.
Progress(16) at 2021-02-01 17:39:06: 189,663,427 states generated (1,402,315 s/min), 12,260,140 distinct states found (84,643 ds/min), 2,520,783 states left on queue.
Progress(16) at 2021-02-01 17:40:06: 190,979,986 states generated (1,316,559 s/min), 12,328,796 distinct states found (68,656 ds/min), 2,522,088 states left on queue.
Progress(16) at 2021-02-01 17:41:06: 192,287,295 states generated (1,307,309 s/min), 12,397,757 distinct states found (68,961 ds/min), 2,525,680 states left on queue.
Progress(16) at 2021-02-01 17:42:06: 193,392,166 states generated (1,104,871 s/min), 12,457,717 distinct states found (59,960 ds/min), 2,529,494 states left on queue.
Progress(16) at 2021-02-01 17:43:06: 194,467,754 states generated (1,075,588 s/min), 12,504,156 distinct states found (46,439 ds/min), 2,521,468 states left on queue.
Progress(16) at 2021-02-01 17:44:06: 195,629,753 states generated (1,161,999 s/min), 12,543,151 distinct states found (38,995 ds/min), 2,503,722 states left on queue.
Progress(16) at 2021-02-01 17:45:06: 196,821,810 states generated (1,192,057 s/min), 12,600,806 distinct states found (57,655 ds/min), 2,501,787 states left on queue.
Progress(16) at 2021-02-01 17:46:06: 197,926,898 states generated (1,105,088 s/min), 12,650,809 distinct states found (50,003 ds/min), 2,498,972 states left on queue.
Progress(16) at 2021-02-01 17:47:06: 199,035,856 states generated (1,108,958 s/min), 12,698,576 distinct states found (47,767 ds/min), 2,494,700 states left on queue.
Progress(16) at 2021-02-01 17:48:06: 199,915,045 states generated (879,189 s/min), 12,733,342 distinct states found (34,766 ds/min), 2,490,240 states left on queue.
Checkpointing of run states/21-02-01-15-18-58
Checkpointing completed at (2021-02-01 17:49:07)
Progress(16) at 2021-02-01 17:49:07: 200,819,083 states generated (904,038 s/min), 12,775,788 distinct states found (42,446 ds/min), 2,489,028 states left on queue.
Progress(16) at 2021-02-01 17:50:07: 201,453,846 states generated (634,763 s/min), 12,802,750 distinct states found (26,962 ds/min), 2,487,110 states left on queue.
Progress(16) at 2021-02-01 17:51:07: 202,039,458 states generated (585,612 s/min), 12,827,314 distinct states found (24,564 ds/min), 2,485,921 states left on queue.
Progress(16) at 2021-02-01 17:52:07: 202,771,843 states generated (732,385 s/min), 12,854,490 distinct states found (27,176 ds/min), 2,478,909 states left on queue.
Progress(16) at 2021-02-01 17:53:07: 203,750,829 states generated (978,986 s/min), 12,895,707 distinct states found (41,217 ds/min), 2,472,159 states left on queue.
Progress(16) at 2021-02-01 17:54:07: 204,638,043 states generated (887,214 s/min), 12,945,206 distinct states found (49,499 ds/min), 2,479,082 states left on queue.
Progress(16) at 2021-02-01 17:55:07: 205,722,934 states generated (1,084,891 s/min), 12,985,161 distinct states found (39,955 ds/min), 2,465,732 states left on queue.
Progress(16) at 2021-02-01 17:56:07: 206,814,931 states generated (1,091,997 s/min), 13,026,330 distinct states found (41,169 ds/min), 2,455,092 states left on queue.
Progress(16) at 2021-02-01 17:57:07: 207,619,889 states generated (804,958 s/min), 13,063,951 distinct states found (37,621 ds/min), 2,453,899 states left on queue.
Progress(16) at 2021-02-01 17:58:07: 208,907,804 states generated (1,287,915 s/min), 13,138,349 distinct states found (74,398 ds/min), 2,461,627 states left on queue.
Progress(16) at 2021-02-01 17:59:07: 209,900,971 states generated (993,167 s/min), 13,189,816 distinct states found (51,467 ds/min), 2,462,857 states left on queue.
Progress(16) at 2021-02-01 18:00:07: 211,039,701 states generated (1,138,730 s/min), 13,238,535 distinct states found (48,719 ds/min), 2,454,763 states left on queue.
Progress(16) at 2021-02-01 18:01:07: 211,919,261 states generated (879,560 s/min), 13,279,344 distinct states found (40,809 ds/min), 2,453,188 states left on queue.
Progress(16) at 2021-02-01 18:02:07: 212,529,310 states generated (610,049 s/min), 13,305,875 distinct states found (26,531 ds/min), 2,451,795 states left on queue.
Progress(16) at 2021-02-01 18:03:07: 213,294,142 states generated (764,832 s/min), 13,338,783 distinct states found (32,908 ds/min), 2,449,294 states left on queue.
Progress(17) at 2021-02-01 18:04:07: 214,414,551 states generated (1,120,409 s/min), 13,381,263 distinct states found (42,480 ds/min), 2,433,710 states left on queue.
Progress(17) at 2021-02-01 18:05:07: 215,746,953 states generated (1,332,402 s/min), 13,433,313 distinct states found (52,050 ds/min), 2,412,284 states left on queue.
Progress(17) at 2021-02-01 18:06:07: 217,027,733 states generated (1,280,780 s/min), 13,466,132 distinct states found (32,819 ds/min), 2,378,272 states left on queue.
Progress(17) at 2021-02-01 18:07:07: 217,951,941 states generated (924,208 s/min), 13,496,189 distinct states found (30,057 ds/min), 2,363,656 states left on queue.
Progress(17) at 2021-02-01 18:08:07: 218,991,745 states generated (1,039,804 s/min), 13,532,820 distinct states found (36,631 ds/min), 2,348,195 states left on queue.
Progress(17) at 2021-02-01 18:09:07: 220,315,189 states generated (1,323,444 s/min), 13,585,034 distinct states found (52,214 ds/min), 2,327,681 states left on queue.
Progress(17) at 2021-02-01 18:10:07: 221,859,085 states generated (1,543,896 s/min), 13,648,730 distinct states found (63,696 ds/min), 2,311,284 states left on queue.
Progress(17) at 2021-02-01 18:11:07: 223,260,973 states generated (1,401,888 s/min), 13,718,629 distinct states found (69,899 ds/min), 2,311,715 states left on queue.
Progress(17) at 2021-02-01 18:12:07: 224,459,977 states generated (1,199,004 s/min), 13,777,566 distinct states found (58,937 ds/min), 2,312,779 states left on queue.
Progress(17) at 2021-02-01 18:13:07: 225,599,416 states generated (1,139,439 s/min), 13,839,008 distinct states found (61,442 ds/min), 2,313,085 states left on queue.
Progress(17) at 2021-02-01 18:14:07: 226,677,403 states generated (1,077,987 s/min), 13,880,148 distinct states found (41,140 ds/min), 2,298,909 states left on queue.
Progress(17) at 2021-02-01 18:15:07: 227,841,221 states generated (1,163,818 s/min), 13,915,528 distinct states found (35,380 ds/min), 2,274,858 states left on queue.
Progress(17) at 2021-02-01 18:16:07: 229,070,484 states generated (1,229,263 s/min), 13,948,707 distinct states found (33,179 ds/min), 2,246,391 states left on queue.
Progress(17) at 2021-02-01 18:17:07: 230,208,992 states generated (1,138,508 s/min), 13,995,909 distinct states found (47,202 ds/min), 2,239,882 states left on queue.
Progress(17) at 2021-02-01 18:18:07: 231,364,345 states generated (1,155,353 s/min), 14,041,076 distinct states found (45,167 ds/min), 2,229,167 states left on queue.
Checkpointing of run states/21-02-01-15-18-58
Checkpointing completed at (2021-02-01 18:19:07)
Progress(17) at 2021-02-01 18:19:07: 232,457,583 states generated (1,093,238 s/min), 14,079,068 distinct states found (37,992 ds/min), 2,210,403 states left on queue.
Progress(17) at 2021-02-01 18:20:07: 233,380,423 states generated (922,840 s/min), 14,116,403 distinct states found (37,335 ds/min), 2,204,349 states left on queue.
Progress(17) at 2021-02-01 18:21:07: 234,101,485 states generated (721,062 s/min), 14,145,074 distinct states found (28,671 ds/min), 2,200,343 states left on queue.
Progress(17) at 2021-02-01 18:22:07: 234,764,148 states generated (662,663 s/min), 14,170,725 distinct states found (25,651 ds/min), 2,197,205 states left on queue.
Progress(17) at 2021-02-01 18:23:07: 235,369,587 states generated (605,439 s/min), 14,189,921 distinct states found (19,196 ds/min), 2,190,954 states left on queue.
Progress(17) at 2021-02-01 18:24:07: 236,008,495 states generated (638,908 s/min), 14,211,634 distinct states found (21,713 ds/min), 2,184,441 states left on queue.
Progress(17) at 2021-02-01 18:25:07: 236,967,676 states generated (959,181 s/min), 14,246,808 distinct states found (35,174 ds/min), 2,170,760 states left on queue.
Progress(17) at 2021-02-01 18:26:07: 238,362,810 states generated (1,395,134 s/min), 14,318,873 distinct states found (72,065 ds/min), 2,169,510 states left on queue.
Progress(17) at 2021-02-01 18:27:07: 239,791,058 states generated (1,428,248 s/min), 14,385,827 distinct states found (66,954 ds/min), 2,163,259 states left on queue.
Progress(17) at 2021-02-01 18:28:07: 241,032,204 states generated (1,241,146 s/min), 14,454,666 distinct states found (68,839 ds/min), 2,169,355 states left on queue.
Progress(17) at 2021-02-01 18:29:07: 242,333,157 states generated (1,300,953 s/min), 14,512,438 distinct states found (57,772 ds/min), 2,161,951 states left on queue.
Progress(17) at 2021-02-01 18:30:07: 243,538,039 states generated (1,204,882 s/min), 14,564,083 distinct states found (51,645 ds/min), 2,153,733 states left on queue.
Progress(17) at 2021-02-01 18:31:07: 244,496,685 states generated (958,646 s/min), 14,611,679 distinct states found (47,596 ds/min), 2,152,850 states left on queue.
Progress(17) at 2021-02-01 18:32:07: 245,452,477 states generated (955,792 s/min), 14,644,379 distinct states found (32,700 ds/min), 2,137,916 states left on queue.
Progress(17) at 2021-02-01 18:33:07: 246,611,270 states generated (1,158,793 s/min), 14,683,759 distinct states found (39,380 ds/min), 2,120,597 states left on queue.
Progress(17) at 2021-02-01 18:34:07: 247,571,207 states generated (959,937 s/min), 14,724,815 distinct states found (41,056 ds/min), 2,116,305 states left on queue.
Progress(17) at 2021-02-01 18:35:07: 248,552,717 states generated (981,510 s/min), 14,763,703 distinct states found (38,888 ds/min), 2,109,270 states left on queue.
Progress(17) at 2021-02-01 18:36:07: 249,533,176 states generated (980,459 s/min), 14,799,511 distinct states found (35,808 ds/min), 2,100,934 states left on queue.
Progress(17) at 2021-02-01 18:37:07: 250,219,651 states generated (686,475 s/min), 14,818,856 distinct states found (19,345 ds/min), 2,092,197 states left on queue.
Progress(17) at 2021-02-01 18:38:07: 250,986,928 states generated (767,277 s/min), 14,850,320 distinct states found (31,464 ds/min), 2,087,946 states left on queue.
Progress(17) at 2021-02-01 18:39:07: 251,550,100 states generated (563,172 s/min), 14,870,486 distinct states found (20,166 ds/min), 2,082,216 states left on queue.
Progress(17) at 2021-02-01 18:40:07: 252,082,977 states generated (532,877 s/min), 14,889,052 distinct states found (18,566 ds/min), 2,078,258 states left on queue.
Progress(17) at 2021-02-01 18:41:07: 252,606,037 states generated (523,060 s/min), 14,908,844 distinct states found (19,792 ds/min), 2,075,922 states left on queue.
Progress(17) at 2021-02-01 18:42:07: 253,133,285 states generated (527,248 s/min), 14,922,817 distinct states found (13,973 ds/min), 2,066,773 states left on queue.
Progress(17) at 2021-02-01 18:43:07: 254,230,896 states generated (1,097,611 s/min), 14,964,584 distinct states found (41,767 ds/min), 2,054,684 states left on queue.
Progress(17) at 2021-02-01 18:44:07: 254,972,696 states generated (741,800 s/min), 14,998,880 distinct states found (34,296 ds/min), 2,053,858 states left on queue.
Progress(17) at 2021-02-01 18:45:07: 256,004,889 states generated (1,032,193 s/min), 15,026,845 distinct states found (27,965 ds/min), 2,031,918 states left on queue.
Progress(17) at 2021-02-01 18:46:07: 256,791,935 states generated (787,046 s/min), 15,052,464 distinct states found (25,619 ds/min), 2,023,063 states left on queue.
Progress(17) at 2021-02-01 18:47:07: 257,425,259 states generated (633,324 s/min), 15,077,559 distinct states found (25,095 ds/min), 2,017,968 states left on queue.
Progress(17) at 2021-02-01 18:48:07: 258,690,670 states generated (1,265,411 s/min), 15,142,315 distinct states found (64,756 ds/min), 2,017,334 states left on queue.
Checkpointing of run states/21-02-01-15-18-58
Checkpointing completed at (2021-02-01 18:49:08)
Progress(17) at 2021-02-01 18:49:08: 259,643,407 states generated (952,737 s/min), 15,189,386 distinct states found (47,071 ds/min), 2,015,864 states left on queue.
Progress(17) at 2021-02-01 18:50:08: 260,640,040 states generated (996,633 s/min), 15,224,125 distinct states found (34,739 ds/min), 2,001,546 states left on queue.
Progress(17) at 2021-02-01 18:51:08: 261,494,087 states generated (854,047 s/min), 15,258,527 distinct states found (34,402 ds/min), 1,996,110 states left on queue.
Progress(17) at 2021-02-01 18:52:08: 262,076,200 states generated (582,113 s/min), 15,281,662 distinct states found (23,135 ds/min), 1,992,068 states left on queue.
Progress(17) at 2021-02-01 18:53:08: 262,557,035 states generated (480,835 s/min), 15,297,230 distinct states found (15,568 ds/min), 1,986,790 states left on queue.
Progress(17) at 2021-02-01 18:54:08: 263,254,260 states generated (697,225 s/min), 15,322,201 distinct states found (24,971 ds/min), 1,979,626 states left on queue.
Progress(18) at 2021-02-01 18:55:08: 264,265,250 states generated (1,010,990 s/min), 15,353,847 distinct states found (31,646 ds/min), 1,960,810 states left on queue.
Progress(18) at 2021-02-01 18:56:08: 265,398,526 states generated (1,133,276 s/min), 15,383,785 distinct states found (29,938 ds/min), 1,930,115 states left on queue.
Progress(18) at 2021-02-01 18:57:08: 266,205,455 states generated (806,929 s/min), 15,402,086 distinct states found (18,301 ds/min), 1,912,660 states left on queue.
Progress(18) at 2021-02-01 18:58:08: 267,021,668 states generated (816,213 s/min), 15,423,266 distinct states found (21,180 ds/min), 1,895,652 states left on queue.
Progress(18) at 2021-02-01 18:59:08: 268,212,974 states generated (1,191,306 s/min), 15,458,234 distinct states found (34,968 ds/min), 1,866,618 states left on queue.
Progress(18) at 2021-02-01 19:00:08: 269,662,403 states generated (1,449,429 s/min), 15,517,751 distinct states found (59,517 ds/min), 1,852,854 states left on queue.
Progress(18) at 2021-02-01 19:01:08: 270,934,082 states generated (1,271,679 s/min), 15,576,395 distinct states found (58,644 ds/min), 1,849,972 states left on queue.
Progress(18) at 2021-02-01 19:02:08: 271,989,242 states generated (1,055,160 s/min), 15,622,869 distinct states found (46,474 ds/min), 1,845,364 states left on queue.
Progress(18) at 2021-02-01 19:03:08: 273,067,509 states generated (1,078,267 s/min), 15,666,559 distinct states found (43,690 ds/min), 1,831,504 states left on queue.
Progress(18) at 2021-02-01 19:04:08: 273,962,581 states generated (895,072 s/min), 15,693,772 distinct states found (27,213 ds/min), 1,814,220 states left on queue.
Progress(18) at 2021-02-01 19:05:08: 275,025,071 states generated (1,062,490 s/min), 15,717,408 distinct states found (23,636 ds/min), 1,786,784 states left on queue.
Progress(18) at 2021-02-01 19:06:08: 276,043,413 states generated (1,018,342 s/min), 15,750,478 distinct states found (33,070 ds/min), 1,771,875 states left on queue.
Progress(18) at 2021-02-01 19:07:08: 277,053,913 states generated (1,010,500 s/min), 15,788,262 distinct states found (37,784 ds/min), 1,763,897 states left on queue.
Progress(18) at 2021-02-01 19:08:08: 277,997,957 states generated (944,044 s/min), 15,813,557 distinct states found (25,295 ds/min), 1,740,731 states left on queue.
Progress(18) at 2021-02-01 19:09:08: 278,751,776 states generated (753,819 s/min), 15,836,883 distinct states found (23,326 ds/min), 1,730,031 states left on queue.
Progress(18) at 2021-02-01 19:10:08: 279,408,456 states generated (656,680 s/min), 15,858,000 distinct states found (21,117 ds/min), 1,722,465 states left on queue.
Progress(18) at 2021-02-01 19:11:08: 279,872,286 states generated (463,830 s/min), 15,871,437 distinct states found (13,437 ds/min), 1,718,111 states left on queue.
Progress(18) at 2021-02-01 19:12:08: 280,422,196 states generated (549,910 s/min), 15,889,085 distinct states found (17,648 ds/min), 1,712,966 states left on queue.
Progress(18) at 2021-02-01 19:13:08: 280,924,580 states generated (502,384 s/min), 15,900,892 distinct states found (11,807 ds/min), 1,705,561 states left on queue.
Progress(18) at 2021-02-01 19:14:08: 281,483,599 states generated (559,019 s/min), 15,915,742 distinct states found (14,850 ds/min), 1,696,273 states left on queue.
Progress(18) at 2021-02-01 19:15:08: 282,470,525 states generated (986,926 s/min), 15,948,116 distinct states found (32,374 ds/min), 1,679,035 states left on queue.
Progress(18) at 2021-02-01 19:16:08: 283,686,979 states generated (1,216,454 s/min), 15,999,397 distinct states found (51,281 ds/min), 1,667,731 states left on queue.
Progress(18) at 2021-02-01 19:17:08: 284,994,994 states generated (1,308,015 s/min), 16,062,519 distinct states found (63,122 ds/min), 1,664,872 states left on queue.
Progress(18) at 2021-02-01 19:18:08: 286,105,663 states generated (1,110,669 s/min), 16,114,895 distinct states found (52,376 ds/min), 1,662,500 states left on queue.
Checkpointing of run states/21-02-01-15-18-58
Checkpointing completed at (2021-02-01 19:19:08)
Progress(18) at 2021-02-01 19:19:08: 287,349,530 states generated (1,243,867 s/min), 16,163,070 distinct states found (48,175 ds/min), 1,648,959 states left on queue.
Progress(18) at 2021-02-01 19:20:08: 288,442,627 states generated (1,093,097 s/min), 16,205,278 distinct states found (42,208 ds/min), 1,637,564 states left on queue.
Progress(18) at 2021-02-01 19:21:08: 289,313,485 states generated (870,858 s/min), 16,241,521 distinct states found (36,243 ds/min), 1,630,163 states left on queue.
Progress(18) at 2021-02-01 19:22:08: 290,221,540 states generated (908,055 s/min), 16,267,256 distinct states found (25,735 ds/min), 1,611,244 states left on queue.
Progress(18) at 2021-02-01 19:23:08: 291,165,672 states generated (944,132 s/min), 16,300,436 distinct states found (33,180 ds/min), 1,599,735 states left on queue.
Progress(18) at 2021-02-01 19:24:08: 291,873,172 states generated (707,500 s/min), 16,323,894 distinct states found (23,458 ds/min), 1,593,235 states left on queue.
Progress(18) at 2021-02-01 19:25:08: 292,847,698 states generated (974,526 s/min), 16,358,262 distinct states found (34,368 ds/min), 1,581,453 states left on queue.
Progress(18) at 2021-02-01 19:26:08: 293,605,602 states generated (757,904 s/min), 16,377,278 distinct states found (19,016 ds/min), 1,571,657 states left on queue.
Progress(18) at 2021-02-01 19:27:08: 294,165,828 states generated (560,226 s/min), 16,392,132 distinct states found (14,854 ds/min), 1,563,663 states left on queue.
Progress(18) at 2021-02-01 19:28:08: 294,781,451 states generated (615,623 s/min), 16,412,280 distinct states found (20,148 ds/min), 1,556,595 states left on queue.
Progress(18) at 2021-02-01 19:29:08: 295,234,526 states generated (453,075 s/min), 16,425,952 distinct states found (13,672 ds/min), 1,550,641 states left on queue.
Progress(18) at 2021-02-01 19:30:08: 295,660,853 states generated (426,327 s/min), 16,437,905 distinct states found (11,953 ds/min), 1,545,610 states left on queue.
Progress(18) at 2021-02-01 19:31:08: 296,111,774 states generated (450,921 s/min), 16,451,456 distinct states found (13,551 ds/min), 1,541,311 states left on queue.
Progress(18) at 2021-02-01 19:32:08: 296,582,782 states generated (471,008 s/min), 16,460,607 distinct states found (9,151 ds/min), 1,531,955 states left on queue.
Progress(18) at 2021-02-01 19:33:08: 297,563,607 states generated (980,825 s/min), 16,496,737 distinct states found (36,130 ds/min), 1,521,611 states left on queue.
Progress(18) at 2021-02-01 19:34:08: 298,447,964 states generated (884,357 s/min), 16,520,780 distinct states found (24,043 ds/min), 1,502,638 states left on queue.
Progress(18) at 2021-02-01 19:35:08: 299,207,833 states generated (759,869 s/min), 16,540,317 distinct states found (19,537 ds/min), 1,490,741 states left on queue.
Progress(18) at 2021-02-01 19:36:08: 299,587,080 states generated (379,247 s/min), 16,550,940 distinct states found (10,623 ds/min), 1,485,165 states left on queue.
Progress(18) at 2021-02-01 19:37:08: 300,665,921 states generated (1,078,841 s/min), 16,596,127 distinct states found (45,187 ds/min), 1,475,305 states left on queue.
Progress(18) at 2021-02-01 19:38:08: 301,629,164 states generated (963,243 s/min), 16,640,601 distinct states found (44,474 ds/min), 1,470,632 states left on queue.
Progress(18) at 2021-02-01 19:39:08: 302,520,074 states generated (890,910 s/min), 16,669,369 distinct states found (28,768 ds/min), 1,455,140 states left on queue.
Progress(18) at 2021-02-01 19:40:08: 303,315,147 states generated (795,073 s/min), 16,698,535 distinct states found (29,166 ds/min), 1,448,644 states left on queue.
Progress(18) at 2021-02-01 19:41:08: 303,852,567 states generated (537,420 s/min), 16,714,677 distinct states found (16,142 ds/min), 1,441,635 states left on queue.
Progress(18) at 2021-02-01 19:42:08: 304,236,548 states generated (383,981 s/min), 16,726,395 distinct states found (11,718 ds/min), 1,437,171 states left on queue.
Progress(18) at 2021-02-01 19:43:08: 304,728,352 states generated (491,804 s/min), 16,739,304 distinct states found (12,909 ds/min), 1,430,376 states left on queue.
Progress(18) at 2021-02-01 19:44:08: 305,354,109 states generated (625,757 s/min), 16,756,940 distinct states found (17,636 ds/min), 1,420,101 states left on queue.
Progress(19) at 2021-02-01 19:45:08: 306,401,364 states generated (1,047,255 s/min), 16,780,657 distinct states found (23,717 ds/min), 1,391,899 states left on queue.
Progress(19) at 2021-02-01 19:46:08: 307,052,725 states generated (651,361 s/min), 16,790,085 distinct states found (9,428 ds/min), 1,376,001 states left on queue.
Progress(19) at 2021-02-01 19:47:08: 307,814,411 states generated (761,686 s/min), 16,806,735 distinct states found (16,650 ds/min), 1,356,715 states left on queue.
Progress(19) at 2021-02-01 19:48:08: 309,198,141 states generated (1,383,730 s/min), 16,855,521 distinct states found (48,786 ds/min), 1,337,193 states left on queue.
Checkpointing of run states/21-02-01-15-18-58
Checkpointing completed at (2021-02-01 19:49:08)
Progress(19) at 2021-02-01 19:49:08: 310,401,770 states generated (1,203,629 s/min), 16,907,026 distinct states found (51,505 ds/min), 1,331,326 states left on queue.
Progress(19) at 2021-02-01 19:50:08: 311,374,038 states generated (972,268 s/min), 16,943,908 distinct states found (36,882 ds/min), 1,321,050 states left on queue.
Progress(19) at 2021-02-01 19:51:08: 312,334,888 states generated (960,850 s/min), 16,975,323 distinct states found (31,415 ds/min), 1,303,243 states left on queue.
Progress(19) at 2021-02-01 19:52:08: 313,228,956 states generated (894,068 s/min), 16,993,725 distinct states found (18,402 ds/min), 1,279,591 states left on queue.
Progress(19) at 2021-02-01 19:53:08: 314,030,014 states generated (801,058 s/min), 17,014,862 distinct states found (21,137 ds/min), 1,265,992 states left on queue.
Progress(19) at 2021-02-01 19:54:08: 314,891,749 states generated (861,735 s/min), 17,042,186 distinct states found (27,324 ds/min), 1,255,896 states left on queue.
Progress(19) at 2021-02-01 19:55:08: 315,597,837 states generated (706,088 s/min), 17,055,783 distinct states found (13,597 ds/min), 1,237,719 states left on queue.
Progress(19) at 2021-02-01 19:56:08: 316,185,228 states generated (587,391 s/min), 17,069,536 distinct states found (13,753 ds/min), 1,227,193 states left on queue.
Progress(19) at 2021-02-01 19:57:08: 316,691,358 states generated (506,130 s/min), 17,081,578 distinct states found (12,042 ds/min), 1,220,353 states left on queue.
Progress(19) at 2021-02-01 19:58:08: 317,097,256 states generated (405,898 s/min), 17,090,630 distinct states found (9,052 ds/min), 1,215,239 states left on queue.
Progress(19) at 2021-02-01 19:59:08: 317,550,692 states generated (453,436 s/min), 17,101,081 distinct states found (10,451 ds/min), 1,208,774 states left on queue.
Progress(19) at 2021-02-01 20:00:08: 317,962,813 states generated (412,121 s/min), 17,109,866 distinct states found (8,785 ds/min), 1,202,502 states left on queue.
Progress(19) at 2021-02-01 20:01:08: 318,424,778 states generated (461,965 s/min), 17,116,071 distinct states found (6,205 ds/min), 1,192,357 states left on queue.
Progress(19) at 2021-02-01 20:02:08: 319,718,368 states generated (1,293,590 s/min), 17,161,995 distinct states found (45,924 ds/min), 1,170,852 states left on queue.
Progress(19) at 2021-02-01 20:03:08: 320,958,674 states generated (1,240,306 s/min), 17,212,319 distinct states found (50,324 ds/min), 1,160,449 states left on queue.
Progress(19) at 2021-02-01 20:04:08: 322,033,600 states generated (1,074,926 s/min), 17,259,290 distinct states found (46,971 ds/min), 1,156,030 states left on queue.
Progress(19) at 2021-02-01 20:05:08: 323,128,169 states generated (1,094,569 s/min), 17,297,421 distinct states found (38,131 ds/min), 1,141,065 states left on queue.
Progress(19) at 2021-02-01 20:06:08: 324,136,188 states generated (1,008,019 s/min), 17,332,031 distinct states found (34,610 ds/min), 1,126,876 states left on queue.
Progress(19) at 2021-02-01 20:07:08: 324,938,368 states generated (802,180 s/min), 17,360,267 distinct states found (28,236 ds/min), 1,115,572 states left on queue.
Progress(19) at 2021-02-01 20:08:08: 325,788,314 states generated (849,946 s/min), 17,382,977 distinct states found (22,710 ds/min), 1,098,302 states left on queue.
Progress(19) at 2021-02-01 20:09:08: 326,464,233 states generated (675,919 s/min), 17,404,371 distinct states found (21,394 ds/min), 1,090,648 states left on queue.
Progress(19) at 2021-02-01 20:10:08: 327,136,837 states generated (672,604 s/min), 17,421,817 distinct states found (17,446 ds/min), 1,080,467 states left on queue.
Progress(19) at 2021-02-01 20:11:08: 327,896,239 states generated (759,402 s/min), 17,440,560 distinct states found (18,743 ds/min), 1,067,881 states left on queue.
Progress(19) at 2021-02-01 20:12:08: 328,394,751 states generated (498,512 s/min), 17,448,624 distinct states found (8,064 ds/min), 1,059,921 states left on queue.
Progress(19) at 2021-02-01 20:13:08: 328,885,819 states generated (491,068 s/min), 17,461,787 distinct states found (13,163 ds/min), 1,053,352 states left on queue.
Progress(19) at 2021-02-01 20:14:08: 329,266,180 states generated (380,361 s/min), 17,470,492 distinct states found (8,705 ds/min), 1,046,785 states left on queue.
Progress(19) at 2021-02-01 20:15:08: 329,636,290 states generated (370,110 s/min), 17,479,215 distinct states found (8,723 ds/min), 1,041,337 states left on queue.
Progress(19) at 2021-02-01 20:16:08: 330,017,612 states generated (381,322 s/min), 17,487,833 distinct states found (8,618 ds/min), 1,036,038 states left on queue.
Progress(19) at 2021-02-01 20:17:08: 330,671,632 states generated (654,020 s/min), 17,503,794 distinct states found (15,961 ds/min), 1,024,391 states left on queue.
Progress(19) at 2021-02-01 20:18:08: 331,449,554 states generated (777,922 s/min), 17,526,702 distinct states found (22,908 ds/min), 1,011,500 states left on queue.
Checkpointing of run states/21-02-01-15-18-58
Checkpointing completed at (2021-02-01 20:19:09)
Progress(19) at 2021-02-01 20:19:09: 332,089,272 states generated (639,718 s/min), 17,539,123 distinct states found (12,421 ds/min), 999,996 states left on queue.
Progress(19) at 2021-02-01 20:20:09: 332,392,452 states generated (303,180 s/min), 17,545,616 distinct states found (6,493 ds/min), 994,667 states left on queue.
Progress(19) at 2021-02-01 20:21:09: 333,320,046 states generated (927,594 s/min), 17,580,208 distinct states found (34,592 ds/min), 982,971 states left on queue.
Progress(19) at 2021-02-01 20:22:09: 334,201,224 states generated (881,178 s/min), 17,615,557 distinct states found (35,349 ds/min), 974,209 states left on queue.
Progress(19) at 2021-02-01 20:23:09: 334,933,423 states generated (732,199 s/min), 17,636,857 distinct states found (21,300 ds/min), 960,869 states left on queue.
Progress(19) at 2021-02-01 20:24:09: 335,573,139 states generated (639,716 s/min), 17,654,144 distinct states found (17,287 ds/min), 951,856 states left on queue.
Progress(19) at 2021-02-01 20:25:09: 335,941,305 states generated (368,166 s/min), 17,662,891 distinct states found (8,747 ds/min), 946,627 states left on queue.
Progress(19) at 2021-02-01 20:26:09: 336,253,053 states generated (311,748 s/min), 17,670,786 distinct states found (7,895 ds/min), 942,246 states left on queue.
Progress(19) at 2021-02-01 20:27:09: 336,789,608 states generated (536,555 s/min), 17,684,005 distinct states found (13,219 ds/min), 933,722 states left on queue.
Progress(20) at 2021-02-01 20:28:09: 337,477,962 states generated (688,354 s/min), 17,697,338 distinct states found (13,333 ds/min), 917,913 states left on queue.
Progress(20) at 2021-02-01 20:29:09: 338,023,266 states generated (545,304 s/min), 17,702,476 distinct states found (5,138 ds/min), 907,125 states left on queue.
Progress(20) at 2021-02-01 20:30:09: 339,079,320 states generated (1,056,054 s/min), 17,730,118 distinct states found (27,642 ds/min), 884,584 states left on queue.
Progress(20) at 2021-02-01 20:31:09: 340,143,925 states generated (1,064,605 s/min), 17,775,535 distinct states found (45,417 ds/min), 880,161 states left on queue.
Progress(20) at 2021-02-01 20:32:09: 341,069,739 states generated (925,814 s/min), 17,807,451 distinct states found (31,916 ds/min), 868,346 states left on queue.
Progress(20) at 2021-02-01 20:33:09: 341,927,532 states generated (857,793 s/min), 17,830,477 distinct states found (23,026 ds/min), 849,429 states left on queue.
Progress(20) at 2021-02-01 20:34:09: 342,616,222 states generated (688,690 s/min), 17,843,936 distinct states found (13,459 ds/min), 834,923 states left on queue.
Progress(20) at 2021-02-01 20:35:09: 343,203,510 states generated (587,288 s/min), 17,858,075 distinct states found (14,139 ds/min), 826,375 states left on queue.
Progress(20) at 2021-02-01 20:36:09: 343,827,251 states generated (623,741 s/min), 17,868,887 distinct states found (10,812 ds/min), 812,971 states left on queue.
Progress(20) at 2021-02-01 20:37:09: 344,293,649 states generated (466,398 s/min), 17,875,882 distinct states found (6,995 ds/min), 803,477 states left on queue.
Progress(20) at 2021-02-01 20:38:09: 344,684,839 states generated (391,190 s/min), 17,881,914 distinct states found (6,032 ds/min), 798,405 states left on queue.
Progress(20) at 2021-02-01 20:39:09: 345,057,364 states generated (372,525 s/min), 17,888,296 distinct states found (6,382 ds/min), 793,053 states left on queue.
Progress(20) at 2021-02-01 20:40:09: 345,402,479 states generated (345,115 s/min), 17,893,193 distinct states found (4,897 ds/min), 787,315 states left on queue.
Progress(20) at 2021-02-01 20:41:09: 345,744,283 states generated (341,804 s/min), 17,896,571 distinct states found (3,378 ds/min), 781,234 states left on queue.
Progress(20) at 2021-02-01 20:42:09: 346,841,985 states generated (1,097,702 s/min), 17,925,899 distinct states found (29,328 ds/min), 756,910 states left on queue.
Progress(20) at 2021-02-01 20:43:09: 347,893,054 states generated (1,051,069 s/min), 17,970,305 distinct states found (44,406 ds/min), 750,565 states left on queue.
Progress(20) at 2021-02-01 20:44:09: 348,766,130 states generated (873,076 s/min), 18,003,158 distinct states found (32,853 ds/min), 743,803 states left on queue.
Progress(20) at 2021-02-01 20:45:09: 349,727,966 states generated (961,836 s/min), 18,033,498 distinct states found (30,340 ds/min), 728,354 states left on queue.
Progress(20) at 2021-02-01 20:46:09: 350,593,171 states generated (865,205 s/min), 18,061,680 distinct states found (28,182 ds/min), 715,634 states left on queue.
Progress(20) at 2021-02-01 20:47:09: 351,244,621 states generated (651,450 s/min), 18,076,783 distinct states found (15,103 ds/min), 701,249 states left on queue.
Progress(20) at 2021-02-01 20:48:09: 351,819,327 states generated (574,706 s/min), 18,092,131 distinct states found (15,348 ds/min), 692,597 states left on queue.
Checkpointing of run states/21-02-01-15-18-58
Checkpointing completed at (2021-02-01 20:49:09)
Progress(20) at 2021-02-01 20:49:09: 352,356,712 states generated (537,385 s/min), 18,102,002 distinct states found (9,871 ds/min), 684,135 states left on queue.
Progress(20) at 2021-02-01 20:50:09: 352,984,538 states generated (627,826 s/min), 18,114,008 distinct states found (12,006 ds/min), 673,295 states left on queue.
Progress(20) at 2021-02-01 20:51:09: 353,390,096 states generated (405,558 s/min), 18,119,058 distinct states found (5,050 ds/min), 666,967 states left on queue.
Progress(20) at 2021-02-01 20:52:09: 353,775,263 states generated (385,167 s/min), 18,126,572 distinct states found (7,514 ds/min), 659,933 states left on queue.
Progress(20) at 2021-02-01 20:53:09: 354,092,743 states generated (317,480 s/min), 18,132,264 distinct states found (5,692 ds/min), 654,625 states left on queue.
Progress(20) at 2021-02-01 20:54:09: 354,378,701 states generated (285,958 s/min), 18,136,816 distinct states found (4,552 ds/min), 649,646 states left on queue.
Progress(20) at 2021-02-01 20:55:09: 355,075,977 states generated (697,276 s/min), 18,155,459 distinct states found (18,643 ds/min), 639,754 states left on queue.
Progress(20) at 2021-02-01 20:56:09: 355,679,856 states generated (603,879 s/min), 18,166,258 distinct states found (10,799 ds/min), 627,824 states left on queue.
Progress(20) at 2021-02-01 20:57:09: 355,956,430 states generated (276,574 s/min), 18,169,607 distinct states found (3,349 ds/min), 623,691 states left on queue.
Progress(20) at 2021-02-01 20:58:09: 356,829,110 states generated (872,680 s/min), 18,200,461 distinct states found (30,854 ds/min), 611,036 states left on queue.
Progress(20) at 2021-02-01 20:59:09: 357,572,679 states generated (743,569 s/min), 18,224,649 distinct states found (24,188 ds/min), 599,578 states left on queue.
Progress(20) at 2021-02-01 21:00:09: 358,140,978 states generated (568,299 s/min), 18,238,051 distinct states found (13,402 ds/min), 589,848 states left on queue.
Progress(20) at 2021-02-01 21:01:09: 358,516,766 states generated (375,788 s/min), 18,243,523 distinct states found (5,472 ds/min), 584,092 states left on queue.
Progress(20) at 2021-02-01 21:02:09: 358,801,283 states generated (284,517 s/min), 18,249,078 distinct states found (5,555 ds/min), 579,568 states left on queue.
Progress(20) at 2021-02-01 21:03:09: 359,281,293 states generated (480,010 s/min), 18,259,194 distinct states found (10,116 ds/min), 572,522 states left on queue.
Progress(21) at 2021-02-01 21:04:09: 359,834,147 states generated (552,854 s/min), 18,265,591 distinct states found (6,397 ds/min), 562,569 states left on queue.
Progress(21) at 2021-02-01 21:05:09: 360,801,728 states generated (967,581 s/min), 18,293,571 distinct states found (27,980 ds/min), 547,230 states left on queue.
Progress(21) at 2021-02-01 21:06:09: 361,728,988 states generated (927,260 s/min), 18,328,003 distinct states found (34,432 ds/min), 539,165 states left on queue.
Progress(21) at 2021-02-01 21:07:09: 362,587,160 states generated (858,172 s/min), 18,353,620 distinct states found (25,617 ds/min), 524,069 states left on queue.
Progress(21) at 2021-02-01 21:08:09: 363,090,526 states generated (503,366 s/min), 18,360,287 distinct states found (6,667 ds/min), 514,838 states left on queue.
Progress(21) at 2021-02-01 21:09:09: 363,621,661 states generated (531,135 s/min), 18,369,278 distinct states found (8,991 ds/min), 505,246 states left on queue.
Progress(21) at 2021-02-01 21:10:09: 364,077,143 states generated (455,482 s/min), 18,373,107 distinct states found (3,829 ds/min), 496,693 states left on queue.
Progress(21) at 2021-02-01 21:11:09: 364,415,296 states generated (338,153 s/min), 18,375,942 distinct states found (2,835 ds/min), 492,134 states left on queue.
Progress(21) at 2021-02-01 21:12:09: 364,747,237 states generated (331,941 s/min), 18,379,580 distinct states found (3,638 ds/min), 486,645 states left on queue.
Progress(21) at 2021-02-01 21:13:09: 365,224,744 states generated (477,507 s/min), 18,387,938 distinct states found (8,358 ds/min), 477,310 states left on queue.
Progress(21) at 2021-02-01 21:14:09: 366,202,244 states generated (977,500 s/min), 18,418,783 distinct states found (30,845 ds/min), 462,621 states left on queue.
Progress(21) at 2021-02-01 21:15:09: 366,980,139 states generated (777,895 s/min), 18,445,731 distinct states found (26,948 ds/min), 454,644 states left on queue.
Progress(21) at 2021-02-01 21:16:09: 367,791,318 states generated (811,179 s/min), 18,470,825 distinct states found (25,094 ds/min), 443,997 states left on queue.
Progress(21) at 2021-02-01 21:17:09: 368,588,638 states generated (797,320 s/min), 18,494,076 distinct states found (23,251 ds/min), 431,041 states left on queue.
Progress(21) at 2021-02-01 21:18:09: 369,136,658 states generated (548,020 s/min), 18,504,659 distinct states found (10,583 ds/min), 419,520 states left on queue.
Checkpointing of run states/21-02-01-15-18-58
Checkpointing completed at (2021-02-01 21:19:09)
Progress(21) at 2021-02-01 21:19:09: 369,573,345 states generated (436,687 s/min), 18,510,085 distinct states found (5,426 ds/min), 412,288 states left on queue.
Progress(21) at 2021-02-01 21:20:09: 370,112,326 states generated (538,981 s/min), 18,517,542 distinct states found (7,457 ds/min), 403,168 states left on queue.
Progress(21) at 2021-02-01 21:21:09: 370,448,174 states generated (335,848 s/min), 18,521,285 distinct states found (3,743 ds/min), 397,224 states left on queue.
Progress(21) at 2021-02-01 21:22:09: 370,730,741 states generated (282,567 s/min), 18,524,214 distinct states found (2,929 ds/min), 392,073 states left on queue.
Progress(21) at 2021-02-01 21:23:09: 371,077,393 states generated (346,652 s/min), 18,529,041 distinct states found (4,827 ds/min), 385,953 states left on queue.
Progress(21) at 2021-02-01 21:24:09: 371,679,543 states generated (602,150 s/min), 18,542,194 distinct states found (13,153 ds/min), 377,315 states left on queue.
Progress(21) at 2021-02-01 21:25:09: 372,054,004 states generated (374,461 s/min), 18,548,343 distinct states found (6,149 ds/min), 372,144 states left on queue.
Progress(21) at 2021-02-01 21:26:09: 372,860,325 states generated (806,321 s/min), 18,573,782 distinct states found (25,439 ds/min), 358,892 states left on queue.
Progress(21) at 2021-02-01 21:27:09: 373,373,854 states generated (513,529 s/min), 18,584,512 distinct states found (10,730 ds/min), 349,760 states left on queue.
Progress(21) at 2021-02-01 21:28:09: 373,714,931 states generated (341,077 s/min), 18,588,710 distinct states found (4,198 ds/min), 344,283 states left on queue.
Progress(21) at 2021-02-01 21:29:09: 374,000,680 states generated (285,749 s/min), 18,593,671 distinct states found (4,961 ds/min), 340,074 states left on queue.
Progress(22) at 2021-02-01 21:30:09: 374,591,479 states generated (590,799 s/min), 18,602,087 distinct states found (8,416 ds/min), 330,502 states left on queue.
Progress(22) at 2021-02-01 21:31:09: 375,345,426 states generated (753,947 s/min), 18,624,184 distinct states found (22,097 ds/min), 320,759 states left on queue.
Progress(22) at 2021-02-01 21:32:09: 376,207,296 states generated (861,870 s/min), 18,652,710 distinct states found (28,526 ds/min), 309,860 states left on queue.
Progress(22) at 2021-02-01 21:33:09: 376,745,376 states generated (538,080 s/min), 18,660,948 distinct states found (8,238 ds/min), 300,785 states left on queue.
Progress(22) at 2021-02-01 21:34:09: 377,185,018 states generated (439,642 s/min), 18,664,595 distinct states found (3,647 ds/min), 292,718 states left on queue.
Progress(22) at 2021-02-01 21:35:09: 377,500,892 states generated (315,874 s/min), 18,665,913 distinct states found (1,318 ds/min), 288,712 states left on queue.
Progress(22) at 2021-02-01 21:36:09: 377,960,939 states generated (460,047 s/min), 18,671,349 distinct states found (5,436 ds/min), 278,434 states left on queue.
Progress(22) at 2021-02-01 21:37:09: 378,724,683 states generated (763,744 s/min), 18,696,158 distinct states found (24,809 ds/min), 269,269 states left on queue.
Progress(22) at 2021-02-01 21:38:09: 379,352,426 states generated (627,743 s/min), 18,713,072 distinct states found (16,914 ds/min), 260,844 states left on queue.
Progress(22) at 2021-02-01 21:39:09: 380,116,368 states generated (763,942 s/min), 18,734,340 distinct states found (21,268 ds/min), 249,273 states left on queue.
Progress(22) at 2021-02-01 21:40:09: 380,648,072 states generated (531,704 s/min), 18,743,889 distinct states found (9,549 ds/min), 238,410 states left on queue.
Progress(22) at 2021-02-01 21:41:09: 381,095,545 states generated (447,473 s/min), 18,747,948 distinct states found (4,059 ds/min), 230,785 states left on queue.
Progress(22) at 2021-02-01 21:42:09: 381,370,575 states generated (275,030 s/min), 18,749,131 distinct states found (1,183 ds/min), 226,745 states left on queue.
Progress(22) at 2021-02-01 21:43:09: 381,689,638 states generated (319,063 s/min), 18,753,380 distinct states found (4,249 ds/min), 221,877 states left on queue.
Progress(22) at 2021-02-01 21:44:09: 382,161,553 states generated (471,915 s/min), 18,759,821 distinct states found (6,441 ds/min), 216,011 states left on queue.
Progress(22) at 2021-02-01 21:45:09: 382,808,095 states generated (646,542 s/min), 18,777,918 distinct states found (18,097 ds/min), 205,190 states left on queue.
Progress(22) at 2021-02-01 21:46:09: 383,255,554 states generated (447,459 s/min), 18,784,059 distinct states found (6,141 ds/min), 197,199 states left on queue.
Progress(22) at 2021-02-01 21:47:09: 383,458,366 states generated (202,812 s/min), 18,785,677 distinct states found (1,618 ds/min), 193,948 states left on queue.
Progress(23) at 2021-02-01 21:48:09: 384,060,204 states generated (601,838 s/min), 18,796,186 distinct states found (10,509 ds/min), 184,699 states left on queue.
Checkpointing of run states/21-02-01-15-18-58
Checkpointing completed at (2021-02-01 21:49:10)
Progress(23) at 2021-02-01 21:49:10: 384,612,719 states generated (552,515 s/min), 18,809,989 distinct states found (13,803 ds/min), 177,361 states left on queue.
Progress(23) at 2021-02-01 21:50:10: 385,312,373 states generated (699,654 s/min), 18,825,868 distinct states found (15,879 ds/min), 165,448 states left on queue.
Progress(23) at 2021-02-01 21:51:10: 385,667,267 states generated (354,894 s/min), 18,826,822 distinct states found (954 ds/min), 160,873 states left on queue.
Progress(23) at 2021-02-01 21:52:10: 386,263,894 states generated (596,627 s/min), 18,840,544 distinct states found (13,722 ds/min), 150,621 states left on queue.
Progress(23) at 2021-02-01 21:53:10: 386,812,580 states generated (548,686 s/min), 18,852,934 distinct states found (12,390 ds/min), 141,848 states left on queue.
Progress(23) at 2021-02-01 21:54:10: 387,447,712 states generated (635,132 s/min), 18,867,497 distinct states found (14,563 ds/min), 131,322 states left on queue.
Progress(23) at 2021-02-01 21:55:10: 387,898,667 states generated (450,955 s/min), 18,871,238 distinct states found (3,741 ds/min), 123,101 states left on queue.
Progress(23) at 2021-02-01 21:56:10: 388,238,458 states generated (339,791 s/min), 18,875,287 distinct states found (4,049 ds/min), 118,502 states left on queue.
Progress(23) at 2021-02-01 21:57:10: 388,724,132 states generated (485,674 s/min), 18,884,038 distinct states found (8,751 ds/min), 111,376 states left on queue.
Progress(23) at 2021-02-01 21:58:10: 389,108,151 states generated (384,019 s/min), 18,889,308 distinct states found (5,270 ds/min), 104,484 states left on queue.
Progress(24) at 2021-02-01 21:59:10: 389,535,717 states generated (427,566 s/min), 18,894,271 distinct states found (4,963 ds/min), 98,084 states left on queue.
Progress(24) at 2021-02-01 22:00:10: 389,982,938 states generated (447,221 s/min), 18,901,877 distinct states found (7,606 ds/min), 90,844 states left on queue.
Progress(24) at 2021-02-01 22:01:10: 390,541,931 states generated (558,993 s/min), 18,908,906 distinct states found (7,029 ds/min), 79,987 states left on queue.
Progress(24) at 2021-02-01 22:02:10: 391,045,500 states generated (503,569 s/min), 18,919,494 distinct states found (10,588 ds/min), 70,144 states left on queue.
Progress(24) at 2021-02-01 22:03:10: 391,626,395 states generated (580,895 s/min), 18,927,982 distinct states found (8,488 ds/min), 58,461 states left on queue.
Progress(24) at 2021-02-01 22:04:10: 392,030,843 states generated (404,448 s/min), 18,931,314 distinct states found (3,332 ds/min), 53,143 states left on queue.
Progress(25) at 2021-02-01 22:05:10: 392,466,482 states generated (435,639 s/min), 18,936,889 distinct states found (5,575 ds/min), 45,786 states left on queue.
Progress(25) at 2021-02-01 22:06:10: 392,884,022 states generated (417,540 s/min), 18,940,312 distinct states found (3,423 ds/min), 39,080 states left on queue.
Progress(25) at 2021-02-01 22:07:10: 393,351,665 states generated (467,643 s/min), 18,945,397 distinct states found (5,085 ds/min), 27,853 states left on queue.
Progress(25) at 2021-02-01 22:08:10: 393,840,402 states generated (488,737 s/min), 18,949,808 distinct states found (4,411 ds/min), 18,643 states left on queue.
Progress(26) at 2021-02-01 22:09:10: 394,281,113 states generated (440,711 s/min), 18,952,597 distinct states found (2,789 ds/min), 11,073 states left on queue.
Progress(27) at 2021-02-01 22:10:10: 394,735,078 states generated (453,965 s/min), 18,954,955 distinct states found (2,358 ds/min), 2,095 states left on queue.
Model checking completed. No error has been found.
  Estimates of the probability that TLC did not check all reachable states
  because two distinct states had the same fingerprint:
  calculated (optimistic):  val = 3.9E-4
  based on the actual fingerprints:  val = 1.2E-5
394848061 states generated, 18955578 distinct states found, 0 states left on queue.
The depth of the complete state graph search is 29.
The average outdegree of the complete state graph is 1 (minimum is 0, the maximum 21 and the 95th percentile is 4).
Finished in 06h 51min at (2021-02-01 22:10:35)
