Git Revision: 5fe1f37
Platform: Linux login-faculty.ccs.neu.edu 3.10.0-1127.19.1.el7.x86_64 #1 SMP Tue Aug 25 17:23:54 UTC 2020 x86_64 x86_64 x86_64 GNU/Linux
CPU Info Linux: model name	: Intel(R) Xeon(R) Gold 5118 CPU @ 2.30GHz
CPU Cores Linux: 48
CPU Info Mac: 
CPU Cores Mac: 
Spec: MCMongoRaftReconfig.tla
Config: models/MCMongoRaftReconfig_4Servers-L2-T3-CV3.cfg
----
SPECIFICATION Spec
CONSTANTS 
Nil = Nil
Server = {n1, n2, n3, n4}
Secondary = Secondary
Primary = Primary
MaxLogLen = 2
MaxTerm = 3
MaxConfigVersion = 3
CONSTRAINT StateConstraint
INVARIANT StateMachineSafety
SYMMETRY ServerSymmetry
VIEW viewNoElections
----

TLC2 Version 2.15 of Day Month 20?? (rev: adc67eb)
Running breadth-first search Model-Checking with fp 18 and seed -3589590610369677687 with 20 workers on 48 cores with 27305MB heap and 4096MB offheap memory (Linux 3.10.0-1127.19.1.el7.x86_64 amd64, Oracle Corporation 1.8.0_262 x86_64, OffHeapDiskFPSet, DiskStateQueue).
Parsing file /home/williamjschultz/logless-reconfig/refinement/MCMongoRaftReconfig.tla
Parsing file /tmp/TLC.tla
Parsing file /home/williamjschultz/logless-reconfig/refinement/MongoRaftReconfig.tla
Parsing file /tmp/Naturals.tla
Parsing file /tmp/Integers.tla
Parsing file /tmp/FiniteSets.tla
Parsing file /tmp/Sequences.tla
Parsing file /home/williamjschultz/logless-reconfig/refinement/MongoLoglessDynamicRaft.tla
Parsing file /home/williamjschultz/logless-reconfig/refinement/MongoStaticRaft.tla
Parsing file /home/williamjschultz/logless-reconfig/refinement/MongoWeakRaft.tla
Semantic processing of module Naturals
Semantic processing of module Sequences
Semantic processing of module FiniteSets
Semantic processing of module TLC
Semantic processing of module Integers
Semantic processing of module MongoLoglessDynamicRaft
Semantic processing of module MongoWeakRaft
Semantic processing of module MongoStaticRaft
Semantic processing of module MongoRaftReconfig
Semantic processing of module MCMongoRaftReconfig
Starting... (2021-01-30 19:11:33)
Computing initial states...
Computed 2 initial states...
Computed 4 initial states...
Computed 8 initial states...
Finished computing initial states: 15 states generated, with 4 of them distinct at 2021-01-30 19:11:34.
Progress(9) at 2021-01-30 19:11:37: 277,887 states generated (277,887 s/min), 69,440 distinct states found (69,440 ds/min), 55,158 states left on queue.
Progress(12) at 2021-01-30 19:12:37: 12,697,811 states generated (12,419,924 s/min), 2,165,816 distinct states found (2,096,376 ds/min), 1,517,313 states left on queue.
Progress(12) at 2021-01-30 19:13:37: 25,558,164 states generated (12,860,353 s/min), 4,007,108 distinct states found (1,841,292 ds/min), 2,702,117 states left on queue.
Progress(12) at 2021-01-30 19:14:37: 38,359,342 states generated (12,801,178 s/min), 5,658,274 distinct states found (1,651,166 ds/min), 3,699,997 states left on queue.
Progress(13) at 2021-01-30 19:15:37: 51,194,035 states generated (12,834,693 s/min), 7,264,770 distinct states found (1,606,496 ds/min), 4,661,417 states left on queue.
Progress(13) at 2021-01-30 19:16:37: 63,846,370 states generated (12,652,335 s/min), 8,751,394 distinct states found (1,486,624 ds/min), 5,513,376 states left on queue.
Progress(13) at 2021-01-30 19:17:37: 76,958,169 states generated (13,111,799 s/min), 10,261,422 distinct states found (1,510,028 ds/min), 6,342,546 states left on queue.
Progress(13) at 2021-01-30 19:18:37: 89,970,656 states generated (13,012,487 s/min), 11,729,934 distinct states found (1,468,512 ds/min), 7,135,968 states left on queue.
Progress(13) at 2021-01-30 19:19:37: 102,465,896 states generated (12,495,240 s/min), 12,931,307 distinct states found (1,201,373 ds/min), 7,708,943 states left on queue.
Progress(13) at 2021-01-30 19:20:37: 114,776,392 states generated (12,310,496 s/min), 14,258,969 distinct states found (1,327,662 ds/min), 8,416,884 states left on queue.
Progress(14) at 2021-01-30 19:21:37: 127,469,052 states generated (12,692,660 s/min), 15,609,616 distinct states found (1,350,647 ds/min), 9,117,689 states left on queue.
Progress(14) at 2021-01-30 19:22:37: 140,150,037 states generated (12,680,985 s/min), 16,870,471 distinct states found (1,260,855 ds/min), 9,748,829 states left on queue.
Progress(14) at 2021-01-30 19:23:37: 153,012,213 states generated (12,862,176 s/min), 18,122,896 distinct states found (1,252,425 ds/min), 10,350,019 states left on queue.
Progress(14) at 2021-01-30 19:24:37: 166,053,735 states generated (13,041,522 s/min), 19,396,649 distinct states found (1,273,753 ds/min), 10,965,630 states left on queue.
Progress(14) at 2021-01-30 19:25:37: 179,403,373 states generated (13,349,638 s/min), 20,680,692 distinct states found (1,284,043 ds/min), 11,574,324 states left on queue.
Progress(14) at 2021-01-30 19:26:37: 191,947,071 states generated (12,543,698 s/min), 21,901,896 distinct states found (1,221,204 ds/min), 12,169,130 states left on queue.
Progress(14) at 2021-01-30 19:27:37: 205,263,870 states generated (13,316,799 s/min), 23,062,306 distinct states found (1,160,410 ds/min), 12,621,265 states left on queue.
Progress(14) at 2021-01-30 19:28:37: 218,118,532 states generated (12,854,662 s/min), 24,237,087 distinct states found (1,174,781 ds/min), 13,147,551 states left on queue.
Progress(14) at 2021-01-30 19:29:37: 231,149,726 states generated (13,031,194 s/min), 25,359,997 distinct states found (1,122,910 ds/min), 13,598,130 states left on queue.
Progress(14) at 2021-01-30 19:30:37: 242,918,950 states generated (11,769,224 s/min), 26,325,487 distinct states found (965,490 ds/min), 13,984,295 states left on queue.
Progress(14) at 2021-01-30 19:31:37: 255,663,051 states generated (12,744,101 s/min), 27,359,544 distinct states found (1,034,057 ds/min), 14,367,989 states left on queue.
Progress(14) at 2021-01-30 19:32:37: 267,548,488 states generated (11,885,437 s/min), 28,412,651 distinct states found (1,053,107 ds/min), 14,828,715 states left on queue.
Progress(14) at 2021-01-30 19:33:37: 280,037,121 states generated (12,488,633 s/min), 29,588,195 distinct states found (1,175,544 ds/min), 15,371,730 states left on queue.
Progress(15) at 2021-01-30 19:34:37: 292,464,329 states generated (12,427,208 s/min), 30,769,431 distinct states found (1,181,236 ds/min), 15,909,396 states left on queue.
Progress(15) at 2021-01-30 19:35:37: 305,241,321 states generated (12,776,992 s/min), 31,868,984 distinct states found (1,099,553 ds/min), 16,361,899 states left on queue.
Progress(15) at 2021-01-30 19:36:37: 317,712,287 states generated (12,470,966 s/min), 32,829,165 distinct states found (960,181 ds/min), 16,694,936 states left on queue.
Progress(15) at 2021-01-30 19:37:37: 330,106,139 states generated (12,393,852 s/min), 33,799,505 distinct states found (970,340 ds/min), 17,056,507 states left on queue.
Progress(15) at 2021-01-30 19:38:37: 342,166,213 states generated (12,060,074 s/min), 34,810,633 distinct states found (1,011,128 ds/min), 17,455,758 states left on queue.
Progress(15) at 2021-01-30 19:39:37: 354,927,094 states generated (12,760,881 s/min), 35,755,994 distinct states found (945,361 ds/min), 17,757,834 states left on queue.
Progress(15) at 2021-01-30 19:40:37: 366,994,744 states generated (12,067,650 s/min), 36,778,686 distinct states found (1,022,692 ds/min), 18,176,022 states left on queue.
Checkpointing of run states/21-01-30-19-11-33
Checkpointing completed at (2021-01-30 19:41:37)
Progress(15) at 2021-01-30 19:41:37: 379,966,929 states generated (12,972,185 s/min), 37,786,032 distinct states found (1,007,346 ds/min), 18,521,692 states left on queue.
Progress(15) at 2021-01-30 19:42:37: 392,197,337 states generated (12,230,408 s/min), 38,713,143 distinct states found (927,111 ds/min), 18,839,713 states left on queue.
Progress(15) at 2021-01-30 19:43:37: 405,472,073 states generated (13,274,736 s/min), 39,778,569 distinct states found (1,065,426 ds/min), 19,222,138 states left on queue.
Progress(15) at 2021-01-30 19:44:37: 418,432,829 states generated (12,960,756 s/min), 40,844,885 distinct states found (1,066,316 ds/min), 19,637,083 states left on queue.
Progress(15) at 2021-01-30 19:45:37: 430,898,300 states generated (12,465,471 s/min), 41,844,409 distinct states found (999,524 ds/min), 20,028,528 states left on queue.
Progress(15) at 2021-01-30 19:46:37: 444,058,769 states generated (13,160,469 s/min), 42,798,899 distinct states found (954,490 ds/min), 20,303,486 states left on queue.
Progress(15) at 2021-01-30 19:47:37: 457,660,400 states generated (13,601,631 s/min), 43,875,954 distinct states found (1,077,055 ds/min), 20,671,672 states left on queue.
Progress(15) at 2021-01-30 19:48:37: 471,039,988 states generated (13,379,588 s/min), 44,895,139 distinct states found (1,019,185 ds/min), 21,024,532 states left on queue.
Progress(15) at 2021-01-30 19:49:37: 484,047,345 states generated (13,007,357 s/min), 45,935,665 distinct states found (1,040,526 ds/min), 21,403,937 states left on queue.
Progress(15) at 2021-01-30 19:50:37: 497,603,645 states generated (13,556,300 s/min), 46,924,116 distinct states found (988,451 ds/min), 21,694,060 states left on queue.
Progress(15) at 2021-01-30 19:51:37: 509,618,777 states generated (12,015,132 s/min), 47,809,969 distinct states found (885,853 ds/min), 21,994,081 states left on queue.
Progress(15) at 2021-01-30 19:52:37: 521,693,787 states generated (12,075,010 s/min), 48,706,015 distinct states found (896,046 ds/min), 22,293,445 states left on queue.
Progress(15) at 2021-01-30 19:53:37: 534,600,574 states generated (12,906,787 s/min), 49,604,644 distinct states found (898,629 ds/min), 22,532,076 states left on queue.
Progress(15) at 2021-01-30 19:54:37: 546,922,640 states generated (12,322,066 s/min), 50,540,382 distinct states found (935,738 ds/min), 22,856,855 states left on queue.
Progress(15) at 2021-01-30 19:55:37: 558,528,037 states generated (11,605,397 s/min), 51,495,369 distinct states found (954,987 ds/min), 23,234,166 states left on queue.
Progress(15) at 2021-01-30 19:56:37: 571,007,216 states generated (12,479,179 s/min), 52,510,959 distinct states found (1,015,590 ds/min), 23,608,506 states left on queue.
Progress(15) at 2021-01-30 19:57:37: 583,335,573 states generated (12,328,357 s/min), 53,426,400 distinct states found (915,441 ds/min), 23,911,966 states left on queue.
Progress(16) at 2021-01-30 19:58:37: 596,011,306 states generated (12,675,733 s/min), 54,433,623 distinct states found (1,007,223 ds/min), 24,256,637 states left on queue.
Progress(16) at 2021-01-30 19:59:37: 608,198,003 states generated (12,186,697 s/min), 55,435,216 distinct states found (1,001,593 ds/min), 24,640,468 states left on queue.
Progress(16) at 2021-01-30 20:00:37: 620,778,370 states generated (12,580,367 s/min), 56,317,413 distinct states found (882,197 ds/min), 24,892,211 states left on queue.
Progress(16) at 2021-01-30 20:01:37: 633,603,955 states generated (12,825,585 s/min), 57,259,820 distinct states found (942,407 ds/min), 25,180,678 states left on queue.
Progress(16) at 2021-01-30 20:02:37: 645,895,500 states generated (12,291,545 s/min), 58,055,877 distinct states found (796,057 ds/min), 25,367,980 states left on queue.
Progress(16) at 2021-01-30 20:03:37: 658,787,056 states generated (12,891,556 s/min), 58,848,935 distinct states found (793,058 ds/min), 25,515,904 states left on queue.
Progress(16) at 2021-01-30 20:04:37: 670,828,167 states generated (12,041,111 s/min), 59,718,809 distinct states found (869,874 ds/min), 25,790,274 states left on queue.
Progress(16) at 2021-01-30 20:05:37: 682,811,246 states generated (11,983,079 s/min), 60,572,024 distinct states found (853,215 ds/min), 26,034,624 states left on queue.
Progress(16) at 2021-01-30 20:06:37: 695,486,595 states generated (12,675,349 s/min), 61,333,670 distinct states found (761,646 ds/min), 26,153,843 states left on queue.
Progress(16) at 2021-01-30 20:07:37: 708,020,987 states generated (12,534,392 s/min), 62,167,640 distinct states found (833,970 ds/min), 26,356,055 states left on queue.
Progress(16) at 2021-01-30 20:08:37: 720,168,333 states generated (12,147,346 s/min), 63,108,623 distinct states found (940,983 ds/min), 26,688,360 states left on queue.
Progress(16) at 2021-01-30 20:09:37: 732,296,496 states generated (12,128,163 s/min), 63,989,689 distinct states found (881,066 ds/min), 26,960,826 states left on queue.
Progress(16) at 2021-01-30 20:10:37: 746,059,007 states generated (13,762,511 s/min), 64,861,500 distinct states found (871,811 ds/min), 27,124,990 states left on queue.
Checkpointing of run states/21-01-30-19-11-33
Checkpointing completed at (2021-01-30 20:11:43)
Progress(16) at 2021-01-30 20:11:43: 759,767,585 states generated (13,708,578 s/min), 65,706,716 distinct states found (845,216 ds/min), 27,289,334 states left on queue.
Progress(16) at 2021-01-30 20:12:43: 772,514,816 states generated (12,747,231 s/min), 66,554,043 distinct states found (847,327 ds/min), 27,497,317 states left on queue.
Progress(16) at 2021-01-30 20:13:43: 786,809,699 states generated (14,294,883 s/min), 67,568,425 distinct states found (1,014,382 ds/min), 27,767,904 states left on queue.
Progress(16) at 2021-01-30 20:14:43: 799,870,676 states generated (13,060,977 s/min), 68,541,982 distinct states found (973,557 ds/min), 28,092,330 states left on queue.
Progress(16) at 2021-01-30 20:15:43: 812,869,076 states generated (12,998,400 s/min), 69,413,210 distinct states found (871,228 ds/min), 28,319,715 states left on queue.
Progress(16) at 2021-01-30 20:16:43: 825,137,612 states generated (12,268,536 s/min), 70,295,437 distinct states found (882,227 ds/min), 28,608,713 states left on queue.
Progress(16) at 2021-01-30 20:17:43: 836,986,091 states generated (11,848,479 s/min), 71,070,013 distinct states found (774,576 ds/min), 28,792,936 states left on queue.
Progress(16) at 2021-01-30 20:18:43: 849,854,303 states generated (12,868,212 s/min), 71,846,965 distinct states found (776,952 ds/min), 28,905,810 states left on queue.
Progress(16) at 2021-01-30 20:19:43: 862,849,641 states generated (12,995,338 s/min), 72,709,084 distinct states found (862,119 ds/min), 29,088,801 states left on queue.
Progress(16) at 2021-01-30 20:20:43: 875,384,300 states generated (12,534,659 s/min), 73,512,855 distinct states found (803,771 ds/min), 29,276,726 states left on queue.
Progress(16) at 2021-01-30 20:21:43: 887,672,004 states generated (12,287,704 s/min), 74,401,807 distinct states found (888,952 ds/min), 29,564,975 states left on queue.
Progress(16) at 2021-01-30 20:22:43: 900,339,061 states generated (12,667,057 s/min), 75,320,508 distinct states found (918,701 ds/min), 29,857,341 states left on queue.
Progress(16) at 2021-01-30 20:23:43: 912,764,058 states generated (12,424,997 s/min), 76,200,532 distinct states found (880,024 ds/min), 30,106,730 states left on queue.
Progress(16) at 2021-01-30 20:24:43: 926,123,284 states generated (13,359,226 s/min), 77,079,877 distinct states found (879,345 ds/min), 30,294,745 states left on queue.
Progress(16) at 2021-01-30 20:25:43: 937,892,393 states generated (11,769,109 s/min), 77,856,875 distinct states found (776,998 ds/min), 30,501,593 states left on queue.
Progress(16) at 2021-01-30 20:26:43: 949,095,410 states generated (11,203,017 s/min), 78,616,525 distinct states found (759,650 ds/min), 30,712,262 states left on queue.
Progress(16) at 2021-01-30 20:27:43: 960,567,018 states generated (11,471,608 s/min), 79,437,231 distinct states found (820,706 ds/min), 30,972,090 states left on queue.
Progress(16) at 2021-01-30 20:28:43: 972,334,965 states generated (11,767,947 s/min), 80,226,955 distinct states found (789,724 ds/min), 31,167,451 states left on queue.
Progress(16) at 2021-01-30 20:29:43: 985,304,482 states generated (12,969,517 s/min), 81,051,930 distinct states found (824,975 ds/min), 31,333,072 states left on queue.
Progress(16) at 2021-01-30 20:30:43: 997,472,558 states generated (12,168,076 s/min), 81,900,444 distinct states found (848,514 ds/min), 31,585,693 states left on queue.
Progress(16) at 2021-01-30 20:31:43: 1,009,299,889 states generated (11,827,331 s/min), 82,650,133 distinct states found (749,689 ds/min), 31,757,457 states left on queue.
Progress(16) at 2021-01-30 20:32:43: 1,021,277,101 states generated (11,977,212 s/min), 83,613,052 distinct states found (962,919 ds/min), 32,114,465 states left on queue.
Progress(16) at 2021-01-30 20:33:43: 1,033,968,760 states generated (12,691,659 s/min), 84,491,306 distinct states found (878,254 ds/min), 32,343,490 states left on queue.
Progress(16) at 2021-01-30 20:34:43: 1,046,559,940 states generated (12,591,180 s/min), 85,266,837 distinct states found (775,531 ds/min), 32,480,071 states left on queue.
Progress(16) at 2021-01-30 20:35:43: 1,058,892,518 states generated (12,332,578 s/min), 86,100,895 distinct states found (834,058 ds/min), 32,707,001 states left on queue.
Progress(16) at 2021-01-30 20:36:43: 1,071,172,363 states generated (12,279,845 s/min), 86,929,529 distinct states found (828,634 ds/min), 32,891,274 states left on queue.
Progress(17) at 2021-01-30 20:37:43: 1,083,533,017 states generated (12,360,654 s/min), 87,774,202 distinct states found (844,673 ds/min), 33,101,465 states left on queue.
Progress(17) at 2021-01-30 20:38:43: 1,095,146,261 states generated (11,613,244 s/min), 88,619,192 distinct states found (844,990 ds/min), 33,361,505 states left on queue.
Progress(17) at 2021-01-30 20:39:43: 1,107,108,021 states generated (11,961,760 s/min), 89,457,782 distinct states found (838,590 ds/min), 33,602,522 states left on queue.
Progress(17) at 2021-01-30 20:40:43: 1,120,454,539 states generated (13,346,518 s/min), 90,182,685 distinct states found (724,903 ds/min), 33,655,927 states left on queue.
Checkpointing of run states/21-01-30-19-11-33
Checkpointing completed at (2021-01-30 20:41:48)
Progress(17) at 2021-01-30 20:41:48: 1,133,928,233 states generated (13,473,694 s/min), 91,064,196 distinct states found (881,511 ds/min), 33,852,814 states left on queue.
Progress(17) at 2021-01-30 20:42:48: 1,145,952,010 states generated (12,023,777 s/min), 91,882,272 distinct states found (818,076 ds/min), 34,079,604 states left on queue.
Progress(17) at 2021-01-30 20:43:48: 1,158,991,563 states generated (13,039,553 s/min), 92,505,279 distinct states found (623,007 ds/min), 34,037,906 states left on queue.
Progress(17) at 2021-01-30 20:44:48: 1,171,232,190 states generated (12,240,627 s/min), 93,215,425 distinct states found (710,146 ds/min), 34,144,197 states left on queue.
Progress(17) at 2021-01-30 20:45:48: 1,183,234,932 states generated (12,002,742 s/min), 93,986,276 distinct states found (770,851 ds/min), 34,323,995 states left on queue.
Progress(17) at 2021-01-30 20:46:48: 1,194,857,577 states generated (11,622,645 s/min), 94,740,045 distinct states found (753,769 ds/min), 34,483,913 states left on queue.
Progress(17) at 2021-01-30 20:47:48: 1,206,984,740 states generated (12,127,163 s/min), 95,477,349 distinct states found (737,304 ds/min), 34,602,992 states left on queue.
Progress(17) at 2021-01-30 20:48:48: 1,219,586,074 states generated (12,601,334 s/min), 96,105,229 distinct states found (627,880 ds/min), 34,602,699 states left on queue.
Progress(17) at 2021-01-30 20:49:48: 1,231,597,142 states generated (12,011,068 s/min), 96,831,540 distinct states found (726,311 ds/min), 34,722,423 states left on queue.
Progress(17) at 2021-01-30 20:50:48: 1,243,457,177 states generated (11,860,035 s/min), 97,687,892 distinct states found (856,352 ds/min), 34,981,805 states left on queue.
Progress(17) at 2021-01-30 20:51:48: 1,255,374,274 states generated (11,917,097 s/min), 98,493,464 distinct states found (805,572 ds/min), 35,194,582 states left on queue.
Progress(17) at 2021-01-30 20:52:48: 1,267,141,913 states generated (11,767,639 s/min), 99,234,836 distinct states found (741,372 ds/min), 35,350,055 states left on queue.
Progress(17) at 2021-01-30 20:53:48: 1,280,737,350 states generated (13,595,437 s/min), 99,966,868 distinct states found (732,032 ds/min), 35,377,476 states left on queue.
Progress(17) at 2021-01-30 20:54:48: 1,293,072,653 states generated (12,335,303 s/min), 100,637,572 distinct states found (670,704 ds/min), 35,425,487 states left on queue.
Progress(17) at 2021-01-30 20:55:48: 1,305,268,857 states generated (12,196,204 s/min), 101,339,299 distinct states found (701,727 ds/min), 35,523,099 states left on queue.
Progress(17) at 2021-01-30 20:56:48: 1,317,504,294 states generated (12,235,437 s/min), 102,025,219 distinct states found (685,920 ds/min), 35,596,674 states left on queue.
Progress(17) at 2021-01-30 20:57:48: 1,330,969,544 states generated (13,465,250 s/min), 102,774,061 distinct states found (748,842 ds/min), 35,655,804 states left on queue.
Progress(17) at 2021-01-30 20:58:48: 1,344,417,373 states generated (13,447,829 s/min), 103,623,052 distinct states found (848,991 ds/min), 35,821,082 states left on queue.
Progress(17) at 2021-01-30 20:59:48: 1,356,875,158 states generated (12,457,785 s/min), 104,470,266 distinct states found (847,214 ds/min), 36,049,020 states left on queue.
Progress(17) at 2021-01-30 21:00:48: 1,369,431,409 states generated (12,556,251 s/min), 105,155,239 distinct states found (684,973 ds/min), 36,114,268 states left on queue.
Progress(17) at 2021-01-30 21:01:48: 1,381,256,524 states generated (11,825,115 s/min), 105,956,028 distinct states found (800,789 ds/min), 36,338,280 states left on queue.
Progress(17) at 2021-01-30 21:02:48: 1,392,745,524 states generated (11,489,000 s/min), 106,672,282 distinct states found (716,254 ds/min), 36,501,367 states left on queue.
Progress(17) at 2021-01-30 21:03:48: 1,403,776,888 states generated (11,031,364 s/min), 107,294,458 distinct states found (622,176 ds/min), 36,595,010 states left on queue.
Progress(17) at 2021-01-30 21:04:48: 1,416,688,001 states generated (12,911,113 s/min), 108,042,911 distinct states found (748,453 ds/min), 36,679,748 states left on queue.
Progress(17) at 2021-01-30 21:05:48: 1,428,942,687 states generated (12,254,686 s/min), 108,709,711 distinct states found (666,800 ds/min), 36,731,801 states left on queue.
Error: when writing the disk (StatePoolWriter.run):
Disk quota exceeded
