Git Revision: da57874
Platform: Linux login-faculty.ccs.neu.edu 3.10.0-1127.19.1.el7.x86_64 #1 SMP Tue Aug 25 17:23:54 UTC 2020 x86_64 x86_64 x86_64 GNU/Linux
CPU Info Linux: model name	: Intel(R) Xeon(R) Gold 5118 CPU @ 2.30GHz
CPU Cores Linux: 48
CPU Info Mac: 
CPU Cores Mac: 
Spec: MCMongoLoglessDynamicRaftAux.tla
Config: models/MCMongoLoglessDynamicRaftAux-4Servers-T4-CV4.cfg
----
INIT InitAux
NEXT NextAux
CONSTANTS 
Nil = Nil
Server = {n1, n2, n3, n4}
Secondary = Secondary
Primary = Primary
MaxTerm = 4
MaxConfigVersion = 4
CONSTRAINT StateConstraint
INVARIANT OnePrimaryPerTerm
INVARIANT ConfigStateMachineSafety
INVARIANT CommittedConfigSafety
SYMMETRY ServerSymmetry
ALIAS Alias
----

TLC2 Version 2.15 of Day Month 20?? (rev: fe75b8e)
Running breadth-first search Model-Checking with fp 98 and seed -6299515184605954279 with 20 workers on 48 cores with 27305MB heap and 4096MB offheap memory (Linux 3.10.0-1127.19.1.el7.x86_64 amd64, Oracle Corporation 1.8.0_262 x86_64, OffHeapDiskFPSet, DiskStateQueue).
Parsing file /proj/will-fm/logless-reconfig/specs/MCMongoLoglessDynamicRaftAux.tla
Parsing file /tmp/TLC.tla
Parsing file /proj/will-fm/logless-reconfig/specs/MongoLoglessDynamicRaftAux.tla
Parsing file /proj/will-fm/logless-reconfig/specs/MongoLoglessDynamicRaft.tla
Parsing file /tmp/Naturals.tla
Parsing file /tmp/Integers.tla
Parsing file /tmp/FiniteSets.tla
Parsing file /tmp/Sequences.tla
Semantic processing of module Naturals
Semantic processing of module Sequences
Semantic processing of module FiniteSets
Semantic processing of module TLC
Semantic processing of module Integers
Semantic processing of module MongoLoglessDynamicRaft
Semantic processing of module MongoLoglessDynamicRaftAux
Semantic processing of module MCMongoLoglessDynamicRaftAux
Starting... (2021-06-19 09:26:55)
Computing initial states...
Computed 2 initial states...
Computed 4 initial states...
Computed 8 initial states...
Finished computing initial states: 15 states generated, with 4 of them distinct at 2021-06-19 09:26:56.
Progress(11) at 2021-06-19 09:26:59: 316,879 states generated (316,879 s/min), 120,117 distinct states found (120,117 ds/min), 84,865 states left on queue.
Progress(15) at 2021-06-19 09:27:59: 10,393,207 states generated (10,076,328 s/min), 2,733,730 distinct states found (2,613,613 ds/min), 1,619,265 states left on queue.
Progress(15) at 2021-06-19 09:28:59: 20,561,852 states generated (10,168,645 s/min), 4,910,550 distinct states found (2,176,820 ds/min), 2,724,883 states left on queue.
Progress(15) at 2021-06-19 09:29:59: 30,664,109 states generated (10,102,257 s/min), 7,075,104 distinct states found (2,164,554 ds/min), 3,828,018 states left on queue.
Progress(16) at 2021-06-19 09:30:59: 40,456,946 states generated (9,792,837 s/min), 8,979,794 distinct states found (1,904,690 ds/min), 4,712,367 states left on queue.
Progress(16) at 2021-06-19 09:31:59: 50,994,594 states generated (10,537,648 s/min), 10,694,108 distinct states found (1,714,314 ds/min), 5,339,076 states left on queue.
Progress(16) at 2021-06-19 09:32:59: 61,198,272 states generated (10,203,678 s/min), 12,584,021 distinct states found (1,889,913 ds/min), 6,162,525 states left on queue.
Progress(16) at 2021-06-19 09:33:59: 71,056,467 states generated (9,858,195 s/min), 14,472,584 distinct states found (1,888,563 ds/min), 7,030,651 states left on queue.
Progress(16) at 2021-06-19 09:34:59: 81,118,909 states generated (10,062,442 s/min), 16,108,265 distinct states found (1,635,681 ds/min), 7,631,427 states left on queue.
Progress(17) at 2021-06-19 09:35:59: 91,444,563 states generated (10,325,654 s/min), 17,600,228 distinct states found (1,491,963 ds/min), 8,069,107 states left on queue.
Progress(17) at 2021-06-19 09:36:59: 101,718,271 states generated (10,273,708 s/min), 19,081,390 distinct states found (1,481,162 ds/min), 8,509,996 states left on queue.
Progress(17) at 2021-06-19 09:37:59: 111,895,799 states generated (10,177,528 s/min), 20,751,187 distinct states found (1,669,797 ds/min), 9,122,514 states left on queue.
Progress(17) at 2021-06-19 09:38:59: 122,209,967 states generated (10,314,168 s/min), 22,272,628 distinct states found (1,521,441 ds/min), 9,586,534 states left on queue.
Progress(17) at 2021-06-19 09:39:59: 131,936,944 states generated (9,726,977 s/min), 24,059,310 distinct states found (1,786,682 ds/min), 10,361,325 states left on queue.
Progress(17) at 2021-06-19 09:40:59: 142,003,552 states generated (10,066,608 s/min), 25,608,084 distinct states found (1,548,774 ds/min), 10,896,413 states left on queue.
Progress(17) at 2021-06-19 09:41:59: 152,090,338 states generated (10,086,786 s/min), 26,977,801 distinct states found (1,369,717 ds/min), 11,248,773 states left on queue.
Progress(17) at 2021-06-19 09:42:59: 162,074,358 states generated (9,984,020 s/min), 28,470,134 distinct states found (1,492,333 ds/min), 11,706,668 states left on queue.
Progress(18) at 2021-06-19 09:43:59: 172,407,201 states generated (10,332,843 s/min), 29,653,648 distinct states found (1,183,514 ds/min), 11,865,849 states left on queue.
Progress(18) at 2021-06-19 09:44:59: 182,754,144 states generated (10,346,943 s/min), 30,859,820 distinct states found (1,206,172 ds/min), 12,052,064 states left on queue.
Progress(18) at 2021-06-19 09:45:59: 193,040,949 states generated (10,286,805 s/min), 32,316,656 distinct states found (1,456,836 ds/min), 12,472,189 states left on queue.
Progress(18) at 2021-06-19 09:46:59: 203,259,966 states generated (10,219,017 s/min), 33,687,912 distinct states found (1,371,256 ds/min), 12,792,733 states left on queue.
Progress(18) at 2021-06-19 09:47:59: 213,752,717 states generated (10,492,751 s/min), 34,924,591 distinct states found (1,236,679 ds/min), 12,980,879 states left on queue.
Progress(18) at 2021-06-19 09:48:59: 223,417,097 states generated (9,664,380 s/min), 36,416,676 distinct states found (1,492,085 ds/min), 13,465,250 states left on queue.
Progress(18) at 2021-06-19 09:49:59: 233,546,469 states generated (10,129,372 s/min), 37,997,454 distinct states found (1,580,778 ds/min), 14,010,083 states left on queue.
Progress(18) at 2021-06-19 09:50:59: 243,323,351 states generated (9,776,882 s/min), 39,559,821 distinct states found (1,562,367 ds/min), 14,574,946 states left on queue.
Progress(18) at 2021-06-19 09:51:59: 253,630,988 states generated (10,307,637 s/min), 40,686,474 distinct states found (1,126,653 ds/min), 14,699,904 states left on queue.
Progress(18) at 2021-06-19 09:52:59: 263,846,807 states generated (10,215,819 s/min), 41,875,708 distinct states found (1,189,234 ds/min), 14,874,404 states left on queue.
Progress(18) at 2021-06-19 09:53:59: 273,869,640 states generated (10,022,833 s/min), 43,087,032 distinct states found (1,211,324 ds/min), 15,064,850 states left on queue.
Progress(19) at 2021-06-19 09:54:59: 284,248,614 states generated (10,378,974 s/min), 44,192,226 distinct states found (1,105,194 ds/min), 15,151,288 states left on queue.
Progress(19) at 2021-06-19 09:55:59: 294,361,541 states generated (10,112,927 s/min), 45,255,164 distinct states found (1,062,938 ds/min), 15,228,668 states left on queue.
Checkpointing of run states/21-06-19-09-26-55
Checkpointing completed at (2021-06-19 09:56:59)
Progress(19) at 2021-06-19 09:56:59: 304,846,882 states generated (10,485,341 s/min), 46,276,793 distinct states found (1,021,629 ds/min), 15,243,551 states left on queue.
Progress(19) at 2021-06-19 09:57:59: 314,644,380 states generated (9,797,498 s/min), 47,491,425 distinct states found (1,214,632 ds/min), 15,483,516 states left on queue.
Progress(19) at 2021-06-19 09:58:59: 324,768,223 states generated (10,123,843 s/min), 48,630,802 distinct states found (1,139,377 ds/min), 15,622,042 states left on queue.
Progress(19) at 2021-06-19 09:59:59: 334,452,645 states generated (9,684,422 s/min), 49,641,170 distinct states found (1,010,368 ds/min), 15,669,622 states left on queue.
Progress(19) at 2021-06-19 10:00:59: 344,654,568 states generated (10,201,923 s/min), 50,743,378 distinct states found (1,102,208 ds/min), 15,758,848 states left on queue.
Progress(19) at 2021-06-19 10:01:59: 354,141,069 states generated (9,486,501 s/min), 52,016,138 distinct states found (1,272,760 ds/min), 16,045,149 states left on queue.
Progress(19) at 2021-06-19 10:02:59: 363,837,363 states generated (9,696,294 s/min), 53,318,110 distinct states found (1,301,972 ds/min), 16,349,834 states left on queue.
Progress(19) at 2021-06-19 10:03:59: 373,939,046 states generated (10,101,683 s/min), 54,584,318 distinct states found (1,266,208 ds/min), 16,613,929 states left on queue.
Progress(19) at 2021-06-19 10:04:59: 383,658,385 states generated (9,719,339 s/min), 55,790,505 distinct states found (1,206,187 ds/min), 16,843,894 states left on queue.
Progress(19) at 2021-06-19 10:05:59: 392,905,566 states generated (9,247,181 s/min), 57,246,018 distinct states found (1,455,513 ds/min), 17,357,590 states left on queue.
Progress(19) at 2021-06-19 10:06:59: 403,005,136 states generated (10,099,570 s/min), 58,109,524 distinct states found (863,506 ds/min), 17,273,739 states left on queue.
Progress(19) at 2021-06-19 10:07:59: 413,005,205 states generated (10,000,069 s/min), 59,105,706 distinct states found (996,182 ds/min), 17,297,986 states left on queue.
Progress(19) at 2021-06-19 10:08:59: 422,973,780 states generated (9,968,575 s/min), 60,068,081 distinct states found (962,375 ds/min), 17,274,182 states left on queue.
Progress(19) at 2021-06-19 10:09:59: 432,825,381 states generated (9,851,601 s/min), 61,063,481 distinct states found (995,400 ds/min), 17,298,547 states left on queue.
Progress(19) at 2021-06-19 10:10:59: 442,753,294 states generated (9,927,913 s/min), 61,902,237 distinct states found (838,756 ds/min), 17,198,179 states left on queue.
Progress(19) at 2021-06-19 10:11:59: 452,750,124 states generated (9,996,830 s/min), 62,770,773 distinct states found (868,536 ds/min), 17,116,341 states left on queue.
Progress(19) at 2021-06-19 10:12:59: 463,033,873 states generated (10,283,749 s/min), 63,671,924 distinct states found (901,151 ds/min), 17,059,484 states left on queue.
Progress(19) at 2021-06-19 10:13:59: 472,879,986 states generated (9,846,113 s/min), 64,724,534 distinct states found (1,052,610 ds/min), 17,146,106 states left on queue.
Progress(20) at 2021-06-19 10:14:59: 483,242,567 states generated (10,362,581 s/min), 65,707,187 distinct states found (982,653 ds/min), 17,137,301 states left on queue.
Progress(20) at 2021-06-19 10:15:59: 492,906,490 states generated (9,663,923 s/min), 66,590,309 distinct states found (883,122 ds/min), 17,073,591 states left on queue.
Progress(20) at 2021-06-19 10:16:59: 503,118,590 states generated (10,212,100 s/min), 67,475,301 distinct states found (884,992 ds/min), 16,968,443 states left on queue.
Progress(20) at 2021-06-19 10:17:59: 512,974,540 states generated (9,855,950 s/min), 68,515,076 distinct states found (1,039,775 ds/min), 17,018,496 states left on queue.
Progress(20) at 2021-06-19 10:18:59: 522,398,679 states generated (9,424,139 s/min), 69,653,068 distinct states found (1,137,992 ds/min), 17,193,369 states left on queue.
Progress(20) at 2021-06-19 10:19:59: 532,330,560 states generated (9,931,881 s/min), 70,693,494 distinct states found (1,040,426 ds/min), 17,238,730 states left on queue.
Progress(20) at 2021-06-19 10:20:59: 542,518,224 states generated (10,187,664 s/min), 71,768,281 distinct states found (1,074,787 ds/min), 17,331,010 states left on queue.
Progress(20) at 2021-06-19 10:21:59: 552,249,263 states generated (9,731,039 s/min), 72,770,805 distinct states found (1,002,524 ds/min), 17,375,929 states left on queue.
Progress(20) at 2021-06-19 10:22:59: 561,358,036 states generated (9,108,773 s/min), 73,988,543 distinct states found (1,217,738 ds/min), 17,663,028 states left on queue.
Progress(20) at 2021-06-19 10:23:59: 570,663,798 states generated (9,305,762 s/min), 75,276,561 distinct states found (1,288,018 ds/min), 18,005,232 states left on queue.
Progress(20) at 2021-06-19 10:24:59: 580,703,601 states generated (10,039,803 s/min), 76,005,441 distinct states found (728,880 ds/min), 17,816,199 states left on queue.
Progress(20) at 2021-06-19 10:25:59: 590,718,255 states generated (10,014,654 s/min), 76,825,147 distinct states found (819,706 ds/min), 17,691,047 states left on queue.
Checkpointing of run states/21-06-19-09-26-55
Checkpointing completed at (2021-06-19 10:27:02)
Progress(20) at 2021-06-19 10:27:02: 601,220,672 states generated (10,502,417 s/min), 77,645,033 distinct states found (819,886 ds/min), 17,512,546 states left on queue.
Progress(20) at 2021-06-19 10:28:02: 611,399,470 states generated (10,178,798 s/min), 78,460,963 distinct states found (815,930 ds/min), 17,355,706 states left on queue.
Progress(20) at 2021-06-19 10:29:02: 621,191,045 states generated (9,791,575 s/min), 79,305,474 distinct states found (844,511 ds/min), 17,267,167 states left on queue.
Progress(20) at 2021-06-19 10:30:02: 631,202,647 states generated (10,011,602 s/min), 79,963,744 distinct states found (658,270 ds/min), 17,016,706 states left on queue.
Progress(20) at 2021-06-19 10:31:02: 641,512,189 states generated (10,309,542 s/min), 80,742,376 distinct states found (778,632 ds/min), 16,853,514 states left on queue.
Progress(20) at 2021-06-19 10:32:02: 651,501,871 states generated (9,989,682 s/min), 81,623,063 distinct states found (880,687 ds/min), 16,783,297 states left on queue.
Progress(20) at 2021-06-19 10:33:02: 662,062,522 states generated (10,560,651 s/min), 82,451,274 distinct states found (828,211 ds/min), 16,626,927 states left on queue.
Progress(21) at 2021-06-19 10:34:02: 672,100,798 states generated (10,038,276 s/min), 83,196,710 distinct states found (745,436 ds/min), 16,428,535 states left on queue.
Progress(21) at 2021-06-19 10:35:02: 682,494,783 states generated (10,393,985 s/min), 84,061,102 distinct states found (864,392 ds/min), 16,289,047 states left on queue.
Progress(21) at 2021-06-19 10:36:02: 692,270,777 states generated (9,775,994 s/min), 84,992,988 distinct states found (931,886 ds/min), 16,232,705 states left on queue.
Progress(21) at 2021-06-19 10:37:02: 702,117,854 states generated (9,847,077 s/min), 85,928,232 distinct states found (935,244 ds/min), 16,196,592 states left on queue.
Progress(21) at 2021-06-19 10:38:02: 712,501,936 states generated (10,384,082 s/min), 86,805,156 distinct states found (876,924 ds/min), 16,067,306 states left on queue.
Progress(21) at 2021-06-19 10:39:02: 722,998,734 states generated (10,496,798 s/min), 87,722,350 distinct states found (917,194 ds/min), 16,002,385 states left on queue.
Progress(21) at 2021-06-19 10:40:02: 733,089,833 states generated (10,091,099 s/min), 88,565,099 distinct states found (842,749 ds/min), 15,883,293 states left on queue.
Progress(21) at 2021-06-19 10:41:02: 742,799,335 states generated (9,709,502 s/min), 89,642,796 distinct states found (1,077,697 ds/min), 15,979,000 states left on queue.
Progress(21) at 2021-06-19 10:42:02: 751,962,278 states generated (9,162,943 s/min), 90,898,918 distinct states found (1,256,122 ds/min), 16,290,429 states left on queue.
Progress(21) at 2021-06-19 10:43:02: 761,651,814 states generated (9,689,536 s/min), 91,760,250 distinct states found (861,332 ds/min), 16,221,477 states left on queue.
Progress(21) at 2021-06-19 10:44:02: 771,605,421 states generated (9,953,607 s/min), 92,384,269 distinct states found (624,019 ds/min), 15,950,427 states left on queue.
Progress(21) at 2021-06-19 10:45:02: 781,769,761 states generated (10,164,340 s/min), 93,114,887 distinct states found (730,618 ds/min), 15,742,436 states left on queue.
Progress(21) at 2021-06-19 10:46:02: 791,771,757 states generated (10,001,996 s/min), 93,723,198 distinct states found (608,311 ds/min), 15,431,399 states left on queue.
Progress(21) at 2021-06-19 10:47:02: 801,795,406 states generated (10,023,649 s/min), 94,417,633 distinct states found (694,435 ds/min), 15,195,512 states left on queue.
Progress(21) at 2021-06-19 10:48:02: 812,109,687 states generated (10,314,281 s/min), 95,061,516 distinct states found (643,883 ds/min), 14,922,025 states left on queue.
Progress(21) at 2021-06-19 10:49:02: 822,735,028 states generated (10,625,341 s/min), 95,702,352 distinct states found (640,836 ds/min), 14,620,217 states left on queue.
Progress(21) at 2021-06-19 10:50:02: 833,067,308 states generated (10,332,280 s/min), 96,449,141 distinct states found (746,789 ds/min), 14,416,174 states left on queue.
Progress(21) at 2021-06-19 10:51:02: 843,107,160 states generated (10,039,852 s/min), 97,160,941 distinct states found (711,800 ds/min), 14,197,053 states left on queue.
Progress(21) at 2021-06-19 10:52:02: 853,640,953 states generated (10,533,793 s/min), 97,827,975 distinct states found (667,034 ds/min), 13,892,690 states left on queue.
Progress(21) at 2021-06-19 10:53:02: 863,624,737 states generated (9,983,784 s/min), 98,637,719 distinct states found (809,744 ds/min), 13,713,646 states left on queue.
Progress(21) at 2021-06-19 10:54:02: 873,801,089 states generated (10,176,352 s/min), 99,415,737 distinct states found (778,018 ds/min), 13,522,688 states left on queue.
Progress(21) at 2021-06-19 10:55:02: 884,354,533 states generated (10,553,444 s/min), 100,122,598 distinct states found (706,861 ds/min), 13,243,912 states left on queue.
Progress(21) at 2021-06-19 10:56:02: 894,888,604 states generated (10,534,071 s/min), 100,898,639 distinct states found (776,041 ds/min), 13,062,072 states left on queue.
Checkpointing of run states/21-06-19-09-26-55
Checkpointing completed at (2021-06-19 10:57:04)
Progress(21) at 2021-06-19 10:57:04: 904,989,860 states generated (10,101,256 s/min), 101,672,649 distinct states found (774,010 ds/min), 12,869,255 states left on queue.
Progress(21) at 2021-06-19 10:58:04: 914,327,138 states generated (9,337,278 s/min), 102,571,215 distinct states found (898,566 ds/min), 12,845,607 states left on queue.
Progress(21) at 2021-06-19 10:59:04: 923,407,725 states generated (9,080,587 s/min), 103,629,574 distinct states found (1,058,359 ds/min), 12,977,550 states left on queue.
Progress(21) at 2021-06-19 11:00:04: 932,891,804 states generated (9,484,079 s/min), 104,530,788 distinct states found (901,214 ds/min), 12,947,127 states left on queue.
Progress(21) at 2021-06-19 11:01:04: 942,883,751 states generated (9,991,947 s/min), 105,029,910 distinct states found (499,122 ds/min), 12,585,716 states left on queue.
Progress(21) at 2021-06-19 11:02:04: 953,041,271 states generated (10,157,520 s/min), 105,596,764 distinct states found (566,854 ds/min), 12,257,432 states left on queue.
Progress(22) at 2021-06-19 11:03:04: 962,887,791 states generated (9,846,520 s/min), 106,087,147 distinct states found (490,383 ds/min), 11,878,474 states left on queue.
Progress(22) at 2021-06-19 11:04:04: 972,609,191 states generated (9,721,400 s/min), 106,670,585 distinct states found (583,438 ds/min), 11,593,582 states left on queue.
Progress(22) at 2021-06-19 11:05:04: 982,779,698 states generated (10,170,507 s/min), 107,200,254 distinct states found (529,669 ds/min), 11,241,489 states left on queue.
Progress(22) at 2021-06-19 11:06:04: 992,848,775 states generated (10,069,077 s/min), 107,720,602 distinct states found (520,348 ds/min), 10,889,506 states left on queue.
Progress(22) at 2021-06-19 11:07:04: 1,002,476,446 states generated (9,627,671 s/min), 108,345,384 distinct states found (624,782 ds/min), 10,619,590 states left on queue.
Progress(22) at 2021-06-19 11:08:04: 1,012,087,749 states generated (9,611,303 s/min), 108,966,714 distinct states found (621,330 ds/min), 10,327,508 states left on queue.
Progress(22) at 2021-06-19 11:09:04: 1,021,855,212 states generated (9,767,463 s/min), 109,550,252 distinct states found (583,538 ds/min), 10,016,969 states left on queue.
Progress(22) at 2021-06-19 11:10:04: 1,032,092,323 states generated (10,237,111 s/min), 110,092,644 distinct states found (542,392 ds/min), 9,659,099 states left on queue.
Progress(22) at 2021-06-19 11:11:04: 1,041,823,841 states generated (9,731,518 s/min), 110,671,031 distinct states found (578,387 ds/min), 9,373,934 states left on queue.
Progress(22) at 2021-06-19 11:12:04: 1,051,485,955 states generated (9,662,114 s/min), 111,422,734 distinct states found (751,703 ds/min), 9,192,763 states left on queue.
Progress(22) at 2021-06-19 11:13:04: 1,060,281,538 states generated (8,795,583 s/min), 112,271,339 distinct states found (848,605 ds/min), 9,145,847 states left on queue.
Progress(22) at 2021-06-19 11:14:04: 1,069,986,800 states generated (9,705,262 s/min), 113,229,086 distinct states found (957,747 ds/min), 9,153,732 states left on queue.
Progress(22) at 2021-06-19 11:15:04: 1,079,659,241 states generated (9,672,441 s/min), 113,767,524 distinct states found (538,438 ds/min), 8,832,991 states left on queue.
Progress(22) at 2021-06-19 11:16:04: 1,090,023,614 states generated (10,364,373 s/min), 114,216,753 distinct states found (449,229 ds/min), 8,406,994 states left on queue.
Progress(23) at 2021-06-19 11:17:04: 1,099,914,238 states generated (9,890,624 s/min), 114,700,747 distinct states found (483,994 ds/min), 8,031,176 states left on queue.
Progress(23) at 2021-06-19 11:18:04: 1,110,286,345 states generated (10,372,107 s/min), 115,124,888 distinct states found (424,141 ds/min), 7,597,012 states left on queue.
Progress(23) at 2021-06-19 11:19:04: 1,120,272,104 states generated (9,985,759 s/min), 115,641,737 distinct states found (516,849 ds/min), 7,223,359 states left on queue.
Progress(23) at 2021-06-19 11:20:04: 1,130,201,851 states generated (9,929,747 s/min), 116,145,242 distinct states found (503,505 ds/min), 6,827,940 states left on queue.
Progress(23) at 2021-06-19 11:21:04: 1,140,421,316 states generated (10,219,465 s/min), 116,599,901 distinct states found (454,659 ds/min), 6,411,840 states left on queue.
Progress(23) at 2021-06-19 11:22:04: 1,150,208,752 states generated (9,787,436 s/min), 117,162,130 distinct states found (562,229 ds/min), 6,087,424 states left on queue.
Progress(23) at 2021-06-19 11:23:04: 1,159,498,869 states generated (9,290,117 s/min), 117,830,527 distinct states found (668,397 ds/min), 5,862,058 states left on queue.
Progress(23) at 2021-06-19 11:24:04: 1,168,837,095 states generated (9,338,226 s/min), 118,621,440 distinct states found (790,913 ds/min), 5,740,259 states left on queue.
Progress(23) at 2021-06-19 11:25:04: 1,178,599,652 states generated (9,762,557 s/min), 119,194,087 distinct states found (572,647 ds/min), 5,437,890 states left on queue.
Progress(24) at 2021-06-19 11:26:04: 1,188,539,582 states generated (9,939,930 s/min), 119,603,381 distinct states found (409,294 ds/min), 5,011,163 states left on queue.
Checkpointing of run states/21-06-19-09-26-55
Checkpointing completed at (2021-06-19 11:27:07)
Progress(24) at 2021-06-19 11:27:07: 1,199,126,258 states generated (10,586,676 s/min), 119,966,439 distinct states found (363,058 ds/min), 4,524,186 states left on queue.
Progress(24) at 2021-06-19 11:28:07: 1,209,202,274 states generated (10,076,016 s/min), 120,369,603 distinct states found (403,164 ds/min), 4,055,947 states left on queue.
Progress(24) at 2021-06-19 11:29:07: 1,219,235,055 states generated (10,032,781 s/min), 120,813,805 distinct states found (444,202 ds/min), 3,640,968 states left on queue.
Progress(24) at 2021-06-19 11:30:07: 1,228,549,469 states generated (9,314,414 s/min), 121,379,859 distinct states found (566,054 ds/min), 3,334,390 states left on queue.
Progress(24) at 2021-06-19 11:31:07: 1,238,435,012 states generated (9,885,543 s/min), 122,039,886 distinct states found (660,027 ds/min), 3,076,656 states left on queue.
Progress(25) at 2021-06-19 11:32:07: 1,248,472,085 states generated (10,037,073 s/min), 122,364,292 distinct states found (324,406 ds/min), 2,594,882 states left on queue.
Progress(25) at 2021-06-19 11:33:07: 1,258,523,212 states generated (10,051,127 s/min), 122,691,283 distinct states found (326,991 ds/min), 2,107,439 states left on queue.
Progress(25) at 2021-06-19 11:34:07: 1,268,052,261 states generated (9,529,049 s/min), 123,145,737 distinct states found (454,454 ds/min), 1,705,311 states left on queue.
Progress(25) at 2021-06-19 11:35:07: 1,278,012,495 states generated (9,960,234 s/min), 123,605,315 distinct states found (459,578 ds/min), 1,310,493 states left on queue.
Progress(26) at 2021-06-19 11:36:07: 1,288,211,097 states generated (10,198,602 s/min), 123,944,032 distinct states found (338,717 ds/min), 810,573 states left on queue.
Progress(27) at 2021-06-19 11:37:07: 1,298,542,545 states generated (10,331,448 s/min), 124,299,622 distinct states found (355,590 ds/min), 316,415 states left on queue.
Model checking completed. No error has been found.
  Estimates of the probability that TLC did not check all reachable states
  because two distinct states had the same fingerprint:
  calculated (optimistic):  val = .0080
  based on the actual fingerprints:  val = 3.5E-4
1304574715 states generated, 124438466 distinct states found, 0 states left on queue.
The depth of the complete state graph search is 30.
The average outdegree of the complete state graph is 1 (minimum is 0, the maximum 17 and the 95th percentile is 4).
Finished in 02h 10min at (2021-06-19 11:37:44)
