Git Revision: d6541d8
Platform: Linux login-faculty.ccs.neu.edu 3.10.0-1127.19.1.el7.x86_64 #1 SMP Tue Aug 25 17:23:54 UTC 2020 x86_64 x86_64 x86_64 GNU/Linux
CPU Info Linux: model name	: Intel(R) Xeon(R) Gold 5118 CPU @ 2.30GHz
CPU Cores Linux: 48
CPU Info Mac: 
CPU Cores Mac: 
Spec: MCMongoLoglessDynamicRaftAux.tla
Config: models/MCMongoLoglessDynamicRaftAux-4Servers-T4-CV4.cfg
----
INIT InitAux
NEXT NextAux
CONSTANTS 
Nil = Nil
Server = {n1, n2, n3, n4}
Secondary = Secondary
Primary = Primary
MaxTerm = 4
MaxConfigVersion = 4
CONSTRAINT StateConstraint
INVARIANT StateMachineSafety
SYMMETRY ServerSymmetry
ALIAS Alias
----

TLC2 Version 2.15 of Day Month 20?? (rev: fe75b8e)
Warning: Please run the Java VM, which executes TLC with a throughput optimized garbage collector, by passing the "-XX:+UseParallelGC" property.
(Use the -nowarning option to disable this warning.)
Running breadth-first search Model-Checking with fp 89 and seed -5671482915884350307 with 16 workers on 48 cores with 30688MB heap and 4096MB offheap memory [pid: 186041] (Linux 3.10.0-1127.19.1.el7.x86_64 amd64, Oracle Corporation 11.0.8 x86_64, OffHeapDiskFPSet, DiskStateQueue).
Parsing file /proj/will-fm/logless-reconfig/specs/MCMongoLoglessDynamicRaftAux.tla
Parsing file /tmp/TLC.tla
Parsing file /proj/will-fm/logless-reconfig/specs/MongoLoglessDynamicRaftAux.tla
Parsing file /proj/will-fm/logless-reconfig/specs/MongoLoglessDynamicRaft.tla
Parsing file /tmp/Naturals.tla
Parsing file /tmp/Integers.tla
Parsing file /tmp/FiniteSets.tla
Parsing file /tmp/Sequences.tla
Semantic processing of module Naturals
Semantic processing of module Sequences
Semantic processing of module FiniteSets
Semantic processing of module TLC
Semantic processing of module Integers
Semantic processing of module MongoLoglessDynamicRaft
Semantic processing of module MongoLoglessDynamicRaftAux
Semantic processing of module MCMongoLoglessDynamicRaftAux
Starting... (2021-02-11 22:18:45)
Computing initial states...
Computed 2 initial states...
Computed 4 initial states...
Computed 8 initial states...
Finished computing initial states: 15 states generated, with 4 of them distinct at 2021-02-11 22:18:46.
Progress(12) at 2021-02-11 22:18:49: 402,350 states generated (402,350 s/min), 147,253 distinct states found (147,253 ds/min), 103,030 states left on queue.
Progress(15) at 2021-02-11 22:19:49: 13,372,168 states generated (12,969,818 s/min), 3,416,595 distinct states found (3,269,342 ds/min), 1,988,877 states left on queue.
Progress(16) at 2021-02-11 22:20:49: 27,413,868 states generated (14,041,700 s/min), 6,424,286 distinct states found (3,007,691 ds/min), 3,519,316 states left on queue.
Progress(16) at 2021-02-11 22:21:49: 42,467,566 states generated (15,053,698 s/min), 9,268,492 distinct states found (2,844,206 ds/min), 4,795,020 states left on queue.
Progress(16) at 2021-02-11 22:22:49: 56,771,811 states generated (14,304,245 s/min), 11,894,738 distinct states found (2,626,246 ds/min), 5,933,703 states left on queue.
Progress(16) at 2021-02-11 22:23:49: 71,787,230 states generated (15,015,419 s/min), 14,472,196 distinct states found (2,577,458 ds/min), 6,950,270 states left on queue.
Progress(17) at 2021-02-11 22:24:49: 86,888,946 states generated (15,101,716 s/min), 16,984,915 distinct states found (2,512,719 ds/min), 7,913,337 states left on queue.
Progress(17) at 2021-02-11 22:25:49: 101,067,977 states generated (14,179,031 s/min), 19,356,122 distinct states found (2,371,207 ds/min), 8,820,021 states left on queue.
Progress(17) at 2021-02-11 22:26:49: 115,501,003 states generated (14,433,026 s/min), 21,443,537 distinct states found (2,087,415 ds/min), 9,432,661 states left on queue.
Progress(17) at 2021-02-11 22:27:49: 130,318,766 states generated (14,817,763 s/min), 23,725,153 distinct states found (2,281,616 ds/min), 10,201,946 states left on queue.
Progress(17) at 2021-02-11 22:28:49: 144,987,084 states generated (14,668,318 s/min), 25,929,172 distinct states found (2,204,019 ds/min), 10,888,913 states left on queue.
Progress(18) at 2021-02-11 22:29:49: 158,157,380 states generated (13,170,296 s/min), 27,907,697 distinct states found (1,978,525 ds/min), 11,527,848 states left on queue.
Progress(18) at 2021-02-11 22:30:49: 172,122,767 states generated (13,965,387 s/min), 29,657,661 distinct states found (1,749,964 ds/min), 11,893,907 states left on queue.
Progress(18) at 2021-02-11 22:31:49: 185,257,669 states generated (13,134,902 s/min), 31,632,040 distinct states found (1,974,379 ds/min), 12,520,199 states left on queue.
Progress(18) at 2021-02-11 22:32:49: 198,846,469 states generated (13,588,800 s/min), 33,243,713 distinct states found (1,611,673 ds/min), 12,782,276 states left on queue.
Progress(18) at 2021-02-11 22:33:49: 212,278,490 states generated (13,432,021 s/min), 34,969,121 distinct states found (1,725,408 ds/min), 13,137,727 states left on queue.
Progress(18) at 2021-02-11 22:34:49: 225,582,499 states generated (13,304,009 s/min), 36,869,761 distinct states found (1,900,640 ds/min), 13,688,861 states left on queue.
Progress(18) at 2021-02-11 22:35:49: 238,951,281 states generated (13,368,782 s/min), 38,397,776 distinct states found (1,528,015 ds/min), 13,896,371 states left on queue.
Progress(18) at 2021-02-11 22:36:49: 251,831,394 states generated (12,880,113 s/min), 40,227,382 distinct states found (1,829,606 ds/min), 14,389,964 states left on queue.
Progress(18) at 2021-02-11 22:37:49: 264,310,569 states generated (12,479,175 s/min), 42,011,664 distinct states found (1,784,282 ds/min), 14,907,636 states left on queue.
Progress(19) at 2021-02-11 22:38:49: 277,566,628 states generated (13,256,059 s/min), 43,462,553 distinct states found (1,450,889 ds/min), 15,061,014 states left on queue.
Progress(19) at 2021-02-11 22:39:49: 291,059,666 states generated (13,493,038 s/min), 44,902,859 distinct states found (1,440,306 ds/min), 15,200,774 states left on queue.
Progress(19) at 2021-02-11 22:40:49: 304,057,775 states generated (12,998,109 s/min), 46,552,764 distinct states found (1,649,905 ds/min), 15,546,997 states left on queue.
Progress(19) at 2021-02-11 22:41:49: 316,879,760 states generated (12,821,985 s/min), 48,024,607 distinct states found (1,471,843 ds/min), 15,731,515 states left on queue.
Progress(19) at 2021-02-11 22:42:49: 330,196,274 states generated (13,316,514 s/min), 49,251,544 distinct states found (1,226,937 ds/min), 15,673,139 states left on queue.
Progress(19) at 2021-02-11 22:43:49: 343,131,023 states generated (12,934,749 s/min), 50,784,242 distinct states found (1,532,698 ds/min), 15,899,374 states left on queue.
Progress(19) at 2021-02-11 22:44:49: 356,090,329 states generated (12,959,306 s/min), 52,532,869 distinct states found (1,748,627 ds/min), 16,311,608 states left on queue.
Progress(19) at 2021-02-11 22:45:49: 369,707,291 states generated (13,616,962 s/min), 53,907,813 distinct states found (1,374,944 ds/min), 16,395,071 states left on queue.
Progress(19) at 2021-02-11 22:46:49: 383,209,089 states generated (13,501,798 s/min), 55,251,932 distinct states found (1,344,119 ds/min), 16,411,883 states left on queue.
Progress(19) at 2021-02-11 22:47:49: 395,840,411 states generated (12,631,322 s/min), 56,786,632 distinct states found (1,534,700 ds/min), 16,650,660 states left on queue.
Checkpointing of run states/21-02-11-22-18-45
Checkpointing completed at (2021-02-11 22:48:49)
Progress(19) at 2021-02-11 22:48:49: 408,625,629 states generated (12,785,218 s/min), 58,239,183 distinct states found (1,452,551 ds/min), 16,839,263 states left on queue.
Progress(19) at 2021-02-11 22:49:49: 421,262,680 states generated (12,637,051 s/min), 59,852,679 distinct states found (1,613,496 ds/min), 17,196,629 states left on queue.
Progress(19) at 2021-02-11 22:50:49: 434,566,865 states generated (13,304,185 s/min), 61,084,909 distinct states found (1,232,230 ds/min), 17,171,464 states left on queue.
Progress(19) at 2021-02-11 22:51:49: 447,914,753 states generated (13,347,888 s/min), 62,377,002 distinct states found (1,292,093 ds/min), 17,191,586 states left on queue.
Progress(19) at 2021-02-11 22:52:49: 460,900,129 states generated (12,985,376 s/min), 63,751,278 distinct states found (1,374,276 ds/min), 17,293,535 states left on queue.
Progress(20) at 2021-02-11 22:53:49: 473,679,531 states generated (12,779,402 s/min), 65,023,645 distinct states found (1,272,367 ds/min), 17,304,251 states left on queue.
Progress(20) at 2021-02-11 22:54:49: 487,183,888 states generated (13,504,357 s/min), 66,078,475 distinct states found (1,054,830 ds/min), 17,099,678 states left on queue.
Progress(20) at 2021-02-11 22:55:49: 500,128,632 states generated (12,944,744 s/min), 67,375,621 distinct states found (1,297,146 ds/min), 17,115,023 states left on queue.
Progress(20) at 2021-02-11 22:56:49: 513,156,453 states generated (13,027,821 s/min), 68,658,755 distinct states found (1,283,134 ds/min), 17,103,235 states left on queue.
Progress(20) at 2021-02-11 22:57:49: 526,515,196 states generated (13,358,743 s/min), 70,018,453 distinct states found (1,359,698 ds/min), 17,156,623 states left on queue.
Progress(20) at 2021-02-11 22:58:49: 540,131,308 states generated (13,616,112 s/min), 71,296,207 distinct states found (1,277,754 ds/min), 17,162,688 states left on queue.
Progress(20) at 2021-02-11 22:59:49: 553,565,417 states generated (13,434,109 s/min), 72,431,031 distinct states found (1,134,824 ds/min), 16,996,356 states left on queue.
Progress(20) at 2021-02-11 23:00:49: 566,369,427 states generated (12,804,010 s/min), 73,753,628 distinct states found (1,322,597 ds/min), 17,032,605 states left on queue.
Progress(20) at 2021-02-11 23:01:49: 579,211,743 states generated (12,842,316 s/min), 74,966,377 distinct states found (1,212,749 ds/min), 16,998,753 states left on queue.
Progress(20) at 2021-02-11 23:02:49: 591,328,767 states generated (12,117,024 s/min), 76,767,867 distinct states found (1,801,490 ds/min), 17,540,166 states left on queue.
Progress(20) at 2021-02-11 23:03:49: 605,667,630 states generated (14,338,863 s/min), 77,915,177 distinct states found (1,147,310 ds/min), 17,342,912 states left on queue.
Progress(20) at 2021-02-11 23:04:49: 620,949,545 states generated (15,281,915 s/min), 79,121,745 distinct states found (1,206,568 ds/min), 17,158,340 states left on queue.
Progress(20) at 2021-02-11 23:05:49: 633,515,019 states generated (12,565,474 s/min), 80,178,611 distinct states found (1,056,866 ds/min), 17,024,254 states left on queue.
Progress(20) at 2021-02-11 23:06:49: 645,500,325 states generated (11,985,306 s/min), 81,370,789 distinct states found (1,192,178 ds/min), 17,034,366 states left on queue.
Progress(20) at 2021-02-11 23:07:49: 658,293,739 states generated (12,793,414 s/min), 82,237,846 distinct states found (867,057 ds/min), 16,723,664 states left on queue.
Progress(21) at 2021-02-11 23:08:49: 671,596,169 states generated (13,302,430 s/min), 83,161,549 distinct states found (923,703 ds/min), 16,420,307 states left on queue.
Progress(21) at 2021-02-11 23:09:49: 684,051,623 states generated (12,455,454 s/min), 84,235,198 distinct states found (1,073,649 ds/min), 16,283,878 states left on queue.
Progress(21) at 2021-02-11 23:10:49: 696,290,228 states generated (12,238,605 s/min), 85,282,964 distinct states found (1,047,766 ds/min), 16,138,704 states left on queue.
Progress(21) at 2021-02-11 23:11:49: 709,918,070 states generated (13,627,842 s/min), 86,437,203 distinct states found (1,154,239 ds/min), 16,013,395 states left on queue.
Progress(21) at 2021-02-11 23:12:49: 723,669,121 states generated (13,751,051 s/min), 87,457,730 distinct states found (1,020,527 ds/min), 15,781,661 states left on queue.
Progress(21) at 2021-02-11 23:13:49: 736,890,458 states generated (13,221,337 s/min), 88,605,551 distinct states found (1,147,821 ds/min), 15,630,622 states left on queue.
Progress(21) at 2021-02-11 23:14:49: 749,893,121 states generated (13,002,663 s/min), 89,622,135 distinct states found (1,016,584 ds/min), 15,410,401 states left on queue.
Progress(21) at 2021-02-11 23:15:49: 762,600,133 states generated (12,707,012 s/min), 90,935,873 distinct states found (1,313,738 ds/min), 15,454,087 states left on queue.
Progress(21) at 2021-02-11 23:16:49: 774,819,584 states generated (12,219,451 s/min), 92,459,744 distinct states found (1,523,871 ds/min), 15,723,279 states left on queue.
Progress(21) at 2021-02-11 23:17:49: 787,969,522 states generated (13,149,938 s/min), 93,366,819 distinct states found (907,075 ds/min), 15,424,097 states left on queue.
Checkpointing of run states/21-02-11-22-18-45
Checkpointing completed at (2021-02-11 23:18:53)
Progress(21) at 2021-02-11 23:18:53: 802,258,570 states generated (14,289,048 s/min), 94,320,135 distinct states found (953,316 ds/min), 15,116,089 states left on queue.
Progress(21) at 2021-02-11 23:19:53: 815,353,817 states generated (13,095,247 s/min), 95,229,313 distinct states found (909,178 ds/min), 14,822,666 states left on queue.
Progress(21) at 2021-02-11 23:20:53: 828,152,577 states generated (12,798,760 s/min), 96,236,313 distinct states found (1,007,000 ds/min), 14,606,849 states left on queue.
Progress(21) at 2021-02-11 23:21:53: 842,043,374 states generated (13,890,797 s/min), 96,940,522 distinct states found (704,209 ds/min), 14,100,132 states left on queue.
Progress(21) at 2021-02-11 23:22:53: 855,334,065 states generated (13,290,691 s/min), 97,950,705 distinct states found (1,010,183 ds/min), 13,845,783 states left on queue.
Progress(21) at 2021-02-11 23:23:53: 868,678,338 states generated (13,344,273 s/min), 98,873,676 distinct states found (922,971 ds/min), 13,508,102 states left on queue.
Progress(21) at 2021-02-11 23:24:53: 882,459,268 states generated (13,780,930 s/min), 99,809,073 distinct states found (935,397 ds/min), 13,203,964 states left on queue.
Progress(21) at 2021-02-11 23:25:53: 896,105,217 states generated (13,645,949 s/min), 100,799,597 distinct states found (990,524 ds/min), 12,924,699 states left on queue.
Progress(21) at 2021-02-11 23:26:53: 909,273,342 states generated (13,168,125 s/min), 101,725,550 distinct states found (925,953 ds/min), 12,603,619 states left on queue.
Progress(21) at 2021-02-11 23:27:53: 922,483,977 states generated (13,210,635 s/min), 102,685,659 distinct states found (960,109 ds/min), 12,318,393 states left on queue.
Progress(21) at 2021-02-11 23:28:53: 935,131,724 states generated (12,647,747 s/min), 104,083,561 distinct states found (1,397,902 ds/min), 12,427,686 states left on queue.
Progress(21) at 2021-02-11 23:29:53: 948,125,919 states generated (12,994,195 s/min), 105,200,234 distinct states found (1,116,673 ds/min), 12,300,875 states left on queue.
Progress(22) at 2021-02-11 23:30:53: 961,967,807 states generated (13,841,888 s/min), 106,011,116 distinct states found (810,882 ds/min), 11,909,255 states left on queue.
Progress(22) at 2021-02-11 23:31:53: 975,594,327 states generated (13,626,520 s/min), 106,743,700 distinct states found (732,584 ds/min), 11,448,179 states left on queue.
Progress(22) at 2021-02-11 23:32:53: 988,812,686 states generated (13,218,359 s/min), 107,542,974 distinct states found (799,274 ds/min), 11,044,795 states left on queue.
Progress(22) at 2021-02-11 23:33:53: 1,002,362,078 states generated (13,549,392 s/min), 108,317,338 distinct states found (774,364 ds/min), 10,608,628 states left on queue.
Progress(22) at 2021-02-11 23:34:53: 1,015,875,527 states generated (13,513,449 s/min), 109,049,351 distinct states found (732,013 ds/min), 10,119,347 states left on queue.
Progress(22) at 2021-02-11 23:35:53: 1,029,235,680 states generated (13,360,153 s/min), 109,924,909 distinct states found (875,558 ds/min), 9,802,575 states left on queue.
Progress(22) at 2021-02-11 23:36:53: 1,042,996,047 states generated (13,760,367 s/min), 110,725,578 distinct states found (800,669 ds/min), 9,347,506 states left on queue.
Progress(22) at 2021-02-11 23:37:53: 1,056,350,614 states generated (13,354,567 s/min), 111,572,323 distinct states found (846,745 ds/min), 8,956,918 states left on queue.
Progress(22) at 2021-02-11 23:38:53: 1,069,140,944 states generated (12,790,330 s/min), 112,679,915 distinct states found (1,107,592 ds/min), 8,797,278 states left on queue.
Progress(22) at 2021-02-11 23:39:53: 1,082,024,773 states generated (12,883,829 s/min), 113,791,805 distinct states found (1,111,890 ds/min), 8,669,634 states left on queue.
Progress(22) at 2021-02-11 23:40:53: 1,095,950,530 states generated (13,925,757 s/min), 114,444,151 distinct states found (652,346 ds/min), 8,154,542 states left on queue.
Progress(22) at 2021-02-11 23:41:53: 1,109,070,242 states generated (13,119,712 s/min), 115,086,777 distinct states found (642,626 ds/min), 7,646,566 states left on queue.
Progress(23) at 2021-02-11 23:42:53: 1,122,610,795 states generated (13,540,553 s/min), 115,706,032 distinct states found (619,255 ds/min), 7,100,273 states left on queue.
Progress(23) at 2021-02-11 23:43:53: 1,136,032,887 states generated (13,422,092 s/min), 116,342,602 distinct states found (636,570 ds/min), 6,586,916 states left on queue.
Progress(23) at 2021-02-11 23:44:53: 1,149,229,169 states generated (13,196,282 s/min), 117,071,259 distinct states found (728,657 ds/min), 6,120,703 states left on queue.
Progress(23) at 2021-02-11 23:45:53: 1,162,221,693 states generated (12,992,524 s/min), 117,927,968 distinct states found (856,709 ds/min), 5,748,968 states left on queue.
Progress(23) at 2021-02-11 23:46:53: 1,174,929,009 states generated (12,707,316 s/min), 118,952,217 distinct states found (1,024,249 ds/min), 5,547,076 states left on queue.
Progress(23) at 2021-02-11 23:47:53: 1,188,317,240 states generated (13,388,231 s/min), 119,525,043 distinct states found (572,826 ds/min), 4,995,139 states left on queue.
Checkpointing of run states/21-02-11-22-18-45
Checkpointing completed at (2021-02-11 23:49:01)
Progress(24) at 2021-02-11 23:49:01: 1,203,094,756 states generated (14,777,516 s/min), 120,090,112 distinct states found (565,069 ds/min), 4,320,421 states left on queue.
Progress(24) at 2021-02-11 23:50:01: 1,216,368,506 states generated (13,273,750 s/min), 120,715,456 distinct states found (625,344 ds/min), 3,796,295 states left on queue.
Progress(24) at 2021-02-11 23:51:01: 1,229,461,559 states generated (13,093,053 s/min), 121,396,496 distinct states found (681,040 ds/min), 3,283,464 states left on queue.
Progress(24) at 2021-02-11 23:52:01: 1,242,562,274 states generated (13,100,715 s/min), 122,168,283 distinct states found (771,787 ds/min), 2,869,614 states left on queue.
Progress(25) at 2021-02-11 23:53:01: 1,255,964,583 states generated (13,402,309 s/min), 122,594,447 distinct states found (426,164 ds/min), 2,232,442 states left on queue.
Progress(25) at 2021-02-11 23:54:01: 1,269,053,035 states generated (13,088,452 s/min), 123,183,422 distinct states found (588,975 ds/min), 1,660,194 states left on queue.
Progress(26) at 2021-02-11 23:55:01: 1,282,351,148 states generated (13,298,113 s/min), 123,722,501 distinct states found (539,079 ds/min), 1,094,202 states left on queue.
Progress(26) at 2021-02-11 23:56:01: 1,295,650,502 states generated (13,299,354 s/min), 124,209,195 distinct states found (486,694 ds/min), 468,129 states left on queue.
Model checking completed. No error has been found.
  Estimates of the probability that TLC did not check all reachable states
  because two distinct states had the same fingerprint:
  calculated (optimistic):  val = .0080
  based on the actual fingerprints:  val = .001
1304574715 states generated, 124438466 distinct states found, 0 states left on queue.
The depth of the complete state graph search is 30.
The average outdegree of the complete state graph is 1 (minimum is 0, the maximum 18 and the 95th percentile is 4).
Finished in 01h 37min at (2021-02-11 23:56:44)
